INFO:root:Configs: {'lr': 0.001, 'epochs': 1000, 'batch_size': 64, 'seed': 42, 'device': 'cpu', 'optimizer': SGD (
Parameter Group 0
    dampening: 0
    differentiable: False
    foreach: None
    fused: None
    lr: 0.001
    maximize: False
    momentum: 0
    nesterov: False
    weight_decay: 0
), 'equation': <equation.EuropeanBasketOptionCall object at 0x00000196AA1D8CE0>, 'net': Net4Y(
  (input_layer): Linear(in_features=5, out_features=64, bias=True)
  (output_layer): Linear(in_features=64, out_features=5, bias=True)
  (relu): ReLU()
  (net): Net4Z(
    (input_layer): Linear(in_features=5, out_features=64, bias=True)
    (output_layer): Linear(in_features=64, out_features=5, bias=True)
    (relu): ReLU()
  )
), 'train_iter': <torch.utils.data.dataloader.DataLoader object at 0x0000019691CB2F30>}
