INFO:root:Configs: {'lr': 0.01, 'epochs': 800, 'batch_size': 64, 'seed': 42, 'device': 'cpu', 'optimizer': Adam (
Parameter Group 0
    amsgrad: False
    betas: (0.9, 0.999)
    capturable: False
    differentiable: False
    eps: 1e-08
    foreach: None
    fused: None
    lr: 0.01
    maximize: False
    weight_decay: 0
), 'equation': <equation.EuropeanBasketOptionCall object at 0x000001968E680CE0>, 'net': Net4Y(
  (input_layer): Linear(in_features=5, out_features=64, bias=True)
  (output_layer): Linear(in_features=64, out_features=5, bias=True)
  (relu): ReLU()
  (net): Net4Z(
    (input_layer): Linear(in_features=5, out_features=64, bias=True)
    (output_layer): Linear(in_features=64, out_features=5, bias=True)
    (relu): ReLU()
  )
), 'train_iter': <torch.utils.data.dataloader.DataLoader object at 0x000001968E05AB10>}
INFO:root:Epoch 1/800, Loss: 0.9281695485115051
INFO:root:Epoch 2/800, Loss: 0.8872193694114685
INFO:root:Epoch 3/800, Loss: 0.8580746650695801
INFO:root:Epoch 4/800, Loss: 0.8353168368339539
INFO:root:Epoch 5/800, Loss: 0.8159632086753845
INFO:root:Epoch 6/800, Loss: 0.7996804714202881
INFO:root:Epoch 7/800, Loss: 0.7867538332939148
INFO:root:Epoch 8/800, Loss: 0.7764824032783508
INFO:root:Epoch 9/800, Loss: 0.7674553394317627
INFO:root:Epoch 10/800, Loss: 0.7573986649513245
INFO:root:Epoch 11/800, Loss: 0.746391236782074
INFO:root:Epoch 12/800, Loss: 0.7343391180038452
INFO:root:Epoch 13/800, Loss: 0.7205647230148315
INFO:root:Epoch 14/800, Loss: 0.7045555114746094
INFO:root:Epoch 15/800, Loss: 0.6865656971931458
INFO:root:Epoch 16/800, Loss: 0.6679956316947937
INFO:root:Epoch 17/800, Loss: 0.6493205428123474
INFO:root:Epoch 18/800, Loss: 0.6309275031089783
INFO:root:Epoch 19/800, Loss: 0.6134721636772156
INFO:root:Epoch 20/800, Loss: 0.5971525311470032
INFO:root:Epoch 21/800, Loss: 0.581810474395752
INFO:root:Epoch 22/800, Loss: 0.5667852163314819
INFO:root:Epoch 23/800, Loss: 0.5516199469566345
INFO:root:Epoch 24/800, Loss: 0.5374912023544312
INFO:root:Epoch 25/800, Loss: 0.5236828327178955
INFO:root:Epoch 26/800, Loss: 0.5113963484764099
INFO:root:Epoch 27/800, Loss: 0.5009544491767883
INFO:root:Epoch 28/800, Loss: 0.4918064475059509
INFO:root:Epoch 29/800, Loss: 0.48293593525886536
INFO:root:Epoch 30/800, Loss: 0.4750378429889679
INFO:root:Epoch 31/800, Loss: 0.46928054094314575
INFO:root:Epoch 32/800, Loss: 0.4646247923374176
INFO:root:Epoch 33/800, Loss: 0.46036040782928467
INFO:root:Epoch 34/800, Loss: 0.45660948753356934
INFO:root:Epoch 35/800, Loss: 0.4529532492160797
INFO:root:Epoch 36/800, Loss: 0.44905394315719604
INFO:root:Epoch 37/800, Loss: 0.44551241397857666
INFO:root:Epoch 38/800, Loss: 0.4430059790611267
INFO:root:Epoch 39/800, Loss: 0.43956810235977173
INFO:root:Epoch 40/800, Loss: 0.43593651056289673
INFO:root:Epoch 41/800, Loss: 0.43265876173973083
INFO:root:Epoch 42/800, Loss: 0.43031302094459534
INFO:root:Epoch 43/800, Loss: 0.42853105068206787
INFO:root:Epoch 44/800, Loss: 0.42637237906455994
INFO:root:Epoch 45/800, Loss: 0.4240981638431549
INFO:root:Epoch 46/800, Loss: 0.42191287875175476
INFO:root:Epoch 47/800, Loss: 0.4191603362560272
INFO:root:Epoch 48/800, Loss: 0.4170822501182556
INFO:root:Epoch 49/800, Loss: 0.41451048851013184
INFO:root:Epoch 50/800, Loss: 0.4126058518886566
INFO:root:Epoch 51/800, Loss: 0.41004103422164917
INFO:root:Epoch 52/800, Loss: 0.4082264304161072
INFO:root:Epoch 53/800, Loss: 0.4057544767856598
INFO:root:Epoch 54/800, Loss: 0.40404921770095825
INFO:root:Epoch 55/800, Loss: 0.40161269903182983
INFO:root:Epoch 56/800, Loss: 0.3995371162891388
INFO:root:Epoch 57/800, Loss: 0.3973102569580078
INFO:root:Epoch 58/800, Loss: 0.3948865532875061
INFO:root:Epoch 59/800, Loss: 0.39260241389274597
INFO:root:Epoch 60/800, Loss: 0.39031368494033813
INFO:root:Epoch 61/800, Loss: 0.3878113627433777
INFO:root:Epoch 62/800, Loss: 0.3854668438434601
INFO:root:Epoch 63/800, Loss: 0.38298138976097107
INFO:root:Epoch 64/800, Loss: 0.3806137144565582
INFO:root:Epoch 65/800, Loss: 0.37794363498687744
INFO:root:Epoch 66/800, Loss: 0.3756129741668701
INFO:root:Epoch 67/800, Loss: 0.3731546103954315
INFO:root:Epoch 68/800, Loss: 0.37157198786735535
INFO:root:Epoch 69/800, Loss: 0.3694399893283844
INFO:root:Epoch 70/800, Loss: 0.36775892972946167
INFO:root:Epoch 71/800, Loss: 0.36552342772483826
INFO:root:Epoch 72/800, Loss: 0.36350470781326294
INFO:root:Epoch 73/800, Loss: 0.36146166920661926
INFO:root:Epoch 74/800, Loss: 0.35946333408355713
INFO:root:Epoch 75/800, Loss: 0.3575698137283325
INFO:root:Epoch 76/800, Loss: 0.3556556701660156
INFO:root:Epoch 77/800, Loss: 0.3536869287490845
INFO:root:Epoch 78/800, Loss: 0.35181599855422974
INFO:root:Epoch 79/800, Loss: 0.34989723563194275
INFO:root:Epoch 80/800, Loss: 0.3477630317211151
INFO:root:Epoch 81/800, Loss: 0.3458193838596344
INFO:root:Epoch 82/800, Loss: 0.3438134789466858
INFO:root:Epoch 83/800, Loss: 0.34174320101737976
INFO:root:Epoch 84/800, Loss: 0.3396677076816559
INFO:root:Epoch 85/800, Loss: 0.337807297706604
INFO:root:Epoch 86/800, Loss: 0.3360856771469116
INFO:root:Epoch 87/800, Loss: 0.33445054292678833
INFO:root:Epoch 88/800, Loss: 0.33277425169944763
INFO:root:Epoch 89/800, Loss: 0.33110660314559937
INFO:root:Epoch 90/800, Loss: 0.3293341398239136
INFO:root:Epoch 91/800, Loss: 0.3274855315685272
INFO:root:Epoch 92/800, Loss: 0.325777143239975
INFO:root:Epoch 93/800, Loss: 0.32399317622184753
INFO:root:Epoch 94/800, Loss: 0.32221412658691406
INFO:root:Epoch 95/800, Loss: 0.32040292024612427
INFO:root:Epoch 96/800, Loss: 0.3185921311378479
INFO:root:Epoch 97/800, Loss: 0.3169141709804535
INFO:root:Epoch 98/800, Loss: 0.31500571966171265
INFO:root:Epoch 99/800, Loss: 0.3131439983844757
INFO:root:Epoch 100/800, Loss: 0.3113873600959778
INFO:root:Epoch 101/800, Loss: 0.3096080422401428
INFO:root:Epoch 102/800, Loss: 0.30790460109710693
INFO:root:Epoch 103/800, Loss: 0.30598846077919006
INFO:root:Epoch 104/800, Loss: 0.30427369475364685
INFO:root:Epoch 105/800, Loss: 0.3022668659687042
INFO:root:Epoch 106/800, Loss: 0.3002505898475647
INFO:root:Epoch 107/800, Loss: 0.2980082035064697
INFO:root:Epoch 108/800, Loss: 0.29618605971336365
INFO:root:Epoch 109/800, Loss: 0.2944487929344177
INFO:root:Epoch 110/800, Loss: 0.2926642596721649
INFO:root:Epoch 111/800, Loss: 0.2909553050994873
INFO:root:Epoch 112/800, Loss: 0.28922709822654724
INFO:root:Epoch 113/800, Loss: 0.28763869404792786
INFO:root:Epoch 114/800, Loss: 0.28592556715011597
INFO:root:Epoch 115/800, Loss: 0.28402793407440186
INFO:root:Epoch 116/800, Loss: 0.28221917152404785
INFO:root:Epoch 117/800, Loss: 0.2803308963775635
INFO:root:Epoch 118/800, Loss: 0.2787540853023529
INFO:root:Epoch 119/800, Loss: 0.27750957012176514
INFO:root:Epoch 120/800, Loss: 0.2757614552974701
INFO:root:Epoch 121/800, Loss: 0.2742462456226349
INFO:root:Epoch 122/800, Loss: 0.2726515829563141
INFO:root:Epoch 123/800, Loss: 0.2713766396045685
INFO:root:Epoch 124/800, Loss: 0.2697931230068207
INFO:root:Epoch 125/800, Loss: 0.26806241273880005
INFO:root:Epoch 126/800, Loss: 0.2669004201889038
INFO:root:Epoch 127/800, Loss: 0.26533156633377075
INFO:root:Epoch 128/800, Loss: 0.2639751136302948
INFO:root:Epoch 129/800, Loss: 0.2623991072177887
INFO:root:Epoch 130/800, Loss: 0.26092758774757385
INFO:root:Epoch 131/800, Loss: 0.26000556349754333
INFO:root:Epoch 132/800, Loss: 0.2581694424152374
INFO:root:Epoch 133/800, Loss: 0.2570483088493347
INFO:root:Epoch 134/800, Loss: 0.2553834617137909
INFO:root:Epoch 135/800, Loss: 0.25425079464912415
INFO:root:Epoch 136/800, Loss: 0.2531277537345886
INFO:root:Epoch 137/800, Loss: 0.2517632246017456
INFO:root:Epoch 138/800, Loss: 0.2507091462612152
INFO:root:Epoch 139/800, Loss: 0.24894531071186066
INFO:root:Epoch 140/800, Loss: 0.24800890684127808
INFO:root:Epoch 141/800, Loss: 0.24701935052871704
INFO:root:Epoch 142/800, Loss: 0.24573446810245514
INFO:root:Epoch 143/800, Loss: 0.24438156187534332
INFO:root:Epoch 144/800, Loss: 0.24333825707435608
INFO:root:Epoch 145/800, Loss: 0.24223771691322327
INFO:root:Epoch 146/800, Loss: 0.2405119389295578
INFO:root:Epoch 147/800, Loss: 0.23957550525665283
INFO:root:Epoch 148/800, Loss: 0.2385374903678894
INFO:root:Epoch 149/800, Loss: 0.23710401356220245
INFO:root:Epoch 150/800, Loss: 0.23668542504310608
INFO:root:Epoch 151/800, Loss: 0.23516136407852173
INFO:root:Epoch 152/800, Loss: 0.23412877321243286
INFO:root:Epoch 153/800, Loss: 0.23276031017303467
INFO:root:Epoch 154/800, Loss: 0.23189102113246918
INFO:root:Epoch 155/800, Loss: 0.23090800642967224
INFO:root:Epoch 156/800, Loss: 0.22958821058273315
INFO:root:Epoch 157/800, Loss: 0.22831325232982635
INFO:root:Epoch 158/800, Loss: 0.22754426300525665
INFO:root:Epoch 159/800, Loss: 0.22612519562244415
INFO:root:Epoch 160/800, Loss: 0.22509759664535522
INFO:root:Epoch 161/800, Loss: 0.22416357696056366
INFO:root:Epoch 162/800, Loss: 0.22307716310024261
INFO:root:Epoch 163/800, Loss: 0.22207269072532654
INFO:root:Epoch 164/800, Loss: 0.22103305160999298
INFO:root:Epoch 165/800, Loss: 0.22025857865810394
INFO:root:Epoch 166/800, Loss: 0.21898113191127777
INFO:root:Epoch 167/800, Loss: 0.2180984914302826
INFO:root:Epoch 168/800, Loss: 0.21712356805801392
INFO:root:Epoch 169/800, Loss: 0.2157798707485199
INFO:root:Epoch 170/800, Loss: 0.21514496207237244
INFO:root:Epoch 171/800, Loss: 0.21382950246334076
INFO:root:Epoch 172/800, Loss: 0.212988018989563
INFO:root:Epoch 173/800, Loss: 0.21219807863235474
INFO:root:Epoch 174/800, Loss: 0.2112601101398468
INFO:root:Epoch 175/800, Loss: 0.2102336883544922
INFO:root:Epoch 176/800, Loss: 0.20938915014266968
INFO:root:Epoch 177/800, Loss: 0.2089487612247467
INFO:root:Epoch 178/800, Loss: 0.20792636275291443
INFO:root:Epoch 179/800, Loss: 0.20670510828495026
INFO:root:Epoch 180/800, Loss: 0.20610293745994568
INFO:root:Epoch 181/800, Loss: 0.2059083729982376
INFO:root:Epoch 182/800, Loss: 0.2033720463514328
INFO:root:Epoch 183/800, Loss: 0.20319139957427979
INFO:root:Epoch 184/800, Loss: 0.20227058231830597
INFO:root:Epoch 185/800, Loss: 0.20046767592430115
INFO:root:Epoch 186/800, Loss: 0.2005218267440796
INFO:root:Epoch 187/800, Loss: 0.19864420592784882
INFO:root:Epoch 188/800, Loss: 0.19856387376785278
INFO:root:Epoch 189/800, Loss: 0.1981574445962906
INFO:root:Epoch 190/800, Loss: 0.19604715704917908
INFO:root:Epoch 191/800, Loss: 0.1950826495885849
INFO:root:Epoch 192/800, Loss: 0.19443126022815704
INFO:root:Epoch 193/800, Loss: 0.19299547374248505
INFO:root:Epoch 194/800, Loss: 0.19215302169322968
INFO:root:Epoch 195/800, Loss: 0.19142234325408936
INFO:root:Epoch 196/800, Loss: 0.19008563458919525
INFO:root:Epoch 197/800, Loss: 0.18959829211235046
INFO:root:Epoch 198/800, Loss: 0.18869201838970184
INFO:root:Epoch 199/800, Loss: 0.1876041442155838
INFO:root:Epoch 200/800, Loss: 0.18692021071910858
INFO:root:Epoch 201/800, Loss: 0.18587514758110046
INFO:root:Epoch 202/800, Loss: 0.18493136763572693
INFO:root:Epoch 203/800, Loss: 0.1838824450969696
INFO:root:Epoch 204/800, Loss: 0.1836288571357727
INFO:root:Epoch 205/800, Loss: 0.18227577209472656
INFO:root:Epoch 206/800, Loss: 0.1820479780435562
INFO:root:Epoch 207/800, Loss: 0.18041783571243286
INFO:root:Epoch 208/800, Loss: 0.18024227023124695
INFO:root:Epoch 209/800, Loss: 0.17879873514175415
INFO:root:Epoch 210/800, Loss: 0.1780283898115158
INFO:root:Epoch 211/800, Loss: 0.1774408519268036
INFO:root:Epoch 212/800, Loss: 0.17638197541236877
INFO:root:Epoch 213/800, Loss: 0.17579658329486847
INFO:root:Epoch 214/800, Loss: 0.17462439835071564
INFO:root:Epoch 215/800, Loss: 0.1742730289697647
INFO:root:Epoch 216/800, Loss: 0.17328615486621857
INFO:root:Epoch 217/800, Loss: 0.17246374487876892
INFO:root:Epoch 218/800, Loss: 0.1713869869709015
INFO:root:Epoch 219/800, Loss: 0.17089545726776123
INFO:root:Epoch 220/800, Loss: 0.16999010741710663
INFO:root:Epoch 221/800, Loss: 0.1691628396511078
INFO:root:Epoch 222/800, Loss: 0.16826745867729187
INFO:root:Epoch 223/800, Loss: 0.16756536066532135
INFO:root:Epoch 224/800, Loss: 0.16646964848041534
INFO:root:Epoch 225/800, Loss: 0.1658884435892105
INFO:root:Epoch 226/800, Loss: 0.16517475247383118
INFO:root:Epoch 227/800, Loss: 0.16427674889564514
INFO:root:Epoch 228/800, Loss: 0.16361409425735474
INFO:root:Epoch 229/800, Loss: 0.16301670670509338
INFO:root:Epoch 230/800, Loss: 0.16193531453609467
INFO:root:Epoch 231/800, Loss: 0.16124795377254486
INFO:root:Epoch 232/800, Loss: 0.16056962311267853
INFO:root:Epoch 233/800, Loss: 0.15965275466442108
INFO:root:Epoch 234/800, Loss: 0.15891948342323303
INFO:root:Epoch 235/800, Loss: 0.15810921788215637
INFO:root:Epoch 236/800, Loss: 0.1573794186115265
INFO:root:Epoch 237/800, Loss: 0.1566975712776184
INFO:root:Epoch 238/800, Loss: 0.15569667518138885
INFO:root:Epoch 239/800, Loss: 0.154938742518425
INFO:root:Epoch 240/800, Loss: 0.1542900800704956
INFO:root:Epoch 241/800, Loss: 0.15347079932689667
INFO:root:Epoch 242/800, Loss: 0.15255433320999146
INFO:root:Epoch 243/800, Loss: 0.15172477066516876
INFO:root:Epoch 244/800, Loss: 0.1509431004524231
INFO:root:Epoch 245/800, Loss: 0.15008625388145447
INFO:root:Epoch 246/800, Loss: 0.14945511519908905
INFO:root:Epoch 247/800, Loss: 0.14854329824447632
INFO:root:Epoch 248/800, Loss: 0.14789749681949615
INFO:root:Epoch 249/800, Loss: 0.14714546501636505
INFO:root:Epoch 250/800, Loss: 0.1463099718093872
INFO:root:Epoch 251/800, Loss: 0.14548589289188385
INFO:root:Epoch 252/800, Loss: 0.1447163224220276
INFO:root:Epoch 253/800, Loss: 0.14392508566379547
INFO:root:Epoch 254/800, Loss: 0.14319099485874176
INFO:root:Epoch 255/800, Loss: 0.14242969453334808
INFO:root:Epoch 256/800, Loss: 0.1415686011314392
INFO:root:Epoch 257/800, Loss: 0.1410539299249649
INFO:root:Epoch 258/800, Loss: 0.14009596407413483
INFO:root:Epoch 259/800, Loss: 0.1392640918493271
INFO:root:Epoch 260/800, Loss: 0.13848541676998138
INFO:root:Epoch 261/800, Loss: 0.13794521987438202
INFO:root:Epoch 262/800, Loss: 0.1372850388288498
INFO:root:Epoch 263/800, Loss: 0.13630782067775726
INFO:root:Epoch 264/800, Loss: 0.13532626628875732
INFO:root:Epoch 265/800, Loss: 0.13469663262367249
INFO:root:Epoch 266/800, Loss: 0.13394169509410858
INFO:root:Epoch 267/800, Loss: 0.1330336183309555
INFO:root:Epoch 268/800, Loss: 0.1325305700302124
INFO:root:Epoch 269/800, Loss: 0.1317886859178543
INFO:root:Epoch 270/800, Loss: 0.13067245483398438
INFO:root:Epoch 271/800, Loss: 0.13015413284301758
INFO:root:Epoch 272/800, Loss: 0.12944447994232178
INFO:root:Epoch 273/800, Loss: 0.12857802212238312
INFO:root:Epoch 274/800, Loss: 0.12761332094669342
INFO:root:Epoch 275/800, Loss: 0.12692482769489288
INFO:root:Epoch 276/800, Loss: 0.1260649710893631
INFO:root:Epoch 277/800, Loss: 0.12503951787948608
INFO:root:Epoch 278/800, Loss: 0.12439161539077759
INFO:root:Epoch 279/800, Loss: 0.12381738424301147
INFO:root:Epoch 280/800, Loss: 0.122990682721138
INFO:root:Epoch 281/800, Loss: 0.12173369526863098
INFO:root:Epoch 282/800, Loss: 0.12080593407154083
INFO:root:Epoch 283/800, Loss: 0.1198684424161911
INFO:root:Epoch 284/800, Loss: 0.11923976987600327
INFO:root:Epoch 285/800, Loss: 0.11838392168283463
INFO:root:Epoch 286/800, Loss: 0.11740560829639435
INFO:root:Epoch 287/800, Loss: 0.11664409935474396
INFO:root:Epoch 288/800, Loss: 0.11565311253070831
INFO:root:Epoch 289/800, Loss: 0.11461099982261658
INFO:root:Epoch 290/800, Loss: 0.11412239819765091
INFO:root:Epoch 291/800, Loss: 0.11363916099071503
INFO:root:Epoch 292/800, Loss: 0.1127760112285614
INFO:root:Epoch 293/800, Loss: 0.1116681843996048
INFO:root:Epoch 294/800, Loss: 0.11061282455921173
INFO:root:Epoch 295/800, Loss: 0.10995571315288544
INFO:root:Epoch 296/800, Loss: 0.10919387638568878
INFO:root:Epoch 297/800, Loss: 0.10841018706560135
INFO:root:Epoch 298/800, Loss: 0.10746016353368759
INFO:root:Epoch 299/800, Loss: 0.10675571113824844
INFO:root:Epoch 300/800, Loss: 0.10600986331701279
INFO:root:Epoch 301/800, Loss: 0.10537008196115494
INFO:root:Epoch 302/800, Loss: 0.10430414974689484
INFO:root:Epoch 303/800, Loss: 0.1034310907125473
INFO:root:Epoch 304/800, Loss: 0.10271982103586197
INFO:root:Epoch 305/800, Loss: 0.10214976966381073
INFO:root:Epoch 306/800, Loss: 0.10144439339637756
INFO:root:Epoch 307/800, Loss: 0.10082646459341049
INFO:root:Epoch 308/800, Loss: 0.09959126263856888
INFO:root:Epoch 309/800, Loss: 0.09897789359092712
INFO:root:Epoch 310/800, Loss: 0.09829748421907425
INFO:root:Epoch 311/800, Loss: 0.09834551066160202
INFO:root:Epoch 312/800, Loss: 0.09789042174816132
INFO:root:Epoch 313/800, Loss: 0.09611605852842331
INFO:root:Epoch 314/800, Loss: 0.095059335231781
INFO:root:Epoch 315/800, Loss: 0.09492788463830948
INFO:root:Epoch 316/800, Loss: 0.0956241637468338
INFO:root:Epoch 317/800, Loss: 0.0934574231505394
INFO:root:Epoch 318/800, Loss: 0.09222657978534698
INFO:root:Epoch 319/800, Loss: 0.09238646179437637
INFO:root:Epoch 320/800, Loss: 0.0913282185792923
INFO:root:Epoch 321/800, Loss: 0.09025127440690994
INFO:root:Epoch 322/800, Loss: 0.0897134467959404
INFO:root:Epoch 323/800, Loss: 0.08942089974880219
INFO:root:Epoch 324/800, Loss: 0.08832596987485886
INFO:root:Epoch 325/800, Loss: 0.08739215135574341
INFO:root:Epoch 326/800, Loss: 0.08700866997241974
INFO:root:Epoch 327/800, Loss: 0.08595475554466248
INFO:root:Epoch 328/800, Loss: 0.08554506301879883
INFO:root:Epoch 329/800, Loss: 0.08478587120771408
INFO:root:Epoch 330/800, Loss: 0.08433710038661957
INFO:root:Epoch 331/800, Loss: 0.08307715505361557
INFO:root:Epoch 332/800, Loss: 0.08256867527961731
INFO:root:Epoch 333/800, Loss: 0.0821056142449379
INFO:root:Epoch 334/800, Loss: 0.08148572593927383
INFO:root:Epoch 335/800, Loss: 0.08069843053817749
INFO:root:Epoch 336/800, Loss: 0.07999478280544281
INFO:root:Epoch 337/800, Loss: 0.07972784340381622
INFO:root:Epoch 338/800, Loss: 0.07874438911676407
INFO:root:Epoch 339/800, Loss: 0.0781722366809845
INFO:root:Epoch 340/800, Loss: 0.07725456357002258
INFO:root:Epoch 341/800, Loss: 0.07692353427410126
INFO:root:Epoch 342/800, Loss: 0.07622240483760834
INFO:root:Epoch 343/800, Loss: 0.07574405521154404
INFO:root:Epoch 344/800, Loss: 0.07495226711034775
INFO:root:Epoch 345/800, Loss: 0.07430127263069153
INFO:root:Epoch 346/800, Loss: 0.07377050071954727
INFO:root:Epoch 347/800, Loss: 0.07306233048439026
INFO:root:Epoch 348/800, Loss: 0.07263655215501785
INFO:root:Epoch 349/800, Loss: 0.07195515930652618
INFO:root:Epoch 350/800, Loss: 0.07142803817987442
INFO:root:Epoch 351/800, Loss: 0.07082265615463257
INFO:root:Epoch 352/800, Loss: 0.07016215473413467
INFO:root:Epoch 353/800, Loss: 0.06962938606739044
INFO:root:Epoch 354/800, Loss: 0.0691191703081131
INFO:root:Epoch 355/800, Loss: 0.06845182180404663
INFO:root:Epoch 356/800, Loss: 0.06802346557378769
INFO:root:Epoch 357/800, Loss: 0.06743786484003067
INFO:root:Epoch 358/800, Loss: 0.06687090545892715
INFO:root:Epoch 359/800, Loss: 0.06629649549722672
INFO:root:Epoch 360/800, Loss: 0.06586707383394241
INFO:root:Epoch 361/800, Loss: 0.06515490263700485
INFO:root:Epoch 362/800, Loss: 0.06481795012950897
INFO:root:Epoch 363/800, Loss: 0.06415005773305893
INFO:root:Epoch 364/800, Loss: 0.06363538652658463
INFO:root:Epoch 365/800, Loss: 0.06313002854585648
INFO:root:Epoch 366/800, Loss: 0.06246521323919296
INFO:root:Epoch 367/800, Loss: 0.06200608238577843
INFO:root:Epoch 368/800, Loss: 0.0614372119307518
INFO:root:Epoch 369/800, Loss: 0.06095229089260101
INFO:root:Epoch 370/800, Loss: 0.06039895862340927
INFO:root:Epoch 371/800, Loss: 0.05995948240160942
INFO:root:Epoch 372/800, Loss: 0.059419289231300354
INFO:root:Epoch 373/800, Loss: 0.05876483768224716
INFO:root:Epoch 374/800, Loss: 0.05834204703569412
INFO:root:Epoch 375/800, Loss: 0.05780334025621414
INFO:root:Epoch 376/800, Loss: 0.057454537600278854
INFO:root:Epoch 377/800, Loss: 0.05681390315294266
INFO:root:Epoch 378/800, Loss: 0.05640514940023422
INFO:root:Epoch 379/800, Loss: 0.05592751502990723
INFO:root:Epoch 380/800, Loss: 0.05522198975086212
INFO:root:Epoch 381/800, Loss: 0.05491070821881294
INFO:root:Epoch 382/800, Loss: 0.054344192147254944
INFO:root:Epoch 383/800, Loss: 0.05382261797785759
INFO:root:Epoch 384/800, Loss: 0.05354956537485123
INFO:root:Epoch 385/800, Loss: 0.052889131009578705
INFO:root:Epoch 386/800, Loss: 0.05256159231066704
INFO:root:Epoch 387/800, Loss: 0.05201387777924538
INFO:root:Epoch 388/800, Loss: 0.051448091864585876
INFO:root:Epoch 389/800, Loss: 0.05107796564698219
INFO:root:Epoch 390/800, Loss: 0.05054396763443947
INFO:root:Epoch 391/800, Loss: 0.050071753561496735
INFO:root:Epoch 392/800, Loss: 0.04973265156149864
INFO:root:Epoch 393/800, Loss: 0.04915840923786163
INFO:root:Epoch 394/800, Loss: 0.048858676105737686
INFO:root:Epoch 395/800, Loss: 0.04830491170287132
INFO:root:Epoch 396/800, Loss: 0.047899581491947174
INFO:root:Epoch 397/800, Loss: 0.047604747116565704
INFO:root:Epoch 398/800, Loss: 0.04724307358264923
INFO:root:Epoch 399/800, Loss: 0.04659542068839073
INFO:root:Epoch 400/800, Loss: 0.04609176516532898
INFO:root:Epoch 401/800, Loss: 0.04579705372452736
INFO:root:Epoch 402/800, Loss: 0.04579278826713562
INFO:root:Epoch 403/800, Loss: 0.045592375099658966
INFO:root:Epoch 404/800, Loss: 0.044758860021829605
INFO:root:Epoch 405/800, Loss: 0.04392138496041298
INFO:root:Epoch 406/800, Loss: 0.04306192323565483
INFO:root:Epoch 407/800, Loss: 0.043000780045986176
INFO:root:Epoch 408/800, Loss: 0.042165614664554596
INFO:root:Epoch 409/800, Loss: 0.04196900501847267
INFO:root:Epoch 410/800, Loss: 0.04119756817817688
INFO:root:Epoch 411/800, Loss: 0.04092014208436012
INFO:root:Epoch 412/800, Loss: 0.03994763270020485
INFO:root:Epoch 413/800, Loss: 0.039702240377664566
INFO:root:Epoch 414/800, Loss: 0.039567798376083374
INFO:root:Epoch 415/800, Loss: 0.039537493139505386
INFO:root:Epoch 416/800, Loss: 0.038799189031124115
INFO:root:Epoch 417/800, Loss: 0.03766477480530739
INFO:root:Epoch 418/800, Loss: 0.036937180906534195
INFO:root:Epoch 419/800, Loss: 0.03668760508298874
INFO:root:Epoch 420/800, Loss: 0.0365518182516098
INFO:root:Epoch 421/800, Loss: 0.036069922149181366
INFO:root:Epoch 422/800, Loss: 0.03534229099750519
INFO:root:Epoch 423/800, Loss: 0.03462361544370651
INFO:root:Epoch 424/800, Loss: 0.03433987870812416
INFO:root:Epoch 425/800, Loss: 0.03412305936217308
INFO:root:Epoch 426/800, Loss: 0.033519044518470764
INFO:root:Epoch 427/800, Loss: 0.03297983109951019
INFO:root:Epoch 428/800, Loss: 0.03251955658197403
INFO:root:Epoch 429/800, Loss: 0.032195188105106354
INFO:root:Epoch 430/800, Loss: 0.03178086504340172
INFO:root:Epoch 431/800, Loss: 0.031200509518384933
INFO:root:Epoch 432/800, Loss: 0.030717255547642708
INFO:root:Epoch 433/800, Loss: 0.03034617193043232
INFO:root:Epoch 434/800, Loss: 0.029922256246209145
INFO:root:Epoch 435/800, Loss: 0.029450934380292892
INFO:root:Epoch 436/800, Loss: 0.028903555124998093
INFO:root:Epoch 437/800, Loss: 0.02841706946492195
INFO:root:Epoch 438/800, Loss: 0.02801857888698578
INFO:root:Epoch 439/800, Loss: 0.027629824355244637
INFO:root:Epoch 440/800, Loss: 0.027276454493403435
INFO:root:Epoch 441/800, Loss: 0.026861291378736496
INFO:root:Epoch 442/800, Loss: 0.02643425203859806
INFO:root:Epoch 443/800, Loss: 0.026026112958788872
INFO:root:Epoch 444/800, Loss: 0.025743484497070312
INFO:root:Epoch 445/800, Loss: 0.02545103244483471
INFO:root:Epoch 446/800, Loss: 0.025140361860394478
INFO:root:Epoch 447/800, Loss: 0.02480466291308403
INFO:root:Epoch 448/800, Loss: 0.02451910451054573
INFO:root:Epoch 449/800, Loss: 0.024137580767273903
INFO:root:Epoch 450/800, Loss: 0.023809805512428284
INFO:root:Epoch 451/800, Loss: 0.023499974980950356
INFO:root:Epoch 452/800, Loss: 0.023187866434454918
INFO:root:Epoch 453/800, Loss: 0.02291877195239067
INFO:root:Epoch 454/800, Loss: 0.022666538134217262
INFO:root:Epoch 455/800, Loss: 0.02242061123251915
INFO:root:Epoch 456/800, Loss: 0.022199902683496475
INFO:root:Epoch 457/800, Loss: 0.022015733644366264
INFO:root:Epoch 458/800, Loss: 0.02187265455722809
INFO:root:Epoch 459/800, Loss: 0.02173786796629429
INFO:root:Epoch 460/800, Loss: 0.021532852202653885
INFO:root:Epoch 461/800, Loss: 0.021202504634857178
INFO:root:Epoch 462/800, Loss: 0.02093501389026642
INFO:root:Epoch 463/800, Loss: 0.020551323890686035
INFO:root:Epoch 464/800, Loss: 0.020183537155389786
INFO:root:Epoch 465/800, Loss: 0.01993962563574314
INFO:root:Epoch 466/800, Loss: 0.01977509632706642
INFO:root:Epoch 467/800, Loss: 0.019656402990221977
INFO:root:Epoch 468/800, Loss: 0.019461872056126595
INFO:root:Epoch 469/800, Loss: 0.019303150475025177
INFO:root:Epoch 470/800, Loss: 0.018997658044099808
INFO:root:Epoch 471/800, Loss: 0.01869933307170868
INFO:root:Epoch 472/800, Loss: 0.018437400460243225
INFO:root:Epoch 473/800, Loss: 0.018221789970993996
INFO:root:Epoch 474/800, Loss: 0.018011586740612984
INFO:root:Epoch 475/800, Loss: 0.017819389700889587
INFO:root:Epoch 476/800, Loss: 0.017673643305897713
INFO:root:Epoch 477/800, Loss: 0.017583178356289864
INFO:root:Epoch 478/800, Loss: 0.01772303506731987
INFO:root:Epoch 479/800, Loss: 0.017620934173464775
INFO:root:Epoch 480/800, Loss: 0.017429444938898087
INFO:root:Epoch 481/800, Loss: 0.01695781573653221
INFO:root:Epoch 482/800, Loss: 0.01652902364730835
INFO:root:Epoch 483/800, Loss: 0.016313720494508743
INFO:root:Epoch 484/800, Loss: 0.01622074842453003
INFO:root:Epoch 485/800, Loss: 0.016258882358670235
INFO:root:Epoch 486/800, Loss: 0.016256704926490784
INFO:root:Epoch 487/800, Loss: 0.016166280955076218
INFO:root:Epoch 488/800, Loss: 0.015753427520394325
INFO:root:Epoch 489/800, Loss: 0.015345958061516285
INFO:root:Epoch 490/800, Loss: 0.015132185071706772
INFO:root:Epoch 491/800, Loss: 0.015102403238415718
INFO:root:Epoch 492/800, Loss: 0.015180272981524467
INFO:root:Epoch 493/800, Loss: 0.015164891257882118
INFO:root:Epoch 494/800, Loss: 0.0150238536298275
INFO:root:Epoch 495/800, Loss: 0.014576898887753487
INFO:root:Epoch 496/800, Loss: 0.014268978498876095
INFO:root:Epoch 497/800, Loss: 0.014084403403103352
INFO:root:Epoch 498/800, Loss: 0.014031624421477318
INFO:root:Epoch 499/800, Loss: 0.014070837758481503
INFO:root:Epoch 500/800, Loss: 0.013976497575640678
INFO:root:Epoch 501/800, Loss: 0.013807998970150948
INFO:root:Epoch 502/800, Loss: 0.013549545779824257
INFO:root:Epoch 503/800, Loss: 0.013318954966962337
INFO:root:Epoch 504/800, Loss: 0.013146191835403442
INFO:root:Epoch 505/800, Loss: 0.013049240224063396
INFO:root:Epoch 506/800, Loss: 0.013011916540563107
INFO:root:Epoch 507/800, Loss: 0.012999292463064194
INFO:root:Epoch 508/800, Loss: 0.01293912436813116
INFO:root:Epoch 509/800, Loss: 0.012840772047638893
INFO:root:Epoch 510/800, Loss: 0.012756645679473877
INFO:root:Epoch 511/800, Loss: 0.012539006769657135
INFO:root:Epoch 512/800, Loss: 0.01233148667961359
INFO:root:Epoch 513/800, Loss: 0.012139740400016308
INFO:root:Epoch 514/800, Loss: 0.012022794224321842
INFO:root:Epoch 515/800, Loss: 0.011978684924542904
INFO:root:Epoch 516/800, Loss: 0.011976336129009724
INFO:root:Epoch 517/800, Loss: 0.01205251831561327
INFO:root:Epoch 518/800, Loss: 0.012075189501047134
INFO:root:Epoch 519/800, Loss: 0.012131815776228905
INFO:root:Epoch 520/800, Loss: 0.011779513210058212
INFO:root:Epoch 521/800, Loss: 0.01154029369354248
INFO:root:Epoch 522/800, Loss: 0.011338637210428715
INFO:root:Epoch 523/800, Loss: 0.011216521263122559
INFO:root:Epoch 524/800, Loss: 0.011133401654660702
INFO:root:Epoch 525/800, Loss: 0.011111306957900524
INFO:root:Epoch 526/800, Loss: 0.011153983883559704
INFO:root:Epoch 527/800, Loss: 0.011200662702322006
INFO:root:Epoch 528/800, Loss: 0.01137746311724186
INFO:root:Epoch 529/800, Loss: 0.011244888417422771
INFO:root:Epoch 530/800, Loss: 0.011178133077919483
INFO:root:Epoch 531/800, Loss: 0.010806480422616005
INFO:root:Epoch 532/800, Loss: 0.010594752617180347
INFO:root:Epoch 533/800, Loss: 0.010507399216294289
INFO:root:Epoch 534/800, Loss: 0.010527367703616619
INFO:root:Epoch 535/800, Loss: 0.010635299608111382
INFO:root:Epoch 536/800, Loss: 0.010616187937557697
INFO:root:Epoch 537/800, Loss: 0.010639543645083904
INFO:root:Epoch 538/800, Loss: 0.010405111126601696
INFO:root:Epoch 539/800, Loss: 0.010238383896648884
INFO:root:Epoch 540/800, Loss: 0.010115010663866997
INFO:root:Epoch 541/800, Loss: 0.010020716115832329
INFO:root:Epoch 542/800, Loss: 0.009963945485651493
INFO:root:Epoch 543/800, Loss: 0.0099328039214015
INFO:root:Epoch 544/800, Loss: 0.009924104437232018
INFO:root:Epoch 545/800, Loss: 0.009904647246003151
INFO:root:Epoch 546/800, Loss: 0.009911823086440563
INFO:root:Epoch 547/800, Loss: 0.009877304546535015
INFO:root:Epoch 548/800, Loss: 0.009892860427498817
INFO:root:Epoch 549/800, Loss: 0.009833325631916523
INFO:root:Epoch 550/800, Loss: 0.009758169762790203
INFO:root:Epoch 551/800, Loss: 0.009603750891983509
INFO:root:Epoch 552/800, Loss: 0.009490275755524635
INFO:root:Epoch 553/800, Loss: 0.009467567317187786
INFO:root:Epoch 554/800, Loss: 0.009494570083916187
INFO:root:Epoch 555/800, Loss: 0.009557702578604221
INFO:root:Epoch 556/800, Loss: 0.009537363424897194
INFO:root:Epoch 557/800, Loss: 0.009510853327810764
INFO:root:Epoch 558/800, Loss: 0.009369189850986004
INFO:root:Epoch 559/800, Loss: 0.009257500991225243
INFO:root:Epoch 560/800, Loss: 0.009167253039777279
INFO:root:Epoch 561/800, Loss: 0.009125087410211563
INFO:root:Epoch 562/800, Loss: 0.00912478007376194
INFO:root:Epoch 563/800, Loss: 0.009148873388767242
INFO:root:Epoch 564/800, Loss: 0.009178628213703632
INFO:root:Epoch 565/800, Loss: 0.00911629106849432
INFO:root:Epoch 566/800, Loss: 0.009058519266545773
INFO:root:Epoch 567/800, Loss: 0.008952923119068146
INFO:root:Epoch 568/800, Loss: 0.008881160989403725
INFO:root:Epoch 569/800, Loss: 0.008847588673233986
INFO:root:Epoch 570/800, Loss: 0.008845038712024689
INFO:root:Epoch 571/800, Loss: 0.008865956217050552
INFO:root:Epoch 572/800, Loss: 0.008883933536708355
INFO:root:Epoch 573/800, Loss: 0.008925188332796097
INFO:root:Epoch 574/800, Loss: 0.008856618776917458
INFO:root:Epoch 575/800, Loss: 0.008821927942335606
INFO:root:Epoch 576/800, Loss: 0.008718862198293209
INFO:root:Epoch 577/800, Loss: 0.008646576665341854
INFO:root:Epoch 578/800, Loss: 0.008597787469625473
INFO:root:Epoch 579/800, Loss: 0.008577319793403149
INFO:root:Epoch 580/800, Loss: 0.008580109104514122
INFO:root:Epoch 581/800, Loss: 0.008594299666583538
INFO:root:Epoch 582/800, Loss: 0.008647216483950615
INFO:root:Epoch 583/800, Loss: 0.008648871444165707
INFO:root:Epoch 584/800, Loss: 0.008686845190823078
INFO:root:Epoch 585/800, Loss: 0.008602667599916458
INFO:root:Epoch 586/800, Loss: 0.008552544750273228
INFO:root:Epoch 587/800, Loss: 0.008441289886832237
INFO:root:Epoch 588/800, Loss: 0.008384721353650093
INFO:root:Epoch 589/800, Loss: 0.008342874236404896
INFO:root:Epoch 590/800, Loss: 0.008335193619132042
INFO:root:Epoch 591/800, Loss: 0.008350732736289501
INFO:root:Epoch 592/800, Loss: 0.008374156430363655
INFO:root:Epoch 593/800, Loss: 0.008455025032162666
INFO:root:Epoch 594/800, Loss: 0.008447472006082535
INFO:root:Epoch 595/800, Loss: 0.008493627421557903
INFO:root:Epoch 596/800, Loss: 0.00838792696595192
INFO:root:Epoch 597/800, Loss: 0.008307838812470436
INFO:root:Epoch 598/800, Loss: 0.008212610147893429
INFO:root:Epoch 599/800, Loss: 0.008167280815541744
INFO:root:Epoch 600/800, Loss: 0.00818462111055851
INFO:root:Epoch 601/800, Loss: 0.00823473371565342
INFO:root:Epoch 602/800, Loss: 0.008339357562363148
INFO:root:Epoch 603/800, Loss: 0.008325424045324326
INFO:root:Epoch 604/800, Loss: 0.008335498161613941
INFO:root:Epoch 605/800, Loss: 0.008188214153051376
INFO:root:Epoch 606/800, Loss: 0.008101171813905239
INFO:root:Epoch 607/800, Loss: 0.008047331124544144
INFO:root:Epoch 608/800, Loss: 0.008069721050560474
INFO:root:Epoch 609/800, Loss: 0.00814648624509573
INFO:root:Epoch 610/800, Loss: 0.008179600350558758
INFO:root:Epoch 611/800, Loss: 0.008253577165305614
INFO:root:Epoch 612/800, Loss: 0.008160603232681751
INFO:root:Epoch 613/800, Loss: 0.008090977557003498
INFO:root:Epoch 614/800, Loss: 0.007980845868587494
INFO:root:Epoch 615/800, Loss: 0.007969853468239307
INFO:root:Epoch 616/800, Loss: 0.008053657598793507
INFO:root:Epoch 617/800, Loss: 0.008105545304715633
INFO:root:Epoch 618/800, Loss: 0.008213882334530354
INFO:root:Epoch 619/800, Loss: 0.008106223307549953
INFO:root:Epoch 620/800, Loss: 0.008028398267924786
INFO:root:Epoch 621/800, Loss: 0.007905595935881138
INFO:root:Epoch 622/800, Loss: 0.00789511390030384
INFO:root:Epoch 623/800, Loss: 0.007994991727173328
INFO:root:Epoch 624/800, Loss: 0.008068772964179516
INFO:root:Epoch 625/800, Loss: 0.008189031854271889
INFO:root:Epoch 626/800, Loss: 0.008059732615947723
INFO:root:Epoch 627/800, Loss: 0.007969620637595654
INFO:root:Epoch 628/800, Loss: 0.007842482067644596
INFO:root:Epoch 629/800, Loss: 0.00785920862108469
INFO:root:Epoch 630/800, Loss: 0.008004901930689812
INFO:root:Epoch 631/800, Loss: 0.008068211376667023
INFO:root:Epoch 632/800, Loss: 0.008156838826835155
INFO:root:Epoch 633/800, Loss: 0.007957344874739647
INFO:root:Epoch 634/800, Loss: 0.007828119210898876
INFO:root:Epoch 635/800, Loss: 0.007782649248838425
INFO:root:Epoch 636/800, Loss: 0.007860438898205757
INFO:root:Epoch 637/800, Loss: 0.00800163485109806
INFO:root:Epoch 638/800, Loss: 0.007971926592290401
INFO:root:Epoch 639/800, Loss: 0.007938836701214314
INFO:root:Epoch 640/800, Loss: 0.0077864606864750385
INFO:root:Epoch 641/800, Loss: 0.007732563652098179
INFO:root:Epoch 642/800, Loss: 0.007774960249662399
INFO:root:Epoch 643/800, Loss: 0.007828671485185623
INFO:root:Epoch 644/800, Loss: 0.007879680953919888
INFO:root:Epoch 645/800, Loss: 0.007811323273926973
INFO:root:Epoch 646/800, Loss: 0.00774731021374464
INFO:root:Epoch 647/800, Loss: 0.007694956846535206
INFO:root:Epoch 648/800, Loss: 0.007693973369896412
INFO:root:Epoch 649/800, Loss: 0.007736069615930319
INFO:root:Epoch 650/800, Loss: 0.00776390777900815
INFO:root:Epoch 651/800, Loss: 0.007773716468364
INFO:root:Epoch 652/800, Loss: 0.0077233631163835526
INFO:root:Epoch 653/800, Loss: 0.007688535377383232
INFO:root:Epoch 654/800, Loss: 0.007656225934624672
INFO:root:Epoch 655/800, Loss: 0.0076493266969919205
INFO:root:Epoch 656/800, Loss: 0.007658833172172308
INFO:root:Epoch 657/800, Loss: 0.0076705836690962315
INFO:root:Epoch 658/800, Loss: 0.007693451829254627
INFO:root:Epoch 659/800, Loss: 0.0076985121704638
INFO:root:Epoch 660/800, Loss: 0.0077105737291276455
INFO:root:Epoch 661/800, Loss: 0.007675355765968561
INFO:root:Epoch 662/800, Loss: 0.007644431199878454
INFO:root:Epoch 663/800, Loss: 0.0076143983751535416
INFO:root:Epoch 664/800, Loss: 0.007614509668201208
INFO:root:Epoch 665/800, Loss: 0.007641719654202461
INFO:root:Epoch 666/800, Loss: 0.007664820179343224
INFO:root:Epoch 667/800, Loss: 0.007694944739341736
INFO:root:Epoch 668/800, Loss: 0.007667643949389458
INFO:root:Epoch 669/800, Loss: 0.007646066602319479
INFO:root:Epoch 670/800, Loss: 0.007603561971336603
INFO:root:Epoch 671/800, Loss: 0.007584975566715002
INFO:root:Epoch 672/800, Loss: 0.007590055465698242
INFO:root:Epoch 673/800, Loss: 0.007606161292642355
INFO:root:Epoch 674/800, Loss: 0.007634266745299101
INFO:root:Epoch 675/800, Loss: 0.007636079099029303
INFO:root:Epoch 676/800, Loss: 0.00764733599498868
INFO:root:Epoch 677/800, Loss: 0.007611506152898073
INFO:root:Epoch 678/800, Loss: 0.007580598816275597
INFO:root:Epoch 679/800, Loss: 0.007564284838736057
INFO:root:Epoch 680/800, Loss: 0.007577596697956324
INFO:root:Epoch 681/800, Loss: 0.007617487106472254
INFO:root:Epoch 682/800, Loss: 0.007640428375452757
INFO:root:Epoch 683/800, Loss: 0.007684086449444294
INFO:root:Epoch 684/800, Loss: 0.007649068254977465
INFO:root:Epoch 685/800, Loss: 0.007624361664056778
INFO:root:Epoch 686/800, Loss: 0.007558219600468874
INFO:root:Epoch 687/800, Loss: 0.007547777146100998
INFO:root:Epoch 688/800, Loss: 0.007600624114274979
INFO:root:Epoch 689/800, Loss: 0.0076529220677912235
INFO:root:Epoch 690/800, Loss: 0.007735286373645067
INFO:root:Epoch 691/800, Loss: 0.0076869637705385685
INFO:root:Epoch 692/800, Loss: 0.007657902780920267
INFO:root:Epoch 693/800, Loss: 0.007561773061752319
INFO:root:Epoch 694/800, Loss: 0.007543860003352165
INFO:root:Epoch 695/800, Loss: 0.007607972249388695
INFO:root:Epoch 696/800, Loss: 0.007637370377779007
INFO:root:Epoch 697/800, Loss: 0.007688331417739391
INFO:root:Epoch 698/800, Loss: 0.007630758918821812
INFO:root:Epoch 699/800, Loss: 0.007588788401335478
INFO:root:Epoch 700/800, Loss: 0.007541516795754433
INFO:root:Epoch 701/800, Loss: 0.0075434353202581406
INFO:root:Epoch 702/800, Loss: 0.007585717365145683
INFO:root:Epoch 703/800, Loss: 0.007580740377306938
INFO:root:Epoch 704/800, Loss: 0.00758694764226675
INFO:root:Epoch 705/800, Loss: 0.0075530968606472015
INFO:root:Epoch 706/800, Loss: 0.007531922310590744
INFO:root:Epoch 707/800, Loss: 0.007517818361520767
INFO:root:Epoch 708/800, Loss: 0.007525920402258635
INFO:root:Epoch 709/800, Loss: 0.007536796852946281
INFO:root:Epoch 710/800, Loss: 0.007529665250331163
INFO:root:Epoch 711/800, Loss: 0.007534491829574108
INFO:root:Epoch 712/800, Loss: 0.00752431433647871
INFO:root:Epoch 713/800, Loss: 0.007520170882344246
INFO:root:Epoch 714/800, Loss: 0.007511862553656101
INFO:root:Epoch 715/800, Loss: 0.0075096022337675095
INFO:root:Epoch 716/800, Loss: 0.007503450382500887
INFO:root:Epoch 717/800, Loss: 0.007501078769564629
INFO:root:Epoch 718/800, Loss: 0.007502616848796606
INFO:root:Epoch 719/800, Loss: 0.007506610359996557
INFO:root:Epoch 720/800, Loss: 0.00751891965046525
INFO:root:Epoch 721/800, Loss: 0.007531812414526939
INFO:root:Epoch 722/800, Loss: 0.007567860651761293
INFO:root:Epoch 723/800, Loss: 0.007579149678349495
INFO:root:Epoch 724/800, Loss: 0.007577860727906227
INFO:root:Epoch 725/800, Loss: 0.007536254357546568
INFO:root:Epoch 726/800, Loss: 0.007506455760449171
INFO:root:Epoch 727/800, Loss: 0.007479591760784388
INFO:root:Epoch 728/800, Loss: 0.007479864172637463
INFO:root:Epoch 729/800, Loss: 0.007497057318687439
INFO:root:Epoch 730/800, Loss: 0.007516993209719658
INFO:root:Epoch 731/800, Loss: 0.007526496425271034
INFO:root:Epoch 732/800, Loss: 0.007514613680541515
INFO:root:Epoch 733/800, Loss: 0.007501044310629368
INFO:root:Epoch 734/800, Loss: 0.007479908410459757
INFO:root:Epoch 735/800, Loss: 0.007470919284969568
INFO:root:Epoch 736/800, Loss: 0.00747617706656456
INFO:root:Epoch 737/800, Loss: 0.007491318043321371
INFO:root:Epoch 738/800, Loss: 0.007511398755013943
INFO:root:Epoch 739/800, Loss: 0.007530099246650934
INFO:root:Epoch 740/800, Loss: 0.007557142525911331
INFO:root:Epoch 741/800, Loss: 0.007564402651041746
INFO:root:Epoch 742/800, Loss: 0.007554186508059502
INFO:root:Epoch 743/800, Loss: 0.007517254911363125
INFO:root:Epoch 744/800, Loss: 0.007487101946026087
INFO:root:Epoch 745/800, Loss: 0.007464835420250893
INFO:root:Epoch 746/800, Loss: 0.007465416099876165
INFO:root:Epoch 747/800, Loss: 0.007479195483028889
INFO:root:Epoch 748/800, Loss: 0.00749441422522068
INFO:root:Epoch 749/800, Loss: 0.007503929082304239
INFO:root:Epoch 750/800, Loss: 0.007499923929572105
INFO:root:Epoch 751/800, Loss: 0.007485854439437389
INFO:root:Epoch 752/800, Loss: 0.007468066178262234
INFO:root:Epoch 753/800, Loss: 0.00745809031650424
INFO:root:Epoch 754/800, Loss: 0.007460420951247215
INFO:root:Epoch 755/800, Loss: 0.007471178658306599
INFO:root:Epoch 756/800, Loss: 0.007489814888685942
INFO:root:Epoch 757/800, Loss: 0.00750460522249341
INFO:root:Epoch 758/800, Loss: 0.007534502539783716
INFO:root:Epoch 759/800, Loss: 0.007532520219683647
INFO:root:Epoch 760/800, Loss: 0.007545328699052334
INFO:root:Epoch 761/800, Loss: 0.007527198176831007
INFO:root:Epoch 762/800, Loss: 0.007528333459049463
INFO:root:Epoch 763/800, Loss: 0.007511550094932318
INFO:root:Epoch 764/800, Loss: 0.007492572069168091
INFO:root:Epoch 765/800, Loss: 0.007470941171050072
INFO:root:Epoch 766/800, Loss: 0.007461204659193754
INFO:root:Epoch 767/800, Loss: 0.007467855699360371
INFO:root:Epoch 768/800, Loss: 0.007472123485058546
INFO:root:Epoch 769/800, Loss: 0.007475355174392462
INFO:root:Epoch 770/800, Loss: 0.007470741402357817
INFO:root:Epoch 771/800, Loss: 0.00746407313272357
INFO:root:Epoch 772/800, Loss: 0.007461195811629295
INFO:root:Epoch 773/800, Loss: 0.007459746673703194
INFO:root:Epoch 774/800, Loss: 0.00746509013697505
INFO:root:Epoch 775/800, Loss: 0.007459863554686308
INFO:root:Epoch 776/800, Loss: 0.007457829546183348
INFO:root:Epoch 777/800, Loss: 0.007454039994627237
INFO:root:Epoch 778/800, Loss: 0.007452556863427162
INFO:root:Epoch 779/800, Loss: 0.00745417969301343
INFO:root:Epoch 780/800, Loss: 0.00745679484680295
INFO:root:Epoch 781/800, Loss: 0.007462841458618641
INFO:root:Epoch 782/800, Loss: 0.007454242557287216
INFO:root:Epoch 783/800, Loss: 0.007448758464306593
INFO:root:Epoch 784/800, Loss: 0.007447335869073868
INFO:root:Epoch 785/800, Loss: 0.007455651182681322
INFO:root:Epoch 786/800, Loss: 0.007470577955245972
INFO:root:Epoch 787/800, Loss: 0.0074964105151593685
INFO:root:Epoch 788/800, Loss: 0.007530467584729195
INFO:root:Epoch 789/800, Loss: 0.007596646435558796
INFO:root:Epoch 790/800, Loss: 0.007687313016504049
INFO:root:Epoch 791/800, Loss: 0.007908818311989307
INFO:root:Epoch 792/800, Loss: 0.008136152289807796
INFO:root:Epoch 793/800, Loss: 0.008758019655942917
INFO:root:Epoch 794/800, Loss: 0.009212613105773926
INFO:root:Epoch 795/800, Loss: 0.010264856740832329
INFO:root:Epoch 796/800, Loss: 0.00993596762418747
INFO:root:Epoch 797/800, Loss: 0.009198756888508797
INFO:root:Epoch 798/800, Loss: 0.007722158916294575
INFO:root:Epoch 799/800, Loss: 0.007761597633361816
INFO:root:Epoch 800/800, Loss: 0.008917901664972305
INFO:root:Training time: 43.71962356567383 seconds
