INFO:root:Configs: {'lr': 0.01, 'epochs': 200, 'batch_size': 30, 'seed': 42, 'device': 'cpu', 'optimizer': Adam (
Parameter Group 0
    amsgrad: False
    betas: (0.9, 0.999)
    capturable: False
    differentiable: False
    eps: 1e-08
    foreach: None
    fused: None
    lr: 0.01
    maximize: False
    weight_decay: 0
), 'equation': <equation.EuropeanBasketOptionCall object at 0x00000236DCC03BC0>, 'net': Net4Y(
  (hidden_layers): Sequential(
    (0): BatchNorm1d(64, eps=1e-05, momentum=0.1, affine=True, track_running_stats=True)
    (1): ReLU()
    (2): Linear(in_features=64, out_features=128, bias=True)
    (3): BatchNorm1d(128, eps=1e-05, momentum=0.1, affine=True, track_running_stats=True)
    (4): ReLU()
    (5): ReLU()
    (6): Linear(in_features=128, out_features=64, bias=True)
    (7): BatchNorm1d(64, eps=1e-05, momentum=0.1, affine=True, track_running_stats=True)
    (8): ReLU()
  )
  (input_layer): Linear(in_features=5, out_features=64, bias=True)
  (output_layer): Linear(in_features=64, out_features=5, bias=True)
  (relu): ReLU()
  (net): Net4Z(
    (hidden_layers): Sequential(
      (0): BatchNorm1d(64, eps=1e-05, momentum=0.1, affine=True, track_running_stats=True)
      (1): ReLU()
      (2): Linear(in_features=64, out_features=128, bias=True)
      (3): BatchNorm1d(128, eps=1e-05, momentum=0.1, affine=True, track_running_stats=True)
      (4): ReLU()
      (5): ReLU()
      (6): Linear(in_features=128, out_features=64, bias=True)
      (7): BatchNorm1d(64, eps=1e-05, momentum=0.1, affine=True, track_running_stats=True)
      (8): ReLU()
    )
    (input_layer): Linear(in_features=5, out_features=64, bias=True)
    (output_layer): Linear(in_features=64, out_features=5, bias=True)
    (relu): ReLU()
  )
), 'train_iter': <torch.utils.data.dataloader.DataLoader object at 0x00000236FF7F4DA0>}
INFO:root:Epoch 1/200, Loss: 1.4335094690322876, Y0: 0.9900000095367432
INFO:root:Epoch 2/200, Loss: 1.2256571054458618, Y0: 0.9801070690155029
INFO:root:Epoch 3/200, Loss: 2.927259922027588, Y0: 0.9701797366142273
INFO:root:Epoch 4/200, Loss: 1.2174298763275146, Y0: 0.9603959918022156
INFO:root:Epoch 5/200, Loss: 1.6252022981643677, Y0: 0.9505554437637329
INFO:root:Epoch 6/200, Loss: 1.2412922382354736, Y0: 0.9407774209976196
INFO:root:Epoch 7/200, Loss: 1.3464876413345337, Y0: 0.9310440421104431
INFO:root:Epoch 8/200, Loss: 0.8875139355659485, Y0: 0.9214576482772827
INFO:root:Epoch 9/200, Loss: 1.4642024040222168, Y0: 0.9118221402168274
INFO:root:Epoch 10/200, Loss: 0.9317407011985779, Y0: 0.9022647738456726
INFO:root:Epoch 11/200, Loss: 0.900321364402771, Y0: 0.8928394913673401
INFO:root:Epoch 12/200, Loss: 1.067348837852478, Y0: 0.8834568858146667
INFO:root:Epoch 13/200, Loss: 1.4590221643447876, Y0: 0.8740139603614807
INFO:root:Epoch 14/200, Loss: 0.6561498045921326, Y0: 0.8647153377532959
INFO:root:Epoch 15/200, Loss: 0.8997474908828735, Y0: 0.8554130792617798
INFO:root:Epoch 16/200, Loss: 0.9294092655181885, Y0: 0.8461425304412842
INFO:root:Epoch 17/200, Loss: 0.8823615908622742, Y0: 0.836818516254425
INFO:root:Epoch 18/200, Loss: 0.8627223372459412, Y0: 0.8274799585342407
INFO:root:Epoch 19/200, Loss: 0.741638720035553, Y0: 0.8182420134544373
INFO:root:Epoch 20/200, Loss: 0.6715263724327087, Y0: 0.8090856671333313
INFO:root:Epoch 21/200, Loss: 0.4862154722213745, Y0: 0.8000852465629578
INFO:root:Epoch 22/200, Loss: 0.6713882684707642, Y0: 0.7911085486412048
INFO:root:Epoch 23/200, Loss: 0.7337609529495239, Y0: 0.7820932865142822
INFO:root:Epoch 24/200, Loss: 0.47849252820014954, Y0: 0.7731949090957642
INFO:root:Epoch 25/200, Loss: 0.4636346697807312, Y0: 0.7643744945526123
INFO:root:Epoch 26/200, Loss: 0.5052034258842468, Y0: 0.7556267976760864
INFO:root:Epoch 27/200, Loss: 0.372915118932724, Y0: 0.7470998764038086
INFO:root:Epoch 28/200, Loss: 0.7163598537445068, Y0: 0.7384707927703857
INFO:root:Epoch 29/200, Loss: 0.5144395232200623, Y0: 0.729923665523529
INFO:root:Epoch 30/200, Loss: 0.43916234374046326, Y0: 0.7214551568031311
INFO:root:Epoch 31/200, Loss: 0.5133706331253052, Y0: 0.7129455804824829
INFO:root:Epoch 32/200, Loss: 0.4381193220615387, Y0: 0.7045114040374756
INFO:root:Epoch 33/200, Loss: 0.30321475863456726, Y0: 0.6962969899177551
INFO:root:Epoch 34/200, Loss: 0.33958953619003296, Y0: 0.6881959438323975
INFO:root:Epoch 35/200, Loss: 0.44445639848709106, Y0: 0.6801962852478027
INFO:root:Epoch 36/200, Loss: 0.30439862608909607, Y0: 0.6723358631134033
INFO:root:Epoch 37/200, Loss: 0.7345574498176575, Y0: 0.6642895936965942
INFO:root:Epoch 38/200, Loss: 0.3861190378665924, Y0: 0.6563224792480469
INFO:root:Epoch 39/200, Loss: 0.43659529089927673, Y0: 0.6483882069587708
INFO:root:Epoch 40/200, Loss: 0.37505748867988586, Y0: 0.6405167579650879
INFO:root:Epoch 41/200, Loss: 0.4360836148262024, Y0: 0.6328204870223999
INFO:root:Epoch 42/200, Loss: 0.35211363434791565, Y0: 0.6251627206802368
INFO:root:Epoch 43/200, Loss: 0.5099157094955444, Y0: 0.6175781488418579
INFO:root:Epoch 44/200, Loss: 0.4447503387928009, Y0: 0.6099979281425476
INFO:root:Epoch 45/200, Loss: 0.4944666028022766, Y0: 0.6023076176643372
INFO:root:Epoch 46/200, Loss: 0.3291527330875397, Y0: 0.5946662425994873
INFO:root:Epoch 47/200, Loss: 0.3597126603126526, Y0: 0.587049126625061
INFO:root:Epoch 48/200, Loss: 0.4189988970756531, Y0: 0.5793866515159607
INFO:root:Epoch 49/200, Loss: 0.26468873023986816, Y0: 0.5718681812286377
INFO:root:Epoch 50/200, Loss: 0.3107261657714844, Y0: 0.5644761323928833
INFO:root:Epoch 51/200, Loss: 0.23090289533138275, Y0: 0.557460606098175
INFO:root:Epoch 52/200, Loss: 0.3195231258869171, Y0: 0.5504261255264282
INFO:root:Epoch 53/200, Loss: 0.25092941522598267, Y0: 0.5434834957122803
INFO:root:Epoch 54/200, Loss: 0.31427687406539917, Y0: 0.5364891290664673
INFO:root:Epoch 55/200, Loss: 0.29395169019699097, Y0: 0.5295665264129639
INFO:root:Epoch 56/200, Loss: 0.22802624106407166, Y0: 0.5227148532867432
INFO:root:Epoch 57/200, Loss: 0.40782296657562256, Y0: 0.5156918168067932
INFO:root:Epoch 58/200, Loss: 0.21019525825977325, Y0: 0.5087087154388428
INFO:root:Epoch 59/200, Loss: 0.1850733757019043, Y0: 0.5018993616104126
INFO:root:Epoch 60/200, Loss: 0.16583427786827087, Y0: 0.4952077865600586
INFO:root:Epoch 61/200, Loss: 0.1917370855808258, Y0: 0.48859116435050964
INFO:root:Epoch 62/200, Loss: 0.1606491357088089, Y0: 0.48209214210510254
INFO:root:Epoch 63/200, Loss: 0.2672972083091736, Y0: 0.47552239894866943
INFO:root:Epoch 64/200, Loss: 0.19449467957019806, Y0: 0.4689808487892151
INFO:root:Epoch 65/200, Loss: 0.13468606770038605, Y0: 0.46264714002609253
INFO:root:Epoch 66/200, Loss: 0.14508968591690063, Y0: 0.4565756022930145
INFO:root:Epoch 67/200, Loss: 0.14520074427127838, Y0: 0.45054346323013306
INFO:root:Epoch 68/200, Loss: 0.21740339696407318, Y0: 0.44448161125183105
INFO:root:Epoch 69/200, Loss: 0.16374152898788452, Y0: 0.43859219551086426
INFO:root:Epoch 70/200, Loss: 0.12315388768911362, Y0: 0.43283435702323914
INFO:root:Epoch 71/200, Loss: 0.14367669820785522, Y0: 0.4271717667579651
INFO:root:Epoch 72/200, Loss: 0.18470430374145508, Y0: 0.42146003246307373
INFO:root:Epoch 73/200, Loss: 0.12138215452432632, Y0: 0.4158318042755127
INFO:root:Epoch 74/200, Loss: 0.0956328883767128, Y0: 0.4103028178215027
INFO:root:Epoch 75/200, Loss: 0.12471117824316025, Y0: 0.40488147735595703
INFO:root:Epoch 76/200, Loss: 0.14580781757831573, Y0: 0.39943262934684753
INFO:root:Epoch 77/200, Loss: 0.058974489569664, Y0: 0.3941553831100464
INFO:root:Epoch 78/200, Loss: 0.1220286637544632, Y0: 0.3889465630054474
INFO:root:Epoch 79/200, Loss: 0.08710314333438873, Y0: 0.38385534286499023
INFO:root:Epoch 80/200, Loss: 0.10277827829122543, Y0: 0.37880414724349976
INFO:root:Epoch 81/200, Loss: 0.08189552277326584, Y0: 0.3738217055797577
INFO:root:Epoch 82/200, Loss: 0.06709454208612442, Y0: 0.3689323365688324
INFO:root:Epoch 83/200, Loss: 0.05763012543320656, Y0: 0.3641420304775238
INFO:root:Epoch 84/200, Loss: 0.05283493921160698, Y0: 0.3594696521759033
INFO:root:Epoch 85/200, Loss: 0.05087922513484955, Y0: 0.35489070415496826
INFO:root:Epoch 86/200, Loss: 0.07155616581439972, Y0: 0.35032540559768677
INFO:root:Epoch 87/200, Loss: 0.046070557087659836, Y0: 0.3458639681339264
INFO:root:Epoch 88/200, Loss: 0.06508972495794296, Y0: 0.3414295017719269
INFO:root:Epoch 89/200, Loss: 0.030633248388767242, Y0: 0.33716699481010437
INFO:root:Epoch 90/200, Loss: 0.08135142922401428, Y0: 0.33288276195526123
INFO:root:Epoch 91/200, Loss: 0.048441920429468155, Y0: 0.32872864603996277
INFO:root:Epoch 92/200, Loss: 0.04312238469719887, Y0: 0.32466092705726624
INFO:root:Epoch 93/200, Loss: 0.0649430900812149, Y0: 0.3205980360507965
INFO:root:Epoch 94/200, Loss: 0.044226452708244324, Y0: 0.31666189432144165
INFO:root:Epoch 95/200, Loss: 0.04545288905501366, Y0: 0.3128792941570282
INFO:root:Epoch 96/200, Loss: 0.04142162576317787, Y0: 0.3091927766799927
INFO:root:Epoch 97/200, Loss: 0.05203406140208244, Y0: 0.30551862716674805
INFO:root:Epoch 98/200, Loss: 0.03299374505877495, Y0: 0.3019198179244995
INFO:root:Epoch 99/200, Loss: 0.026273367926478386, Y0: 0.2984570562839508
INFO:root:Epoch 100/200, Loss: 0.04550636187195778, Y0: 0.29501309990882874
INFO:root:Epoch 101/200, Loss: 0.032293614000082016, Y0: 0.2916603982448578
INFO:root:Epoch 102/200, Loss: 0.05301188677549362, Y0: 0.2883021831512451
INFO:root:Epoch 103/200, Loss: 0.028293848037719727, Y0: 0.2850509285926819
INFO:root:Epoch 104/200, Loss: 0.028600186109542847, Y0: 0.28189602494239807
INFO:root:Epoch 105/200, Loss: 0.08861467242240906, Y0: 0.2786902189254761
INFO:root:Epoch 106/200, Loss: 0.0523759126663208, Y0: 0.2755080759525299
INFO:root:Epoch 107/200, Loss: 0.03192080929875374, Y0: 0.2723797559738159
INFO:root:Epoch 108/200, Loss: 0.022208498790860176, Y0: 0.2693496644496918
INFO:root:Epoch 109/200, Loss: 0.0264735110104084, Y0: 0.2663942575454712
INFO:root:Epoch 110/200, Loss: 0.03094671294093132, Y0: 0.26350727677345276
INFO:root:Epoch 111/200, Loss: 0.05591124668717384, Y0: 0.26048898696899414
INFO:root:Epoch 112/200, Loss: 0.03434028476476669, Y0: 0.25764375925064087
INFO:root:Epoch 113/200, Loss: 0.020874179899692535, Y0: 0.25490808486938477
INFO:root:Epoch 114/200, Loss: 0.027686024084687233, Y0: 0.2522265613079071
INFO:root:Epoch 115/200, Loss: 0.03829791396856308, Y0: 0.24965712428092957
INFO:root:Epoch 116/200, Loss: 0.02252381294965744, Y0: 0.24721193313598633
INFO:root:Epoch 117/200, Loss: 0.01963765360414982, Y0: 0.24480530619621277
INFO:root:Epoch 118/200, Loss: 0.015666387975215912, Y0: 0.24244648218154907
INFO:root:Epoch 119/200, Loss: 0.029101839289069176, Y0: 0.24026566743850708
INFO:root:Epoch 120/200, Loss: 0.024983493611216545, Y0: 0.2380741536617279
INFO:root:Epoch 121/200, Loss: 0.013240478001534939, Y0: 0.23592700064182281
INFO:root:Epoch 122/200, Loss: 0.02421731688082218, Y0: 0.23375631868839264
INFO:root:Epoch 123/200, Loss: 0.020098071545362473, Y0: 0.23160728812217712
INFO:root:Epoch 124/200, Loss: 0.03253534063696861, Y0: 0.2294408529996872
INFO:root:Epoch 125/200, Loss: 0.029528819024562836, Y0: 0.2272443175315857
INFO:root:Epoch 126/200, Loss: 0.014926440082490444, Y0: 0.22511886060237885
INFO:root:Epoch 127/200, Loss: 0.03122546523809433, Y0: 0.22297310829162598
INFO:root:Epoch 128/200, Loss: 0.02256336249411106, Y0: 0.2208486646413803
INFO:root:Epoch 129/200, Loss: 0.010806755162775517, Y0: 0.21884785592556
INFO:root:Epoch 130/200, Loss: 0.02262105979025364, Y0: 0.21682296693325043
INFO:root:Epoch 131/200, Loss: 0.023951493203639984, Y0: 0.21478614211082458
INFO:root:Epoch 132/200, Loss: 0.020018287003040314, Y0: 0.21282140910625458
INFO:root:Epoch 133/200, Loss: 0.031621064990758896, Y0: 0.21080468595027924
INFO:root:Epoch 134/200, Loss: 0.013518738560378551, Y0: 0.20886395871639252
INFO:root:Epoch 135/200, Loss: 0.025282947346568108, Y0: 0.20699375867843628
INFO:root:Epoch 136/200, Loss: 0.016200097277760506, Y0: 0.20526368916034698
INFO:root:Epoch 137/200, Loss: 0.029944689944386482, Y0: 0.20359690487384796
INFO:root:Epoch 138/200, Loss: 0.01766834408044815, Y0: 0.2019812911748886
INFO:root:Epoch 139/200, Loss: 0.015293481759727001, Y0: 0.20042456686496735
INFO:root:Epoch 140/200, Loss: 0.011513134464621544, Y0: 0.19888585805892944
INFO:root:Epoch 141/200, Loss: 0.008641443215310574, Y0: 0.19737955927848816
INFO:root:Epoch 142/200, Loss: 0.01803269423544407, Y0: 0.19584497809410095
INFO:root:Epoch 143/200, Loss: 0.016383275389671326, Y0: 0.1943490207195282
INFO:root:Epoch 144/200, Loss: 0.014559312723577023, Y0: 0.19283027946949005
INFO:root:Epoch 145/200, Loss: 0.012768534943461418, Y0: 0.1913154572248459
INFO:root:Epoch 146/200, Loss: 0.017463751137256622, Y0: 0.1897863894701004
INFO:root:Epoch 147/200, Loss: 0.009738028980791569, Y0: 0.18832053244113922
INFO:root:Epoch 148/200, Loss: 0.012404635548591614, Y0: 0.18688330054283142
INFO:root:Epoch 149/200, Loss: 0.008763130754232407, Y0: 0.18548741936683655
INFO:root:Epoch 150/200, Loss: 0.0078030419535934925, Y0: 0.1841142177581787
INFO:root:Epoch 151/200, Loss: 0.01271387841552496, Y0: 0.18281422555446625
INFO:root:Epoch 152/200, Loss: 0.010962801985442638, Y0: 0.18156024813652039
INFO:root:Epoch 153/200, Loss: 0.010145042091608047, Y0: 0.18036095798015594
INFO:root:Epoch 154/200, Loss: 0.007627259008586407, Y0: 0.17924049496650696
INFO:root:Epoch 155/200, Loss: 0.008940550498664379, Y0: 0.1782025247812271
INFO:root:Epoch 156/200, Loss: 0.005117286462336779, Y0: 0.1772022545337677
INFO:root:Epoch 157/200, Loss: 0.0046961065381765366, Y0: 0.17622539401054382
INFO:root:Epoch 158/200, Loss: 0.006097378674894571, Y0: 0.175255686044693
INFO:root:Epoch 159/200, Loss: 0.0176400113850832, Y0: 0.17434515058994293
INFO:root:Epoch 160/200, Loss: 0.006591488607227802, Y0: 0.17342901229858398
INFO:root:Epoch 161/200, Loss: 0.006921691354364157, Y0: 0.17250323295593262
INFO:root:Epoch 162/200, Loss: 0.007784371729940176, Y0: 0.17158426344394684
INFO:root:Epoch 163/200, Loss: 0.010590347461402416, Y0: 0.1706746518611908
INFO:root:Epoch 164/200, Loss: 0.015134944580495358, Y0: 0.16968582570552826
INFO:root:Epoch 165/200, Loss: 0.009747588075697422, Y0: 0.16869734227657318
INFO:root:Epoch 166/200, Loss: 0.007402762770652771, Y0: 0.16774854063987732
INFO:root:Epoch 167/200, Loss: 0.003842365462332964, Y0: 0.16684260964393616
INFO:root:Epoch 168/200, Loss: 0.012057038024067879, Y0: 0.16611535847187042
INFO:root:Epoch 169/200, Loss: 0.005573231261223555, Y0: 0.16537272930145264
INFO:root:Epoch 170/200, Loss: 0.01678362302482128, Y0: 0.16464921832084656
INFO:root:Epoch 171/200, Loss: 0.011622775346040726, Y0: 0.164010152220726
INFO:root:Epoch 172/200, Loss: 0.006087341345846653, Y0: 0.1633472591638565
INFO:root:Epoch 173/200, Loss: 0.010698816739022732, Y0: 0.1626361459493637
INFO:root:Epoch 174/200, Loss: 0.012846590019762516, Y0: 0.16188625991344452
INFO:root:Epoch 175/200, Loss: 0.004394681192934513, Y0: 0.16119307279586792
INFO:root:Epoch 176/200, Loss: 0.01896979846060276, Y0: 0.16052132844924927
INFO:root:Epoch 177/200, Loss: 0.005062327720224857, Y0: 0.15987274050712585
INFO:root:Epoch 178/200, Loss: 0.015030731447041035, Y0: 0.1591266393661499
INFO:root:Epoch 179/200, Loss: 0.008943511173129082, Y0: 0.15831728279590607
INFO:root:Epoch 180/200, Loss: 0.0097036799415946, Y0: 0.1574561893939972
INFO:root:Epoch 181/200, Loss: 0.007826580666005611, Y0: 0.1565668135881424
INFO:root:Epoch 182/200, Loss: 0.010778350755572319, Y0: 0.15569835901260376
INFO:root:Epoch 183/200, Loss: 0.011365455575287342, Y0: 0.15482273697853088
INFO:root:Epoch 184/200, Loss: 0.014073837548494339, Y0: 0.15388314425945282
INFO:root:Epoch 185/200, Loss: 0.00880249310284853, Y0: 0.15291786193847656
INFO:root:Epoch 186/200, Loss: 0.0037597944028675556, Y0: 0.15198002755641937
INFO:root:Epoch 187/200, Loss: 0.01116177998483181, Y0: 0.15105077624320984
INFO:root:Epoch 188/200, Loss: 0.002556719584390521, Y0: 0.1501564234495163
INFO:root:Epoch 189/200, Loss: 0.01561348233371973, Y0: 0.14929655194282532
INFO:root:Epoch 190/200, Loss: 0.010200577788054943, Y0: 0.1484808772802353
INFO:root:Epoch 191/200, Loss: 0.014484075829386711, Y0: 0.14771874248981476
INFO:root:Epoch 192/200, Loss: 0.017560692504048347, Y0: 0.1471288800239563
INFO:root:Epoch 193/200, Loss: 0.007262678351253271, Y0: 0.14653551578521729
INFO:root:Epoch 194/200, Loss: 0.023743538185954094, Y0: 0.14599476754665375
INFO:root:Epoch 195/200, Loss: 0.00731844874098897, Y0: 0.14548540115356445
INFO:root:Epoch 196/200, Loss: 0.0074716112576425076, Y0: 0.14491000771522522
INFO:root:Epoch 197/200, Loss: 0.01961805857717991, Y0: 0.14417433738708496
INFO:root:Epoch 198/200, Loss: 0.007080644369125366, Y0: 0.14340613782405853
INFO:root:Epoch 199/200, Loss: 0.00877352710813284, Y0: 0.142585888504982
INFO:root:Epoch 200/200, Loss: 0.008773335255682468, Y0: 0.14179043471813202
INFO:root:Training time: 24.201263904571533 seconds
