INFO:root:Configs: {'lr': 0.01, 'epochs': 300, 'batch_size': 128, 'seed': 42, 'device': 'cpu', 'optimizer': Adam (
Parameter Group 0
    amsgrad: False
    betas: (0.9, 0.999)
    capturable: False
    differentiable: False
    eps: 1e-08
    foreach: None
    fused: None
    lr: 0.01
    maximize: False
    weight_decay: 0
), 'equation': <equation.EuropeanBasketOptionCall object at 0x3060c3fd0>, 'net': Net4Y(
  (net): Net4Z(
    (hidden_layers): Sequential(
      (0): BatchNorm1d(256, eps=1e-05, momentum=0.1, affine=True, track_running_stats=True)
      (1): ReLU()
      (2): Linear(in_features=256, out_features=256, bias=True)
      (3): BatchNorm1d(256, eps=1e-05, momentum=0.1, affine=True, track_running_stats=True)
      (4): ReLU()
      (5): ReLU()
      (6): Linear(in_features=256, out_features=256, bias=True)
      (7): BatchNorm1d(256, eps=1e-05, momentum=0.1, affine=True, track_running_stats=True)
      (8): ReLU()
    )
    (input_layer): Linear(in_features=5, out_features=256, bias=True)
    (output_layer): Linear(in_features=256, out_features=5, bias=True)
    (relu): ReLU()
  )
), 'train_iter': <sampler.Sampler object at 0x17f3542d0>}
INFO:root:Configs: {'lr': 0.01, 'epochs': 300, 'batch_size': 128, 'seed': 42, 'device': 'cpu', 'optimizer': Adam (
Parameter Group 0
    amsgrad: False
    betas: (0.9, 0.999)
    capturable: False
    differentiable: False
    eps: 1e-08
    foreach: None
    fused: None
    lr: 0.01
    maximize: False
    weight_decay: 0
), 'equation': <equation.EuropeanBasketOptionCall object at 0x317c92310>, 'net': Net4Y(
  (net): Net4Z(
    (hidden_layers): Sequential(
      (0): BatchNorm1d(256, eps=1e-05, momentum=0.1, affine=True, track_running_stats=True)
      (1): ReLU()
      (2): Linear(in_features=256, out_features=256, bias=True)
      (3): BatchNorm1d(256, eps=1e-05, momentum=0.1, affine=True, track_running_stats=True)
      (4): ReLU()
      (5): ReLU()
      (6): Linear(in_features=256, out_features=256, bias=True)
      (7): BatchNorm1d(256, eps=1e-05, momentum=0.1, affine=True, track_running_stats=True)
      (8): ReLU()
    )
    (input_layer): Linear(in_features=5, out_features=256, bias=True)
    (output_layer): Linear(in_features=256, out_features=5, bias=True)
    (relu): ReLU()
  )
), 'train_iter': <sampler.Sampler object at 0x306fb87d0>}
INFO:root:Epoch 1/300, Loss: 1.2857870230378308, Y0: 0.9900000000624954
INFO:root:Epoch 2/300, Loss: 8.561479223132395, Y0: 0.9799969780335349
INFO:root:Epoch 3/300, Loss: 3.729673413980022, Y0: 0.9699822273153189
INFO:root:Epoch 4/300, Loss: 3.8360586631143634, Y0: 0.9599770340597187
INFO:root:Epoch 5/300, Loss: 2.8298099659877742, Y0: 0.9500607799731788
INFO:root:Epoch 6/300, Loss: 1.8561762836618056, Y0: 0.9402235804305211
INFO:root:Epoch 7/300, Loss: 2.749543165907407, Y0: 0.9304882311119883
INFO:root:Epoch 8/300, Loss: 2.006143874891504, Y0: 0.9207523462354628
INFO:root:Epoch 9/300, Loss: 1.5825184439978637, Y0: 0.9110591849417837
INFO:root:Epoch 10/300, Loss: 1.0647375402724413, Y0: 0.9013679402128776
INFO:root:Epoch 11/300, Loss: 0.9221991481959264, Y0: 0.8916727593272578
INFO:root:Epoch 12/300, Loss: 1.1093967495627877, Y0: 0.8820353697024533
INFO:root:Epoch 13/300, Loss: 1.2953438755728586, Y0: 0.8724115897351802
INFO:root:Epoch 14/300, Loss: 1.7274176658556402, Y0: 0.8627849105490675
INFO:root:Epoch 15/300, Loss: 1.291735664960085, Y0: 0.8530843060416787
INFO:root:Epoch 16/300, Loss: 1.2177767339484116, Y0: 0.8433245681071807
INFO:root:Epoch 17/300, Loss: 0.8848925723285126, Y0: 0.8335982047951898
INFO:root:Epoch 18/300, Loss: 0.7820153137093411, Y0: 0.8239964440157047
INFO:root:Epoch 19/300, Loss: 0.9347157673139295, Y0: 0.8144550026543378
INFO:root:Epoch 20/300, Loss: 0.8260140190806029, Y0: 0.8049610766287268
INFO:root:Epoch 21/300, Loss: 0.8329628294042994, Y0: 0.7955016126442778
INFO:root:Epoch 22/300, Loss: 0.6791692647606817, Y0: 0.7860394974889999
INFO:root:Epoch 23/300, Loss: 0.5393980977866948, Y0: 0.7766489752591533
INFO:root:Epoch 24/300, Loss: 0.5334275029226192, Y0: 0.7673703749989692
INFO:root:Epoch 25/300, Loss: 0.9821454289835627, Y0: 0.7581353840388194
INFO:root:Epoch 26/300, Loss: 0.7607167572172484, Y0: 0.7490083283122974
INFO:root:Epoch 27/300, Loss: 0.6658825471709942, Y0: 0.739919626377037
INFO:root:Epoch 28/300, Loss: 0.45941751799786645, Y0: 0.7309065034380127
INFO:root:Epoch 29/300, Loss: 0.6189106646913952, Y0: 0.7219280355406228
INFO:root:Epoch 30/300, Loss: 0.6045995682032188, Y0: 0.7129731879759565
INFO:root:Epoch 31/300, Loss: 0.7353045070260701, Y0: 0.7040306811142493
INFO:root:Epoch 32/300, Loss: 0.5851513650186355, Y0: 0.6951290691877974
INFO:root:Epoch 33/300, Loss: 0.42585282121581775, Y0: 0.6862900879340289
INFO:root:Epoch 34/300, Loss: 0.34325847380682867, Y0: 0.6775739179041909
INFO:root:Epoch 35/300, Loss: 0.43112114408878843, Y0: 0.6688536224258852
INFO:root:Epoch 36/300, Loss: 0.3869018400278846, Y0: 0.6602665808640962
INFO:root:Epoch 37/300, Loss: 0.40070608961201576, Y0: 0.6517843203018759
INFO:root:Epoch 38/300, Loss: 0.4013935975762691, Y0: 0.6434021687119518
INFO:root:Epoch 39/300, Loss: 0.401009580615053, Y0: 0.6351633533634684
INFO:root:Epoch 40/300, Loss: 0.3760624653756323, Y0: 0.6269404652998415
INFO:root:Epoch 41/300, Loss: 0.34677324702715695, Y0: 0.6187901118593662
INFO:root:Epoch 42/300, Loss: 0.34181175401921954, Y0: 0.610725738125171
INFO:root:Epoch 43/300, Loss: 0.20563678806604005, Y0: 0.6028742834517588
INFO:root:Epoch 44/300, Loss: 0.2792611758612058, Y0: 0.5951013914322096
INFO:root:Epoch 45/300, Loss: 0.26346843494686173, Y0: 0.5873928570019024
INFO:root:Epoch 46/300, Loss: 0.22653805507648087, Y0: 0.5797698211092498
INFO:root:Epoch 47/300, Loss: 0.24661400844962053, Y0: 0.5722595397725656
INFO:root:Epoch 48/300, Loss: 0.23410600139764634, Y0: 0.5648087454730368
INFO:root:Epoch 49/300, Loss: 0.19468745525332468, Y0: 0.5574513481427431
INFO:root:Epoch 50/300, Loss: 0.24022182830307914, Y0: 0.5502242313906951
INFO:root:Epoch 51/300, Loss: 0.22651311157836287, Y0: 0.543045172112449
INFO:root:Epoch 52/300, Loss: 0.206073687124126, Y0: 0.5359265256531941
INFO:root:Epoch 53/300, Loss: 0.22222476568121935, Y0: 0.5288501801725506
INFO:root:Epoch 54/300, Loss: 0.16298230156356863, Y0: 0.521858495292438
INFO:root:Epoch 55/300, Loss: 0.19692142529347006, Y0: 0.5149042868167604
INFO:root:Epoch 56/300, Loss: 0.13894328329309608, Y0: 0.5080518966461599
INFO:root:Epoch 57/300, Loss: 0.14170731612316068, Y0: 0.501293947048154
INFO:root:Epoch 58/300, Loss: 0.14421565268076078, Y0: 0.4945908931496689
INFO:root:Epoch 59/300, Loss: 0.12243412644058543, Y0: 0.4880249244280477
INFO:root:Epoch 60/300, Loss: 0.16286523615617018, Y0: 0.48150346015495443
INFO:root:Epoch 61/300, Loss: 0.11136435454784611, Y0: 0.47510923314254605
INFO:root:Epoch 62/300, Loss: 0.14195297719054129, Y0: 0.4687940242492464
INFO:root:Epoch 63/300, Loss: 0.10744020529472031, Y0: 0.46257811775447627
INFO:root:Epoch 64/300, Loss: 0.09711504452762562, Y0: 0.4565043077788353
INFO:root:Epoch 65/300, Loss: 0.12145407177400563, Y0: 0.4505140770921602
INFO:root:Epoch 66/300, Loss: 0.11875653110685787, Y0: 0.44458787202730177
INFO:root:Epoch 67/300, Loss: 0.12027329221374093, Y0: 0.4387126412796789
INFO:root:Epoch 68/300, Loss: 0.11618896841913581, Y0: 0.4328647171551096
INFO:root:Epoch 69/300, Loss: 0.09666356325773975, Y0: 0.4271220609426421
INFO:root:Epoch 70/300, Loss: 0.08216375711222389, Y0: 0.4214927914409345
INFO:root:Epoch 71/300, Loss: 0.09722248043298645, Y0: 0.4159384129232803
INFO:root:Epoch 72/300, Loss: 0.08795973785905792, Y0: 0.4104830883209016
INFO:root:Epoch 73/300, Loss: 0.09261290547244157, Y0: 0.4051170087515987
INFO:root:Epoch 74/300, Loss: 0.10541506809956104, Y0: 0.3998138864337443
INFO:root:Epoch 75/300, Loss: 0.09127232181368952, Y0: 0.394598370350574
INFO:root:Epoch 76/300, Loss: 0.08735981304901595, Y0: 0.38946492591312537
INFO:root:Epoch 77/300, Loss: 0.06474426429837245, Y0: 0.3844162818881547
INFO:root:Epoch 78/300, Loss: 0.0699760632646571, Y0: 0.37947048101567865
INFO:root:Epoch 79/300, Loss: 0.05966525065273363, Y0: 0.3746113966245236
INFO:root:Epoch 80/300, Loss: 0.07688117029685618, Y0: 0.36980679055457305
INFO:root:Epoch 81/300, Loss: 0.06164173715852799, Y0: 0.36509242011511917
INFO:root:Epoch 82/300, Loss: 0.06653062739424136, Y0: 0.36047784176788694
INFO:root:Epoch 83/300, Loss: 0.05849787250384994, Y0: 0.3559711974070984
INFO:root:Epoch 84/300, Loss: 0.06753762336247182, Y0: 0.35154045664845884
INFO:root:Epoch 85/300, Loss: 0.05227642103592432, Y0: 0.3471851332744889
INFO:root:Epoch 86/300, Loss: 0.05385922815848755, Y0: 0.34288368737972147
INFO:root:Epoch 87/300, Loss: 0.06409146505778184, Y0: 0.33865248351457994
INFO:root:Epoch 88/300, Loss: 0.05816966264444612, Y0: 0.3345405048083508
INFO:root:Epoch 89/300, Loss: 0.051895462899058144, Y0: 0.3304942235188698
INFO:root:Epoch 90/300, Loss: 0.050678364587766755, Y0: 0.32652329643561334
INFO:root:Epoch 91/300, Loss: 0.04741489095464321, Y0: 0.3225934588915306
INFO:root:Epoch 92/300, Loss: 0.05372567065683724, Y0: 0.3187923744067691
INFO:root:Epoch 93/300, Loss: 0.05085281634600277, Y0: 0.31509504001150174
INFO:root:Epoch 94/300, Loss: 0.03694733369333612, Y0: 0.31148981703693474
INFO:root:Epoch 95/300, Loss: 0.03656790336345629, Y0: 0.3079967750132799
INFO:root:Epoch 96/300, Loss: 0.03302722411152073, Y0: 0.3045754338248155
INFO:root:Epoch 97/300, Loss: 0.028992208707853406, Y0: 0.30124222153144375
INFO:root:Epoch 98/300, Loss: 0.027993870263034702, Y0: 0.2979863010917823
INFO:root:Epoch 99/300, Loss: 0.03483824897992168, Y0: 0.29479847896391065
INFO:root:Epoch 100/300, Loss: 0.03479120359910604, Y0: 0.29168434222383266
INFO:root:Epoch 101/300, Loss: 0.0797473798063757, Y0: 0.2886055579866721
INFO:root:Epoch 102/300, Loss: 0.035918463123047535, Y0: 0.2855742119435839
INFO:root:Epoch 103/300, Loss: 0.045034314043058285, Y0: 0.2826133581789883
INFO:root:Epoch 104/300, Loss: 0.062219665759108256, Y0: 0.27967287788000683
INFO:root:Epoch 105/300, Loss: 0.10575734007385024, Y0: 0.27676820972242955
INFO:root:Epoch 106/300, Loss: 0.13071945015240555, Y0: 0.27398647228005973
INFO:root:Epoch 107/300, Loss: 0.03724828303065792, Y0: 0.2712733095942239
INFO:root:Epoch 108/300, Loss: 0.03297797161406081, Y0: 0.2685603340441532
INFO:root:Epoch 109/300, Loss: 0.04617807309060419, Y0: 0.2659528184718415
INFO:root:Epoch 110/300, Loss: 0.12685319339239418, Y0: 0.26330452794038195
INFO:root:Epoch 111/300, Loss: 0.07029217967014614, Y0: 0.26067805068454997
INFO:root:Epoch 112/300, Loss: 0.04924373065171256, Y0: 0.258091420433225
INFO:root:Epoch 113/300, Loss: 0.03220431592210312, Y0: 0.2555782577948868
INFO:root:Epoch 114/300, Loss: 0.032476496177016215, Y0: 0.2531868135959667
INFO:root:Epoch 115/300, Loss: 0.04291084274364794, Y0: 0.250820623654219
INFO:root:Epoch 116/300, Loss: 0.03569021917332556, Y0: 0.24850956545926967
INFO:root:Epoch 117/300, Loss: 0.06169746214138005, Y0: 0.24632682942483636
INFO:root:Epoch 118/300, Loss: 0.03895719848361023, Y0: 0.24419565892539233
INFO:root:Epoch 119/300, Loss: 0.02644403842173401, Y0: 0.2421177697613101
INFO:root:Epoch 120/300, Loss: 0.024466312904659934, Y0: 0.24015482243315708
INFO:root:Epoch 121/300, Loss: 0.023503071221862216, Y0: 0.23828690368639843
INFO:root:Epoch 122/300, Loss: 0.019420146802143583, Y0: 0.23649742398827317
INFO:root:Epoch 123/300, Loss: 0.03451745275482516, Y0: 0.23476007461746098
INFO:root:Epoch 124/300, Loss: 0.05043761202911561, Y0: 0.23303394381363476
INFO:root:Epoch 125/300, Loss: 0.02325068254535957, Y0: 0.23133556185734017
INFO:root:Epoch 126/300, Loss: 0.018018022410255536, Y0: 0.2296602030980341
INFO:root:Epoch 127/300, Loss: 0.015198058472319528, Y0: 0.22805323090625798
INFO:root:Epoch 128/300, Loss: 0.03406948442593954, Y0: 0.22653859351151234
INFO:root:Epoch 129/300, Loss: 0.0276152782347864, Y0: 0.22508299362344872
INFO:root:Epoch 130/300, Loss: 0.020480735628154313, Y0: 0.22363396187175472
INFO:root:Epoch 131/300, Loss: 0.018708275624352885, Y0: 0.2222099445155799
INFO:root:Epoch 132/300, Loss: 0.019555015596630018, Y0: 0.22077622883943615
INFO:root:Epoch 133/300, Loss: 0.017746673401872654, Y0: 0.2193581851183376
INFO:root:Epoch 134/300, Loss: 0.014270015378581927, Y0: 0.21797799153714573
INFO:root:Epoch 135/300, Loss: 0.018449774392506973, Y0: 0.2166255647620182
INFO:root:Epoch 136/300, Loss: 0.013716400545516639, Y0: 0.215307864765552
INFO:root:Epoch 137/300, Loss: 0.02053167368153868, Y0: 0.21406151705835674
INFO:root:Epoch 138/300, Loss: 0.015923741860890593, Y0: 0.21283930060348502
INFO:root:Epoch 139/300, Loss: 0.01435766075304959, Y0: 0.21162156342567875
INFO:root:Epoch 140/300, Loss: 0.015085678167286835, Y0: 0.21043937346995759
INFO:root:Epoch 141/300, Loss: 0.012860480316876425, Y0: 0.20931217339707553
INFO:root:Epoch 142/300, Loss: 0.012047034681521815, Y0: 0.20817326984712226
INFO:root:Epoch 143/300, Loss: 0.026217922170407023, Y0: 0.20713371339443662
INFO:root:Epoch 144/300, Loss: 0.013129994085969675, Y0: 0.20615756446817712
INFO:root:Epoch 145/300, Loss: 0.01347200080023888, Y0: 0.2052212147329588
INFO:root:Epoch 146/300, Loss: 0.017356274089885593, Y0: 0.20432256833440515
INFO:root:Epoch 147/300, Loss: 0.03737803342380133, Y0: 0.2034471804642406
INFO:root:Epoch 148/300, Loss: 0.05138513990349716, Y0: 0.20258181551250812
INFO:root:Epoch 149/300, Loss: 0.01804459613379052, Y0: 0.2017237379953376
INFO:root:Epoch 150/300, Loss: 0.0424647389284533, Y0: 0.20094598365546767
INFO:root:Epoch 151/300, Loss: 0.048873181399562975, Y0: 0.20019941048521703
INFO:root:Epoch 152/300, Loss: 0.04408451887752124, Y0: 0.19950005052125208
INFO:root:Epoch 153/300, Loss: 0.0703881873369333, Y0: 0.1988485702230712
INFO:root:Epoch 154/300, Loss: 0.05978542609918757, Y0: 0.1982736482119635
INFO:root:Epoch 155/300, Loss: 0.166295818865572, Y0: 0.19782592925574888
INFO:root:Epoch 156/300, Loss: 0.027863834573442978, Y0: 0.19746552954161337
INFO:root:Epoch 157/300, Loss: 0.06062422241706599, Y0: 0.1971432008274961
INFO:root:Epoch 158/300, Loss: 0.2808936240304428, Y0: 0.19667396568708964
INFO:root:Epoch 159/300, Loss: 0.16655211874568568, Y0: 0.19628081335000122
INFO:root:Epoch 160/300, Loss: 0.0978028448676399, Y0: 0.19603663784111558
INFO:root:Epoch 161/300, Loss: 0.14127849507593288, Y0: 0.19596913981032615
INFO:root:Epoch 162/300, Loss: 0.1214557443463781, Y0: 0.19587763636717764
INFO:root:Epoch 163/300, Loss: 0.07274054239688685, Y0: 0.19575764186535907
INFO:root:Epoch 164/300, Loss: 0.2150653583026796, Y0: 0.19561978625725032
INFO:root:Epoch 165/300, Loss: 0.23824129076356373, Y0: 0.19538715371607113
INFO:root:Epoch 166/300, Loss: 0.4017483065884974, Y0: 0.19507527993207732
INFO:root:Epoch 167/300, Loss: 0.13976403528209475, Y0: 0.19476118686469898
INFO:root:Epoch 168/300, Loss: 0.1008820423243914, Y0: 0.19449194847814208
INFO:root:Epoch 169/300, Loss: 0.04660473597661531, Y0: 0.1942404171667837
INFO:root:Epoch 170/300, Loss: 0.16958754732898357, Y0: 0.19396210428438615
INFO:root:Epoch 171/300, Loss: 0.1214537308158787, Y0: 0.1937174640931015
INFO:root:Epoch 172/300, Loss: 0.11709909008761145, Y0: 0.1934196203944816
INFO:root:Epoch 173/300, Loss: 0.15981343566233386, Y0: 0.19312927689559625
INFO:root:Epoch 174/300, Loss: 0.12962498998326336, Y0: 0.1929551949956914
INFO:root:Epoch 175/300, Loss: 0.10468230571681197, Y0: 0.19282743825687415
INFO:root:Epoch 176/300, Loss: 0.05586157223411235, Y0: 0.19266410523277272
INFO:root:Epoch 177/300, Loss: 0.06638793921516505, Y0: 0.19257182548124635
INFO:root:Epoch 178/300, Loss: 0.07573026314571812, Y0: 0.19247649447099494
INFO:root:Epoch 179/300, Loss: 0.10664757606587635, Y0: 0.19233134595062715
INFO:root:Epoch 180/300, Loss: 0.08281279196322158, Y0: 0.19220429209275558
INFO:root:Epoch 181/300, Loss: 0.05437570774515971, Y0: 0.19211598354035378
INFO:root:Epoch 182/300, Loss: 0.06933017526792089, Y0: 0.1920237780949441
INFO:root:Epoch 183/300, Loss: 0.044520301777587847, Y0: 0.19191909969341417
INFO:root:Epoch 184/300, Loss: 0.06235822540043367, Y0: 0.19183053193419172
INFO:root:Epoch 185/300, Loss: 0.06404012463617993, Y0: 0.19174427906402916
INFO:root:Epoch 186/300, Loss: 0.05246087530474693, Y0: 0.19171196758055564
INFO:root:Epoch 187/300, Loss: 0.062267664137072264, Y0: 0.19168750125741144
INFO:root:Epoch 188/300, Loss: 0.052220850237208266, Y0: 0.19163363531786667
INFO:root:Epoch 189/300, Loss: 0.045565938491936554, Y0: 0.19165902426997303
INFO:root:Epoch 190/300, Loss: 0.057107736144304505, Y0: 0.19166394734401124
INFO:root:Epoch 191/300, Loss: 0.03494330561688035, Y0: 0.1916899509214156
INFO:root:Epoch 192/300, Loss: 0.029539437524605354, Y0: 0.19164703939391314
INFO:root:Epoch 193/300, Loss: 0.029384776392108646, Y0: 0.1916169387995029
INFO:root:Epoch 194/300, Loss: 0.03913304399937057, Y0: 0.19161542945922233
INFO:root:Epoch 195/300, Loss: 0.022185675224628124, Y0: 0.19157336809981151
INFO:root:Epoch 196/300, Loss: 0.03543813916512417, Y0: 0.19145941663178714
INFO:root:Epoch 197/300, Loss: 0.03268887703015398, Y0: 0.191292456933553
INFO:root:Epoch 198/300, Loss: 0.04796605230625431, Y0: 0.19107978822416144
INFO:root:Epoch 199/300, Loss: 0.035707808365520836, Y0: 0.19087597783026602
INFO:root:Epoch 200/300, Loss: 0.030593041018084487, Y0: 0.1906706668890642
INFO:root:Epoch 201/300, Loss: 0.0368011244313419, Y0: 0.19052221237727943
INFO:root:Epoch 202/300, Loss: 0.021034540389378693, Y0: 0.19032455299779028
INFO:root:Epoch 203/300, Loss: 0.03688893438897347, Y0: 0.19018396422874861
INFO:root:Epoch 204/300, Loss: 0.022936387200657667, Y0: 0.1901027184174766
INFO:root:Epoch 205/300, Loss: 0.018506472404430794, Y0: 0.19000883078508732
INFO:root:Epoch 206/300, Loss: 0.02048825795834539, Y0: 0.18992069544988643
INFO:root:Epoch 207/300, Loss: 0.0375168121585146, Y0: 0.1898164240316559
INFO:root:Epoch 208/300, Loss: 0.024927123409960953, Y0: 0.18971878518588037
INFO:root:Epoch 209/300, Loss: 0.02833865748569277, Y0: 0.18964933228232764
INFO:root:Epoch 210/300, Loss: 0.02144392202265309, Y0: 0.1894870296243867
INFO:root:Epoch 211/300, Loss: 0.02327273172612849, Y0: 0.18939067266807397
INFO:root:Epoch 212/300, Loss: 0.027139722128451796, Y0: 0.1893100000046981
INFO:root:Epoch 213/300, Loss: 0.020789307043178527, Y0: 0.18930346369566525
INFO:root:Epoch 214/300, Loss: 0.03092248035801167, Y0: 0.18929532551198078
INFO:root:Epoch 215/300, Loss: 0.022422034723920636, Y0: 0.18935756868200007
INFO:root:Epoch 216/300, Loss: 0.03139216473483616, Y0: 0.1894494765576049
INFO:root:Epoch 217/300, Loss: 0.02667323123217623, Y0: 0.18951608223523114
INFO:root:Epoch 218/300, Loss: 0.05699292943720225, Y0: 0.18951491502723447
INFO:root:Epoch 219/300, Loss: 0.033228195620112325, Y0: 0.18948172014920753
INFO:root:Epoch 220/300, Loss: 0.0782200507422996, Y0: 0.18948671561253055
INFO:root:Epoch 221/300, Loss: 0.055309858516577215, Y0: 0.18964956492353635
INFO:root:Epoch 222/300, Loss: 0.01616205965005507, Y0: 0.1897092767405495
INFO:root:Epoch 223/300, Loss: 0.021351802818460136, Y0: 0.1897715075909341
INFO:root:Epoch 224/300, Loss: 0.02230473701641859, Y0: 0.18981907551475163
INFO:root:Epoch 225/300, Loss: 0.02029590899912967, Y0: 0.18982927296116842
INFO:root:Epoch 226/300, Loss: 0.04658022680931591, Y0: 0.18977435544655274
INFO:root:Epoch 227/300, Loss: 0.044919591488904884, Y0: 0.18967374240296858
INFO:root:Epoch 228/300, Loss: 0.03967083278771458, Y0: 0.1896527483286826
INFO:root:Epoch 229/300, Loss: 0.036707613892740104, Y0: 0.1896869305493119
INFO:root:Epoch 230/300, Loss: 0.028316089378306486, Y0: 0.18968339697963235
INFO:root:Epoch 231/300, Loss: 0.015211387320030363, Y0: 0.18971031619007175
INFO:root:Epoch 232/300, Loss: 0.017647671136717124, Y0: 0.1897218453912141
INFO:root:Epoch 233/300, Loss: 0.0162555965251356, Y0: 0.18976075331696637
INFO:root:Epoch 234/300, Loss: 0.0124041386626615, Y0: 0.18980634237868607
INFO:root:Epoch 235/300, Loss: 0.018577208461216646, Y0: 0.18985986393118637
INFO:root:Epoch 236/300, Loss: 0.027249258112918895, Y0: 0.18996787261282866
INFO:root:Epoch 237/300, Loss: 0.02635405211535917, Y0: 0.19012069630679573
INFO:root:Epoch 238/300, Loss: 0.016049012948535148, Y0: 0.1902575284552862
INFO:root:Epoch 239/300, Loss: 0.018591923878929762, Y0: 0.1904125861970755
INFO:root:Epoch 240/300, Loss: 0.015329961828743676, Y0: 0.19054280931222609
INFO:root:Epoch 241/300, Loss: 0.010923912794672645, Y0: 0.19065471402148187
INFO:root:Epoch 242/300, Loss: 0.008886038108636354, Y0: 0.19070219689724818
INFO:root:Epoch 243/300, Loss: 0.01372335547882876, Y0: 0.190701416177196
INFO:root:Epoch 244/300, Loss: 0.013855898039961862, Y0: 0.1907307685891168
INFO:root:Epoch 245/300, Loss: 0.01144371842339949, Y0: 0.19072454075053746
INFO:root:Epoch 246/300, Loss: 0.009132656956881813, Y0: 0.19068448757149872
INFO:root:Epoch 247/300, Loss: 0.011624347294859581, Y0: 0.1906683966213458
INFO:root:Epoch 248/300, Loss: 0.01476453028658447, Y0: 0.19065134238897471
INFO:root:Epoch 249/300, Loss: 0.015997072580007234, Y0: 0.19060581056096035
INFO:root:Epoch 250/300, Loss: 0.013870475839002652, Y0: 0.190562363733022
INFO:root:Epoch 251/300, Loss: 0.011092847250218828, Y0: 0.19049568850390686
INFO:root:Epoch 252/300, Loss: 0.013370254629503977, Y0: 0.1903425837527948
INFO:root:Epoch 253/300, Loss: 0.012870911661555535, Y0: 0.19014679303767987
INFO:root:Epoch 254/300, Loss: 0.013094994401701332, Y0: 0.1899363288351096
INFO:root:Epoch 255/300, Loss: 0.020020647116096076, Y0: 0.18977786846039776
INFO:root:Epoch 256/300, Loss: 0.012791918108602114, Y0: 0.1896274083090584
INFO:root:Epoch 257/300, Loss: 0.012645682742809685, Y0: 0.18948129847348846
INFO:root:Epoch 258/300, Loss: 0.01565391123061821, Y0: 0.18939157430785653
INFO:root:Epoch 259/300, Loss: 0.015974882853141713, Y0: 0.18938069956532175
INFO:root:Epoch 260/300, Loss: 0.01267605545218431, Y0: 0.18938421964787008
INFO:root:Epoch 261/300, Loss: 0.008081233317151978, Y0: 0.18929559504634796
INFO:root:Epoch 262/300, Loss: 0.011917533861566474, Y0: 0.18924126008081923
INFO:root:Epoch 263/300, Loss: 0.009573164888012874, Y0: 0.18913939832022564
INFO:root:Epoch 264/300, Loss: 0.011893520044691581, Y0: 0.18905196916036832
INFO:root:Epoch 265/300, Loss: 0.012561994479253387, Y0: 0.18893947605597378
INFO:root:Epoch 266/300, Loss: 0.009372178211995711, Y0: 0.18875520803847234
INFO:root:Epoch 267/300, Loss: 0.008308420421858373, Y0: 0.18859502578028606
INFO:root:Epoch 268/300, Loss: 0.010006918631881469, Y0: 0.18842218342514547
INFO:root:Epoch 269/300, Loss: 0.009959800682131328, Y0: 0.18827204232201253
INFO:root:Epoch 270/300, Loss: 0.00989527626395644, Y0: 0.18807662348792847
INFO:root:Epoch 271/300, Loss: 0.011301975276223971, Y0: 0.18790450168109923
INFO:root:Epoch 272/300, Loss: 0.007372785855049259, Y0: 0.18771836594573962
INFO:root:Epoch 273/300, Loss: 0.00881460212898794, Y0: 0.18753951235321625
INFO:root:Epoch 274/300, Loss: 0.008381789859529393, Y0: 0.18733603085264236
INFO:root:Epoch 275/300, Loss: 0.007424945045640102, Y0: 0.18715755613861826
INFO:root:Epoch 276/300, Loss: 0.009697748912142333, Y0: 0.18695117193716906
INFO:root:Epoch 277/300, Loss: 0.008224090926335196, Y0: 0.1867726560293767
INFO:root:Epoch 278/300, Loss: 0.011092969522733118, Y0: 0.1866433481704276
INFO:root:Epoch 279/300, Loss: 0.0070766237042198124, Y0: 0.18651856662816696
INFO:root:Epoch 280/300, Loss: 0.010884088330286673, Y0: 0.1864118650663486
INFO:root:Epoch 281/300, Loss: 0.009138590719032065, Y0: 0.18630716121197857
INFO:root:Epoch 282/300, Loss: 0.009216841588024657, Y0: 0.1862023342105546
INFO:root:Epoch 283/300, Loss: 0.007515677871982252, Y0: 0.18607777262130296
INFO:root:Epoch 284/300, Loss: 0.009289267002675239, Y0: 0.18596035920598122
INFO:root:Epoch 285/300, Loss: 0.014771135697487591, Y0: 0.18590049278072723
INFO:root:Epoch 286/300, Loss: 0.011609389485468795, Y0: 0.18583472466913728
INFO:root:Epoch 287/300, Loss: 0.006765519000677168, Y0: 0.18581244016742515
INFO:root:Epoch 288/300, Loss: 0.009706251736213246, Y0: 0.18578401955912485
INFO:root:Epoch 289/300, Loss: 0.007707943488426839, Y0: 0.18571413464647515
INFO:root:Epoch 290/300, Loss: 0.01631917546845523, Y0: 0.18568918337263055
INFO:root:Epoch 291/300, Loss: 0.00951037273543494, Y0: 0.1857046135596215
INFO:root:Epoch 292/300, Loss: 0.008398209858343853, Y0: 0.18570058779891324
INFO:root:Epoch 293/300, Loss: 0.012343398191423513, Y0: 0.18571117564363487
INFO:root:Epoch 294/300, Loss: 0.012576202463387287, Y0: 0.18574313537399378
INFO:root:Epoch 295/300, Loss: 0.008989590994544926, Y0: 0.1857620838415926
INFO:root:Epoch 296/300, Loss: 0.00970656566272205, Y0: 0.18576453462614406
INFO:root:Epoch 297/300, Loss: 0.007543192439319928, Y0: 0.18575241295998007
INFO:root:Epoch 298/300, Loss: 0.012082929697355783, Y0: 0.18572925391856446
INFO:root:Epoch 299/300, Loss: 0.012750346189219122, Y0: 0.1856842992090568
INFO:root:Epoch 300/300, Loss: 0.016316292471626866, Y0: 0.1856605868473222
INFO:root:Training time: 27.982964992523193 seconds
