INFO:root:Configs: {'lr': 0.01, 'epochs': 1600, 'batch_size': 64, 'seed': 42, 'device': 'cpu', 'optimizer': SGD (
Parameter Group 0
    dampening: 0
    differentiable: False
    foreach: None
    fused: None
    lr: 0.01
    maximize: False
    momentum: 0
    nesterov: False
    weight_decay: 0
), 'equation': <equation.EuropeanBasketOptionCall object at 0x00000242B058B860>, 'net': Net4Y(
  (input_layer): Linear(in_features=5, out_features=64, bias=True)
  (output_layer): Linear(in_features=64, out_features=5, bias=True)
  (relu): ReLU()
  (net): Net4Z(
    (input_layer): Linear(in_features=5, out_features=64, bias=True)
    (output_layer): Linear(in_features=64, out_features=5, bias=True)
    (relu): ReLU()
  )
), 'train_iter': <torch.utils.data.dataloader.DataLoader object at 0x00000242BBBCA510>}
INFO:root:Epoch 1/1600, Loss: 1.1193746328353882
INFO:root:Epoch 2/1600, Loss: 0.9704851508140564
INFO:root:Epoch 3/1600, Loss: 1.085347056388855
INFO:root:Epoch 4/1600, Loss: 0.8469007015228271
INFO:root:Epoch 5/1600, Loss: 0.9852114915847778
INFO:root:Epoch 6/1600, Loss: 0.8830652832984924
INFO:root:Epoch 7/1600, Loss: 0.7953877449035645
INFO:root:Epoch 8/1600, Loss: 0.9216139316558838
INFO:root:Epoch 9/1600, Loss: 0.9488615989685059
INFO:root:Epoch 10/1600, Loss: 0.9326934218406677
INFO:root:Epoch 11/1600, Loss: 0.8957668542861938
INFO:root:Epoch 12/1600, Loss: 0.8285566568374634
INFO:root:Epoch 13/1600, Loss: 0.8356419205665588
INFO:root:Epoch 14/1600, Loss: 0.7985785007476807
INFO:root:Epoch 15/1600, Loss: 0.877669095993042
INFO:root:Epoch 16/1600, Loss: 0.9253386855125427
INFO:root:Epoch 17/1600, Loss: 0.8608816862106323
INFO:root:Epoch 18/1600, Loss: 0.8763448596000671
INFO:root:Epoch 19/1600, Loss: 0.9252506494522095
INFO:root:Epoch 20/1600, Loss: 0.8940101265907288
INFO:root:Epoch 21/1600, Loss: 0.8599242568016052
INFO:root:Epoch 22/1600, Loss: 0.9222424626350403
INFO:root:Epoch 23/1600, Loss: 0.8319261074066162
INFO:root:Epoch 24/1600, Loss: 0.8072052001953125
INFO:root:Epoch 25/1600, Loss: 0.8435601592063904
INFO:root:Epoch 26/1600, Loss: 0.8564335703849792
INFO:root:Epoch 27/1600, Loss: 0.7682716846466064
INFO:root:Epoch 28/1600, Loss: 0.8406401872634888
INFO:root:Epoch 29/1600, Loss: 0.847385585308075
INFO:root:Epoch 30/1600, Loss: 0.7918205857276917
INFO:root:Epoch 31/1600, Loss: 0.8280184268951416
INFO:root:Epoch 32/1600, Loss: 0.7415822148323059
INFO:root:Epoch 33/1600, Loss: 0.7778356671333313
INFO:root:Epoch 34/1600, Loss: 0.7793742418289185
INFO:root:Epoch 35/1600, Loss: 0.8629059195518494
INFO:root:Epoch 36/1600, Loss: 0.7635496854782104
INFO:root:Epoch 37/1600, Loss: 0.7575057744979858
INFO:root:Epoch 38/1600, Loss: 0.8094321489334106
INFO:root:Epoch 39/1600, Loss: 0.74416184425354
INFO:root:Epoch 40/1600, Loss: 0.7794461846351624
INFO:root:Epoch 41/1600, Loss: 0.7951005697250366
INFO:root:Epoch 42/1600, Loss: 0.805068850517273
INFO:root:Epoch 43/1600, Loss: 0.8777047991752625
INFO:root:Epoch 44/1600, Loss: 0.7723721861839294
INFO:root:Epoch 45/1600, Loss: 0.8227758407592773
INFO:root:Epoch 46/1600, Loss: 0.690563440322876
INFO:root:Epoch 47/1600, Loss: 0.8371309638023376
INFO:root:Epoch 48/1600, Loss: 0.8507053852081299
INFO:root:Epoch 49/1600, Loss: 0.8703204393386841
INFO:root:Epoch 50/1600, Loss: 0.7660438418388367
INFO:root:Epoch 51/1600, Loss: 0.8433381915092468
INFO:root:Epoch 52/1600, Loss: 0.8364096879959106
INFO:root:Epoch 53/1600, Loss: 0.7817421555519104
INFO:root:Epoch 54/1600, Loss: 0.7560253143310547
INFO:root:Epoch 55/1600, Loss: 0.8060597777366638
INFO:root:Epoch 56/1600, Loss: 0.7473964691162109
INFO:root:Epoch 57/1600, Loss: 0.7973669767379761
INFO:root:Epoch 58/1600, Loss: 0.8242015242576599
INFO:root:Epoch 59/1600, Loss: 0.7952053546905518
INFO:root:Epoch 60/1600, Loss: 0.7784749269485474
INFO:root:Epoch 61/1600, Loss: 0.7580801248550415
INFO:root:Epoch 62/1600, Loss: 0.8265256881713867
INFO:root:Epoch 63/1600, Loss: 0.8278208374977112
INFO:root:Epoch 64/1600, Loss: 0.8053070902824402
INFO:root:Epoch 65/1600, Loss: 0.8259614109992981
INFO:root:Epoch 66/1600, Loss: 0.8079976439476013
INFO:root:Epoch 67/1600, Loss: 0.8808559775352478
INFO:root:Epoch 68/1600, Loss: 0.7834426164627075
INFO:root:Epoch 69/1600, Loss: 0.8621001243591309
INFO:root:Epoch 70/1600, Loss: 0.8443950414657593
INFO:root:Epoch 71/1600, Loss: 0.793666660785675
INFO:root:Epoch 72/1600, Loss: 0.827380895614624
INFO:root:Epoch 73/1600, Loss: 0.8006129264831543
INFO:root:Epoch 74/1600, Loss: 0.7436613440513611
INFO:root:Epoch 75/1600, Loss: 0.8088530898094177
INFO:root:Epoch 76/1600, Loss: 0.812063455581665
INFO:root:Epoch 77/1600, Loss: 0.8227008581161499
INFO:root:Epoch 78/1600, Loss: 0.8099071383476257
INFO:root:Epoch 79/1600, Loss: 0.7710556387901306
INFO:root:Epoch 80/1600, Loss: 0.772335410118103
INFO:root:Epoch 81/1600, Loss: 0.8401632308959961
INFO:root:Epoch 82/1600, Loss: 0.8593677878379822
INFO:root:Epoch 83/1600, Loss: 0.7578086853027344
INFO:root:Epoch 84/1600, Loss: 0.8499625325202942
INFO:root:Epoch 85/1600, Loss: 0.7808577418327332
INFO:root:Epoch 86/1600, Loss: 0.8333932757377625
INFO:root:Epoch 87/1600, Loss: 0.837479293346405
INFO:root:Epoch 88/1600, Loss: 0.7778321504592896
INFO:root:Epoch 89/1600, Loss: 0.8352407217025757
INFO:root:Epoch 90/1600, Loss: 0.8181974291801453
INFO:root:Epoch 91/1600, Loss: 0.8399978280067444
INFO:root:Epoch 92/1600, Loss: 0.7893611192703247
INFO:root:Epoch 93/1600, Loss: 0.844163179397583
INFO:root:Epoch 94/1600, Loss: 0.7553520202636719
INFO:root:Epoch 95/1600, Loss: 0.7816847562789917
INFO:root:Epoch 96/1600, Loss: 0.6866026520729065
INFO:root:Epoch 97/1600, Loss: 0.7924504280090332
INFO:root:Epoch 98/1600, Loss: 0.7642172574996948
INFO:root:Epoch 99/1600, Loss: 0.8053240776062012
INFO:root:Epoch 100/1600, Loss: 0.7701932191848755
INFO:root:Epoch 101/1600, Loss: 0.7895394563674927
INFO:root:Epoch 102/1600, Loss: 0.7718515992164612
INFO:root:Epoch 103/1600, Loss: 0.809373676776886
INFO:root:Epoch 104/1600, Loss: 0.8608255982398987
INFO:root:Epoch 105/1600, Loss: 0.7655211687088013
INFO:root:Epoch 106/1600, Loss: 0.837289571762085
INFO:root:Epoch 107/1600, Loss: 0.8014224767684937
INFO:root:Epoch 108/1600, Loss: 0.7805710434913635
INFO:root:Epoch 109/1600, Loss: 0.7524677515029907
INFO:root:Epoch 110/1600, Loss: 0.8085242509841919
INFO:root:Epoch 111/1600, Loss: 0.8255591988563538
INFO:root:Epoch 112/1600, Loss: 0.7990336418151855
INFO:root:Epoch 113/1600, Loss: 0.7911619544029236
INFO:root:Epoch 114/1600, Loss: 0.7522839903831482
INFO:root:Epoch 115/1600, Loss: 0.7864263653755188
INFO:root:Epoch 116/1600, Loss: 0.7644374966621399
INFO:root:Epoch 117/1600, Loss: 0.767662763595581
INFO:root:Epoch 118/1600, Loss: 0.7338369488716125
INFO:root:Epoch 119/1600, Loss: 0.7852352261543274
INFO:root:Epoch 120/1600, Loss: 0.7410717010498047
INFO:root:Epoch 121/1600, Loss: 0.8022260665893555
INFO:root:Epoch 122/1600, Loss: 0.7930371165275574
INFO:root:Epoch 123/1600, Loss: 0.7624155282974243
INFO:root:Epoch 124/1600, Loss: 0.7911537885665894
INFO:root:Epoch 125/1600, Loss: 0.7714335918426514
INFO:root:Epoch 126/1600, Loss: 0.7786105871200562
INFO:root:Epoch 127/1600, Loss: 0.8064900040626526
INFO:root:Epoch 128/1600, Loss: 0.7417252063751221
INFO:root:Epoch 129/1600, Loss: 0.8012241721153259
INFO:root:Epoch 130/1600, Loss: 0.7617011666297913
INFO:root:Epoch 131/1600, Loss: 0.7883925437927246
INFO:root:Epoch 132/1600, Loss: 0.8274813890457153
INFO:root:Epoch 133/1600, Loss: 0.7451378107070923
INFO:root:Epoch 134/1600, Loss: 0.8287111520767212
INFO:root:Epoch 135/1600, Loss: 0.8040051460266113
INFO:root:Epoch 136/1600, Loss: 0.753835916519165
INFO:root:Epoch 137/1600, Loss: 0.8221328258514404
INFO:root:Epoch 138/1600, Loss: 0.8128741979598999
INFO:root:Epoch 139/1600, Loss: 0.807278573513031
INFO:root:Epoch 140/1600, Loss: 0.7821476459503174
INFO:root:Epoch 141/1600, Loss: 0.7679476141929626
INFO:root:Epoch 142/1600, Loss: 0.733283281326294
INFO:root:Epoch 143/1600, Loss: 0.8243308663368225
INFO:root:Epoch 144/1600, Loss: 0.7441152930259705
INFO:root:Epoch 145/1600, Loss: 0.8552145957946777
INFO:root:Epoch 146/1600, Loss: 0.8365075588226318
INFO:root:Epoch 147/1600, Loss: 0.7458274960517883
INFO:root:Epoch 148/1600, Loss: 0.7934464812278748
INFO:root:Epoch 149/1600, Loss: 0.7319675087928772
INFO:root:Epoch 150/1600, Loss: 0.7994351983070374
INFO:root:Epoch 151/1600, Loss: 0.7896574139595032
INFO:root:Epoch 152/1600, Loss: 0.8123719096183777
INFO:root:Epoch 153/1600, Loss: 0.7526193261146545
INFO:root:Epoch 154/1600, Loss: 0.7862043976783752
INFO:root:Epoch 155/1600, Loss: 0.8291658759117126
INFO:root:Epoch 156/1600, Loss: 0.8621865510940552
INFO:root:Epoch 157/1600, Loss: 0.8137117624282837
INFO:root:Epoch 158/1600, Loss: 0.7767192125320435
INFO:root:Epoch 159/1600, Loss: 0.742283046245575
INFO:root:Epoch 160/1600, Loss: 0.7609631419181824
INFO:root:Epoch 161/1600, Loss: 0.810612678527832
INFO:root:Epoch 162/1600, Loss: 0.8353196978569031
INFO:root:Epoch 163/1600, Loss: 0.8157710433006287
INFO:root:Epoch 164/1600, Loss: 0.744260847568512
INFO:root:Epoch 165/1600, Loss: 0.8143641948699951
INFO:root:Epoch 166/1600, Loss: 0.7456120848655701
INFO:root:Epoch 167/1600, Loss: 0.7978509664535522
INFO:root:Epoch 168/1600, Loss: 0.834896981716156
INFO:root:Epoch 169/1600, Loss: 0.7970755696296692
INFO:root:Epoch 170/1600, Loss: 0.858271062374115
INFO:root:Epoch 171/1600, Loss: 0.8241907358169556
INFO:root:Epoch 172/1600, Loss: 0.8097089529037476
INFO:root:Epoch 173/1600, Loss: 0.7645251750946045
INFO:root:Epoch 174/1600, Loss: 0.7534818649291992
INFO:root:Epoch 175/1600, Loss: 0.7822501063346863
INFO:root:Epoch 176/1600, Loss: 0.811696469783783
INFO:root:Epoch 177/1600, Loss: 0.8239462971687317
INFO:root:Epoch 178/1600, Loss: 0.7831358313560486
INFO:root:Epoch 179/1600, Loss: 0.7684382796287537
INFO:root:Epoch 180/1600, Loss: 0.7490455508232117
INFO:root:Epoch 181/1600, Loss: 0.8238606452941895
INFO:root:Epoch 182/1600, Loss: 0.8074979186058044
INFO:root:Epoch 183/1600, Loss: 0.744985818862915
INFO:root:Epoch 184/1600, Loss: 0.7630326151847839
INFO:root:Epoch 185/1600, Loss: 0.7750962376594543
INFO:root:Epoch 186/1600, Loss: 0.8641275763511658
INFO:root:Epoch 187/1600, Loss: 0.7539249658584595
INFO:root:Epoch 188/1600, Loss: 0.8514214754104614
INFO:root:Epoch 189/1600, Loss: 0.7835452556610107
INFO:root:Epoch 190/1600, Loss: 0.7961055040359497
INFO:root:Epoch 191/1600, Loss: 0.765852689743042
INFO:root:Epoch 192/1600, Loss: 0.8002528548240662
INFO:root:Epoch 193/1600, Loss: 0.8148930668830872
INFO:root:Epoch 194/1600, Loss: 0.754734992980957
INFO:root:Epoch 195/1600, Loss: 0.7251830101013184
INFO:root:Epoch 196/1600, Loss: 0.6724059581756592
INFO:root:Epoch 197/1600, Loss: 0.7222167253494263
INFO:root:Epoch 198/1600, Loss: 0.780514121055603
INFO:root:Epoch 199/1600, Loss: 0.7510524392127991
INFO:root:Epoch 200/1600, Loss: 0.709750235080719
INFO:root:Epoch 201/1600, Loss: 0.7766774296760559
INFO:root:Epoch 202/1600, Loss: 0.7298365235328674
INFO:root:Epoch 203/1600, Loss: 0.7946659326553345
INFO:root:Epoch 204/1600, Loss: 0.7865722179412842
INFO:root:Epoch 205/1600, Loss: 0.8278519511222839
INFO:root:Epoch 206/1600, Loss: 0.7832460999488831
INFO:root:Epoch 207/1600, Loss: 0.7840616106987
INFO:root:Epoch 208/1600, Loss: 0.7489871978759766
INFO:root:Epoch 209/1600, Loss: 0.8440268039703369
INFO:root:Epoch 210/1600, Loss: 0.7625757455825806
INFO:root:Epoch 211/1600, Loss: 0.835816502571106
INFO:root:Epoch 212/1600, Loss: 0.8096007108688354
INFO:root:Epoch 213/1600, Loss: 0.7756312489509583
INFO:root:Epoch 214/1600, Loss: 0.7825818657875061
INFO:root:Epoch 215/1600, Loss: 0.7712442874908447
INFO:root:Epoch 216/1600, Loss: 0.8156765699386597
INFO:root:Epoch 217/1600, Loss: 0.794076681137085
INFO:root:Epoch 218/1600, Loss: 0.8555798530578613
INFO:root:Epoch 219/1600, Loss: 0.7505881190299988
INFO:root:Epoch 220/1600, Loss: 0.852677047252655
INFO:root:Epoch 221/1600, Loss: 0.8071781396865845
INFO:root:Epoch 222/1600, Loss: 0.7520204186439514
INFO:root:Epoch 223/1600, Loss: 0.7349779605865479
INFO:root:Epoch 224/1600, Loss: 0.8086439371109009
INFO:root:Epoch 225/1600, Loss: 0.7776973247528076
INFO:root:Epoch 226/1600, Loss: 0.7586367130279541
INFO:root:Epoch 227/1600, Loss: 0.792167067527771
INFO:root:Epoch 228/1600, Loss: 0.8006948232650757
INFO:root:Epoch 229/1600, Loss: 0.8600512742996216
INFO:root:Epoch 230/1600, Loss: 0.7429874539375305
INFO:root:Epoch 231/1600, Loss: 0.703229546546936
INFO:root:Epoch 232/1600, Loss: 0.8021492958068848
INFO:root:Epoch 233/1600, Loss: 0.7654586434364319
INFO:root:Epoch 234/1600, Loss: 0.806484580039978
INFO:root:Epoch 235/1600, Loss: 0.771355390548706
INFO:root:Epoch 236/1600, Loss: 0.8481847047805786
INFO:root:Epoch 237/1600, Loss: 0.8280626535415649
INFO:root:Epoch 238/1600, Loss: 0.7633898854255676
INFO:root:Epoch 239/1600, Loss: 0.7976086735725403
INFO:root:Epoch 240/1600, Loss: 0.8124013543128967
INFO:root:Epoch 241/1600, Loss: 0.7612873315811157
INFO:root:Epoch 242/1600, Loss: 0.7680429816246033
INFO:root:Epoch 243/1600, Loss: 0.7966341972351074
INFO:root:Epoch 244/1600, Loss: 0.8777113556861877
INFO:root:Epoch 245/1600, Loss: 0.7618619203567505
INFO:root:Epoch 246/1600, Loss: 0.8291536569595337
INFO:root:Epoch 247/1600, Loss: 0.79271000623703
INFO:root:Epoch 248/1600, Loss: 0.7783058881759644
INFO:root:Epoch 249/1600, Loss: 0.7978413701057434
INFO:root:Epoch 250/1600, Loss: 0.7903152704238892
INFO:root:Epoch 251/1600, Loss: 0.7818317413330078
INFO:root:Epoch 252/1600, Loss: 0.7575034499168396
INFO:root:Epoch 253/1600, Loss: 0.8439763188362122
INFO:root:Epoch 254/1600, Loss: 0.7680405974388123
INFO:root:Epoch 255/1600, Loss: 0.7436437606811523
INFO:root:Epoch 256/1600, Loss: 0.779004693031311
INFO:root:Epoch 257/1600, Loss: 0.7670899629592896
INFO:root:Epoch 258/1600, Loss: 0.8460757732391357
INFO:root:Epoch 259/1600, Loss: 0.8573620915412903
INFO:root:Epoch 260/1600, Loss: 0.7692890763282776
INFO:root:Epoch 261/1600, Loss: 0.7337937951087952
INFO:root:Epoch 262/1600, Loss: 0.7723994255065918
INFO:root:Epoch 263/1600, Loss: 0.7695920467376709
INFO:root:Epoch 264/1600, Loss: 0.7761225700378418
INFO:root:Epoch 265/1600, Loss: 0.8399108052253723
INFO:root:Epoch 266/1600, Loss: 0.776660680770874
INFO:root:Epoch 267/1600, Loss: 0.7472469806671143
INFO:root:Epoch 268/1600, Loss: 0.8520327806472778
INFO:root:Epoch 269/1600, Loss: 0.7692397236824036
INFO:root:Epoch 270/1600, Loss: 0.7801535129547119
INFO:root:Epoch 271/1600, Loss: 0.7742120623588562
INFO:root:Epoch 272/1600, Loss: 0.8220425248146057
INFO:root:Epoch 273/1600, Loss: 0.8032073378562927
INFO:root:Epoch 274/1600, Loss: 0.7785879373550415
INFO:root:Epoch 275/1600, Loss: 0.7770529389381409
INFO:root:Epoch 276/1600, Loss: 0.7927324175834656
INFO:root:Epoch 277/1600, Loss: 0.7856493592262268
INFO:root:Epoch 278/1600, Loss: 0.8316712379455566
INFO:root:Epoch 279/1600, Loss: 0.7882851958274841
INFO:root:Epoch 280/1600, Loss: 0.8141947984695435
INFO:root:Epoch 281/1600, Loss: 0.7102274298667908
INFO:root:Epoch 282/1600, Loss: 0.813448965549469
INFO:root:Epoch 283/1600, Loss: 0.8122318387031555
INFO:root:Epoch 284/1600, Loss: 0.8296607732772827
INFO:root:Epoch 285/1600, Loss: 0.7867278456687927
INFO:root:Epoch 286/1600, Loss: 0.714111328125
INFO:root:Epoch 287/1600, Loss: 0.8222737312316895
INFO:root:Epoch 288/1600, Loss: 0.7942649126052856
INFO:root:Epoch 289/1600, Loss: 0.8033849596977234
INFO:root:Epoch 290/1600, Loss: 0.7387486696243286
INFO:root:Epoch 291/1600, Loss: 0.7502583265304565
INFO:root:Epoch 292/1600, Loss: 0.7896526455879211
INFO:root:Epoch 293/1600, Loss: 0.8086521029472351
INFO:root:Epoch 294/1600, Loss: 0.7867401838302612
INFO:root:Epoch 295/1600, Loss: 0.6847235560417175
INFO:root:Epoch 296/1600, Loss: 0.8758211135864258
INFO:root:Epoch 297/1600, Loss: 0.7413804531097412
INFO:root:Epoch 298/1600, Loss: 0.8059878945350647
INFO:root:Epoch 299/1600, Loss: 0.7458884716033936
INFO:root:Epoch 300/1600, Loss: 0.781107485294342
INFO:root:Epoch 301/1600, Loss: 0.7363373041152954
INFO:root:Epoch 302/1600, Loss: 0.8172818422317505
INFO:root:Epoch 303/1600, Loss: 0.8122108578681946
INFO:root:Epoch 304/1600, Loss: 0.7335042357444763
INFO:root:Epoch 305/1600, Loss: 0.7261964082717896
INFO:root:Epoch 306/1600, Loss: 0.8066087961196899
INFO:root:Epoch 307/1600, Loss: 0.8180493712425232
INFO:root:Epoch 308/1600, Loss: 0.7945790886878967
INFO:root:Epoch 309/1600, Loss: 0.7916339635848999
INFO:root:Epoch 310/1600, Loss: 0.7656669020652771
INFO:root:Epoch 311/1600, Loss: 0.7913927435874939
INFO:root:Epoch 312/1600, Loss: 0.7926739454269409
INFO:root:Epoch 313/1600, Loss: 0.8338000178337097
INFO:root:Epoch 314/1600, Loss: 0.7707417607307434
INFO:root:Epoch 315/1600, Loss: 0.8217650651931763
INFO:root:Epoch 316/1600, Loss: 0.7925218343734741
INFO:root:Epoch 317/1600, Loss: 0.8322449922561646
INFO:root:Epoch 318/1600, Loss: 0.8038468360900879
INFO:root:Epoch 319/1600, Loss: 0.8494688272476196
INFO:root:Epoch 320/1600, Loss: 0.828846275806427
INFO:root:Epoch 321/1600, Loss: 0.7165817618370056
INFO:root:Epoch 322/1600, Loss: 0.7666324973106384
INFO:root:Epoch 323/1600, Loss: 0.837976336479187
INFO:root:Epoch 324/1600, Loss: 0.8055775761604309
INFO:root:Epoch 325/1600, Loss: 0.7922486066818237
INFO:root:Epoch 326/1600, Loss: 0.8371411561965942
INFO:root:Epoch 327/1600, Loss: 0.7029608488082886
INFO:root:Epoch 328/1600, Loss: 0.7804231643676758
INFO:root:Epoch 329/1600, Loss: 0.8041466474533081
INFO:root:Epoch 330/1600, Loss: 0.7421628832817078
INFO:root:Epoch 331/1600, Loss: 0.7643028497695923
INFO:root:Epoch 332/1600, Loss: 0.7642689347267151
INFO:root:Epoch 333/1600, Loss: 0.7895464897155762
INFO:root:Epoch 334/1600, Loss: 0.8057224750518799
INFO:root:Epoch 335/1600, Loss: 0.8012422323226929
INFO:root:Epoch 336/1600, Loss: 0.7458550930023193
INFO:root:Epoch 337/1600, Loss: 0.8245911598205566
INFO:root:Epoch 338/1600, Loss: 0.7591865658760071
INFO:root:Epoch 339/1600, Loss: 0.8001764416694641
INFO:root:Epoch 340/1600, Loss: 0.7964490652084351
INFO:root:Epoch 341/1600, Loss: 0.8397444486618042
INFO:root:Epoch 342/1600, Loss: 0.7964560389518738
INFO:root:Epoch 343/1600, Loss: 0.8172409534454346
INFO:root:Epoch 344/1600, Loss: 0.7926235795021057
INFO:root:Epoch 345/1600, Loss: 0.7966163754463196
INFO:root:Epoch 346/1600, Loss: 0.762179434299469
INFO:root:Epoch 347/1600, Loss: 0.794132649898529
INFO:root:Epoch 348/1600, Loss: 0.7632316946983337
INFO:root:Epoch 349/1600, Loss: 0.8077153563499451
INFO:root:Epoch 350/1600, Loss: 0.7900434136390686
INFO:root:Epoch 351/1600, Loss: 0.721381664276123
INFO:root:Epoch 352/1600, Loss: 0.80289226770401
INFO:root:Epoch 353/1600, Loss: 0.8278147578239441
INFO:root:Epoch 354/1600, Loss: 0.7915440201759338
INFO:root:Epoch 355/1600, Loss: 0.816074013710022
INFO:root:Epoch 356/1600, Loss: 0.7428335547447205
INFO:root:Epoch 357/1600, Loss: 0.6983585953712463
INFO:root:Epoch 358/1600, Loss: 0.7654722929000854
INFO:root:Epoch 359/1600, Loss: 0.8184166550636292
INFO:root:Epoch 360/1600, Loss: 0.8197333812713623
INFO:root:Epoch 361/1600, Loss: 0.7853772044181824
INFO:root:Epoch 362/1600, Loss: 0.7864760160446167
INFO:root:Epoch 363/1600, Loss: 0.7876800894737244
INFO:root:Epoch 364/1600, Loss: 0.8372613787651062
INFO:root:Epoch 365/1600, Loss: 0.7477160692214966
INFO:root:Epoch 366/1600, Loss: 0.7752960920333862
INFO:root:Epoch 367/1600, Loss: 0.7969337701797485
INFO:root:Epoch 368/1600, Loss: 0.7406190037727356
INFO:root:Epoch 369/1600, Loss: 0.7625449299812317
INFO:root:Epoch 370/1600, Loss: 0.7822436094284058
INFO:root:Epoch 371/1600, Loss: 0.7329354882240295
INFO:root:Epoch 372/1600, Loss: 0.7668726444244385
INFO:root:Epoch 373/1600, Loss: 0.8196855783462524
INFO:root:Epoch 374/1600, Loss: 0.8199189901351929
INFO:root:Epoch 375/1600, Loss: 0.7638335824012756
INFO:root:Epoch 376/1600, Loss: 0.7957010269165039
INFO:root:Epoch 377/1600, Loss: 0.8102882504463196
INFO:root:Epoch 378/1600, Loss: 0.8342071771621704
INFO:root:Epoch 379/1600, Loss: 0.7937270998954773
INFO:root:Epoch 380/1600, Loss: 0.7990549802780151
INFO:root:Epoch 381/1600, Loss: 0.8297331929206848
INFO:root:Epoch 382/1600, Loss: 0.8370809555053711
INFO:root:Epoch 383/1600, Loss: 0.8777130246162415
INFO:root:Epoch 384/1600, Loss: 0.7804888486862183
INFO:root:Epoch 385/1600, Loss: 0.8212953209877014
INFO:root:Epoch 386/1600, Loss: 0.7489900588989258
INFO:root:Epoch 387/1600, Loss: 0.7670674324035645
INFO:root:Epoch 388/1600, Loss: 0.8026971817016602
INFO:root:Epoch 389/1600, Loss: 0.7934495806694031
INFO:root:Epoch 390/1600, Loss: 0.7898864150047302
INFO:root:Epoch 391/1600, Loss: 0.7869881987571716
INFO:root:Epoch 392/1600, Loss: 0.8171968460083008
INFO:root:Epoch 393/1600, Loss: 0.7802382111549377
INFO:root:Epoch 394/1600, Loss: 0.8098522424697876
INFO:root:Epoch 395/1600, Loss: 0.7741054892539978
INFO:root:Epoch 396/1600, Loss: 0.7919489145278931
INFO:root:Epoch 397/1600, Loss: 0.798048198223114
INFO:root:Epoch 398/1600, Loss: 0.7942133545875549
INFO:root:Epoch 399/1600, Loss: 0.7590726613998413
INFO:root:Epoch 400/1600, Loss: 0.8528726696968079
INFO:root:Epoch 401/1600, Loss: 0.7489359378814697
INFO:root:Epoch 402/1600, Loss: 0.7998836040496826
INFO:root:Epoch 403/1600, Loss: 0.8531641960144043
INFO:root:Epoch 404/1600, Loss: 0.7471586465835571
INFO:root:Epoch 405/1600, Loss: 0.8331395387649536
INFO:root:Epoch 406/1600, Loss: 0.7644076347351074
INFO:root:Epoch 407/1600, Loss: 0.7680986523628235
INFO:root:Epoch 408/1600, Loss: 0.7910745739936829
INFO:root:Epoch 409/1600, Loss: 0.6879429817199707
INFO:root:Epoch 410/1600, Loss: 0.7858279943466187
INFO:root:Epoch 411/1600, Loss: 0.8870320320129395
INFO:root:Epoch 412/1600, Loss: 0.7618641257286072
INFO:root:Epoch 413/1600, Loss: 0.8031471967697144
INFO:root:Epoch 414/1600, Loss: 0.7554556131362915
INFO:root:Epoch 415/1600, Loss: 0.732184648513794
INFO:root:Epoch 416/1600, Loss: 0.7925658822059631
INFO:root:Epoch 417/1600, Loss: 0.7806989550590515
INFO:root:Epoch 418/1600, Loss: 0.7503582239151001
INFO:root:Epoch 419/1600, Loss: 0.7821810245513916
INFO:root:Epoch 420/1600, Loss: 0.7723004817962646
INFO:root:Epoch 421/1600, Loss: 0.8329563736915588
INFO:root:Epoch 422/1600, Loss: 0.7760528922080994
INFO:root:Epoch 423/1600, Loss: 0.7969621419906616
INFO:root:Epoch 424/1600, Loss: 0.7846438884735107
INFO:root:Epoch 425/1600, Loss: 0.8019076585769653
INFO:root:Epoch 426/1600, Loss: 0.799224853515625
INFO:root:Epoch 427/1600, Loss: 0.8244718909263611
INFO:root:Epoch 428/1600, Loss: 0.7673460841178894
INFO:root:Epoch 429/1600, Loss: 0.7096571922302246
INFO:root:Epoch 430/1600, Loss: 0.7708426117897034
INFO:root:Epoch 431/1600, Loss: 0.7597532272338867
INFO:root:Epoch 432/1600, Loss: 0.7883489727973938
INFO:root:Epoch 433/1600, Loss: 0.7491738200187683
INFO:root:Epoch 434/1600, Loss: 0.8065153956413269
INFO:root:Epoch 435/1600, Loss: 0.786583662033081
INFO:root:Epoch 436/1600, Loss: 0.82407546043396
INFO:root:Epoch 437/1600, Loss: 0.8158825039863586
INFO:root:Epoch 438/1600, Loss: 0.7529025077819824
INFO:root:Epoch 439/1600, Loss: 0.7428503036499023
INFO:root:Epoch 440/1600, Loss: 0.7979535460472107
INFO:root:Epoch 441/1600, Loss: 0.7606258988380432
INFO:root:Epoch 442/1600, Loss: 0.6982612013816833
INFO:root:Epoch 443/1600, Loss: 0.7593576908111572
INFO:root:Epoch 444/1600, Loss: 0.8192006945610046
INFO:root:Epoch 445/1600, Loss: 0.7346293926239014
INFO:root:Epoch 446/1600, Loss: 0.8260526657104492
INFO:root:Epoch 447/1600, Loss: 0.8236944079399109
INFO:root:Epoch 448/1600, Loss: 0.695511519908905
INFO:root:Epoch 449/1600, Loss: 0.7501256465911865
INFO:root:Epoch 450/1600, Loss: 0.815970778465271
INFO:root:Epoch 451/1600, Loss: 0.7673236727714539
INFO:root:Epoch 452/1600, Loss: 0.766488790512085
INFO:root:Epoch 453/1600, Loss: 0.8598461151123047
INFO:root:Epoch 454/1600, Loss: 0.7943152189254761
INFO:root:Epoch 455/1600, Loss: 0.7409644722938538
INFO:root:Epoch 456/1600, Loss: 0.7182604074478149
INFO:root:Epoch 457/1600, Loss: 0.7924914360046387
INFO:root:Epoch 458/1600, Loss: 0.765282928943634
INFO:root:Epoch 459/1600, Loss: 0.7214999198913574
INFO:root:Epoch 460/1600, Loss: 0.7103418707847595
INFO:root:Epoch 461/1600, Loss: 0.7013205885887146
INFO:root:Epoch 462/1600, Loss: 0.8322928547859192
INFO:root:Epoch 463/1600, Loss: 0.7073980569839478
INFO:root:Epoch 464/1600, Loss: 0.7861647009849548
INFO:root:Epoch 465/1600, Loss: 0.7707077860832214
INFO:root:Epoch 466/1600, Loss: 0.7955864667892456
INFO:root:Epoch 467/1600, Loss: 0.7953966856002808
INFO:root:Epoch 468/1600, Loss: 0.7988113164901733
INFO:root:Epoch 469/1600, Loss: 0.7754498720169067
INFO:root:Epoch 470/1600, Loss: 0.8109526634216309
INFO:root:Epoch 471/1600, Loss: 0.7418123483657837
INFO:root:Epoch 472/1600, Loss: 0.7763990163803101
INFO:root:Epoch 473/1600, Loss: 0.777783215045929
INFO:root:Epoch 474/1600, Loss: 0.7866547703742981
INFO:root:Epoch 475/1600, Loss: 0.761459231376648
INFO:root:Epoch 476/1600, Loss: 0.7733676433563232
INFO:root:Epoch 477/1600, Loss: 0.7127434015274048
INFO:root:Epoch 478/1600, Loss: 0.8004013895988464
INFO:root:Epoch 479/1600, Loss: 0.7256941795349121
INFO:root:Epoch 480/1600, Loss: 0.7706736326217651
INFO:root:Epoch 481/1600, Loss: 0.7312435507774353
INFO:root:Epoch 482/1600, Loss: 0.7597541213035583
INFO:root:Epoch 483/1600, Loss: 0.7840906381607056
INFO:root:Epoch 484/1600, Loss: 0.8277591466903687
INFO:root:Epoch 485/1600, Loss: 0.8274991512298584
INFO:root:Epoch 486/1600, Loss: 0.7802339792251587
INFO:root:Epoch 487/1600, Loss: 0.7536290884017944
INFO:root:Epoch 488/1600, Loss: 0.8277865648269653
INFO:root:Epoch 489/1600, Loss: 0.7871193289756775
INFO:root:Epoch 490/1600, Loss: 0.8108651638031006
INFO:root:Epoch 491/1600, Loss: 0.7169355154037476
INFO:root:Epoch 492/1600, Loss: 0.7813907265663147
INFO:root:Epoch 493/1600, Loss: 0.730198085308075
INFO:root:Epoch 494/1600, Loss: 0.792167067527771
INFO:root:Epoch 495/1600, Loss: 0.8156293630599976
INFO:root:Epoch 496/1600, Loss: 0.7422223091125488
INFO:root:Epoch 497/1600, Loss: 0.7407295107841492
INFO:root:Epoch 498/1600, Loss: 0.7651236057281494
INFO:root:Epoch 499/1600, Loss: 0.7947784066200256
INFO:root:Epoch 500/1600, Loss: 0.7759398221969604
INFO:root:Epoch 501/1600, Loss: 0.7677531242370605
INFO:root:Epoch 502/1600, Loss: 0.8219684362411499
INFO:root:Epoch 503/1600, Loss: 0.7446934580802917
INFO:root:Epoch 504/1600, Loss: 0.7859306931495667
INFO:root:Epoch 505/1600, Loss: 0.7678728103637695
INFO:root:Epoch 506/1600, Loss: 0.7390832901000977
INFO:root:Epoch 507/1600, Loss: 0.838573694229126
INFO:root:Epoch 508/1600, Loss: 0.7497128248214722
INFO:root:Epoch 509/1600, Loss: 0.7989993691444397
INFO:root:Epoch 510/1600, Loss: 0.7582888007164001
INFO:root:Epoch 511/1600, Loss: 0.7162246704101562
INFO:root:Epoch 512/1600, Loss: 0.8299567699432373
INFO:root:Epoch 513/1600, Loss: 0.7943277955055237
INFO:root:Epoch 514/1600, Loss: 0.8017972707748413
INFO:root:Epoch 515/1600, Loss: 0.754067063331604
INFO:root:Epoch 516/1600, Loss: 0.7522293329238892
INFO:root:Epoch 517/1600, Loss: 0.7968631386756897
INFO:root:Epoch 518/1600, Loss: 0.7582212686538696
INFO:root:Epoch 519/1600, Loss: 0.7853536605834961
INFO:root:Epoch 520/1600, Loss: 0.7832068800926208
INFO:root:Epoch 521/1600, Loss: 0.8074468970298767
INFO:root:Epoch 522/1600, Loss: 0.7750567197799683
INFO:root:Epoch 523/1600, Loss: 0.7615728378295898
INFO:root:Epoch 524/1600, Loss: 0.7487656474113464
INFO:root:Epoch 525/1600, Loss: 0.8343774080276489
INFO:root:Epoch 526/1600, Loss: 0.7711664438247681
INFO:root:Epoch 527/1600, Loss: 0.7697629332542419
INFO:root:Epoch 528/1600, Loss: 0.7970044016838074
INFO:root:Epoch 529/1600, Loss: 0.7724509239196777
INFO:root:Epoch 530/1600, Loss: 0.7506378889083862
INFO:root:Epoch 531/1600, Loss: 0.7792424559593201
INFO:root:Epoch 532/1600, Loss: 0.7961305379867554
INFO:root:Epoch 533/1600, Loss: 0.7812606692314148
INFO:root:Epoch 534/1600, Loss: 0.8293062448501587
INFO:root:Epoch 535/1600, Loss: 0.8187180757522583
INFO:root:Epoch 536/1600, Loss: 0.7943832874298096
INFO:root:Epoch 537/1600, Loss: 0.7826745510101318
INFO:root:Epoch 538/1600, Loss: 0.7646626830101013
INFO:root:Epoch 539/1600, Loss: 0.7561758756637573
INFO:root:Epoch 540/1600, Loss: 0.7723925709724426
INFO:root:Epoch 541/1600, Loss: 0.8254160284996033
INFO:root:Epoch 542/1600, Loss: 0.7207105755805969
INFO:root:Epoch 543/1600, Loss: 0.8578324317932129
INFO:root:Epoch 544/1600, Loss: 0.8044804334640503
INFO:root:Epoch 545/1600, Loss: 0.746025025844574
INFO:root:Epoch 546/1600, Loss: 0.7888522148132324
INFO:root:Epoch 547/1600, Loss: 0.7341827154159546
INFO:root:Epoch 548/1600, Loss: 0.855873703956604
INFO:root:Epoch 549/1600, Loss: 0.7928743362426758
INFO:root:Epoch 550/1600, Loss: 0.8044891357421875
INFO:root:Epoch 551/1600, Loss: 0.8049642443656921
INFO:root:Epoch 552/1600, Loss: 0.7528585195541382
INFO:root:Epoch 553/1600, Loss: 0.7678185105323792
INFO:root:Epoch 554/1600, Loss: 0.8851802349090576
INFO:root:Epoch 555/1600, Loss: 0.7472787499427795
INFO:root:Epoch 556/1600, Loss: 0.7664600610733032
INFO:root:Epoch 557/1600, Loss: 0.7543975114822388
INFO:root:Epoch 558/1600, Loss: 0.7394049167633057
INFO:root:Epoch 559/1600, Loss: 0.7688810229301453
INFO:root:Epoch 560/1600, Loss: 0.8063127994537354
INFO:root:Epoch 561/1600, Loss: 0.819963276386261
INFO:root:Epoch 562/1600, Loss: 0.7543060779571533
INFO:root:Epoch 563/1600, Loss: 0.7834124565124512
INFO:root:Epoch 564/1600, Loss: 0.8645533323287964
INFO:root:Epoch 565/1600, Loss: 0.7940227389335632
INFO:root:Epoch 566/1600, Loss: 0.78501296043396
INFO:root:Epoch 567/1600, Loss: 0.7361990213394165
INFO:root:Epoch 568/1600, Loss: 0.7629777789115906
INFO:root:Epoch 569/1600, Loss: 0.7827098369598389
INFO:root:Epoch 570/1600, Loss: 0.7983640432357788
INFO:root:Epoch 571/1600, Loss: 0.7578238844871521
INFO:root:Epoch 572/1600, Loss: 0.7670190930366516
INFO:root:Epoch 573/1600, Loss: 0.7875539064407349
INFO:root:Epoch 574/1600, Loss: 0.8379208445549011
INFO:root:Epoch 575/1600, Loss: 0.7967357635498047
INFO:root:Epoch 576/1600, Loss: 0.8462142944335938
INFO:root:Epoch 577/1600, Loss: 0.8406785726547241
INFO:root:Epoch 578/1600, Loss: 0.7874080538749695
INFO:root:Epoch 579/1600, Loss: 0.7726505398750305
INFO:root:Epoch 580/1600, Loss: 0.8218041658401489
INFO:root:Epoch 581/1600, Loss: 0.8391753435134888
INFO:root:Epoch 582/1600, Loss: 0.8073933124542236
INFO:root:Epoch 583/1600, Loss: 0.7478245496749878
INFO:root:Epoch 584/1600, Loss: 0.777364194393158
INFO:root:Epoch 585/1600, Loss: 0.8145561814308167
INFO:root:Epoch 586/1600, Loss: 0.7871045470237732
INFO:root:Epoch 587/1600, Loss: 0.7841252684593201
INFO:root:Epoch 588/1600, Loss: 0.7778561115264893
INFO:root:Epoch 589/1600, Loss: 0.7974412441253662
INFO:root:Epoch 590/1600, Loss: 0.7806898355484009
INFO:root:Epoch 591/1600, Loss: 0.7579730749130249
INFO:root:Epoch 592/1600, Loss: 0.7897488474845886
INFO:root:Epoch 593/1600, Loss: 0.784235954284668
INFO:root:Epoch 594/1600, Loss: 0.756500780582428
INFO:root:Epoch 595/1600, Loss: 0.7475041151046753
INFO:root:Epoch 596/1600, Loss: 0.7889078855514526
INFO:root:Epoch 597/1600, Loss: 0.7589938044548035
INFO:root:Epoch 598/1600, Loss: 0.7988283038139343
INFO:root:Epoch 599/1600, Loss: 0.8165403008460999
INFO:root:Epoch 600/1600, Loss: 0.7454428672790527
INFO:root:Epoch 601/1600, Loss: 0.834145724773407
INFO:root:Epoch 602/1600, Loss: 0.7500095963478088
INFO:root:Epoch 603/1600, Loss: 0.8010161519050598
INFO:root:Epoch 604/1600, Loss: 0.7942262291908264
INFO:root:Epoch 605/1600, Loss: 0.8107824325561523
INFO:root:Epoch 606/1600, Loss: 0.8527575731277466
INFO:root:Epoch 607/1600, Loss: 0.7701218128204346
INFO:root:Epoch 608/1600, Loss: 0.7732402682304382
INFO:root:Epoch 609/1600, Loss: 0.8048086762428284
INFO:root:Epoch 610/1600, Loss: 0.7236438989639282
INFO:root:Epoch 611/1600, Loss: 0.7914490699768066
INFO:root:Epoch 612/1600, Loss: 0.8066418170928955
INFO:root:Epoch 613/1600, Loss: 0.7962481379508972
INFO:root:Epoch 614/1600, Loss: 0.808508038520813
INFO:root:Epoch 615/1600, Loss: 0.794845461845398
INFO:root:Epoch 616/1600, Loss: 0.8135923743247986
INFO:root:Epoch 617/1600, Loss: 0.8027482032775879
INFO:root:Epoch 618/1600, Loss: 0.7863757610321045
INFO:root:Epoch 619/1600, Loss: 0.81327223777771
INFO:root:Epoch 620/1600, Loss: 0.7943488955497742
INFO:root:Epoch 621/1600, Loss: 0.7375761270523071
INFO:root:Epoch 622/1600, Loss: 0.7964451313018799
INFO:root:Epoch 623/1600, Loss: 0.766455888748169
INFO:root:Epoch 624/1600, Loss: 0.7785506248474121
INFO:root:Epoch 625/1600, Loss: 0.8313753604888916
INFO:root:Epoch 626/1600, Loss: 0.7775163650512695
INFO:root:Epoch 627/1600, Loss: 0.7741977572441101
INFO:root:Epoch 628/1600, Loss: 0.8174792528152466
INFO:root:Epoch 629/1600, Loss: 0.7592383623123169
INFO:root:Epoch 630/1600, Loss: 0.7569750547409058
INFO:root:Epoch 631/1600, Loss: 0.8191174864768982
INFO:root:Epoch 632/1600, Loss: 0.8114515542984009
INFO:root:Epoch 633/1600, Loss: 0.7791192531585693
INFO:root:Epoch 634/1600, Loss: 0.815605878829956
INFO:root:Epoch 635/1600, Loss: 0.823072075843811
INFO:root:Epoch 636/1600, Loss: 0.744849681854248
INFO:root:Epoch 637/1600, Loss: 0.7616978883743286
INFO:root:Epoch 638/1600, Loss: 0.8589494228363037
INFO:root:Epoch 639/1600, Loss: 0.7501563429832458
INFO:root:Epoch 640/1600, Loss: 0.782730221748352
INFO:root:Epoch 641/1600, Loss: 0.7112944722175598
INFO:root:Epoch 642/1600, Loss: 0.8182746171951294
INFO:root:Epoch 643/1600, Loss: 0.7752451300621033
INFO:root:Epoch 644/1600, Loss: 0.7497236728668213
INFO:root:Epoch 645/1600, Loss: 0.7925803661346436
INFO:root:Epoch 646/1600, Loss: 0.823028564453125
INFO:root:Epoch 647/1600, Loss: 0.7316045761108398
INFO:root:Epoch 648/1600, Loss: 0.7707502841949463
INFO:root:Epoch 649/1600, Loss: 0.7830774784088135
INFO:root:Epoch 650/1600, Loss: 0.7906209826469421
INFO:root:Epoch 651/1600, Loss: 0.7950829267501831
INFO:root:Epoch 652/1600, Loss: 0.7650449275970459
INFO:root:Epoch 653/1600, Loss: 0.7310168743133545
INFO:root:Epoch 654/1600, Loss: 0.8095184564590454
INFO:root:Epoch 655/1600, Loss: 0.827579140663147
INFO:root:Epoch 656/1600, Loss: 0.8362878561019897
INFO:root:Epoch 657/1600, Loss: 0.7950761914253235
INFO:root:Epoch 658/1600, Loss: 0.8094025254249573
INFO:root:Epoch 659/1600, Loss: 0.7864086627960205
INFO:root:Epoch 660/1600, Loss: 0.7780527472496033
INFO:root:Epoch 661/1600, Loss: 0.8144921064376831
INFO:root:Epoch 662/1600, Loss: 0.7646135091781616
INFO:root:Epoch 663/1600, Loss: 0.7856761813163757
INFO:root:Epoch 664/1600, Loss: 0.8090477585792542
INFO:root:Epoch 665/1600, Loss: 0.817247748374939
INFO:root:Epoch 666/1600, Loss: 0.7516536712646484
INFO:root:Epoch 667/1600, Loss: 0.8036504983901978
INFO:root:Epoch 668/1600, Loss: 0.7292019724845886
INFO:root:Epoch 669/1600, Loss: 0.7098821997642517
INFO:root:Epoch 670/1600, Loss: 0.8663799166679382
INFO:root:Epoch 671/1600, Loss: 0.727959394454956
INFO:root:Epoch 672/1600, Loss: 0.7755913734436035
INFO:root:Epoch 673/1600, Loss: 0.7895981073379517
INFO:root:Epoch 674/1600, Loss: 0.7853613495826721
INFO:root:Epoch 675/1600, Loss: 0.7737489342689514
INFO:root:Epoch 676/1600, Loss: 0.7979389429092407
INFO:root:Epoch 677/1600, Loss: 0.7284573912620544
INFO:root:Epoch 678/1600, Loss: 0.6867241859436035
INFO:root:Epoch 679/1600, Loss: 0.7607682347297668
INFO:root:Epoch 680/1600, Loss: 0.8323134779930115
INFO:root:Epoch 681/1600, Loss: 0.7795760631561279
INFO:root:Epoch 682/1600, Loss: 0.7443938851356506
INFO:root:Epoch 683/1600, Loss: 0.7966064214706421
INFO:root:Epoch 684/1600, Loss: 0.7644997835159302
INFO:root:Epoch 685/1600, Loss: 0.7655339241027832
INFO:root:Epoch 686/1600, Loss: 0.7795118689537048
INFO:root:Epoch 687/1600, Loss: 0.7243829965591431
INFO:root:Epoch 688/1600, Loss: 0.7708302736282349
INFO:root:Epoch 689/1600, Loss: 0.7732901573181152
INFO:root:Epoch 690/1600, Loss: 0.7774954438209534
INFO:root:Epoch 691/1600, Loss: 0.8072879910469055
INFO:root:Epoch 692/1600, Loss: 0.7615453004837036
INFO:root:Epoch 693/1600, Loss: 0.8280385136604309
INFO:root:Epoch 694/1600, Loss: 0.8187987804412842
INFO:root:Epoch 695/1600, Loss: 0.7849964499473572
INFO:root:Epoch 696/1600, Loss: 0.7500017881393433
INFO:root:Epoch 697/1600, Loss: 0.7509449124336243
INFO:root:Epoch 698/1600, Loss: 0.7974365949630737
INFO:root:Epoch 699/1600, Loss: 0.7518844604492188
INFO:root:Epoch 700/1600, Loss: 0.7377755045890808
INFO:root:Epoch 701/1600, Loss: 0.7764186859130859
INFO:root:Epoch 702/1600, Loss: 0.7853794693946838
INFO:root:Epoch 703/1600, Loss: 0.8231221437454224
INFO:root:Epoch 704/1600, Loss: 0.7831261157989502
INFO:root:Epoch 705/1600, Loss: 0.7628474235534668
INFO:root:Epoch 706/1600, Loss: 0.7868378758430481
INFO:root:Epoch 707/1600, Loss: 0.7996546030044556
INFO:root:Epoch 708/1600, Loss: 0.7955329418182373
INFO:root:Epoch 709/1600, Loss: 0.7092463374137878
INFO:root:Epoch 710/1600, Loss: 0.7505339980125427
INFO:root:Epoch 711/1600, Loss: 0.8048833608627319
INFO:root:Epoch 712/1600, Loss: 0.7647250294685364
INFO:root:Epoch 713/1600, Loss: 0.7296504378318787
INFO:root:Epoch 714/1600, Loss: 0.7581850290298462
INFO:root:Epoch 715/1600, Loss: 0.7864091396331787
INFO:root:Epoch 716/1600, Loss: 0.8189619779586792
INFO:root:Epoch 717/1600, Loss: 0.7788469195365906
INFO:root:Epoch 718/1600, Loss: 0.7806071043014526
INFO:root:Epoch 719/1600, Loss: 0.8562091588973999
INFO:root:Epoch 720/1600, Loss: 0.7297204732894897
INFO:root:Epoch 721/1600, Loss: 0.7367935180664062
INFO:root:Epoch 722/1600, Loss: 0.780159592628479
INFO:root:Epoch 723/1600, Loss: 0.7838013768196106
INFO:root:Epoch 724/1600, Loss: 0.7797398567199707
INFO:root:Epoch 725/1600, Loss: 0.7630423307418823
INFO:root:Epoch 726/1600, Loss: 0.800909698009491
INFO:root:Epoch 727/1600, Loss: 0.7470963001251221
INFO:root:Epoch 728/1600, Loss: 0.7726144790649414
INFO:root:Epoch 729/1600, Loss: 0.8332378268241882
INFO:root:Epoch 730/1600, Loss: 0.7850877046585083
INFO:root:Epoch 731/1600, Loss: 0.8074843883514404
INFO:root:Epoch 732/1600, Loss: 0.7847511172294617
INFO:root:Epoch 733/1600, Loss: 0.8444246053695679
INFO:root:Epoch 734/1600, Loss: 0.8168061971664429
INFO:root:Epoch 735/1600, Loss: 0.7945539355278015
INFO:root:Epoch 736/1600, Loss: 0.8114122748374939
INFO:root:Epoch 737/1600, Loss: 0.8234918117523193
INFO:root:Epoch 738/1600, Loss: 0.7535821795463562
INFO:root:Epoch 739/1600, Loss: 0.7926478385925293
INFO:root:Epoch 740/1600, Loss: 0.6994205117225647
INFO:root:Epoch 741/1600, Loss: 0.7576408982276917
INFO:root:Epoch 742/1600, Loss: 0.7776396870613098
INFO:root:Epoch 743/1600, Loss: 0.8315194845199585
INFO:root:Epoch 744/1600, Loss: 0.7902647256851196
INFO:root:Epoch 745/1600, Loss: 0.7571589946746826
INFO:root:Epoch 746/1600, Loss: 0.7936815023422241
INFO:root:Epoch 747/1600, Loss: 0.7900785803794861
INFO:root:Epoch 748/1600, Loss: 0.7695375084877014
INFO:root:Epoch 749/1600, Loss: 0.7625882029533386
INFO:root:Epoch 750/1600, Loss: 0.799445629119873
INFO:root:Epoch 751/1600, Loss: 0.7469465136528015
INFO:root:Epoch 752/1600, Loss: 0.7781291604042053
INFO:root:Epoch 753/1600, Loss: 0.7210433483123779
INFO:root:Epoch 754/1600, Loss: 0.7996104955673218
INFO:root:Epoch 755/1600, Loss: 0.7633915543556213
INFO:root:Epoch 756/1600, Loss: 0.7698745131492615
INFO:root:Epoch 757/1600, Loss: 0.7399766445159912
INFO:root:Epoch 758/1600, Loss: 0.7461303472518921
INFO:root:Epoch 759/1600, Loss: 0.7510689496994019
INFO:root:Epoch 760/1600, Loss: 0.8271446228027344
INFO:root:Epoch 761/1600, Loss: 0.7823620438575745
INFO:root:Epoch 762/1600, Loss: 0.7209508419036865
INFO:root:Epoch 763/1600, Loss: 0.7250675559043884
INFO:root:Epoch 764/1600, Loss: 0.7634146213531494
INFO:root:Epoch 765/1600, Loss: 0.8057765960693359
INFO:root:Epoch 766/1600, Loss: 0.7987712025642395
INFO:root:Epoch 767/1600, Loss: 0.8028258681297302
INFO:root:Epoch 768/1600, Loss: 0.8251250386238098
INFO:root:Epoch 769/1600, Loss: 0.781038224697113
INFO:root:Epoch 770/1600, Loss: 0.8295161724090576
INFO:root:Epoch 771/1600, Loss: 0.73155277967453
INFO:root:Epoch 772/1600, Loss: 0.7917674779891968
INFO:root:Epoch 773/1600, Loss: 0.816916286945343
INFO:root:Epoch 774/1600, Loss: 0.790386974811554
INFO:root:Epoch 775/1600, Loss: 0.7925810813903809
INFO:root:Epoch 776/1600, Loss: 0.8076343536376953
INFO:root:Epoch 777/1600, Loss: 0.7955807447433472
INFO:root:Epoch 778/1600, Loss: 0.7633235454559326
INFO:root:Epoch 779/1600, Loss: 0.8132445812225342
INFO:root:Epoch 780/1600, Loss: 0.8024612069129944
INFO:root:Epoch 781/1600, Loss: 0.7745729684829712
INFO:root:Epoch 782/1600, Loss: 0.7413452863693237
INFO:root:Epoch 783/1600, Loss: 0.7491211891174316
INFO:root:Epoch 784/1600, Loss: 0.789640486240387
INFO:root:Epoch 785/1600, Loss: 0.7715986967086792
INFO:root:Epoch 786/1600, Loss: 0.7613971829414368
INFO:root:Epoch 787/1600, Loss: 0.8129583597183228
INFO:root:Epoch 788/1600, Loss: 0.742080807685852
INFO:root:Epoch 789/1600, Loss: 0.7880061268806458
INFO:root:Epoch 790/1600, Loss: 0.7995620369911194
INFO:root:Epoch 791/1600, Loss: 0.8400357365608215
INFO:root:Epoch 792/1600, Loss: 0.7746608257293701
INFO:root:Epoch 793/1600, Loss: 0.8122470378875732
INFO:root:Epoch 794/1600, Loss: 0.8109220862388611
INFO:root:Epoch 795/1600, Loss: 0.726482093334198
INFO:root:Epoch 796/1600, Loss: 0.7842657566070557
INFO:root:Epoch 797/1600, Loss: 0.7804810404777527
INFO:root:Epoch 798/1600, Loss: 0.7838156223297119
INFO:root:Epoch 799/1600, Loss: 0.7307043075561523
INFO:root:Epoch 800/1600, Loss: 0.833739161491394
INFO:root:Epoch 801/1600, Loss: 0.7863016128540039
INFO:root:Epoch 802/1600, Loss: 0.8001623153686523
INFO:root:Epoch 803/1600, Loss: 0.83458012342453
INFO:root:Epoch 804/1600, Loss: 0.7364604473114014
INFO:root:Epoch 805/1600, Loss: 0.8218058347702026
INFO:root:Epoch 806/1600, Loss: 0.7751117944717407
INFO:root:Epoch 807/1600, Loss: 0.7944919466972351
INFO:root:Epoch 808/1600, Loss: 0.833320677280426
INFO:root:Epoch 809/1600, Loss: 0.8004064559936523
INFO:root:Epoch 810/1600, Loss: 0.7527639269828796
INFO:root:Epoch 811/1600, Loss: 0.7079652547836304
INFO:root:Epoch 812/1600, Loss: 0.762197732925415
INFO:root:Epoch 813/1600, Loss: 0.8080552220344543
INFO:root:Epoch 814/1600, Loss: 0.7714756727218628
INFO:root:Epoch 815/1600, Loss: 0.7583554983139038
INFO:root:Epoch 816/1600, Loss: 0.76215660572052
INFO:root:Epoch 817/1600, Loss: 0.7562709450721741
INFO:root:Epoch 818/1600, Loss: 0.8104469776153564
INFO:root:Epoch 819/1600, Loss: 0.7909274697303772
INFO:root:Epoch 820/1600, Loss: 0.7607520222663879
INFO:root:Epoch 821/1600, Loss: 0.7924097776412964
INFO:root:Epoch 822/1600, Loss: 0.7669151425361633
INFO:root:Epoch 823/1600, Loss: 0.7878851890563965
INFO:root:Epoch 824/1600, Loss: 0.7937856316566467
INFO:root:Epoch 825/1600, Loss: 0.7597498297691345
INFO:root:Epoch 826/1600, Loss: 0.7653056979179382
INFO:root:Epoch 827/1600, Loss: 0.7922922372817993
INFO:root:Epoch 828/1600, Loss: 0.7599581480026245
INFO:root:Epoch 829/1600, Loss: 0.7800729870796204
INFO:root:Epoch 830/1600, Loss: 0.7515556216239929
INFO:root:Epoch 831/1600, Loss: 0.7825827598571777
INFO:root:Epoch 832/1600, Loss: 0.7546599507331848
INFO:root:Epoch 833/1600, Loss: 0.7747222781181335
INFO:root:Epoch 834/1600, Loss: 0.7748147249221802
INFO:root:Epoch 835/1600, Loss: 0.7725642919540405
INFO:root:Epoch 836/1600, Loss: 0.7548623085021973
INFO:root:Epoch 837/1600, Loss: 0.7728219628334045
INFO:root:Epoch 838/1600, Loss: 0.7736501693725586
INFO:root:Epoch 839/1600, Loss: 0.8128724694252014
INFO:root:Epoch 840/1600, Loss: 0.7839971780776978
INFO:root:Epoch 841/1600, Loss: 0.7596873641014099
INFO:root:Epoch 842/1600, Loss: 0.7895930409431458
INFO:root:Epoch 843/1600, Loss: 0.7321757078170776
INFO:root:Epoch 844/1600, Loss: 0.7919232249259949
INFO:root:Epoch 845/1600, Loss: 0.8250065445899963
INFO:root:Epoch 846/1600, Loss: 0.8083324432373047
INFO:root:Epoch 847/1600, Loss: 0.7527180910110474
INFO:root:Epoch 848/1600, Loss: 0.7728546857833862
INFO:root:Epoch 849/1600, Loss: 0.7475059032440186
INFO:root:Epoch 850/1600, Loss: 0.7431395053863525
INFO:root:Epoch 851/1600, Loss: 0.7727415561676025
INFO:root:Epoch 852/1600, Loss: 0.8203259110450745
INFO:root:Epoch 853/1600, Loss: 0.7874426245689392
INFO:root:Epoch 854/1600, Loss: 0.7495089173316956
INFO:root:Epoch 855/1600, Loss: 0.7439098358154297
INFO:root:Epoch 856/1600, Loss: 0.8418633341789246
INFO:root:Epoch 857/1600, Loss: 0.7899889349937439
INFO:root:Epoch 858/1600, Loss: 0.7868132591247559
INFO:root:Epoch 859/1600, Loss: 0.8395607471466064
INFO:root:Epoch 860/1600, Loss: 0.7766745686531067
INFO:root:Epoch 861/1600, Loss: 0.7770757675170898
INFO:root:Epoch 862/1600, Loss: 0.8411800265312195
INFO:root:Epoch 863/1600, Loss: 0.7574176788330078
INFO:root:Epoch 864/1600, Loss: 0.7447614669799805
INFO:root:Epoch 865/1600, Loss: 0.7864274382591248
INFO:root:Epoch 866/1600, Loss: 0.7258841395378113
INFO:root:Epoch 867/1600, Loss: 0.7951049208641052
INFO:root:Epoch 868/1600, Loss: 0.7639374136924744
INFO:root:Epoch 869/1600, Loss: 0.7446131706237793
INFO:root:Epoch 870/1600, Loss: 0.761955738067627
INFO:root:Epoch 871/1600, Loss: 0.737585723400116
INFO:root:Epoch 872/1600, Loss: 0.7892594933509827
INFO:root:Epoch 873/1600, Loss: 0.7216687798500061
INFO:root:Epoch 874/1600, Loss: 0.7761913537979126
INFO:root:Epoch 875/1600, Loss: 0.751356840133667
INFO:root:Epoch 876/1600, Loss: 0.7644944190979004
INFO:root:Epoch 877/1600, Loss: 0.8006885051727295
INFO:root:Epoch 878/1600, Loss: 0.7173991203308105
INFO:root:Epoch 879/1600, Loss: 0.7664585113525391
INFO:root:Epoch 880/1600, Loss: 0.7598057389259338
INFO:root:Epoch 881/1600, Loss: 0.7930513620376587
INFO:root:Epoch 882/1600, Loss: 0.8193106055259705
INFO:root:Epoch 883/1600, Loss: 0.7895784974098206
INFO:root:Epoch 884/1600, Loss: 0.7953346371650696
INFO:root:Epoch 885/1600, Loss: 0.7953386902809143
INFO:root:Epoch 886/1600, Loss: 0.8053293228149414
INFO:root:Epoch 887/1600, Loss: 0.788629412651062
INFO:root:Epoch 888/1600, Loss: 0.7653284072875977
INFO:root:Epoch 889/1600, Loss: 0.7880234122276306
INFO:root:Epoch 890/1600, Loss: 0.7774465084075928
INFO:root:Epoch 891/1600, Loss: 0.7944711446762085
INFO:root:Epoch 892/1600, Loss: 0.7575467228889465
INFO:root:Epoch 893/1600, Loss: 0.7778801918029785
INFO:root:Epoch 894/1600, Loss: 0.7876504063606262
INFO:root:Epoch 895/1600, Loss: 0.7527317404747009
INFO:root:Epoch 896/1600, Loss: 0.7746273279190063
INFO:root:Epoch 897/1600, Loss: 0.768864095211029
INFO:root:Epoch 898/1600, Loss: 0.7892612218856812
INFO:root:Epoch 899/1600, Loss: 0.7364895343780518
INFO:root:Epoch 900/1600, Loss: 0.7701386213302612
INFO:root:Epoch 901/1600, Loss: 0.7836955189704895
INFO:root:Epoch 902/1600, Loss: 0.7762789130210876
INFO:root:Epoch 903/1600, Loss: 0.7863686084747314
INFO:root:Epoch 904/1600, Loss: 0.7902762293815613
INFO:root:Epoch 905/1600, Loss: 0.790348470211029
INFO:root:Epoch 906/1600, Loss: 0.7666091918945312
INFO:root:Epoch 907/1600, Loss: 0.7653130292892456
INFO:root:Epoch 908/1600, Loss: 0.7447252869606018
INFO:root:Epoch 909/1600, Loss: 0.7826172709465027
INFO:root:Epoch 910/1600, Loss: 0.7525998950004578
INFO:root:Epoch 911/1600, Loss: 0.7871466875076294
INFO:root:Epoch 912/1600, Loss: 0.7738557457923889
INFO:root:Epoch 913/1600, Loss: 0.7014204859733582
INFO:root:Epoch 914/1600, Loss: 0.8130005598068237
INFO:root:Epoch 915/1600, Loss: 0.7249212265014648
INFO:root:Epoch 916/1600, Loss: 0.7892516851425171
INFO:root:Epoch 917/1600, Loss: 0.7942506074905396
INFO:root:Epoch 918/1600, Loss: 0.7449536323547363
INFO:root:Epoch 919/1600, Loss: 0.8090448379516602
INFO:root:Epoch 920/1600, Loss: 0.74406498670578
INFO:root:Epoch 921/1600, Loss: 0.7346622943878174
INFO:root:Epoch 922/1600, Loss: 0.7616434097290039
INFO:root:Epoch 923/1600, Loss: 0.7780789136886597
INFO:root:Epoch 924/1600, Loss: 0.741264820098877
INFO:root:Epoch 925/1600, Loss: 0.7512859106063843
INFO:root:Epoch 926/1600, Loss: 0.7766538262367249
INFO:root:Epoch 927/1600, Loss: 0.7763102650642395
INFO:root:Epoch 928/1600, Loss: 0.7921040654182434
INFO:root:Epoch 929/1600, Loss: 0.7978672385215759
INFO:root:Epoch 930/1600, Loss: 0.7731688022613525
INFO:root:Epoch 931/1600, Loss: 0.7624523639678955
INFO:root:Epoch 932/1600, Loss: 0.7358756065368652
INFO:root:Epoch 933/1600, Loss: 0.7525120973587036
INFO:root:Epoch 934/1600, Loss: 0.8187964558601379
INFO:root:Epoch 935/1600, Loss: 0.8002262115478516
INFO:root:Epoch 936/1600, Loss: 0.782890796661377
INFO:root:Epoch 937/1600, Loss: 0.7961466908454895
INFO:root:Epoch 938/1600, Loss: 0.8099863529205322
INFO:root:Epoch 939/1600, Loss: 0.7704463601112366
INFO:root:Epoch 940/1600, Loss: 0.7660792469978333
INFO:root:Epoch 941/1600, Loss: 0.7569151520729065
INFO:root:Epoch 942/1600, Loss: 0.7824265956878662
INFO:root:Epoch 943/1600, Loss: 0.7987861633300781
INFO:root:Epoch 944/1600, Loss: 0.7767952680587769
INFO:root:Epoch 945/1600, Loss: 0.8221877813339233
INFO:root:Epoch 946/1600, Loss: 0.7687756419181824
INFO:root:Epoch 947/1600, Loss: 0.7890198826789856
INFO:root:Epoch 948/1600, Loss: 0.7038491368293762
INFO:root:Epoch 949/1600, Loss: 0.8015294075012207
INFO:root:Epoch 950/1600, Loss: 0.7712335586547852
INFO:root:Epoch 951/1600, Loss: 0.8353162407875061
INFO:root:Epoch 952/1600, Loss: 0.7826493382453918
INFO:root:Epoch 953/1600, Loss: 0.790556013584137
INFO:root:Epoch 954/1600, Loss: 0.7500418424606323
INFO:root:Epoch 955/1600, Loss: 0.7966088056564331
INFO:root:Epoch 956/1600, Loss: 0.7507216334342957
INFO:root:Epoch 957/1600, Loss: 0.8124504685401917
INFO:root:Epoch 958/1600, Loss: 0.7165981531143188
INFO:root:Epoch 959/1600, Loss: 0.7307431697845459
INFO:root:Epoch 960/1600, Loss: 0.7592521905899048
INFO:root:Epoch 961/1600, Loss: 0.7766991853713989
INFO:root:Epoch 962/1600, Loss: 0.7528890371322632
INFO:root:Epoch 963/1600, Loss: 0.7261747717857361
INFO:root:Epoch 964/1600, Loss: 0.74103182554245
INFO:root:Epoch 965/1600, Loss: 0.7577540874481201
INFO:root:Epoch 966/1600, Loss: 0.7411751747131348
INFO:root:Epoch 967/1600, Loss: 0.7580947875976562
INFO:root:Epoch 968/1600, Loss: 0.8196953535079956
INFO:root:Epoch 969/1600, Loss: 0.798805832862854
INFO:root:Epoch 970/1600, Loss: 0.7727891206741333
INFO:root:Epoch 971/1600, Loss: 0.757102370262146
INFO:root:Epoch 972/1600, Loss: 0.7930169105529785
INFO:root:Epoch 973/1600, Loss: 0.7853698134422302
INFO:root:Epoch 974/1600, Loss: 0.7140505313873291
INFO:root:Epoch 975/1600, Loss: 0.7514378428459167
INFO:root:Epoch 976/1600, Loss: 0.7471773028373718
INFO:root:Epoch 977/1600, Loss: 0.8185250759124756
INFO:root:Epoch 978/1600, Loss: 0.7503740787506104
INFO:root:Epoch 979/1600, Loss: 0.8265559673309326
INFO:root:Epoch 980/1600, Loss: 0.7654097080230713
INFO:root:Epoch 981/1600, Loss: 0.762021541595459
INFO:root:Epoch 982/1600, Loss: 0.7954161167144775
INFO:root:Epoch 983/1600, Loss: 0.7687590718269348
INFO:root:Epoch 984/1600, Loss: 0.7822279930114746
INFO:root:Epoch 985/1600, Loss: 0.7997390627861023
INFO:root:Epoch 986/1600, Loss: 0.781151294708252
INFO:root:Epoch 987/1600, Loss: 0.864220917224884
INFO:root:Epoch 988/1600, Loss: 0.7638920545578003
INFO:root:Epoch 989/1600, Loss: 0.7691122889518738
INFO:root:Epoch 990/1600, Loss: 0.7691025137901306
INFO:root:Epoch 991/1600, Loss: 0.7425985336303711
INFO:root:Epoch 992/1600, Loss: 0.7505860924720764
INFO:root:Epoch 993/1600, Loss: 0.7762938141822815
INFO:root:Epoch 994/1600, Loss: 0.7916452884674072
INFO:root:Epoch 995/1600, Loss: 0.7289584875106812
INFO:root:Epoch 996/1600, Loss: 0.8007903695106506
INFO:root:Epoch 997/1600, Loss: 0.7364164590835571
INFO:root:Epoch 998/1600, Loss: 0.7784976959228516
INFO:root:Epoch 999/1600, Loss: 0.7579660415649414
INFO:root:Epoch 1000/1600, Loss: 0.7355276942253113
INFO:root:Epoch 1001/1600, Loss: 0.72967529296875
INFO:root:Epoch 1002/1600, Loss: 0.809827983379364
INFO:root:Epoch 1003/1600, Loss: 0.7784290313720703
INFO:root:Epoch 1004/1600, Loss: 0.7794205546379089
INFO:root:Epoch 1005/1600, Loss: 0.7697221040725708
INFO:root:Epoch 1006/1600, Loss: 0.7579177618026733
INFO:root:Epoch 1007/1600, Loss: 0.772506594657898
INFO:root:Epoch 1008/1600, Loss: 0.8092201352119446
INFO:root:Epoch 1009/1600, Loss: 0.7323547601699829
INFO:root:Epoch 1010/1600, Loss: 0.7689799070358276
INFO:root:Epoch 1011/1600, Loss: 0.7694001197814941
INFO:root:Epoch 1012/1600, Loss: 0.8343651294708252
INFO:root:Epoch 1013/1600, Loss: 0.7611165046691895
INFO:root:Epoch 1014/1600, Loss: 0.7676258087158203
INFO:root:Epoch 1015/1600, Loss: 0.7682915925979614
INFO:root:Epoch 1016/1600, Loss: 0.7860777378082275
INFO:root:Epoch 1017/1600, Loss: 0.7841280698776245
INFO:root:Epoch 1018/1600, Loss: 0.7790284156799316
INFO:root:Epoch 1019/1600, Loss: 0.7482175230979919
INFO:root:Epoch 1020/1600, Loss: 0.7861076593399048
INFO:root:Epoch 1021/1600, Loss: 0.7697596549987793
INFO:root:Epoch 1022/1600, Loss: 0.8132548332214355
INFO:root:Epoch 1023/1600, Loss: 0.7821201086044312
INFO:root:Epoch 1024/1600, Loss: 0.708244264125824
INFO:root:Epoch 1025/1600, Loss: 0.8129668831825256
INFO:root:Epoch 1026/1600, Loss: 0.7234104871749878
INFO:root:Epoch 1027/1600, Loss: 0.7387555837631226
INFO:root:Epoch 1028/1600, Loss: 0.7474362254142761
INFO:root:Epoch 1029/1600, Loss: 0.7319394946098328
INFO:root:Epoch 1030/1600, Loss: 0.7947256565093994
INFO:root:Epoch 1031/1600, Loss: 0.7794394493103027
INFO:root:Epoch 1032/1600, Loss: 0.7337720990180969
INFO:root:Epoch 1033/1600, Loss: 0.7229722142219543
INFO:root:Epoch 1034/1600, Loss: 0.7471439242362976
INFO:root:Epoch 1035/1600, Loss: 0.739682674407959
INFO:root:Epoch 1036/1600, Loss: 0.78821861743927
INFO:root:Epoch 1037/1600, Loss: 0.7672176957130432
INFO:root:Epoch 1038/1600, Loss: 0.7175433039665222
INFO:root:Epoch 1039/1600, Loss: 0.7815412878990173
INFO:root:Epoch 1040/1600, Loss: 0.7760156393051147
INFO:root:Epoch 1041/1600, Loss: 0.783008337020874
INFO:root:Epoch 1042/1600, Loss: 0.7765167951583862
INFO:root:Epoch 1043/1600, Loss: 0.7670676708221436
INFO:root:Epoch 1044/1600, Loss: 0.7478781342506409
INFO:root:Epoch 1045/1600, Loss: 0.8191867470741272
INFO:root:Epoch 1046/1600, Loss: 0.786453127861023
INFO:root:Epoch 1047/1600, Loss: 0.804996907711029
INFO:root:Epoch 1048/1600, Loss: 0.7987126111984253
INFO:root:Epoch 1049/1600, Loss: 0.7359415292739868
INFO:root:Epoch 1050/1600, Loss: 0.7598922252655029
INFO:root:Epoch 1051/1600, Loss: 0.7957746982574463
INFO:root:Epoch 1052/1600, Loss: 0.7451887726783752
INFO:root:Epoch 1053/1600, Loss: 0.7636433839797974
INFO:root:Epoch 1054/1600, Loss: 0.7319954037666321
INFO:root:Epoch 1055/1600, Loss: 0.8079840540885925
INFO:root:Epoch 1056/1600, Loss: 0.7634097337722778
INFO:root:Epoch 1057/1600, Loss: 0.7639046907424927
INFO:root:Epoch 1058/1600, Loss: 0.824848473072052
INFO:root:Epoch 1059/1600, Loss: 0.7715908885002136
INFO:root:Epoch 1060/1600, Loss: 0.8024517893791199
INFO:root:Epoch 1061/1600, Loss: 0.7458838224411011
INFO:root:Epoch 1062/1600, Loss: 0.7533580660820007
INFO:root:Epoch 1063/1600, Loss: 0.7706454992294312
INFO:root:Epoch 1064/1600, Loss: 0.7436890602111816
INFO:root:Epoch 1065/1600, Loss: 0.7782556414604187
INFO:root:Epoch 1066/1600, Loss: 0.7555010318756104
INFO:root:Epoch 1067/1600, Loss: 0.7151495814323425
INFO:root:Epoch 1068/1600, Loss: 0.8054206371307373
INFO:root:Epoch 1069/1600, Loss: 0.7695596814155579
INFO:root:Epoch 1070/1600, Loss: 0.8292568922042847
INFO:root:Epoch 1071/1600, Loss: 0.7882298231124878
INFO:root:Epoch 1072/1600, Loss: 0.8143717050552368
INFO:root:Epoch 1073/1600, Loss: 0.755118191242218
INFO:root:Epoch 1074/1600, Loss: 0.769516110420227
INFO:root:Epoch 1075/1600, Loss: 0.7170625925064087
INFO:root:Epoch 1076/1600, Loss: 0.7958119511604309
INFO:root:Epoch 1077/1600, Loss: 0.7487600445747375
INFO:root:Epoch 1078/1600, Loss: 0.746870219707489
INFO:root:Epoch 1079/1600, Loss: 0.7871227264404297
INFO:root:Epoch 1080/1600, Loss: 0.8198524713516235
INFO:root:Epoch 1081/1600, Loss: 0.751321017742157
INFO:root:Epoch 1082/1600, Loss: 0.8046375513076782
INFO:root:Epoch 1083/1600, Loss: 0.803974449634552
INFO:root:Epoch 1084/1600, Loss: 0.7837315797805786
INFO:root:Epoch 1085/1600, Loss: 0.7573317289352417
INFO:root:Epoch 1086/1600, Loss: 0.8240699172019958
INFO:root:Epoch 1087/1600, Loss: 0.7511532306671143
INFO:root:Epoch 1088/1600, Loss: 0.7558885216712952
INFO:root:Epoch 1089/1600, Loss: 0.7946508526802063
INFO:root:Epoch 1090/1600, Loss: 0.8125520944595337
INFO:root:Epoch 1091/1600, Loss: 0.7651371359825134
INFO:root:Epoch 1092/1600, Loss: 0.7222867012023926
INFO:root:Epoch 1093/1600, Loss: 0.7133148312568665
INFO:root:Epoch 1094/1600, Loss: 0.6906611919403076
INFO:root:Epoch 1095/1600, Loss: 0.7746922373771667
INFO:root:Epoch 1096/1600, Loss: 0.7853119373321533
INFO:root:Epoch 1097/1600, Loss: 0.7791692018508911
INFO:root:Epoch 1098/1600, Loss: 0.712909996509552
INFO:root:Epoch 1099/1600, Loss: 0.7626737356185913
INFO:root:Epoch 1100/1600, Loss: 0.818972647190094
INFO:root:Epoch 1101/1600, Loss: 0.7589433193206787
INFO:root:Epoch 1102/1600, Loss: 0.7834740281105042
INFO:root:Epoch 1103/1600, Loss: 0.7482864260673523
INFO:root:Epoch 1104/1600, Loss: 0.780474066734314
INFO:root:Epoch 1105/1600, Loss: 0.7205909490585327
INFO:root:Epoch 1106/1600, Loss: 0.7854801416397095
INFO:root:Epoch 1107/1600, Loss: 0.7644045352935791
INFO:root:Epoch 1108/1600, Loss: 0.7830364108085632
INFO:root:Epoch 1109/1600, Loss: 0.7524166107177734
INFO:root:Epoch 1110/1600, Loss: 0.7966836094856262
INFO:root:Epoch 1111/1600, Loss: 0.7936680912971497
INFO:root:Epoch 1112/1600, Loss: 0.7590602040290833
INFO:root:Epoch 1113/1600, Loss: 0.7306228280067444
INFO:root:Epoch 1114/1600, Loss: 0.8205458521842957
INFO:root:Epoch 1115/1600, Loss: 0.7664546966552734
INFO:root:Epoch 1116/1600, Loss: 0.7147026658058167
INFO:root:Epoch 1117/1600, Loss: 0.7762631773948669
INFO:root:Epoch 1118/1600, Loss: 0.776572585105896
INFO:root:Epoch 1119/1600, Loss: 0.7752349376678467
INFO:root:Epoch 1120/1600, Loss: 0.8118231296539307
INFO:root:Epoch 1121/1600, Loss: 0.7535812258720398
INFO:root:Epoch 1122/1600, Loss: 0.767283022403717
INFO:root:Epoch 1123/1600, Loss: 0.7600807547569275
INFO:root:Epoch 1124/1600, Loss: 0.7993525862693787
INFO:root:Epoch 1125/1600, Loss: 0.7439053654670715
INFO:root:Epoch 1126/1600, Loss: 0.7646455764770508
INFO:root:Epoch 1127/1600, Loss: 0.7224997878074646
INFO:root:Epoch 1128/1600, Loss: 0.7902981042861938
INFO:root:Epoch 1129/1600, Loss: 0.7720810770988464
INFO:root:Epoch 1130/1600, Loss: 0.7709864974021912
INFO:root:Epoch 1131/1600, Loss: 0.7819395065307617
INFO:root:Epoch 1132/1600, Loss: 0.7729913592338562
INFO:root:Epoch 1133/1600, Loss: 0.7364131212234497
INFO:root:Epoch 1134/1600, Loss: 0.7791788578033447
INFO:root:Epoch 1135/1600, Loss: 0.756903886795044
INFO:root:Epoch 1136/1600, Loss: 0.6672406196594238
INFO:root:Epoch 1137/1600, Loss: 0.7708300352096558
INFO:root:Epoch 1138/1600, Loss: 0.7683081030845642
INFO:root:Epoch 1139/1600, Loss: 0.7331017255783081
INFO:root:Epoch 1140/1600, Loss: 0.7677913904190063
INFO:root:Epoch 1141/1600, Loss: 0.7885388135910034
INFO:root:Epoch 1142/1600, Loss: 0.7554522752761841
INFO:root:Epoch 1143/1600, Loss: 0.7875487208366394
INFO:root:Epoch 1144/1600, Loss: 0.7349404692649841
INFO:root:Epoch 1145/1600, Loss: 0.7796263098716736
INFO:root:Epoch 1146/1600, Loss: 0.7928723096847534
INFO:root:Epoch 1147/1600, Loss: 0.7884962558746338
INFO:root:Epoch 1148/1600, Loss: 0.8122062087059021
INFO:root:Epoch 1149/1600, Loss: 0.7296977639198303
INFO:root:Epoch 1150/1600, Loss: 0.7495685815811157
INFO:root:Epoch 1151/1600, Loss: 0.8019733428955078
INFO:root:Epoch 1152/1600, Loss: 0.734484076499939
INFO:root:Epoch 1153/1600, Loss: 0.760215699672699
INFO:root:Epoch 1154/1600, Loss: 0.7318625450134277
INFO:root:Epoch 1155/1600, Loss: 0.7990844249725342
INFO:root:Epoch 1156/1600, Loss: 0.7775602340698242
INFO:root:Epoch 1157/1600, Loss: 0.6799261569976807
INFO:root:Epoch 1158/1600, Loss: 0.8086234331130981
INFO:root:Epoch 1159/1600, Loss: 0.754694938659668
INFO:root:Epoch 1160/1600, Loss: 0.7388995289802551
INFO:root:Epoch 1161/1600, Loss: 0.7739630341529846
INFO:root:Epoch 1162/1600, Loss: 0.7776714563369751
INFO:root:Epoch 1163/1600, Loss: 0.7969158887863159
INFO:root:Epoch 1164/1600, Loss: 0.7978853583335876
INFO:root:Epoch 1165/1600, Loss: 0.804854154586792
INFO:root:Epoch 1166/1600, Loss: 0.7785618901252747
INFO:root:Epoch 1167/1600, Loss: 0.7148981094360352
INFO:root:Epoch 1168/1600, Loss: 0.7669388055801392
INFO:root:Epoch 1169/1600, Loss: 0.7967504858970642
INFO:root:Epoch 1170/1600, Loss: 0.7723526358604431
INFO:root:Epoch 1171/1600, Loss: 0.7981815934181213
INFO:root:Epoch 1172/1600, Loss: 0.7552568912506104
INFO:root:Epoch 1173/1600, Loss: 0.7705485224723816
INFO:root:Epoch 1174/1600, Loss: 0.7900189161300659
INFO:root:Epoch 1175/1600, Loss: 0.7838679552078247
INFO:root:Epoch 1176/1600, Loss: 0.7493064999580383
INFO:root:Epoch 1177/1600, Loss: 0.7566944360733032
INFO:root:Epoch 1178/1600, Loss: 0.7857745289802551
INFO:root:Epoch 1179/1600, Loss: 0.7831185460090637
INFO:root:Epoch 1180/1600, Loss: 0.7875000238418579
INFO:root:Epoch 1181/1600, Loss: 0.7934116721153259
INFO:root:Epoch 1182/1600, Loss: 0.7236186265945435
INFO:root:Epoch 1183/1600, Loss: 0.7473363280296326
INFO:root:Epoch 1184/1600, Loss: 0.7931978702545166
INFO:root:Epoch 1185/1600, Loss: 0.7023254632949829
INFO:root:Epoch 1186/1600, Loss: 0.747757613658905
INFO:root:Epoch 1187/1600, Loss: 0.760441780090332
INFO:root:Epoch 1188/1600, Loss: 0.706944465637207
INFO:root:Epoch 1189/1600, Loss: 0.7378408908843994
INFO:root:Epoch 1190/1600, Loss: 0.7837724685668945
INFO:root:Epoch 1191/1600, Loss: 0.7572697997093201
INFO:root:Epoch 1192/1600, Loss: 0.7232170104980469
INFO:root:Epoch 1193/1600, Loss: 0.702447772026062
INFO:root:Epoch 1194/1600, Loss: 0.7031042575836182
INFO:root:Epoch 1195/1600, Loss: 0.8057747483253479
INFO:root:Epoch 1196/1600, Loss: 0.7426612973213196
INFO:root:Epoch 1197/1600, Loss: 0.7042206525802612
INFO:root:Epoch 1198/1600, Loss: 0.827568531036377
INFO:root:Epoch 1199/1600, Loss: 0.7663720846176147
INFO:root:Epoch 1200/1600, Loss: 0.7716054916381836
INFO:root:Epoch 1201/1600, Loss: 0.7615020871162415
INFO:root:Epoch 1202/1600, Loss: 0.8042039275169373
INFO:root:Epoch 1203/1600, Loss: 0.7700826525688171
INFO:root:Epoch 1204/1600, Loss: 0.7459502220153809
INFO:root:Epoch 1205/1600, Loss: 0.7277420163154602
INFO:root:Epoch 1206/1600, Loss: 0.8004605770111084
INFO:root:Epoch 1207/1600, Loss: 0.7987730503082275
INFO:root:Epoch 1208/1600, Loss: 0.7447302937507629
INFO:root:Epoch 1209/1600, Loss: 0.6895912289619446
INFO:root:Epoch 1210/1600, Loss: 0.7972867488861084
INFO:root:Epoch 1211/1600, Loss: 0.7725077867507935
INFO:root:Epoch 1212/1600, Loss: 0.7399411201477051
INFO:root:Epoch 1213/1600, Loss: 0.7511242628097534
INFO:root:Epoch 1214/1600, Loss: 0.7595003843307495
INFO:root:Epoch 1215/1600, Loss: 0.7637348175048828
INFO:root:Epoch 1216/1600, Loss: 0.7841490507125854
INFO:root:Epoch 1217/1600, Loss: 0.8030140399932861
INFO:root:Epoch 1218/1600, Loss: 0.7493542432785034
INFO:root:Epoch 1219/1600, Loss: 0.77452152967453
INFO:root:Epoch 1220/1600, Loss: 0.7499475479125977
INFO:root:Epoch 1221/1600, Loss: 0.729368269443512
INFO:root:Epoch 1222/1600, Loss: 0.7309812307357788
INFO:root:Epoch 1223/1600, Loss: 0.711261510848999
INFO:root:Epoch 1224/1600, Loss: 0.7673352956771851
INFO:root:Epoch 1225/1600, Loss: 0.792976975440979
INFO:root:Epoch 1226/1600, Loss: 0.7789961099624634
INFO:root:Epoch 1227/1600, Loss: 0.8000574111938477
INFO:root:Epoch 1228/1600, Loss: 0.7409167289733887
INFO:root:Epoch 1229/1600, Loss: 0.8142714500427246
INFO:root:Epoch 1230/1600, Loss: 0.6883035898208618
INFO:root:Epoch 1231/1600, Loss: 0.7128651142120361
INFO:root:Epoch 1232/1600, Loss: 0.7707323431968689
INFO:root:Epoch 1233/1600, Loss: 0.7986929416656494
INFO:root:Epoch 1234/1600, Loss: 0.7126520872116089
INFO:root:Epoch 1235/1600, Loss: 0.7879331707954407
INFO:root:Epoch 1236/1600, Loss: 0.7831855416297913
INFO:root:Epoch 1237/1600, Loss: 0.7723154425621033
INFO:root:Epoch 1238/1600, Loss: 0.7609989643096924
INFO:root:Epoch 1239/1600, Loss: 0.7448275089263916
INFO:root:Epoch 1240/1600, Loss: 0.7212844491004944
INFO:root:Epoch 1241/1600, Loss: 0.7993286848068237
INFO:root:Epoch 1242/1600, Loss: 0.7963732481002808
INFO:root:Epoch 1243/1600, Loss: 0.7736042737960815
INFO:root:Epoch 1244/1600, Loss: 0.8010871410369873
INFO:root:Epoch 1245/1600, Loss: 0.7632447481155396
INFO:root:Epoch 1246/1600, Loss: 0.7741615176200867
INFO:root:Epoch 1247/1600, Loss: 0.7726659178733826
INFO:root:Epoch 1248/1600, Loss: 0.814387857913971
INFO:root:Epoch 1249/1600, Loss: 0.7326032519340515
INFO:root:Epoch 1250/1600, Loss: 0.7804755568504333
INFO:root:Epoch 1251/1600, Loss: 0.7469237446784973
INFO:root:Epoch 1252/1600, Loss: 0.7115389704704285
INFO:root:Epoch 1253/1600, Loss: 0.7328450083732605
INFO:root:Epoch 1254/1600, Loss: 0.8252430558204651
INFO:root:Epoch 1255/1600, Loss: 0.7740939855575562
INFO:root:Epoch 1256/1600, Loss: 0.7683473229408264
INFO:root:Epoch 1257/1600, Loss: 0.7381901741027832
INFO:root:Epoch 1258/1600, Loss: 0.7815877199172974
INFO:root:Epoch 1259/1600, Loss: 0.7864909172058105
INFO:root:Epoch 1260/1600, Loss: 0.7596115469932556
INFO:root:Epoch 1261/1600, Loss: 0.7446283102035522
INFO:root:Epoch 1262/1600, Loss: 0.725949764251709
INFO:root:Epoch 1263/1600, Loss: 0.7052655816078186
INFO:root:Epoch 1264/1600, Loss: 0.7792800664901733
INFO:root:Epoch 1265/1600, Loss: 0.7583012580871582
INFO:root:Epoch 1266/1600, Loss: 0.7191351652145386
INFO:root:Epoch 1267/1600, Loss: 0.7630958557128906
INFO:root:Epoch 1268/1600, Loss: 0.7695868015289307
INFO:root:Epoch 1269/1600, Loss: 0.7624138593673706
INFO:root:Epoch 1270/1600, Loss: 0.7799699902534485
INFO:root:Epoch 1271/1600, Loss: 0.7889193296432495
INFO:root:Epoch 1272/1600, Loss: 0.7733995914459229
INFO:root:Epoch 1273/1600, Loss: 0.7466086149215698
INFO:root:Epoch 1274/1600, Loss: 0.7984127998352051
INFO:root:Epoch 1275/1600, Loss: 0.7635952830314636
INFO:root:Epoch 1276/1600, Loss: 0.7598603963851929
INFO:root:Epoch 1277/1600, Loss: 0.7466795444488525
INFO:root:Epoch 1278/1600, Loss: 0.735192596912384
INFO:root:Epoch 1279/1600, Loss: 0.7394994497299194
INFO:root:Epoch 1280/1600, Loss: 0.776085376739502
INFO:root:Epoch 1281/1600, Loss: 0.7038339376449585
INFO:root:Epoch 1282/1600, Loss: 0.7957140207290649
INFO:root:Epoch 1283/1600, Loss: 0.8187538981437683
INFO:root:Epoch 1284/1600, Loss: 0.7422372102737427
INFO:root:Epoch 1285/1600, Loss: 0.8010832071304321
INFO:root:Epoch 1286/1600, Loss: 0.7583839297294617
INFO:root:Epoch 1287/1600, Loss: 0.7332149744033813
INFO:root:Epoch 1288/1600, Loss: 0.7748965620994568
INFO:root:Epoch 1289/1600, Loss: 0.7418537139892578
INFO:root:Epoch 1290/1600, Loss: 0.7238112688064575
INFO:root:Epoch 1291/1600, Loss: 0.7443222403526306
INFO:root:Epoch 1292/1600, Loss: 0.8148931264877319
INFO:root:Epoch 1293/1600, Loss: 0.7152868509292603
INFO:root:Epoch 1294/1600, Loss: 0.7349614500999451
INFO:root:Epoch 1295/1600, Loss: 0.7813238501548767
INFO:root:Epoch 1296/1600, Loss: 0.7778298854827881
INFO:root:Epoch 1297/1600, Loss: 0.746842622756958
INFO:root:Epoch 1298/1600, Loss: 0.7810799479484558
INFO:root:Epoch 1299/1600, Loss: 0.7577222585678101
INFO:root:Epoch 1300/1600, Loss: 0.7840112447738647
INFO:root:Epoch 1301/1600, Loss: 0.7565386295318604
INFO:root:Epoch 1302/1600, Loss: 0.7773004770278931
INFO:root:Epoch 1303/1600, Loss: 0.8178837299346924
INFO:root:Epoch 1304/1600, Loss: 0.7492545247077942
INFO:root:Epoch 1305/1600, Loss: 0.733351469039917
INFO:root:Epoch 1306/1600, Loss: 0.706855297088623
INFO:root:Epoch 1307/1600, Loss: 0.7643508315086365
INFO:root:Epoch 1308/1600, Loss: 0.8162332773208618
INFO:root:Epoch 1309/1600, Loss: 0.7580018639564514
INFO:root:Epoch 1310/1600, Loss: 0.7402400970458984
INFO:root:Epoch 1311/1600, Loss: 0.7670336365699768
INFO:root:Epoch 1312/1600, Loss: 0.7179980874061584
INFO:root:Epoch 1313/1600, Loss: 0.7844499349594116
INFO:root:Epoch 1314/1600, Loss: 0.7773012518882751
INFO:root:Epoch 1315/1600, Loss: 0.7688791751861572
INFO:root:Epoch 1316/1600, Loss: 0.7889357209205627
INFO:root:Epoch 1317/1600, Loss: 0.7865409255027771
INFO:root:Epoch 1318/1600, Loss: 0.8209489583969116
INFO:root:Epoch 1319/1600, Loss: 0.7933197617530823
INFO:root:Epoch 1320/1600, Loss: 0.7169835567474365
INFO:root:Epoch 1321/1600, Loss: 0.7434538006782532
INFO:root:Epoch 1322/1600, Loss: 0.7813912034034729
INFO:root:Epoch 1323/1600, Loss: 0.7882715463638306
INFO:root:Epoch 1324/1600, Loss: 0.7049838304519653
INFO:root:Epoch 1325/1600, Loss: 0.783409595489502
INFO:root:Epoch 1326/1600, Loss: 0.7338297367095947
INFO:root:Epoch 1327/1600, Loss: 0.8108354210853577
INFO:root:Epoch 1328/1600, Loss: 0.7299700975418091
INFO:root:Epoch 1329/1600, Loss: 0.785629391670227
INFO:root:Epoch 1330/1600, Loss: 0.7993237972259521
INFO:root:Epoch 1331/1600, Loss: 0.7651551365852356
INFO:root:Epoch 1332/1600, Loss: 0.7525156736373901
INFO:root:Epoch 1333/1600, Loss: 0.696367621421814
INFO:root:Epoch 1334/1600, Loss: 0.7723127603530884
INFO:root:Epoch 1335/1600, Loss: 0.797023594379425
INFO:root:Epoch 1336/1600, Loss: 0.7326550483703613
INFO:root:Epoch 1337/1600, Loss: 0.7474571466445923
INFO:root:Epoch 1338/1600, Loss: 0.7430851459503174
INFO:root:Epoch 1339/1600, Loss: 0.7995356917381287
INFO:root:Epoch 1340/1600, Loss: 0.7492260336875916
INFO:root:Epoch 1341/1600, Loss: 0.8097275495529175
INFO:root:Epoch 1342/1600, Loss: 0.7383922338485718
INFO:root:Epoch 1343/1600, Loss: 0.8466119766235352
INFO:root:Epoch 1344/1600, Loss: 0.7364182472229004
INFO:root:Epoch 1345/1600, Loss: 0.7592536211013794
INFO:root:Epoch 1346/1600, Loss: 0.7307823896408081
INFO:root:Epoch 1347/1600, Loss: 0.8005492091178894
INFO:root:Epoch 1348/1600, Loss: 0.7590901255607605
INFO:root:Epoch 1349/1600, Loss: 0.797681450843811
INFO:root:Epoch 1350/1600, Loss: 0.7921499609947205
INFO:root:Epoch 1351/1600, Loss: 0.7673646807670593
INFO:root:Epoch 1352/1600, Loss: 0.8065387606620789
INFO:root:Epoch 1353/1600, Loss: 0.7640978693962097
INFO:root:Epoch 1354/1600, Loss: 0.7608972191810608
INFO:root:Epoch 1355/1600, Loss: 0.7494160532951355
INFO:root:Epoch 1356/1600, Loss: 0.7181551456451416
INFO:root:Epoch 1357/1600, Loss: 0.7853479385375977
INFO:root:Epoch 1358/1600, Loss: 0.7353160381317139
INFO:root:Epoch 1359/1600, Loss: 0.7973619699478149
INFO:root:Epoch 1360/1600, Loss: 0.7746508121490479
INFO:root:Epoch 1361/1600, Loss: 0.7843618988990784
INFO:root:Epoch 1362/1600, Loss: 0.7321860790252686
INFO:root:Epoch 1363/1600, Loss: 0.7571317553520203
INFO:root:Epoch 1364/1600, Loss: 0.767956018447876
INFO:root:Epoch 1365/1600, Loss: 0.7792301774024963
INFO:root:Epoch 1366/1600, Loss: 0.7473506331443787
INFO:root:Epoch 1367/1600, Loss: 0.7623232007026672
INFO:root:Epoch 1368/1600, Loss: 0.7330070734024048
INFO:root:Epoch 1369/1600, Loss: 0.7148008942604065
INFO:root:Epoch 1370/1600, Loss: 0.7703277468681335
INFO:root:Epoch 1371/1600, Loss: 0.7735772728919983
INFO:root:Epoch 1372/1600, Loss: 0.8077431917190552
INFO:root:Epoch 1373/1600, Loss: 0.7512801289558411
INFO:root:Epoch 1374/1600, Loss: 0.7644612193107605
INFO:root:Epoch 1375/1600, Loss: 0.768301248550415
INFO:root:Epoch 1376/1600, Loss: 0.7335279583930969
INFO:root:Epoch 1377/1600, Loss: 0.7775462865829468
INFO:root:Epoch 1378/1600, Loss: 0.719103217124939
INFO:root:Epoch 1379/1600, Loss: 0.7595615386962891
INFO:root:Epoch 1380/1600, Loss: 0.7224370837211609
INFO:root:Epoch 1381/1600, Loss: 0.7825269103050232
INFO:root:Epoch 1382/1600, Loss: 0.7604146599769592
INFO:root:Epoch 1383/1600, Loss: 0.711911678314209
INFO:root:Epoch 1384/1600, Loss: 0.7829993963241577
INFO:root:Epoch 1385/1600, Loss: 0.8012516498565674
INFO:root:Epoch 1386/1600, Loss: 0.7416245341300964
INFO:root:Epoch 1387/1600, Loss: 0.8159217834472656
INFO:root:Epoch 1388/1600, Loss: 0.7842778563499451
INFO:root:Epoch 1389/1600, Loss: 0.6859681606292725
INFO:root:Epoch 1390/1600, Loss: 0.7702597975730896
INFO:root:Epoch 1391/1600, Loss: 0.756983757019043
INFO:root:Epoch 1392/1600, Loss: 0.7412537932395935
INFO:root:Epoch 1393/1600, Loss: 0.7875939607620239
INFO:root:Epoch 1394/1600, Loss: 0.7670953869819641
INFO:root:Epoch 1395/1600, Loss: 0.7700680494308472
INFO:root:Epoch 1396/1600, Loss: 0.760272204875946
INFO:root:Epoch 1397/1600, Loss: 0.7513453960418701
INFO:root:Epoch 1398/1600, Loss: 0.7421082854270935
INFO:root:Epoch 1399/1600, Loss: 0.7549194693565369
INFO:root:Epoch 1400/1600, Loss: 0.8034390807151794
INFO:root:Epoch 1401/1600, Loss: 0.7335072159767151
INFO:root:Epoch 1402/1600, Loss: 0.7609071731567383
INFO:root:Epoch 1403/1600, Loss: 0.7967370748519897
INFO:root:Epoch 1404/1600, Loss: 0.7455647587776184
INFO:root:Epoch 1405/1600, Loss: 0.7355660796165466
INFO:root:Epoch 1406/1600, Loss: 0.7733548879623413
INFO:root:Epoch 1407/1600, Loss: 0.724197268486023
INFO:root:Epoch 1408/1600, Loss: 0.7729485034942627
INFO:root:Epoch 1409/1600, Loss: 0.7564183473587036
INFO:root:Epoch 1410/1600, Loss: 0.7444332838058472
INFO:root:Epoch 1411/1600, Loss: 0.7452688217163086
INFO:root:Epoch 1412/1600, Loss: 0.7179780006408691
INFO:root:Epoch 1413/1600, Loss: 0.7340711951255798
INFO:root:Epoch 1414/1600, Loss: 0.8329881429672241
INFO:root:Epoch 1415/1600, Loss: 0.766193151473999
INFO:root:Epoch 1416/1600, Loss: 0.767097532749176
INFO:root:Epoch 1417/1600, Loss: 0.76984041929245
INFO:root:Epoch 1418/1600, Loss: 0.7824373245239258
INFO:root:Epoch 1419/1600, Loss: 0.8006689548492432
INFO:root:Epoch 1420/1600, Loss: 0.748417854309082
INFO:root:Epoch 1421/1600, Loss: 0.7523035407066345
INFO:root:Epoch 1422/1600, Loss: 0.7988345623016357
INFO:root:Epoch 1423/1600, Loss: 0.7342711687088013
INFO:root:Epoch 1424/1600, Loss: 0.7650251984596252
INFO:root:Epoch 1425/1600, Loss: 0.7425917983055115
INFO:root:Epoch 1426/1600, Loss: 0.721213698387146
INFO:root:Epoch 1427/1600, Loss: 0.7356932759284973
INFO:root:Epoch 1428/1600, Loss: 0.7490919232368469
INFO:root:Epoch 1429/1600, Loss: 0.7484336495399475
INFO:root:Epoch 1430/1600, Loss: 0.7520468235015869
INFO:root:Epoch 1431/1600, Loss: 0.742928147315979
INFO:root:Epoch 1432/1600, Loss: 0.7929926514625549
INFO:root:Epoch 1433/1600, Loss: 0.7438904643058777
INFO:root:Epoch 1434/1600, Loss: 0.7401933073997498
INFO:root:Epoch 1435/1600, Loss: 0.8043686747550964
INFO:root:Epoch 1436/1600, Loss: 0.7597513794898987
INFO:root:Epoch 1437/1600, Loss: 0.7896232008934021
INFO:root:Epoch 1438/1600, Loss: 0.7137080430984497
INFO:root:Epoch 1439/1600, Loss: 0.8139129281044006
INFO:root:Epoch 1440/1600, Loss: 0.8203983306884766
INFO:root:Epoch 1441/1600, Loss: 0.7634243369102478
INFO:root:Epoch 1442/1600, Loss: 0.7236179113388062
INFO:root:Epoch 1443/1600, Loss: 0.7590770721435547
INFO:root:Epoch 1444/1600, Loss: 0.7418026924133301
INFO:root:Epoch 1445/1600, Loss: 0.8202115297317505
INFO:root:Epoch 1446/1600, Loss: 0.7845220565795898
INFO:root:Epoch 1447/1600, Loss: 0.7858490943908691
INFO:root:Epoch 1448/1600, Loss: 0.7032083868980408
INFO:root:Epoch 1449/1600, Loss: 0.7432080507278442
INFO:root:Epoch 1450/1600, Loss: 0.7811497449874878
INFO:root:Epoch 1451/1600, Loss: 0.7706679105758667
INFO:root:Epoch 1452/1600, Loss: 0.7490823268890381
INFO:root:Epoch 1453/1600, Loss: 0.7781307101249695
INFO:root:Epoch 1454/1600, Loss: 0.8001009821891785
INFO:root:Epoch 1455/1600, Loss: 0.7567817568778992
INFO:root:Epoch 1456/1600, Loss: 0.7433083057403564
INFO:root:Epoch 1457/1600, Loss: 0.791775107383728
INFO:root:Epoch 1458/1600, Loss: 0.6830469965934753
INFO:root:Epoch 1459/1600, Loss: 0.7313520908355713
INFO:root:Epoch 1460/1600, Loss: 0.7307616472244263
INFO:root:Epoch 1461/1600, Loss: 0.7689191102981567
INFO:root:Epoch 1462/1600, Loss: 0.799943208694458
INFO:root:Epoch 1463/1600, Loss: 0.796951413154602
INFO:root:Epoch 1464/1600, Loss: 0.739163339138031
INFO:root:Epoch 1465/1600, Loss: 0.740480363368988
INFO:root:Epoch 1466/1600, Loss: 0.8012425303459167
INFO:root:Epoch 1467/1600, Loss: 0.7216311097145081
INFO:root:Epoch 1468/1600, Loss: 0.7062937021255493
INFO:root:Epoch 1469/1600, Loss: 0.7397967576980591
INFO:root:Epoch 1470/1600, Loss: 0.7559532523155212
INFO:root:Epoch 1471/1600, Loss: 0.7919652462005615
INFO:root:Epoch 1472/1600, Loss: 0.768516480922699
INFO:root:Epoch 1473/1600, Loss: 0.7792309522628784
INFO:root:Epoch 1474/1600, Loss: 0.7679564356803894
INFO:root:Epoch 1475/1600, Loss: 0.7558021545410156
INFO:root:Epoch 1476/1600, Loss: 0.7624905109405518
INFO:root:Epoch 1477/1600, Loss: 0.7442288994789124
INFO:root:Epoch 1478/1600, Loss: 0.7791422009468079
INFO:root:Epoch 1479/1600, Loss: 0.7217521071434021
INFO:root:Epoch 1480/1600, Loss: 0.7507590055465698
INFO:root:Epoch 1481/1600, Loss: 0.7883685231208801
INFO:root:Epoch 1482/1600, Loss: 0.7564297914505005
INFO:root:Epoch 1483/1600, Loss: 0.7620494961738586
INFO:root:Epoch 1484/1600, Loss: 0.7345694303512573
INFO:root:Epoch 1485/1600, Loss: 0.768572211265564
INFO:root:Epoch 1486/1600, Loss: 0.7486012578010559
INFO:root:Epoch 1487/1600, Loss: 0.7691504955291748
INFO:root:Epoch 1488/1600, Loss: 0.7620550990104675
INFO:root:Epoch 1489/1600, Loss: 0.7412638664245605
INFO:root:Epoch 1490/1600, Loss: 0.7338581085205078
INFO:root:Epoch 1491/1600, Loss: 0.7822674512863159
INFO:root:Epoch 1492/1600, Loss: 0.7440394163131714
INFO:root:Epoch 1493/1600, Loss: 0.7663185000419617
INFO:root:Epoch 1494/1600, Loss: 0.7698800563812256
INFO:root:Epoch 1495/1600, Loss: 0.7898210287094116
INFO:root:Epoch 1496/1600, Loss: 0.7414790391921997
INFO:root:Epoch 1497/1600, Loss: 0.7491447925567627
INFO:root:Epoch 1498/1600, Loss: 0.7625467777252197
INFO:root:Epoch 1499/1600, Loss: 0.7739320397377014
INFO:root:Epoch 1500/1600, Loss: 0.7583229541778564
INFO:root:Epoch 1501/1600, Loss: 0.7726521492004395
INFO:root:Epoch 1502/1600, Loss: 0.7881361246109009
INFO:root:Epoch 1503/1600, Loss: 0.7588975429534912
INFO:root:Epoch 1504/1600, Loss: 0.7467726469039917
INFO:root:Epoch 1505/1600, Loss: 0.7477989196777344
INFO:root:Epoch 1506/1600, Loss: 0.7552156448364258
INFO:root:Epoch 1507/1600, Loss: 0.7043659090995789
INFO:root:Epoch 1508/1600, Loss: 0.7671046257019043
INFO:root:Epoch 1509/1600, Loss: 0.77066570520401
INFO:root:Epoch 1510/1600, Loss: 0.7361923456192017
INFO:root:Epoch 1511/1600, Loss: 0.7610012292861938
INFO:root:Epoch 1512/1600, Loss: 0.7429011464118958
INFO:root:Epoch 1513/1600, Loss: 0.757983922958374
INFO:root:Epoch 1514/1600, Loss: 0.7675216197967529
INFO:root:Epoch 1515/1600, Loss: 0.7870593667030334
INFO:root:Epoch 1516/1600, Loss: 0.7071255445480347
INFO:root:Epoch 1517/1600, Loss: 0.7668548226356506
INFO:root:Epoch 1518/1600, Loss: 0.7948675751686096
INFO:root:Epoch 1519/1600, Loss: 0.757044792175293
INFO:root:Epoch 1520/1600, Loss: 0.729953944683075
INFO:root:Epoch 1521/1600, Loss: 0.775599479675293
INFO:root:Epoch 1522/1600, Loss: 0.8019801378250122
INFO:root:Epoch 1523/1600, Loss: 0.8194897770881653
INFO:root:Epoch 1524/1600, Loss: 0.78709477186203
INFO:root:Epoch 1525/1600, Loss: 0.7448548674583435
INFO:root:Epoch 1526/1600, Loss: 0.7864404320716858
INFO:root:Epoch 1527/1600, Loss: 0.7648980617523193
INFO:root:Epoch 1528/1600, Loss: 0.7976360321044922
INFO:root:Epoch 1529/1600, Loss: 0.779072105884552
INFO:root:Epoch 1530/1600, Loss: 0.744011640548706
INFO:root:Epoch 1531/1600, Loss: 0.7300295829772949
INFO:root:Epoch 1532/1600, Loss: 0.6998754739761353
INFO:root:Epoch 1533/1600, Loss: 0.7739646434783936
INFO:root:Epoch 1534/1600, Loss: 0.740286111831665
INFO:root:Epoch 1535/1600, Loss: 0.7327484488487244
INFO:root:Epoch 1536/1600, Loss: 0.7505890130996704
INFO:root:Epoch 1537/1600, Loss: 0.7232727408409119
INFO:root:Epoch 1538/1600, Loss: 0.7922290563583374
INFO:root:Epoch 1539/1600, Loss: 0.7768041491508484
INFO:root:Epoch 1540/1600, Loss: 0.7861233949661255
INFO:root:Epoch 1541/1600, Loss: 0.7485543489456177
INFO:root:Epoch 1542/1600, Loss: 0.7968156337738037
INFO:root:Epoch 1543/1600, Loss: 0.791796863079071
INFO:root:Epoch 1544/1600, Loss: 0.7099039554595947
INFO:root:Epoch 1545/1600, Loss: 0.718856930732727
INFO:root:Epoch 1546/1600, Loss: 0.7434249520301819
INFO:root:Epoch 1547/1600, Loss: 0.7617080211639404
INFO:root:Epoch 1548/1600, Loss: 0.7401121854782104
INFO:root:Epoch 1549/1600, Loss: 0.7513599395751953
INFO:root:Epoch 1550/1600, Loss: 0.7264916300773621
INFO:root:Epoch 1551/1600, Loss: 0.814749538898468
INFO:root:Epoch 1552/1600, Loss: 0.7711511850357056
INFO:root:Epoch 1553/1600, Loss: 0.7698392868041992
INFO:root:Epoch 1554/1600, Loss: 0.733130693435669
INFO:root:Epoch 1555/1600, Loss: 0.7619307637214661
INFO:root:Epoch 1556/1600, Loss: 0.779577374458313
INFO:root:Epoch 1557/1600, Loss: 0.7192897200584412
INFO:root:Epoch 1558/1600, Loss: 0.7581146955490112
INFO:root:Epoch 1559/1600, Loss: 0.759700357913971
INFO:root:Epoch 1560/1600, Loss: 0.7746651768684387
INFO:root:Epoch 1561/1600, Loss: 0.7699888944625854
INFO:root:Epoch 1562/1600, Loss: 0.7433160543441772
INFO:root:Epoch 1563/1600, Loss: 0.7529845237731934
INFO:root:Epoch 1564/1600, Loss: 0.7568762302398682
INFO:root:Epoch 1565/1600, Loss: 0.7197551727294922
INFO:root:Epoch 1566/1600, Loss: 0.7687567472457886
INFO:root:Epoch 1567/1600, Loss: 0.7669811844825745
INFO:root:Epoch 1568/1600, Loss: 0.7456603050231934
INFO:root:Epoch 1569/1600, Loss: 0.7626158595085144
INFO:root:Epoch 1570/1600, Loss: 0.747870922088623
INFO:root:Epoch 1571/1600, Loss: 0.7619555592536926
INFO:root:Epoch 1572/1600, Loss: 0.7553574442863464
INFO:root:Epoch 1573/1600, Loss: 0.7949867248535156
INFO:root:Epoch 1574/1600, Loss: 0.7252249717712402
INFO:root:Epoch 1575/1600, Loss: 0.71112060546875
INFO:root:Epoch 1576/1600, Loss: 0.7615007162094116
INFO:root:Epoch 1577/1600, Loss: 0.7208203077316284
INFO:root:Epoch 1578/1600, Loss: 0.7115609645843506
INFO:root:Epoch 1579/1600, Loss: 0.7427913546562195
INFO:root:Epoch 1580/1600, Loss: 0.7629864811897278
INFO:root:Epoch 1581/1600, Loss: 0.7323325872421265
INFO:root:Epoch 1582/1600, Loss: 0.7578366994857788
INFO:root:Epoch 1583/1600, Loss: 0.7173242568969727
INFO:root:Epoch 1584/1600, Loss: 0.7760235071182251
INFO:root:Epoch 1585/1600, Loss: 0.7778820991516113
INFO:root:Epoch 1586/1600, Loss: 0.7094485759735107
INFO:root:Epoch 1587/1600, Loss: 0.8027727603912354
INFO:root:Epoch 1588/1600, Loss: 0.8087835311889648
INFO:root:Epoch 1589/1600, Loss: 0.7385188937187195
INFO:root:Epoch 1590/1600, Loss: 0.7757772207260132
INFO:root:Epoch 1591/1600, Loss: 0.7551223039627075
INFO:root:Epoch 1592/1600, Loss: 0.7707861661911011
INFO:root:Epoch 1593/1600, Loss: 0.7503766417503357
INFO:root:Epoch 1594/1600, Loss: 0.776199996471405
INFO:root:Epoch 1595/1600, Loss: 0.7511951327323914
INFO:root:Epoch 1596/1600, Loss: 0.8016027212142944
INFO:root:Epoch 1597/1600, Loss: 0.6963326930999756
INFO:root:Epoch 1598/1600, Loss: 0.7244924306869507
INFO:root:Epoch 1599/1600, Loss: 0.7239741683006287
INFO:root:Epoch 1600/1600, Loss: 0.7863386273384094
INFO:root:Training time: 106.45399832725525 seconds
