INFO:root:Configs: {'lr': 0.01, 'epochs': 150, 'batch_size': 30, 'seed': 42, 'device': 'cpu', 'optimizer': Adam (
Parameter Group 0
    amsgrad: False
    betas: (0.9, 0.999)
    capturable: False
    differentiable: False
    eps: 1e-08
    foreach: None
    fused: None
    lr: 0.01
    maximize: False
    weight_decay: 0
), 'equation': <equation.EuropeanBasketOptionCall object at 0x000001DF6BDD3BC0>, 'net': Net4Y(
  (hidden_layers): Sequential(
    (0): BatchNorm1d(256, eps=1e-05, momentum=0.1, affine=True, track_running_stats=True)
    (1): ReLU()
    (2): Linear(in_features=256, out_features=256, bias=True)
    (3): BatchNorm1d(256, eps=1e-05, momentum=0.1, affine=True, track_running_stats=True)
    (4): ReLU()
    (5): ReLU()
    (6): Linear(in_features=256, out_features=256, bias=True)
    (7): BatchNorm1d(256, eps=1e-05, momentum=0.1, affine=True, track_running_stats=True)
    (8): ReLU()
  )
  (input_layer): Linear(in_features=5, out_features=256, bias=True)
  (output_layer): Linear(in_features=256, out_features=5, bias=True)
  (relu): ReLU()
  (net): Net4Z(
    (hidden_layers): Sequential(
      (0): BatchNorm1d(256, eps=1e-05, momentum=0.1, affine=True, track_running_stats=True)
      (1): ReLU()
      (2): Linear(in_features=256, out_features=256, bias=True)
      (3): BatchNorm1d(256, eps=1e-05, momentum=0.1, affine=True, track_running_stats=True)
      (4): ReLU()
      (5): ReLU()
      (6): Linear(in_features=256, out_features=256, bias=True)
      (7): BatchNorm1d(256, eps=1e-05, momentum=0.1, affine=True, track_running_stats=True)
      (8): ReLU()
    )
    (input_layer): Linear(in_features=5, out_features=256, bias=True)
    (output_layer): Linear(in_features=256, out_features=5, bias=True)
    (relu): ReLU()
  )
), 'train_iter': <torch.utils.data.dataloader.DataLoader object at 0x000001DF7F28D5E0>}
INFO:root:Epoch 1/150, Loss: 2.261512279510498, Y0: 0.9900000095367432
INFO:root:Epoch 2/150, Loss: 5.014900207519531, Y0: 0.9800336360931396
INFO:root:Epoch 3/150, Loss: 4.1739888191223145, Y0: 0.9700760841369629
INFO:root:Epoch 4/150, Loss: 2.672807216644287, Y0: 0.9601570963859558
INFO:root:Epoch 5/150, Loss: 2.064014434814453, Y0: 0.9503113627433777
INFO:root:Epoch 6/150, Loss: 2.9233558177948, Y0: 0.9403964877128601
INFO:root:Epoch 7/150, Loss: 2.997997760772705, Y0: 0.9304519295692444
INFO:root:Epoch 8/150, Loss: 1.37040376663208, Y0: 0.9208992719650269
INFO:root:Epoch 9/150, Loss: 2.481349468231201, Y0: 0.9113698601722717
INFO:root:Epoch 10/150, Loss: 1.6563775539398193, Y0: 0.9019864797592163
INFO:root:Epoch 11/150, Loss: 2.9010026454925537, Y0: 0.8924632668495178
INFO:root:Epoch 12/150, Loss: 5.347157955169678, Y0: 0.8828054070472717
INFO:root:Epoch 13/150, Loss: 3.9451613426208496, Y0: 0.8731045722961426
INFO:root:Epoch 14/150, Loss: 4.369708061218262, Y0: 0.8633026480674744
INFO:root:Epoch 15/150, Loss: 4.180201530456543, Y0: 0.8533552885055542
INFO:root:Epoch 16/150, Loss: 3.502318859100342, Y0: 0.8433826565742493
INFO:root:Epoch 17/150, Loss: 2.2128610610961914, Y0: 0.8333960175514221
INFO:root:Epoch 18/150, Loss: 1.8308802843093872, Y0: 0.823499321937561
INFO:root:Epoch 19/150, Loss: 3.597334623336792, Y0: 0.8135175108909607
INFO:root:Epoch 20/150, Loss: 3.9492385387420654, Y0: 0.8035141229629517
INFO:root:Epoch 21/150, Loss: 1.5755127668380737, Y0: 0.7937299609184265
INFO:root:Epoch 22/150, Loss: 1.687407374382019, Y0: 0.7841255068778992
INFO:root:Epoch 23/150, Loss: 2.8357629776000977, Y0: 0.774402916431427
INFO:root:Epoch 24/150, Loss: 3.2011382579803467, Y0: 0.7646024227142334
INFO:root:Epoch 25/150, Loss: 0.9873360991477966, Y0: 0.7551217079162598
INFO:root:Epoch 26/150, Loss: 2.1570498943328857, Y0: 0.7455856204032898
INFO:root:Epoch 27/150, Loss: 1.094385027885437, Y0: 0.7363148331642151
INFO:root:Epoch 28/150, Loss: 1.420150637626648, Y0: 0.7271857261657715
INFO:root:Epoch 29/150, Loss: 1.2425671815872192, Y0: 0.7182055115699768
INFO:root:Epoch 30/150, Loss: 2.6015493869781494, Y0: 0.7091604471206665
INFO:root:Epoch 31/150, Loss: 2.1455934047698975, Y0: 0.700107991695404
INFO:root:Epoch 32/150, Loss: 1.2817237377166748, Y0: 0.691190242767334
INFO:root:Epoch 33/150, Loss: 1.1435152292251587, Y0: 0.6824471950531006
INFO:root:Epoch 34/150, Loss: 1.4220441579818726, Y0: 0.6738332509994507
INFO:root:Epoch 35/150, Loss: 1.5078818798065186, Y0: 0.6652331948280334
INFO:root:Epoch 36/150, Loss: 1.799526333808899, Y0: 0.6567166447639465
INFO:root:Epoch 37/150, Loss: 1.2768040895462036, Y0: 0.6482303142547607
INFO:root:Epoch 38/150, Loss: 0.35970988869667053, Y0: 0.6402124762535095
INFO:root:Epoch 39/150, Loss: 0.824909508228302, Y0: 0.6323339343070984
INFO:root:Epoch 40/150, Loss: 1.6045209169387817, Y0: 0.6243995428085327
INFO:root:Epoch 41/150, Loss: 1.188822865486145, Y0: 0.6164320707321167
INFO:root:Epoch 42/150, Loss: 0.34214290976524353, Y0: 0.6088043451309204
INFO:root:Epoch 43/150, Loss: 0.6322702169418335, Y0: 0.6012744307518005
INFO:root:Epoch 44/150, Loss: 0.7857512831687927, Y0: 0.5937498211860657
INFO:root:Epoch 45/150, Loss: 0.8017168045043945, Y0: 0.5863320231437683
INFO:root:Epoch 46/150, Loss: 0.7165004014968872, Y0: 0.5789723992347717
INFO:root:Epoch 47/150, Loss: 0.23769693076610565, Y0: 0.5719634294509888
INFO:root:Epoch 48/150, Loss: 0.4548598527908325, Y0: 0.5652143359184265
INFO:root:Epoch 49/150, Loss: 0.5930900573730469, Y0: 0.5585241913795471
INFO:root:Epoch 50/150, Loss: 0.7969766855239868, Y0: 0.5518918633460999
INFO:root:Epoch 51/150, Loss: 0.5610733032226562, Y0: 0.5453206896781921
INFO:root:Epoch 52/150, Loss: 0.537066638469696, Y0: 0.538855254650116
INFO:root:Epoch 53/150, Loss: 0.4126793444156647, Y0: 0.532522439956665
INFO:root:Epoch 54/150, Loss: 0.6341168284416199, Y0: 0.5261015295982361
INFO:root:Epoch 55/150, Loss: 0.3955296576023102, Y0: 0.5200381875038147
INFO:root:Epoch 56/150, Loss: 0.5861586928367615, Y0: 0.5139518976211548
INFO:root:Epoch 57/150, Loss: 0.5616164803504944, Y0: 0.5079279541969299
INFO:root:Epoch 58/150, Loss: 0.23047997057437897, Y0: 0.5020938515663147
INFO:root:Epoch 59/150, Loss: 0.43884479999542236, Y0: 0.49629107117652893
INFO:root:Epoch 60/150, Loss: 0.38487139344215393, Y0: 0.4905155599117279
INFO:root:Epoch 61/150, Loss: 0.3277348279953003, Y0: 0.4847802519798279
INFO:root:Epoch 62/150, Loss: 0.25705578923225403, Y0: 0.47911882400512695
INFO:root:Epoch 63/150, Loss: 0.40654027462005615, Y0: 0.473543643951416
INFO:root:Epoch 64/150, Loss: 0.40561243891716003, Y0: 0.46796274185180664
INFO:root:Epoch 65/150, Loss: 0.355500191450119, Y0: 0.46244385838508606
INFO:root:Epoch 66/150, Loss: 0.2642914652824402, Y0: 0.45699769258499146
INFO:root:Epoch 67/150, Loss: 0.5581997036933899, Y0: 0.45149698853492737
INFO:root:Epoch 68/150, Loss: 0.15683598816394806, Y0: 0.4461483657360077
INFO:root:Epoch 69/150, Loss: 0.17550073564052582, Y0: 0.44091638922691345
INFO:root:Epoch 70/150, Loss: 0.20156079530715942, Y0: 0.435749351978302
INFO:root:Epoch 71/150, Loss: 0.26429393887519836, Y0: 0.4306575357913971
INFO:root:Epoch 72/150, Loss: 0.27577394247055054, Y0: 0.42562443017959595
INFO:root:Epoch 73/150, Loss: 0.19740347564220428, Y0: 0.4206569194793701
INFO:root:Epoch 74/150, Loss: 0.20869018137454987, Y0: 0.41595783829689026
INFO:root:Epoch 75/150, Loss: 0.24008162319660187, Y0: 0.411227822303772
INFO:root:Epoch 76/150, Loss: 0.12394709885120392, Y0: 0.40667489171028137
INFO:root:Epoch 77/150, Loss: 0.12600229680538177, Y0: 0.4022424817085266
INFO:root:Epoch 78/150, Loss: 0.17794278264045715, Y0: 0.3978731632232666
INFO:root:Epoch 79/150, Loss: 0.11522989720106125, Y0: 0.393608957529068
INFO:root:Epoch 80/150, Loss: 0.15463516116142273, Y0: 0.3893842101097107
INFO:root:Epoch 81/150, Loss: 0.12863853573799133, Y0: 0.38533467054367065
INFO:root:Epoch 82/150, Loss: 0.1264868676662445, Y0: 0.3813191056251526
INFO:root:Epoch 83/150, Loss: 0.1444619745016098, Y0: 0.3773156404495239
INFO:root:Epoch 84/150, Loss: 0.11588794738054276, Y0: 0.37339112162590027
INFO:root:Epoch 85/150, Loss: 0.0850825086236, Y0: 0.36954212188720703
INFO:root:Epoch 86/150, Loss: 0.06866799294948578, Y0: 0.3658067286014557
INFO:root:Epoch 87/150, Loss: 0.084171362221241, Y0: 0.3621755838394165
INFO:root:Epoch 88/150, Loss: 0.1056630089879036, Y0: 0.35865962505340576
INFO:root:Epoch 89/150, Loss: 0.15480194985866547, Y0: 0.3551957309246063
INFO:root:Epoch 90/150, Loss: 0.15209245681762695, Y0: 0.35173577070236206
INFO:root:Epoch 91/150, Loss: 0.10373735427856445, Y0: 0.34832704067230225
INFO:root:Epoch 92/150, Loss: 0.11514832824468613, Y0: 0.344933420419693
INFO:root:Epoch 93/150, Loss: 0.05373194068670273, Y0: 0.3416261374950409
INFO:root:Epoch 94/150, Loss: 0.049710020422935486, Y0: 0.3384145498275757
INFO:root:Epoch 95/150, Loss: 0.05117699131369591, Y0: 0.33531084656715393
INFO:root:Epoch 96/150, Loss: 0.0758422315120697, Y0: 0.33226653933525085
INFO:root:Epoch 97/150, Loss: 0.06394454836845398, Y0: 0.3292694091796875
INFO:root:Epoch 98/150, Loss: 0.15429474413394928, Y0: 0.3261427879333496
INFO:root:Epoch 99/150, Loss: 0.12383146584033966, Y0: 0.32293692231178284
INFO:root:Epoch 100/150, Loss: 0.08864413946866989, Y0: 0.3197213113307953
INFO:root:Epoch 101/150, Loss: 0.10229486972093582, Y0: 0.31650295853614807
INFO:root:Epoch 102/150, Loss: 0.050615597516298294, Y0: 0.3133768141269684
INFO:root:Epoch 103/150, Loss: 0.04914133995771408, Y0: 0.31034040451049805
INFO:root:Epoch 104/150, Loss: 0.1047147735953331, Y0: 0.3072948157787323
INFO:root:Epoch 105/150, Loss: 0.14586366713047028, Y0: 0.30412814021110535
INFO:root:Epoch 106/150, Loss: 0.06325682252645493, Y0: 0.30105847120285034
INFO:root:Epoch 107/150, Loss: 0.06266266852617264, Y0: 0.2980929911136627
INFO:root:Epoch 108/150, Loss: 0.06665034592151642, Y0: 0.2951831519603729
INFO:root:Epoch 109/150, Loss: 0.053637243807315826, Y0: 0.29238858819007874
INFO:root:Epoch 110/150, Loss: 0.09800449758768082, Y0: 0.28968924283981323
INFO:root:Epoch 111/150, Loss: 0.12271112948656082, Y0: 0.2869872748851776
INFO:root:Epoch 112/150, Loss: 0.1168137714266777, Y0: 0.2843000888824463
INFO:root:Epoch 113/150, Loss: 0.04610814154148102, Y0: 0.28164923191070557
INFO:root:Epoch 114/150, Loss: 0.051733992993831635, Y0: 0.27903130650520325
INFO:root:Epoch 115/150, Loss: 0.05775583162903786, Y0: 0.2764225900173187
INFO:root:Epoch 116/150, Loss: 0.0399092473089695, Y0: 0.2738623023033142
INFO:root:Epoch 117/150, Loss: 0.03433842211961746, Y0: 0.2713872492313385
INFO:root:Epoch 118/150, Loss: 0.04223031923174858, Y0: 0.2689177989959717
INFO:root:Epoch 119/150, Loss: 0.03928333520889282, Y0: 0.2664925158023834
INFO:root:Epoch 120/150, Loss: 0.10505755245685577, Y0: 0.26410865783691406
INFO:root:Epoch 121/150, Loss: 0.06381500512361526, Y0: 0.2616444230079651
INFO:root:Epoch 122/150, Loss: 0.04478532075881958, Y0: 0.25923216342926025
INFO:root:Epoch 123/150, Loss: 0.05920896306633949, Y0: 0.25684353709220886
INFO:root:Epoch 124/150, Loss: 0.06201572343707085, Y0: 0.2543969750404358
INFO:root:Epoch 125/150, Loss: 0.06849273294210434, Y0: 0.25191530585289
INFO:root:Epoch 126/150, Loss: 0.041979435831308365, Y0: 0.24948251247406006
INFO:root:Epoch 127/150, Loss: 0.034382566809654236, Y0: 0.2471008002758026
INFO:root:Epoch 128/150, Loss: 0.04896515607833862, Y0: 0.244693323969841
INFO:root:Epoch 129/150, Loss: 0.04984143003821373, Y0: 0.2423001527786255
INFO:root:Epoch 130/150, Loss: 0.027709094807505608, Y0: 0.24000196158885956
INFO:root:Epoch 131/150, Loss: 0.05194912478327751, Y0: 0.23771998286247253
INFO:root:Epoch 132/150, Loss: 0.04349055513739586, Y0: 0.23556651175022125
INFO:root:Epoch 133/150, Loss: 0.04312210530042648, Y0: 0.23344075679779053
INFO:root:Epoch 134/150, Loss: 0.061265408992767334, Y0: 0.23131902515888214
INFO:root:Epoch 135/150, Loss: 0.07865606248378754, Y0: 0.22911269962787628
INFO:root:Epoch 136/150, Loss: 0.052438441663980484, Y0: 0.2268637716770172
INFO:root:Epoch 137/150, Loss: 0.04196122661232948, Y0: 0.22458741068840027
INFO:root:Epoch 138/150, Loss: 0.014854447916150093, Y0: 0.22240322828292847
INFO:root:Epoch 139/150, Loss: 0.04632224887609482, Y0: 0.22016213834285736
INFO:root:Epoch 140/150, Loss: 0.029278801754117012, Y0: 0.21795882284641266
INFO:root:Epoch 141/150, Loss: 0.04933180287480354, Y0: 0.21584364771842957
INFO:root:Epoch 142/150, Loss: 0.023119302466511726, Y0: 0.21380163729190826
INFO:root:Epoch 143/150, Loss: 0.016187211498618126, Y0: 0.21184775233268738
INFO:root:Epoch 144/150, Loss: 0.04068755358457565, Y0: 0.20985420048236847
INFO:root:Epoch 145/150, Loss: 0.01733064465224743, Y0: 0.20793713629245758
INFO:root:Epoch 146/150, Loss: 0.049642764031887054, Y0: 0.20600257813930511
INFO:root:Epoch 147/150, Loss: 0.02779209055006504, Y0: 0.20407594740390778
INFO:root:Epoch 148/150, Loss: 0.029700370505452156, Y0: 0.2022233009338379
INFO:root:Epoch 149/150, Loss: 0.032088134437799454, Y0: 0.20038850605487823
INFO:root:Epoch 150/150, Loss: 0.02017185278236866, Y0: 0.19859632849693298
INFO:root:Training time: 29.745471000671387 seconds
