INFO:root:Configs: {'lr': 0.01, 'epochs': 200, 'batch_size': 30, 'seed': 42, 'device': 'cpu', 'optimizer': Adam (
Parameter Group 0
    amsgrad: False
    betas: (0.9, 0.999)
    capturable: False
    differentiable: False
    eps: 1e-08
    foreach: None
    fused: None
    lr: 0.01
    maximize: False
    weight_decay: 0
), 'equation': <equation.EuropeanBasketOptionCall object at 0x000001F976842030>, 'net': Net4Y(
  (hidden_layers): Sequential(
    (0): BatchNorm1d(128, eps=1e-05, momentum=0.1, affine=True, track_running_stats=True)
    (1): ReLU()
    (2): Linear(in_features=128, out_features=256, bias=True)
    (3): BatchNorm1d(256, eps=1e-05, momentum=0.1, affine=True, track_running_stats=True)
    (4): ReLU()
    (5): ReLU()
    (6): Linear(in_features=256, out_features=128, bias=True)
    (7): BatchNorm1d(128, eps=1e-05, momentum=0.1, affine=True, track_running_stats=True)
    (8): ReLU()
  )
  (input_layer): Linear(in_features=5, out_features=128, bias=True)
  (output_layer): Linear(in_features=128, out_features=5, bias=True)
  (relu): ReLU()
  (net): Net4Z(
    (hidden_layers): Sequential(
      (0): BatchNorm1d(128, eps=1e-05, momentum=0.1, affine=True, track_running_stats=True)
      (1): ReLU()
      (2): Linear(in_features=128, out_features=256, bias=True)
      (3): BatchNorm1d(256, eps=1e-05, momentum=0.1, affine=True, track_running_stats=True)
      (4): ReLU()
      (5): ReLU()
      (6): Linear(in_features=256, out_features=128, bias=True)
      (7): BatchNorm1d(128, eps=1e-05, momentum=0.1, affine=True, track_running_stats=True)
      (8): ReLU()
    )
    (input_layer): Linear(in_features=5, out_features=128, bias=True)
    (output_layer): Linear(in_features=128, out_features=5, bias=True)
    (relu): ReLU()
  )
), 'train_iter': <torch.utils.data.dataloader.DataLoader object at 0x000001F97693D790>}
INFO:root:Epoch 1/200, Loss: 1.4939125776290894, Y0: 0.9900000095367432
INFO:root:Epoch 2/200, Loss: 3.261392831802368, Y0: 0.980060338973999
INFO:root:Epoch 3/200, Loss: 1.8871222734451294, Y0: 0.9700826406478882
INFO:root:Epoch 4/200, Loss: 2.121342420578003, Y0: 0.9600763320922852
INFO:root:Epoch 5/200, Loss: 1.8697621822357178, Y0: 0.9501668214797974
INFO:root:Epoch 6/200, Loss: 1.2523664236068726, Y0: 0.9403746128082275
INFO:root:Epoch 7/200, Loss: 1.336751937866211, Y0: 0.9305545091629028
INFO:root:Epoch 8/200, Loss: 1.2218588590621948, Y0: 0.9208444952964783
INFO:root:Epoch 9/200, Loss: 2.694770574569702, Y0: 0.9109753966331482
INFO:root:Epoch 10/200, Loss: 1.2554757595062256, Y0: 0.9012474417686462
INFO:root:Epoch 11/200, Loss: 2.2498865127563477, Y0: 0.8914441466331482
INFO:root:Epoch 12/200, Loss: 1.2974591255187988, Y0: 0.8816982507705688
INFO:root:Epoch 13/200, Loss: 1.4126532077789307, Y0: 0.8720418214797974
INFO:root:Epoch 14/200, Loss: 1.140453815460205, Y0: 0.8624669313430786
INFO:root:Epoch 15/200, Loss: 0.9794325232505798, Y0: 0.8529605269432068
INFO:root:Epoch 16/200, Loss: 0.8983051776885986, Y0: 0.8435956835746765
INFO:root:Epoch 17/200, Loss: 1.4331653118133545, Y0: 0.8341849446296692
INFO:root:Epoch 18/200, Loss: 1.1785153150558472, Y0: 0.8248171806335449
INFO:root:Epoch 19/200, Loss: 1.7726671695709229, Y0: 0.8153532147407532
INFO:root:Epoch 20/200, Loss: 0.7056542038917542, Y0: 0.8060628175735474
INFO:root:Epoch 21/200, Loss: 1.3659775257110596, Y0: 0.796830415725708
INFO:root:Epoch 22/200, Loss: 0.8647757768630981, Y0: 0.7877118587493896
INFO:root:Epoch 23/200, Loss: 1.2717832326889038, Y0: 0.7785547375679016
INFO:root:Epoch 24/200, Loss: 1.1302204132080078, Y0: 0.7694498300552368
INFO:root:Epoch 25/200, Loss: 0.6625984311103821, Y0: 0.7605790495872498
INFO:root:Epoch 26/200, Loss: 1.242712140083313, Y0: 0.7516383528709412
INFO:root:Epoch 27/200, Loss: 0.4169287383556366, Y0: 0.7430872917175293
INFO:root:Epoch 28/200, Loss: 0.8723365664482117, Y0: 0.734519898891449
INFO:root:Epoch 29/200, Loss: 0.7585850954055786, Y0: 0.7259529829025269
INFO:root:Epoch 30/200, Loss: 0.9061629176139832, Y0: 0.7172849178314209
INFO:root:Epoch 31/200, Loss: 0.6381487250328064, Y0: 0.7087447047233582
INFO:root:Epoch 32/200, Loss: 1.194596529006958, Y0: 0.7000887989997864
INFO:root:Epoch 33/200, Loss: 0.8273999691009521, Y0: 0.6914283037185669
INFO:root:Epoch 34/200, Loss: 0.7342563271522522, Y0: 0.6829212307929993
INFO:root:Epoch 35/200, Loss: 0.9840224981307983, Y0: 0.6743642091751099
INFO:root:Epoch 36/200, Loss: 1.212280035018921, Y0: 0.6657388210296631
INFO:root:Epoch 37/200, Loss: 0.8179214000701904, Y0: 0.6572050452232361
INFO:root:Epoch 38/200, Loss: 0.54810631275177, Y0: 0.6488199830055237
INFO:root:Epoch 39/200, Loss: 0.48897191882133484, Y0: 0.6404882669448853
INFO:root:Epoch 40/200, Loss: 0.6111840605735779, Y0: 0.6323273181915283
INFO:root:Epoch 41/200, Loss: 0.9136605858802795, Y0: 0.6240275502204895
INFO:root:Epoch 42/200, Loss: 0.5215638875961304, Y0: 0.6158991456031799
INFO:root:Epoch 43/200, Loss: 0.44593408703804016, Y0: 0.6079224348068237
INFO:root:Epoch 44/200, Loss: 0.5957756638526917, Y0: 0.5999916791915894
INFO:root:Epoch 45/200, Loss: 0.5806426405906677, Y0: 0.5920488834381104
INFO:root:Epoch 46/200, Loss: 0.5520055294036865, Y0: 0.5842081308364868
INFO:root:Epoch 47/200, Loss: 0.9157450199127197, Y0: 0.5763283967971802
INFO:root:Epoch 48/200, Loss: 0.3957279324531555, Y0: 0.5685485601425171
INFO:root:Epoch 49/200, Loss: 0.29818519949913025, Y0: 0.5609239935874939
INFO:root:Epoch 50/200, Loss: 0.1684548556804657, Y0: 0.5536224842071533
INFO:root:Epoch 51/200, Loss: 0.20928412675857544, Y0: 0.5464856624603271
INFO:root:Epoch 52/200, Loss: 0.26444360613822937, Y0: 0.539434015750885
INFO:root:Epoch 53/200, Loss: 0.23576761782169342, Y0: 0.532588005065918
INFO:root:Epoch 54/200, Loss: 0.20945432782173157, Y0: 0.5258907079696655
INFO:root:Epoch 55/200, Loss: 0.2172674834728241, Y0: 0.5194703340530396
INFO:root:Epoch 56/200, Loss: 0.38794419169425964, Y0: 0.5130362510681152
INFO:root:Epoch 57/200, Loss: 0.484971821308136, Y0: 0.5066760778427124
INFO:root:Epoch 58/200, Loss: 0.33800843358039856, Y0: 0.5003411173820496
INFO:root:Epoch 59/200, Loss: 0.2980559170246124, Y0: 0.4939807653427124
INFO:root:Epoch 60/200, Loss: 0.24232149124145508, Y0: 0.4877607524394989
INFO:root:Epoch 61/200, Loss: 0.12322742491960526, Y0: 0.48171454668045044
INFO:root:Epoch 62/200, Loss: 0.14865055680274963, Y0: 0.47579729557037354
INFO:root:Epoch 63/200, Loss: 0.13851581513881683, Y0: 0.47003310918807983
INFO:root:Epoch 64/200, Loss: 0.13520865142345428, Y0: 0.464405357837677
INFO:root:Epoch 65/200, Loss: 0.09690133482217789, Y0: 0.4589787423610687
INFO:root:Epoch 66/200, Loss: 0.12748371064662933, Y0: 0.45367464423179626
INFO:root:Epoch 67/200, Loss: 0.2900168001651764, Y0: 0.44828084111213684
INFO:root:Epoch 68/200, Loss: 0.173295259475708, Y0: 0.4429489076137543
INFO:root:Epoch 69/200, Loss: 0.23014405369758606, Y0: 0.43763479590415955
INFO:root:Epoch 70/200, Loss: 0.1221528947353363, Y0: 0.4324572682380676
INFO:root:Epoch 71/200, Loss: 0.10951685905456543, Y0: 0.427449107170105
INFO:root:Epoch 72/200, Loss: 0.21717269718647003, Y0: 0.4224086105823517
INFO:root:Epoch 73/200, Loss: 0.2363603264093399, Y0: 0.4174499809741974
INFO:root:Epoch 74/200, Loss: 0.21431182324886322, Y0: 0.4125010073184967
INFO:root:Epoch 75/200, Loss: 0.18651007115840912, Y0: 0.4077676236629486
INFO:root:Epoch 76/200, Loss: 0.11177870631217957, Y0: 0.4031112492084503
INFO:root:Epoch 77/200, Loss: 0.10760720074176788, Y0: 0.39848658442497253
INFO:root:Epoch 78/200, Loss: 0.0777294710278511, Y0: 0.39403170347213745
INFO:root:Epoch 79/200, Loss: 0.11560030281543732, Y0: 0.3895905315876007
INFO:root:Epoch 80/200, Loss: 0.10589942336082458, Y0: 0.38520321249961853
INFO:root:Epoch 81/200, Loss: 0.19713334739208221, Y0: 0.3807271718978882
INFO:root:Epoch 82/200, Loss: 0.16078777611255646, Y0: 0.3762493133544922
INFO:root:Epoch 83/200, Loss: 0.08759327977895737, Y0: 0.3718453049659729
INFO:root:Epoch 84/200, Loss: 0.18810583651065826, Y0: 0.36744651198387146
INFO:root:Epoch 85/200, Loss: 0.17081192135810852, Y0: 0.3629685342311859
INFO:root:Epoch 86/200, Loss: 0.08077599108219147, Y0: 0.35858848690986633
INFO:root:Epoch 87/200, Loss: 0.06870852410793304, Y0: 0.3543747067451477
INFO:root:Epoch 88/200, Loss: 0.13848672807216644, Y0: 0.35009369254112244
INFO:root:Epoch 89/200, Loss: 0.08708067983388901, Y0: 0.34593549370765686
INFO:root:Epoch 90/200, Loss: 0.09984304010868073, Y0: 0.3418807089328766
INFO:root:Epoch 91/200, Loss: 0.07305004447698593, Y0: 0.3378911018371582
INFO:root:Epoch 92/200, Loss: 0.07130495458841324, Y0: 0.3339688181877136
INFO:root:Epoch 93/200, Loss: 0.11201255768537521, Y0: 0.33001020550727844
INFO:root:Epoch 94/200, Loss: 0.0792587548494339, Y0: 0.32620739936828613
INFO:root:Epoch 95/200, Loss: 0.07232838124036789, Y0: 0.3224852681159973
INFO:root:Epoch 96/200, Loss: 0.07548829168081284, Y0: 0.3188020586967468
INFO:root:Epoch 97/200, Loss: 0.06894057244062424, Y0: 0.31520000100135803
INFO:root:Epoch 98/200, Loss: 0.11583723872900009, Y0: 0.3115851581096649
INFO:root:Epoch 99/200, Loss: 0.06664488464593887, Y0: 0.3080398738384247
INFO:root:Epoch 100/200, Loss: 0.0627952590584755, Y0: 0.30451634526252747
INFO:root:Epoch 101/200, Loss: 0.06503912061452866, Y0: 0.3010147213935852
INFO:root:Epoch 102/200, Loss: 0.0524623766541481, Y0: 0.2976035475730896
INFO:root:Epoch 103/200, Loss: 0.07138866931200027, Y0: 0.29416829347610474
INFO:root:Epoch 104/200, Loss: 0.0492611862719059, Y0: 0.2908056676387787
INFO:root:Epoch 105/200, Loss: 0.07140441238880157, Y0: 0.287594735622406
INFO:root:Epoch 106/200, Loss: 0.03523985296487808, Y0: 0.2845209538936615
INFO:root:Epoch 107/200, Loss: 0.06512635201215744, Y0: 0.2813810408115387
INFO:root:Epoch 108/200, Loss: 0.07568322867155075, Y0: 0.2781771719455719
INFO:root:Epoch 109/200, Loss: 0.03430531173944473, Y0: 0.2751733064651489
INFO:root:Epoch 110/200, Loss: 0.04823961481451988, Y0: 0.2722000479698181
INFO:root:Epoch 111/200, Loss: 0.03970962017774582, Y0: 0.2693016827106476
INFO:root:Epoch 112/200, Loss: 0.04711711406707764, Y0: 0.2664922773838043
INFO:root:Epoch 113/200, Loss: 0.03165685757994652, Y0: 0.26377519965171814
INFO:root:Epoch 114/200, Loss: 0.024850893765687943, Y0: 0.2611352205276489
INFO:root:Epoch 115/200, Loss: 0.042846985161304474, Y0: 0.25850623846054077
INFO:root:Epoch 116/200, Loss: 0.0433456115424633, Y0: 0.2558535039424896
INFO:root:Epoch 117/200, Loss: 0.05265578255057335, Y0: 0.25323203206062317
INFO:root:Epoch 118/200, Loss: 0.03418048471212387, Y0: 0.2506016790866852
INFO:root:Epoch 119/200, Loss: 0.028236491605639458, Y0: 0.24802172183990479
INFO:root:Epoch 120/200, Loss: 0.03031318075954914, Y0: 0.24548783898353577
INFO:root:Epoch 121/200, Loss: 0.022793352603912354, Y0: 0.24301892518997192
INFO:root:Epoch 122/200, Loss: 0.05109443888068199, Y0: 0.24068504571914673
INFO:root:Epoch 123/200, Loss: 0.045646216720342636, Y0: 0.23837454617023468
INFO:root:Epoch 124/200, Loss: 0.035699598491191864, Y0: 0.23621611297130585
INFO:root:Epoch 125/200, Loss: 0.0593235157430172, Y0: 0.23417401313781738
INFO:root:Epoch 126/200, Loss: 0.0381942018866539, Y0: 0.23209160566329956
INFO:root:Epoch 127/200, Loss: 0.08573273569345474, Y0: 0.22999589145183563
INFO:root:Epoch 128/200, Loss: 0.03306674584746361, Y0: 0.22784413397312164
INFO:root:Epoch 129/200, Loss: 0.019122112542390823, Y0: 0.2257218062877655
INFO:root:Epoch 130/200, Loss: 0.025819098576903343, Y0: 0.22356805205345154
INFO:root:Epoch 131/200, Loss: 0.019671956077218056, Y0: 0.22149094939231873
INFO:root:Epoch 132/200, Loss: 0.01909821107983589, Y0: 0.21945837140083313
INFO:root:Epoch 133/200, Loss: 0.04173942282795906, Y0: 0.21736785769462585
INFO:root:Epoch 134/200, Loss: 0.026801254600286484, Y0: 0.21532075107097626
INFO:root:Epoch 135/200, Loss: 0.028908075764775276, Y0: 0.21334043145179749
INFO:root:Epoch 136/200, Loss: 0.06278856098651886, Y0: 0.2114291489124298
INFO:root:Epoch 137/200, Loss: 0.02120724506676197, Y0: 0.20966795086860657
INFO:root:Epoch 138/200, Loss: 0.1348603069782257, Y0: 0.2078407257795334
INFO:root:Epoch 139/200, Loss: 0.08071031421422958, Y0: 0.20592139661312103
INFO:root:Epoch 140/200, Loss: 0.020354263484477997, Y0: 0.20411871373653412
INFO:root:Epoch 141/200, Loss: 0.010589021258056164, Y0: 0.20237071812152863
INFO:root:Epoch 142/200, Loss: 0.011855042539536953, Y0: 0.20073357224464417
INFO:root:Epoch 143/200, Loss: 0.08297031372785568, Y0: 0.19929096102714539
INFO:root:Epoch 144/200, Loss: 0.024971891194581985, Y0: 0.19804556667804718
INFO:root:Epoch 145/200, Loss: 0.019505511969327927, Y0: 0.19676652550697327
INFO:root:Epoch 146/200, Loss: 0.027406683191657066, Y0: 0.19541236758232117
INFO:root:Epoch 147/200, Loss: 0.018626950681209564, Y0: 0.19400502741336823
INFO:root:Epoch 148/200, Loss: 0.016139818355441093, Y0: 0.19264985620975494
INFO:root:Epoch 149/200, Loss: 0.006536758504807949, Y0: 0.19132637977600098
INFO:root:Epoch 150/200, Loss: 0.013106362894177437, Y0: 0.19002673029899597
INFO:root:Epoch 151/200, Loss: 0.021838124841451645, Y0: 0.18884451687335968
INFO:root:Epoch 152/200, Loss: 0.0061833495274186134, Y0: 0.1876811981201172
INFO:root:Epoch 153/200, Loss: 0.014479407109320164, Y0: 0.1864912211894989
INFO:root:Epoch 154/200, Loss: 0.014845127239823341, Y0: 0.18535470962524414
INFO:root:Epoch 155/200, Loss: 0.021036973223090172, Y0: 0.1841600090265274
INFO:root:Epoch 156/200, Loss: 0.012778300791978836, Y0: 0.1829647719860077
INFO:root:Epoch 157/200, Loss: 0.00900694914162159, Y0: 0.1817668080329895
INFO:root:Epoch 158/200, Loss: 0.016570759937167168, Y0: 0.18060843646526337
INFO:root:Epoch 159/200, Loss: 0.007605580613017082, Y0: 0.17950664460659027
INFO:root:Epoch 160/200, Loss: 0.005196104291826487, Y0: 0.1784902811050415
INFO:root:Epoch 161/200, Loss: 0.044982146471738815, Y0: 0.17742617428302765
INFO:root:Epoch 162/200, Loss: 0.014109880663454533, Y0: 0.1763189285993576
INFO:root:Epoch 163/200, Loss: 0.009082425385713577, Y0: 0.1752277910709381
INFO:root:Epoch 164/200, Loss: 0.008313940837979317, Y0: 0.17425177991390228
INFO:root:Epoch 165/200, Loss: 0.030426498502492905, Y0: 0.1733052134513855
INFO:root:Epoch 166/200, Loss: 0.014887346886098385, Y0: 0.17230765521526337
INFO:root:Epoch 167/200, Loss: 0.028216106817126274, Y0: 0.17127948999404907
INFO:root:Epoch 168/200, Loss: 0.041702426970005035, Y0: 0.17026343941688538
INFO:root:Epoch 169/200, Loss: 0.019202809780836105, Y0: 0.16928540170192719
INFO:root:Epoch 170/200, Loss: 0.013191252946853638, Y0: 0.16835488379001617
INFO:root:Epoch 171/200, Loss: 0.011095190420746803, Y0: 0.1674650013446808
INFO:root:Epoch 172/200, Loss: 0.01682545617222786, Y0: 0.16658896207809448
INFO:root:Epoch 173/200, Loss: 0.0275113582611084, Y0: 0.16575486958026886
INFO:root:Epoch 174/200, Loss: 0.007318349089473486, Y0: 0.16491737961769104
INFO:root:Epoch 175/200, Loss: 0.022211652249097824, Y0: 0.16401265561580658
INFO:root:Epoch 176/200, Loss: 0.049219779670238495, Y0: 0.16308696568012238
INFO:root:Epoch 177/200, Loss: 0.16893133521080017, Y0: 0.16237559914588928
INFO:root:Epoch 178/200, Loss: 0.019285282120108604, Y0: 0.1616794914007187
INFO:root:Epoch 179/200, Loss: 0.015975050628185272, Y0: 0.16096773743629456
INFO:root:Epoch 180/200, Loss: 0.016378097236156464, Y0: 0.1602494865655899
INFO:root:Epoch 181/200, Loss: 0.049098238348960876, Y0: 0.15946505963802338
INFO:root:Epoch 182/200, Loss: 0.050270188599824905, Y0: 0.15859241783618927
INFO:root:Epoch 183/200, Loss: 0.35661599040031433, Y0: 0.15752919018268585
INFO:root:Epoch 184/200, Loss: 0.019147206097841263, Y0: 0.1564902514219284
INFO:root:Epoch 185/200, Loss: 0.0251481793820858, Y0: 0.1554403305053711
INFO:root:Epoch 186/200, Loss: 0.02164149098098278, Y0: 0.15447884798049927
INFO:root:Epoch 187/200, Loss: 0.17737258970737457, Y0: 0.15321232378482819
INFO:root:Epoch 188/200, Loss: 0.03322561830282211, Y0: 0.15209005773067474
INFO:root:Epoch 189/200, Loss: 0.03840398043394089, Y0: 0.15088336169719696
INFO:root:Epoch 190/200, Loss: 0.07430100440979004, Y0: 0.14956411719322205
INFO:root:Epoch 191/200, Loss: 0.10265245288610458, Y0: 0.14823926985263824
INFO:root:Epoch 192/200, Loss: 0.5394254922866821, Y0: 0.1469750702381134
INFO:root:Epoch 193/200, Loss: 0.04509185254573822, Y0: 0.14568942785263062
INFO:root:Epoch 194/200, Loss: 0.07485129684209824, Y0: 0.1442583054304123
INFO:root:Epoch 195/200, Loss: 0.09009445458650589, Y0: 0.1427382230758667
INFO:root:Epoch 196/200, Loss: 0.17640464007854462, Y0: 0.14102840423583984
INFO:root:Epoch 197/200, Loss: 0.11845584213733673, Y0: 0.13954471051692963
INFO:root:Epoch 198/200, Loss: 0.06484963744878769, Y0: 0.13810420036315918
INFO:root:Epoch 199/200, Loss: 0.07802364975214005, Y0: 0.1366867870092392
INFO:root:Epoch 200/200, Loss: 0.08635187149047852, Y0: 0.13526853919029236
INFO:root:Training time: 37.43782114982605 seconds
