INFO:root:Configs: {'lr': 0.01, 'epochs': 1000, 'batch_size': 30, 'seed': 42, 'device': 'cpu', 'optimizer': Adam (
Parameter Group 0
    amsgrad: False
    betas: (0.9, 0.999)
    capturable: False
    differentiable: False
    eps: 1e-08
    foreach: None
    fused: None
    lr: 0.01
    maximize: False
    weight_decay: 0
), 'equation': <equation.EuropeanBasketOptionCall object at 0x000002ABC5CF3BC0>, 'net': Net4Y(
  (hidden_layers): Sequential(
    (0): BatchNorm1d(64, eps=1e-05, momentum=0.1, affine=True, track_running_stats=True)
    (1): ReLU()
    (2): Linear(in_features=64, out_features=128, bias=True)
    (3): BatchNorm1d(128, eps=1e-05, momentum=0.1, affine=True, track_running_stats=True)
    (4): ReLU()
    (5): ReLU()
    (6): Linear(in_features=128, out_features=64, bias=True)
    (7): BatchNorm1d(64, eps=1e-05, momentum=0.1, affine=True, track_running_stats=True)
    (8): ReLU()
  )
  (input_layer): Linear(in_features=5, out_features=64, bias=True)
  (output_layer): Linear(in_features=64, out_features=5, bias=True)
  (relu): ReLU()
  (net): Net4Z(
    (hidden_layers): Sequential(
      (0): BatchNorm1d(64, eps=1e-05, momentum=0.1, affine=True, track_running_stats=True)
      (1): ReLU()
      (2): Linear(in_features=64, out_features=128, bias=True)
      (3): BatchNorm1d(128, eps=1e-05, momentum=0.1, affine=True, track_running_stats=True)
      (4): ReLU()
      (5): ReLU()
      (6): Linear(in_features=128, out_features=64, bias=True)
      (7): BatchNorm1d(64, eps=1e-05, momentum=0.1, affine=True, track_running_stats=True)
      (8): ReLU()
    )
    (input_layer): Linear(in_features=5, out_features=64, bias=True)
    (output_layer): Linear(in_features=64, out_features=5, bias=True)
    (relu): ReLU()
  )
), 'train_iter': <torch.utils.data.dataloader.DataLoader object at 0x000002ABE8DDCCE0>}
INFO:root:Epoch 1/1000, Loss: 0.5123554468154907, 
INFO:root:Epoch 2/1000, Loss: 0.4763811528682709, 
INFO:root:Epoch 3/1000, Loss: 0.3581068813800812, 
INFO:root:Epoch 4/1000, Loss: 0.48599761724472046, 
INFO:root:Epoch 5/1000, Loss: 0.38842910528182983, 
INFO:root:Epoch 6/1000, Loss: 1.1021039485931396, 
INFO:root:Epoch 7/1000, Loss: 0.8912215828895569, 
INFO:root:Epoch 8/1000, Loss: 1.0716354846954346, 
INFO:root:Epoch 9/1000, Loss: 1.0774784088134766, 
INFO:root:Epoch 10/1000, Loss: 0.879547119140625, 
INFO:root:Epoch 11/1000, Loss: 0.6284623742103577, 
INFO:root:Epoch 12/1000, Loss: 0.6801356673240662, 
INFO:root:Epoch 13/1000, Loss: 0.7732171416282654, 
INFO:root:Epoch 14/1000, Loss: 0.7633094787597656, 
INFO:root:Epoch 15/1000, Loss: 0.9076272249221802, 
INFO:root:Epoch 16/1000, Loss: 1.0740687847137451, 
INFO:root:Epoch 17/1000, Loss: 0.8202893137931824, 
INFO:root:Epoch 18/1000, Loss: 0.8477855920791626, 
INFO:root:Epoch 19/1000, Loss: 0.7842823266983032, 
INFO:root:Epoch 20/1000, Loss: 0.7361109256744385, 
INFO:root:Epoch 21/1000, Loss: 1.2446377277374268, 
INFO:root:Epoch 22/1000, Loss: 1.067007064819336, 
INFO:root:Epoch 23/1000, Loss: 1.121921420097351, 
INFO:root:Epoch 24/1000, Loss: 1.0853098630905151, 
INFO:root:Epoch 25/1000, Loss: 1.0653281211853027, 
INFO:root:Epoch 26/1000, Loss: 0.6118682026863098, 
INFO:root:Epoch 27/1000, Loss: 0.9480537176132202, 
INFO:root:Epoch 28/1000, Loss: 0.9283381104469299, 
INFO:root:Epoch 29/1000, Loss: 0.7833746075630188, 
INFO:root:Epoch 30/1000, Loss: 0.5565410256385803, 
INFO:root:Epoch 31/1000, Loss: 1.1138609647750854, 
INFO:root:Epoch 32/1000, Loss: 0.6686910390853882, 
INFO:root:Epoch 33/1000, Loss: 1.0022366046905518, 
INFO:root:Epoch 34/1000, Loss: 1.1465489864349365, 
INFO:root:Epoch 35/1000, Loss: 1.1189500093460083, 
INFO:root:Epoch 36/1000, Loss: 0.8174062371253967, 
INFO:root:Epoch 37/1000, Loss: 0.6544318795204163, 
INFO:root:Epoch 38/1000, Loss: 1.3314694166183472, 
INFO:root:Epoch 39/1000, Loss: 0.4674219787120819, 
INFO:root:Epoch 40/1000, Loss: 1.1274948120117188, 
INFO:root:Epoch 41/1000, Loss: 1.0747586488723755, 
INFO:root:Epoch 42/1000, Loss: 1.1989353895187378, 
INFO:root:Epoch 43/1000, Loss: 0.7488726377487183, 
INFO:root:Epoch 44/1000, Loss: 1.007402777671814, 
INFO:root:Epoch 45/1000, Loss: 0.7919253706932068, 
INFO:root:Epoch 46/1000, Loss: 0.6659011244773865, 
INFO:root:Epoch 47/1000, Loss: 0.8584547638893127, 
INFO:root:Epoch 48/1000, Loss: 0.9339053630828857, 
INFO:root:Epoch 49/1000, Loss: 0.9770965576171875, 
INFO:root:Epoch 50/1000, Loss: 0.48526227474212646, 
INFO:root:Epoch 51/1000, Loss: 0.5687302350997925, 
INFO:root:Epoch 52/1000, Loss: 0.6097845435142517, 
INFO:root:Epoch 53/1000, Loss: 0.4902925491333008, 
INFO:root:Epoch 54/1000, Loss: 0.5772527456283569, 
INFO:root:Epoch 55/1000, Loss: 0.6373462677001953, 
INFO:root:Epoch 56/1000, Loss: 0.5782684087753296, 
INFO:root:Epoch 57/1000, Loss: 0.7296966314315796, 
INFO:root:Epoch 58/1000, Loss: 0.4798352122306824, 
INFO:root:Epoch 59/1000, Loss: 0.623492956161499, 
INFO:root:Epoch 60/1000, Loss: 0.7038958668708801, 
INFO:root:Epoch 61/1000, Loss: 0.6108639240264893, 
INFO:root:Epoch 62/1000, Loss: 0.46884429454803467, 
INFO:root:Epoch 63/1000, Loss: 0.4904821813106537, 
INFO:root:Epoch 64/1000, Loss: 0.42272788286209106, 
INFO:root:Epoch 65/1000, Loss: 0.5088865160942078, 
INFO:root:Epoch 66/1000, Loss: 0.3772224485874176, 
INFO:root:Epoch 67/1000, Loss: 0.46662381291389465, 
INFO:root:Epoch 68/1000, Loss: 0.5508647561073303, 
INFO:root:Epoch 69/1000, Loss: 0.4751950204372406, 
INFO:root:Epoch 70/1000, Loss: 0.567476212978363, 
INFO:root:Epoch 71/1000, Loss: 0.5525516271591187, 
INFO:root:Epoch 72/1000, Loss: 0.5478864312171936, 
INFO:root:Epoch 73/1000, Loss: 0.5113692879676819, 
INFO:root:Epoch 74/1000, Loss: 0.459134042263031, 
INFO:root:Epoch 75/1000, Loss: 0.5235279202461243, 
INFO:root:Epoch 76/1000, Loss: 0.4019019305706024, 
INFO:root:Epoch 77/1000, Loss: 0.6138902306556702, 
INFO:root:Epoch 78/1000, Loss: 0.4086111783981323, 
INFO:root:Epoch 79/1000, Loss: 0.46193161606788635, 
INFO:root:Epoch 80/1000, Loss: 0.538133442401886, 
INFO:root:Epoch 81/1000, Loss: 0.5193191766738892, 
INFO:root:Epoch 82/1000, Loss: 0.6725935339927673, 
INFO:root:Epoch 83/1000, Loss: 0.5460639595985413, 
INFO:root:Epoch 84/1000, Loss: 0.6042364835739136, 
INFO:root:Epoch 85/1000, Loss: 0.42360934615135193, 
INFO:root:Epoch 86/1000, Loss: 0.5375878810882568, 
INFO:root:Epoch 87/1000, Loss: 0.4391535222530365, 
INFO:root:Epoch 88/1000, Loss: 0.3959478735923767, 
INFO:root:Epoch 89/1000, Loss: 0.6250628232955933, 
INFO:root:Epoch 90/1000, Loss: 0.4112103581428528, 
INFO:root:Epoch 91/1000, Loss: 0.3976483643054962, 
INFO:root:Epoch 92/1000, Loss: 0.5789086222648621, 
INFO:root:Epoch 93/1000, Loss: 0.4596666395664215, 
INFO:root:Epoch 94/1000, Loss: 0.5667604207992554, 
INFO:root:Epoch 95/1000, Loss: 0.3966563642024994, 
INFO:root:Epoch 96/1000, Loss: 0.40835583209991455, 
INFO:root:Epoch 97/1000, Loss: 0.483177125453949, 
INFO:root:Epoch 98/1000, Loss: 0.649414598941803, 
INFO:root:Epoch 99/1000, Loss: 0.41987764835357666, 
INFO:root:Epoch 100/1000, Loss: 0.5008267760276794, 
INFO:root:Epoch 101/1000, Loss: 0.3956250846385956, 
INFO:root:Epoch 102/1000, Loss: 0.6281320452690125, 
INFO:root:Epoch 103/1000, Loss: 0.54449862241745, 
INFO:root:Epoch 104/1000, Loss: 0.4138502776622772, 
INFO:root:Epoch 105/1000, Loss: 0.4276522397994995, 
INFO:root:Epoch 106/1000, Loss: 0.46625345945358276, 
INFO:root:Epoch 107/1000, Loss: 0.4204920530319214, 
INFO:root:Epoch 108/1000, Loss: 0.5311892032623291, 
INFO:root:Epoch 109/1000, Loss: 0.39902961254119873, 
INFO:root:Epoch 110/1000, Loss: 0.4153067171573639, 
INFO:root:Epoch 111/1000, Loss: 0.515745222568512, 
INFO:root:Epoch 112/1000, Loss: 0.4752905070781708, 
INFO:root:Epoch 113/1000, Loss: 0.5211278200149536, 
INFO:root:Epoch 114/1000, Loss: 0.6945122480392456, 
INFO:root:Epoch 115/1000, Loss: 0.5458696484565735, 
INFO:root:Epoch 116/1000, Loss: 0.5097259879112244, 
INFO:root:Epoch 117/1000, Loss: 0.505846381187439, 
INFO:root:Epoch 118/1000, Loss: 0.42616334557533264, 
INFO:root:Epoch 119/1000, Loss: 0.561884343624115, 
INFO:root:Epoch 120/1000, Loss: 0.421847403049469, 
INFO:root:Epoch 121/1000, Loss: 0.5213212370872498, 
INFO:root:Epoch 122/1000, Loss: 0.6552795171737671, 
INFO:root:Epoch 123/1000, Loss: 0.4760597348213196, 
INFO:root:Epoch 124/1000, Loss: 0.48004263639450073, 
INFO:root:Epoch 125/1000, Loss: 0.5138801336288452, 
INFO:root:Epoch 126/1000, Loss: 0.6011580228805542, 
INFO:root:Epoch 127/1000, Loss: 0.5254948735237122, 
INFO:root:Epoch 128/1000, Loss: 0.5191843509674072, 
INFO:root:Epoch 129/1000, Loss: 0.5701004862785339, 
INFO:root:Epoch 130/1000, Loss: 0.8585626482963562, 
INFO:root:Epoch 131/1000, Loss: 0.5966899991035461, 
INFO:root:Epoch 132/1000, Loss: 0.7288421988487244, 
INFO:root:Epoch 133/1000, Loss: 0.7289530038833618, 
INFO:root:Epoch 134/1000, Loss: 0.7135055661201477, 
INFO:root:Epoch 135/1000, Loss: 0.5940782427787781, 
INFO:root:Epoch 136/1000, Loss: 0.6156987547874451, 
INFO:root:Epoch 137/1000, Loss: 0.44035783410072327, 
INFO:root:Epoch 138/1000, Loss: 0.6583744883537292, 
INFO:root:Epoch 139/1000, Loss: 0.7370320558547974, 
INFO:root:Epoch 140/1000, Loss: 0.6332855820655823, 
INFO:root:Epoch 141/1000, Loss: 0.6509751677513123, 
INFO:root:Epoch 142/1000, Loss: 0.4535795748233795, 
INFO:root:Epoch 143/1000, Loss: 1.0087376832962036, 
INFO:root:Epoch 144/1000, Loss: 0.5484438538551331, 
INFO:root:Epoch 145/1000, Loss: 0.5768585205078125, 
INFO:root:Epoch 146/1000, Loss: 0.7517346739768982, 
INFO:root:Epoch 147/1000, Loss: 0.5296812653541565, 
INFO:root:Epoch 148/1000, Loss: 1.3346550464630127, 
INFO:root:Epoch 149/1000, Loss: 0.8003498911857605, 
INFO:root:Epoch 150/1000, Loss: 1.008829951286316, 
INFO:root:Epoch 151/1000, Loss: 0.6684001684188843, 
INFO:root:Epoch 152/1000, Loss: 0.8410561084747314, 
INFO:root:Epoch 153/1000, Loss: 0.6448577642440796, 
INFO:root:Epoch 154/1000, Loss: 0.8361510634422302, 
INFO:root:Epoch 155/1000, Loss: 0.5832235813140869, 
INFO:root:Epoch 156/1000, Loss: 0.5121382474899292, 
INFO:root:Epoch 157/1000, Loss: 0.8230142593383789, 
INFO:root:Epoch 158/1000, Loss: 0.8149600625038147, 
INFO:root:Epoch 159/1000, Loss: 0.6077682971954346, 
INFO:root:Epoch 160/1000, Loss: 0.9296165108680725, 
INFO:root:Epoch 161/1000, Loss: 0.9250993132591248, 
INFO:root:Epoch 162/1000, Loss: 0.7184597849845886, 
INFO:root:Epoch 163/1000, Loss: 0.8931175470352173, 
INFO:root:Epoch 164/1000, Loss: 0.7452051639556885, 
INFO:root:Epoch 165/1000, Loss: 1.3253061771392822, 
INFO:root:Epoch 166/1000, Loss: 0.7131125926971436, 
INFO:root:Epoch 167/1000, Loss: 0.5359925031661987, 
INFO:root:Epoch 168/1000, Loss: 0.8947280645370483, 
INFO:root:Epoch 169/1000, Loss: 1.401841402053833, 
INFO:root:Epoch 170/1000, Loss: 0.6926469206809998, 
INFO:root:Epoch 171/1000, Loss: 0.8698169589042664, 
INFO:root:Epoch 172/1000, Loss: 0.8791977167129517, 
INFO:root:Epoch 173/1000, Loss: 0.9216842651367188, 
INFO:root:Epoch 174/1000, Loss: 0.6818417310714722, 
INFO:root:Epoch 175/1000, Loss: 0.9204840064048767, 
INFO:root:Epoch 176/1000, Loss: 0.7662035822868347, 
INFO:root:Epoch 177/1000, Loss: 0.6638875603675842, 
INFO:root:Epoch 178/1000, Loss: 0.7039353251457214, 
INFO:root:Epoch 179/1000, Loss: 0.7088695764541626, 
INFO:root:Epoch 180/1000, Loss: 0.7057355046272278, 
INFO:root:Epoch 181/1000, Loss: 0.7462394833564758, 
INFO:root:Epoch 182/1000, Loss: 0.7322410941123962, 
INFO:root:Epoch 183/1000, Loss: 0.8819333910942078, 
INFO:root:Epoch 184/1000, Loss: 0.6396209597587585, 
INFO:root:Epoch 185/1000, Loss: 0.7673314213752747, 
INFO:root:Epoch 186/1000, Loss: 0.6293217539787292, 
INFO:root:Epoch 187/1000, Loss: 0.5247117280960083, 
INFO:root:Epoch 188/1000, Loss: 0.7955306768417358, 
INFO:root:Epoch 189/1000, Loss: 0.5427987575531006, 
INFO:root:Epoch 190/1000, Loss: 0.9072467088699341, 
INFO:root:Epoch 191/1000, Loss: 0.6769197583198547, 
INFO:root:Epoch 192/1000, Loss: 0.7174779772758484, 
INFO:root:Epoch 193/1000, Loss: 0.8498218655586243, 
INFO:root:Epoch 194/1000, Loss: 0.9010590314865112, 
INFO:root:Epoch 195/1000, Loss: 1.1031054258346558, 
INFO:root:Epoch 196/1000, Loss: 0.8153614401817322, 
INFO:root:Epoch 197/1000, Loss: 0.8580065369606018, 
INFO:root:Epoch 198/1000, Loss: 0.5423202514648438, 
INFO:root:Epoch 199/1000, Loss: 0.5694667100906372, 
INFO:root:Epoch 200/1000, Loss: 0.6847178339958191, 
INFO:root:Epoch 201/1000, Loss: 0.707522988319397, 
INFO:root:Epoch 202/1000, Loss: 0.6561463475227356, 
INFO:root:Epoch 203/1000, Loss: 0.7425441741943359, 
INFO:root:Epoch 204/1000, Loss: 0.8206647634506226, 
INFO:root:Epoch 205/1000, Loss: 0.6330649256706238, 
INFO:root:Epoch 206/1000, Loss: 0.8458483815193176, 
INFO:root:Epoch 207/1000, Loss: 0.5458137392997742, 
INFO:root:Epoch 208/1000, Loss: 0.8626949787139893, 
INFO:root:Epoch 209/1000, Loss: 0.8074342608451843, 
INFO:root:Epoch 210/1000, Loss: 0.45953160524368286, 
INFO:root:Epoch 211/1000, Loss: 0.4877113401889801, 
INFO:root:Epoch 212/1000, Loss: 0.6560589671134949, 
INFO:root:Epoch 213/1000, Loss: 0.9251740574836731, 
INFO:root:Epoch 214/1000, Loss: 0.5153346657752991, 
INFO:root:Epoch 215/1000, Loss: 0.7293623089790344, 
INFO:root:Epoch 216/1000, Loss: 0.6442155241966248, 
INFO:root:Epoch 217/1000, Loss: 0.5510424375534058, 
INFO:root:Epoch 218/1000, Loss: 0.4717136025428772, 
INFO:root:Epoch 219/1000, Loss: 0.47819235920906067, 
INFO:root:Epoch 220/1000, Loss: 0.7022888660430908, 
INFO:root:Epoch 221/1000, Loss: 0.5586792230606079, 
INFO:root:Epoch 222/1000, Loss: 0.6151648163795471, 
INFO:root:Epoch 223/1000, Loss: 0.6971580386161804, 
INFO:root:Epoch 224/1000, Loss: 0.6328055262565613, 
INFO:root:Epoch 225/1000, Loss: 0.47212421894073486, 
INFO:root:Epoch 226/1000, Loss: 0.5559415221214294, 
INFO:root:Epoch 227/1000, Loss: 0.6885506510734558, 
INFO:root:Epoch 228/1000, Loss: 0.6494655609130859, 
INFO:root:Epoch 229/1000, Loss: 0.8099940419197083, 
INFO:root:Epoch 230/1000, Loss: 1.0442246198654175, 
INFO:root:Epoch 231/1000, Loss: 0.5093711614608765, 
INFO:root:Epoch 232/1000, Loss: 0.900958776473999, 
INFO:root:Epoch 233/1000, Loss: 0.40608659386634827, 
INFO:root:Epoch 234/1000, Loss: 0.960853636264801, 
INFO:root:Epoch 235/1000, Loss: 0.5525373220443726, 
INFO:root:Epoch 236/1000, Loss: 0.7677639722824097, 
INFO:root:Epoch 237/1000, Loss: 0.6526857614517212, 
INFO:root:Epoch 238/1000, Loss: 1.0582844018936157, 
INFO:root:Epoch 239/1000, Loss: 0.9797168970108032, 
INFO:root:Epoch 240/1000, Loss: 0.7151177525520325, 
INFO:root:Epoch 241/1000, Loss: 0.7026639580726624, 
INFO:root:Epoch 242/1000, Loss: 1.0470072031021118, 
INFO:root:Epoch 243/1000, Loss: 0.5786116719245911, 
INFO:root:Epoch 244/1000, Loss: 0.7095571160316467, 
INFO:root:Epoch 245/1000, Loss: 0.5943630933761597, 
INFO:root:Epoch 246/1000, Loss: 0.8528024554252625, 
INFO:root:Epoch 247/1000, Loss: 0.8789313435554504, 
INFO:root:Epoch 248/1000, Loss: 0.6211437582969666, 
INFO:root:Epoch 249/1000, Loss: 0.732596755027771, 
INFO:root:Epoch 250/1000, Loss: 0.46391329169273376, 
INFO:root:Epoch 251/1000, Loss: 0.8739866018295288, 
INFO:root:Epoch 252/1000, Loss: 0.695719301700592, 
INFO:root:Epoch 253/1000, Loss: 0.9932501316070557, 
INFO:root:Epoch 254/1000, Loss: 0.7279069423675537, 
INFO:root:Epoch 255/1000, Loss: 0.7249637842178345, 
INFO:root:Epoch 256/1000, Loss: 0.6802008748054504, 
INFO:root:Epoch 257/1000, Loss: 0.5207131505012512, 
INFO:root:Epoch 258/1000, Loss: 0.9863508939743042, 
INFO:root:Epoch 259/1000, Loss: 0.8308393359184265, 
INFO:root:Epoch 260/1000, Loss: 0.5249044895172119, 
INFO:root:Epoch 261/1000, Loss: 0.6626603007316589, 
INFO:root:Epoch 262/1000, Loss: 0.6019303798675537, 
INFO:root:Epoch 263/1000, Loss: 0.8519848585128784, 
INFO:root:Epoch 264/1000, Loss: 0.8462417721748352, 
INFO:root:Epoch 265/1000, Loss: 0.8478838801383972, 
INFO:root:Epoch 266/1000, Loss: 0.7195315957069397, 
INFO:root:Epoch 267/1000, Loss: 0.6340020895004272, 
INFO:root:Epoch 268/1000, Loss: 1.0240144729614258, 
INFO:root:Epoch 269/1000, Loss: 0.8046696782112122, 
INFO:root:Epoch 270/1000, Loss: 0.7278740406036377, 
INFO:root:Epoch 271/1000, Loss: 0.921784520149231, 
INFO:root:Epoch 272/1000, Loss: 0.8173888325691223, 
INFO:root:Epoch 273/1000, Loss: 0.6137679219245911, 
INFO:root:Epoch 274/1000, Loss: 0.658717691898346, 
INFO:root:Epoch 275/1000, Loss: 0.6595572829246521, 
INFO:root:Epoch 276/1000, Loss: 0.575587272644043, 
INFO:root:Epoch 277/1000, Loss: 0.7942909598350525, 
INFO:root:Epoch 278/1000, Loss: 0.7380403876304626, 
INFO:root:Epoch 279/1000, Loss: 0.7661811113357544, 
INFO:root:Epoch 280/1000, Loss: 0.82105952501297, 
INFO:root:Epoch 281/1000, Loss: 0.8368426561355591, 
INFO:root:Epoch 282/1000, Loss: 1.0361180305480957, 
INFO:root:Epoch 283/1000, Loss: 0.5848485231399536, 
INFO:root:Epoch 284/1000, Loss: 1.1077485084533691, 
INFO:root:Epoch 285/1000, Loss: 0.5567609071731567, 
INFO:root:Epoch 286/1000, Loss: 0.6353148818016052, 
INFO:root:Epoch 287/1000, Loss: 0.6685605645179749, 
INFO:root:Epoch 288/1000, Loss: 0.6917426586151123, 
INFO:root:Epoch 289/1000, Loss: 1.081358790397644, 
INFO:root:Epoch 290/1000, Loss: 0.5865660309791565, 
INFO:root:Epoch 291/1000, Loss: 0.7228211164474487, 
INFO:root:Epoch 292/1000, Loss: 0.4409639239311218, 
INFO:root:Epoch 293/1000, Loss: 0.686950147151947, 
INFO:root:Epoch 294/1000, Loss: 0.7204523682594299, 
INFO:root:Epoch 295/1000, Loss: 0.8591474890708923, 
INFO:root:Epoch 296/1000, Loss: 0.641147792339325, 
INFO:root:Epoch 297/1000, Loss: 0.8452718257904053, 
INFO:root:Epoch 298/1000, Loss: 0.48259875178337097, 
INFO:root:Epoch 299/1000, Loss: 0.669192910194397, 
INFO:root:Epoch 300/1000, Loss: 0.6279434561729431, 
INFO:root:Epoch 301/1000, Loss: 1.0318458080291748, 
INFO:root:Epoch 302/1000, Loss: 0.6656123399734497, 
INFO:root:Epoch 303/1000, Loss: 0.9469269514083862, 
INFO:root:Epoch 304/1000, Loss: 1.0135762691497803, 
INFO:root:Epoch 305/1000, Loss: 0.9401633143424988, 
INFO:root:Epoch 306/1000, Loss: 0.7827272415161133, 
INFO:root:Epoch 307/1000, Loss: 0.4471246004104614, 
INFO:root:Epoch 308/1000, Loss: 0.5629777908325195, 
INFO:root:Epoch 309/1000, Loss: 0.5344839692115784, 
INFO:root:Epoch 310/1000, Loss: 0.8270511627197266, 
INFO:root:Epoch 311/1000, Loss: 0.6154976487159729, 
INFO:root:Epoch 312/1000, Loss: 0.872661292552948, 
INFO:root:Epoch 313/1000, Loss: 0.7480636835098267, 
INFO:root:Epoch 314/1000, Loss: 0.7108501195907593, 
INFO:root:Epoch 315/1000, Loss: 0.4786350429058075, 
INFO:root:Epoch 316/1000, Loss: 0.70524662733078, 
INFO:root:Epoch 317/1000, Loss: 0.8076348900794983, 
INFO:root:Epoch 318/1000, Loss: 0.37630337476730347, 
INFO:root:Epoch 319/1000, Loss: 0.7260358333587646, 
INFO:root:Epoch 320/1000, Loss: 0.7411826252937317, 
INFO:root:Epoch 321/1000, Loss: 0.5838950872421265, 
INFO:root:Epoch 322/1000, Loss: 0.6992095708847046, 
INFO:root:Epoch 323/1000, Loss: 0.6709463000297546, 
INFO:root:Epoch 324/1000, Loss: 0.5588314533233643, 
INFO:root:Epoch 325/1000, Loss: 0.5655142068862915, 
INFO:root:Epoch 326/1000, Loss: 0.6498262882232666, 
INFO:root:Epoch 327/1000, Loss: 0.6617593765258789, 
INFO:root:Epoch 328/1000, Loss: 0.5655437707901001, 
INFO:root:Epoch 329/1000, Loss: 0.6287963390350342, 
INFO:root:Epoch 330/1000, Loss: 0.7556388974189758, 
INFO:root:Epoch 331/1000, Loss: 0.7148138880729675, 
INFO:root:Epoch 332/1000, Loss: 0.5645974278450012, 
INFO:root:Epoch 333/1000, Loss: 0.6101713180541992, 
INFO:root:Epoch 334/1000, Loss: 0.8393561840057373, 
INFO:root:Epoch 335/1000, Loss: 0.6340805292129517, 
INFO:root:Epoch 336/1000, Loss: 0.7051020264625549, 
INFO:root:Epoch 337/1000, Loss: 0.9300169348716736, 
INFO:root:Epoch 338/1000, Loss: 0.8085451126098633, 
INFO:root:Epoch 339/1000, Loss: 0.9163537621498108, 
INFO:root:Epoch 340/1000, Loss: 1.0438071489334106, 
INFO:root:Epoch 341/1000, Loss: 0.7039913535118103, 
INFO:root:Epoch 342/1000, Loss: 0.9471769332885742, 
INFO:root:Epoch 343/1000, Loss: 0.7084537148475647, 
INFO:root:Epoch 344/1000, Loss: 0.763496994972229, 
INFO:root:Epoch 345/1000, Loss: 0.8012930750846863, 
INFO:root:Epoch 346/1000, Loss: 0.7315965294837952, 
INFO:root:Epoch 347/1000, Loss: 0.9166771173477173, 
INFO:root:Epoch 348/1000, Loss: 0.6312315464019775, 
INFO:root:Epoch 349/1000, Loss: 0.6031030416488647, 
INFO:root:Epoch 350/1000, Loss: 0.6055469512939453, 
INFO:root:Epoch 351/1000, Loss: 0.7364040017127991, 
INFO:root:Epoch 352/1000, Loss: 0.7681165337562561, 
INFO:root:Epoch 353/1000, Loss: 0.6618400812149048, 
INFO:root:Epoch 354/1000, Loss: 1.0212376117706299, 
INFO:root:Epoch 355/1000, Loss: 0.5246540904045105, 
INFO:root:Epoch 356/1000, Loss: 0.8819456696510315, 
INFO:root:Epoch 357/1000, Loss: 0.9401659369468689, 
INFO:root:Epoch 358/1000, Loss: 0.746488630771637, 
INFO:root:Epoch 359/1000, Loss: 0.5190537571907043, 
INFO:root:Epoch 360/1000, Loss: 1.0395967960357666, 
INFO:root:Epoch 361/1000, Loss: 0.4129470884799957, 
INFO:root:Epoch 362/1000, Loss: 0.7724536061286926, 
INFO:root:Epoch 363/1000, Loss: 0.7161235213279724, 
INFO:root:Epoch 364/1000, Loss: 0.729421854019165, 
INFO:root:Epoch 365/1000, Loss: 0.862525224685669, 
INFO:root:Epoch 366/1000, Loss: 0.797191321849823, 
INFO:root:Epoch 367/1000, Loss: 0.8119139075279236, 
INFO:root:Epoch 368/1000, Loss: 0.7909876108169556, 
INFO:root:Epoch 369/1000, Loss: 0.8398105502128601, 
INFO:root:Epoch 370/1000, Loss: 1.3199265003204346, 
INFO:root:Epoch 371/1000, Loss: 0.9837549924850464, 
INFO:root:Epoch 372/1000, Loss: 0.7548505663871765, 
INFO:root:Epoch 373/1000, Loss: 0.7447777986526489, 
INFO:root:Epoch 374/1000, Loss: 0.6612961292266846, 
INFO:root:Epoch 375/1000, Loss: 0.6055248975753784, 
INFO:root:Epoch 376/1000, Loss: 0.7593869566917419, 
INFO:root:Epoch 377/1000, Loss: 0.677220344543457, 
INFO:root:Epoch 378/1000, Loss: 0.6143160462379456, 
INFO:root:Epoch 379/1000, Loss: 0.6439573764801025, 
INFO:root:Epoch 380/1000, Loss: 0.8979257941246033, 
INFO:root:Epoch 381/1000, Loss: 0.7825334668159485, 
INFO:root:Epoch 382/1000, Loss: 0.7487782835960388, 
INFO:root:Epoch 383/1000, Loss: 1.1369128227233887, 
INFO:root:Epoch 384/1000, Loss: 0.8028846979141235, 
INFO:root:Epoch 385/1000, Loss: 0.8310195207595825, 
INFO:root:Epoch 386/1000, Loss: 0.6426144242286682, 
INFO:root:Epoch 387/1000, Loss: 1.0850789546966553, 
INFO:root:Epoch 388/1000, Loss: 0.9881014227867126, 
INFO:root:Epoch 389/1000, Loss: 0.956216037273407, 
INFO:root:Epoch 390/1000, Loss: 1.0540966987609863, 
INFO:root:Epoch 391/1000, Loss: 0.8258395791053772, 
INFO:root:Epoch 392/1000, Loss: 0.7936137318611145, 
INFO:root:Epoch 393/1000, Loss: 0.7771640419960022, 
INFO:root:Epoch 394/1000, Loss: 0.9374069571495056, 
INFO:root:Epoch 395/1000, Loss: 0.6927728056907654, 
INFO:root:Epoch 396/1000, Loss: 0.7199239134788513, 
INFO:root:Epoch 397/1000, Loss: 0.9107497930526733, 
INFO:root:Epoch 398/1000, Loss: 0.8303787112236023, 
INFO:root:Epoch 399/1000, Loss: 0.7436547875404358, 
INFO:root:Epoch 400/1000, Loss: 0.5722023248672485, 
INFO:root:Epoch 401/1000, Loss: 0.8358585238456726, 
INFO:root:Epoch 402/1000, Loss: 0.8998786211013794, 
INFO:root:Epoch 403/1000, Loss: 0.8226255774497986, 
INFO:root:Epoch 404/1000, Loss: 0.6352494955062866, 
INFO:root:Epoch 405/1000, Loss: 1.0821856260299683, 
INFO:root:Epoch 406/1000, Loss: 0.941550612449646, 
INFO:root:Epoch 407/1000, Loss: 0.9494102001190186, 
INFO:root:Epoch 408/1000, Loss: 0.9570893049240112, 
INFO:root:Epoch 409/1000, Loss: 1.4053853750228882, 
INFO:root:Epoch 410/1000, Loss: 0.9534563422203064, 
INFO:root:Epoch 411/1000, Loss: 0.7794467210769653, 
INFO:root:Epoch 412/1000, Loss: 0.7908295392990112, 
INFO:root:Epoch 413/1000, Loss: 0.7380216121673584, 
INFO:root:Epoch 414/1000, Loss: 1.2182773351669312, 
INFO:root:Epoch 415/1000, Loss: 1.0190454721450806, 
INFO:root:Epoch 416/1000, Loss: 0.9059504270553589, 
INFO:root:Epoch 417/1000, Loss: 1.1269203424453735, 
INFO:root:Epoch 418/1000, Loss: 1.2921277284622192, 
INFO:root:Epoch 419/1000, Loss: 1.1591731309890747, 
INFO:root:Epoch 420/1000, Loss: 1.0185739994049072, 
INFO:root:Epoch 421/1000, Loss: 0.9857011437416077, 
INFO:root:Epoch 422/1000, Loss: 0.9922670722007751, 
INFO:root:Epoch 423/1000, Loss: 0.8227111101150513, 
INFO:root:Epoch 424/1000, Loss: 1.0524393320083618, 
INFO:root:Epoch 425/1000, Loss: 0.6679958701133728, 
INFO:root:Epoch 426/1000, Loss: 0.9043204188346863, 
INFO:root:Epoch 427/1000, Loss: 0.45098814368247986, 
INFO:root:Epoch 428/1000, Loss: 0.7528126239776611, 
INFO:root:Epoch 429/1000, Loss: 0.754680871963501, 
INFO:root:Epoch 430/1000, Loss: 0.7447776198387146, 
INFO:root:Epoch 431/1000, Loss: 0.7931991219520569, 
INFO:root:Epoch 432/1000, Loss: 0.8165425658226013, 
INFO:root:Epoch 433/1000, Loss: 1.2356302738189697, 
INFO:root:Epoch 434/1000, Loss: 0.8806873559951782, 
INFO:root:Epoch 435/1000, Loss: 0.609365701675415, 
INFO:root:Epoch 436/1000, Loss: 0.9288113713264465, 
INFO:root:Epoch 437/1000, Loss: 0.857572615146637, 
INFO:root:Epoch 438/1000, Loss: 0.9447100758552551, 
INFO:root:Epoch 439/1000, Loss: 0.8458518385887146, 
INFO:root:Epoch 440/1000, Loss: 0.5436677932739258, 
INFO:root:Epoch 441/1000, Loss: 1.1545616388320923, 
INFO:root:Epoch 442/1000, Loss: 0.6395795345306396, 
INFO:root:Epoch 443/1000, Loss: 1.0633831024169922, 
INFO:root:Epoch 444/1000, Loss: 0.8166493773460388, 
INFO:root:Epoch 445/1000, Loss: 0.8741919994354248, 
INFO:root:Epoch 446/1000, Loss: 0.9201587438583374, 
INFO:root:Epoch 447/1000, Loss: 0.8324078321456909, 
INFO:root:Epoch 448/1000, Loss: 1.000559687614441, 
INFO:root:Epoch 449/1000, Loss: 0.7901585698127747, 
INFO:root:Epoch 450/1000, Loss: 0.6152839660644531, 
INFO:root:Epoch 451/1000, Loss: 0.6774331331253052, 
INFO:root:Epoch 452/1000, Loss: 0.6150544285774231, 
INFO:root:Epoch 453/1000, Loss: 0.8995618224143982, 
INFO:root:Epoch 454/1000, Loss: 0.6490257978439331, 
INFO:root:Epoch 455/1000, Loss: 0.9915338158607483, 
INFO:root:Epoch 456/1000, Loss: 0.8624058365821838, 
INFO:root:Epoch 457/1000, Loss: 0.8893595933914185, 
INFO:root:Epoch 458/1000, Loss: 0.8944608569145203, 
INFO:root:Epoch 459/1000, Loss: 1.0679075717926025, 
INFO:root:Epoch 460/1000, Loss: 0.807155191898346, 
INFO:root:Epoch 461/1000, Loss: 0.9039419889450073, 
INFO:root:Epoch 462/1000, Loss: 0.7336215376853943, 
INFO:root:Epoch 463/1000, Loss: 1.0196328163146973, 
INFO:root:Epoch 464/1000, Loss: 1.1376010179519653, 
INFO:root:Epoch 465/1000, Loss: 1.0694268941879272, 
INFO:root:Epoch 466/1000, Loss: 1.0183988809585571, 
INFO:root:Epoch 467/1000, Loss: 1.2064311504364014, 
INFO:root:Epoch 468/1000, Loss: 0.7654797434806824, 
INFO:root:Epoch 469/1000, Loss: 0.8833196759223938, 
INFO:root:Epoch 470/1000, Loss: 0.45401784777641296, 
INFO:root:Epoch 471/1000, Loss: 0.4523879289627075, 
INFO:root:Epoch 472/1000, Loss: 0.9724594950675964, 
INFO:root:Epoch 473/1000, Loss: 1.1858103275299072, 
INFO:root:Epoch 474/1000, Loss: 0.9046158194541931, 
INFO:root:Epoch 475/1000, Loss: 0.6602327227592468, 
INFO:root:Epoch 476/1000, Loss: 0.99786776304245, 
INFO:root:Epoch 477/1000, Loss: 0.7912464737892151, 
INFO:root:Epoch 478/1000, Loss: 0.7904922366142273, 
INFO:root:Epoch 479/1000, Loss: 1.0876595973968506, 
INFO:root:Epoch 480/1000, Loss: 0.7024117708206177, 
INFO:root:Epoch 481/1000, Loss: 0.5836864113807678, 
INFO:root:Epoch 482/1000, Loss: 0.9253042340278625, 
INFO:root:Epoch 483/1000, Loss: 0.9588900208473206, 
INFO:root:Epoch 484/1000, Loss: 1.5465070009231567, 
INFO:root:Epoch 485/1000, Loss: 0.5860955715179443, 
INFO:root:Epoch 486/1000, Loss: 1.1003780364990234, 
INFO:root:Epoch 487/1000, Loss: 0.5700933933258057, 
INFO:root:Epoch 488/1000, Loss: 0.8431925177574158, 
INFO:root:Epoch 489/1000, Loss: 0.9298754930496216, 
INFO:root:Epoch 490/1000, Loss: 0.9225159883499146, 
INFO:root:Epoch 491/1000, Loss: 0.86072838306427, 
INFO:root:Epoch 492/1000, Loss: 0.9763897657394409, 
INFO:root:Epoch 493/1000, Loss: 0.8988506197929382, 
INFO:root:Epoch 494/1000, Loss: 1.2252620458602905, 
INFO:root:Epoch 495/1000, Loss: 1.0707767009735107, 
INFO:root:Epoch 496/1000, Loss: 0.9094095230102539, 
INFO:root:Epoch 497/1000, Loss: 1.1350926160812378, 
INFO:root:Epoch 498/1000, Loss: 1.3096734285354614, 
INFO:root:Epoch 499/1000, Loss: 1.0833981037139893, 
INFO:root:Epoch 500/1000, Loss: 0.9255797266960144, 
INFO:root:Epoch 501/1000, Loss: 0.6445719003677368, 
INFO:root:Epoch 502/1000, Loss: 0.925640344619751, 
INFO:root:Epoch 503/1000, Loss: 1.0057646036148071, 
INFO:root:Epoch 504/1000, Loss: 1.1164093017578125, 
INFO:root:Epoch 505/1000, Loss: 0.8921773433685303, 
INFO:root:Epoch 506/1000, Loss: 1.0234936475753784, 
INFO:root:Epoch 507/1000, Loss: 0.4166586995124817, 
INFO:root:Epoch 508/1000, Loss: 0.7964980006217957, 
INFO:root:Epoch 509/1000, Loss: 0.8846887946128845, 
INFO:root:Epoch 510/1000, Loss: 1.1786404848098755, 
INFO:root:Epoch 511/1000, Loss: 0.972550094127655, 
INFO:root:Epoch 512/1000, Loss: 1.2003083229064941, 
INFO:root:Epoch 513/1000, Loss: 0.6191211938858032, 
INFO:root:Epoch 514/1000, Loss: 0.6750177145004272, 
INFO:root:Epoch 515/1000, Loss: 0.8675416111946106, 
INFO:root:Epoch 516/1000, Loss: 1.0112899541854858, 
INFO:root:Epoch 517/1000, Loss: 0.7513942718505859, 
INFO:root:Epoch 518/1000, Loss: 0.7876344323158264, 
INFO:root:Epoch 519/1000, Loss: 1.0348353385925293, 
INFO:root:Epoch 520/1000, Loss: 1.1131885051727295, 
INFO:root:Epoch 521/1000, Loss: 0.9784181118011475, 
INFO:root:Epoch 522/1000, Loss: 0.7943936586380005, 
INFO:root:Epoch 523/1000, Loss: 1.0529429912567139, 
INFO:root:Epoch 524/1000, Loss: 0.9176372289657593, 
INFO:root:Epoch 525/1000, Loss: 1.4806772470474243, 
INFO:root:Epoch 526/1000, Loss: 0.7004832625389099, 
INFO:root:Epoch 527/1000, Loss: 0.8521159887313843, 
INFO:root:Epoch 528/1000, Loss: 1.137189269065857, 
INFO:root:Epoch 529/1000, Loss: 1.0881037712097168, 
INFO:root:Epoch 530/1000, Loss: 0.8864056468009949, 
INFO:root:Epoch 531/1000, Loss: 0.9735589623451233, 
INFO:root:Epoch 532/1000, Loss: 0.6970064640045166, 
INFO:root:Epoch 533/1000, Loss: 1.4152562618255615, 
INFO:root:Epoch 534/1000, Loss: 0.8048213720321655, 
INFO:root:Epoch 535/1000, Loss: 0.9840410947799683, 
INFO:root:Epoch 536/1000, Loss: 1.195192575454712, 
INFO:root:Epoch 537/1000, Loss: 0.4500299096107483, 
INFO:root:Epoch 538/1000, Loss: 1.0351972579956055, 
INFO:root:Epoch 539/1000, Loss: 0.6027594804763794, 
INFO:root:Epoch 540/1000, Loss: 1.586389422416687, 
INFO:root:Epoch 541/1000, Loss: 1.5586522817611694, 
INFO:root:Epoch 542/1000, Loss: 0.8852818012237549, 
INFO:root:Epoch 543/1000, Loss: 1.130105972290039, 
INFO:root:Epoch 544/1000, Loss: 0.8566209673881531, 
INFO:root:Epoch 545/1000, Loss: 0.8613080382347107, 
INFO:root:Epoch 546/1000, Loss: 0.8118679523468018, 
INFO:root:Epoch 547/1000, Loss: 0.7539739012718201, 
INFO:root:Epoch 548/1000, Loss: 0.7630560994148254, 
INFO:root:Epoch 549/1000, Loss: 1.118100881576538, 
INFO:root:Epoch 550/1000, Loss: 1.0076820850372314, 
INFO:root:Epoch 551/1000, Loss: 1.0916181802749634, 
INFO:root:Epoch 552/1000, Loss: 0.9938667416572571, 
INFO:root:Epoch 553/1000, Loss: 0.9756511449813843, 
INFO:root:Epoch 554/1000, Loss: 0.9307697415351868, 
INFO:root:Epoch 555/1000, Loss: 1.1270893812179565, 
INFO:root:Epoch 556/1000, Loss: 0.9015045166015625, 
INFO:root:Epoch 557/1000, Loss: 0.483927845954895, 
INFO:root:Epoch 558/1000, Loss: 1.0861631631851196, 
INFO:root:Epoch 559/1000, Loss: 0.8950315713882446, 
INFO:root:Epoch 560/1000, Loss: 0.9490963220596313, 
INFO:root:Epoch 561/1000, Loss: 0.8695498704910278, 
INFO:root:Epoch 562/1000, Loss: 0.9191281795501709, 
INFO:root:Epoch 563/1000, Loss: 0.6275461912155151, 
INFO:root:Epoch 564/1000, Loss: 1.0775704383850098, 
INFO:root:Epoch 565/1000, Loss: 0.7139269709587097, 
INFO:root:Epoch 566/1000, Loss: 1.0571178197860718, 
INFO:root:Epoch 567/1000, Loss: 0.9015710353851318, 
INFO:root:Epoch 568/1000, Loss: 0.7791850566864014, 
INFO:root:Epoch 569/1000, Loss: 1.262848973274231, 
INFO:root:Epoch 570/1000, Loss: 0.7444416880607605, 
INFO:root:Epoch 571/1000, Loss: 0.9852803945541382, 
INFO:root:Epoch 572/1000, Loss: 0.885421097278595, 
INFO:root:Epoch 573/1000, Loss: 1.0290125608444214, 
INFO:root:Epoch 574/1000, Loss: 0.6727520227432251, 
INFO:root:Epoch 575/1000, Loss: 0.7716479897499084, 
INFO:root:Epoch 576/1000, Loss: 0.9568483233451843, 
INFO:root:Epoch 577/1000, Loss: 0.9508984088897705, 
INFO:root:Epoch 578/1000, Loss: 1.1079485416412354, 
INFO:root:Epoch 579/1000, Loss: 1.091882586479187, 
INFO:root:Epoch 580/1000, Loss: 1.0263832807540894, 
INFO:root:Epoch 581/1000, Loss: 1.1036418676376343, 
INFO:root:Epoch 582/1000, Loss: 0.7855662107467651, 
INFO:root:Epoch 583/1000, Loss: 0.77668297290802, 
INFO:root:Epoch 584/1000, Loss: 0.5601697564125061, 
INFO:root:Epoch 585/1000, Loss: 0.8727096319198608, 
INFO:root:Epoch 586/1000, Loss: 1.1475586891174316, 
INFO:root:Epoch 587/1000, Loss: 0.6764872074127197, 
INFO:root:Epoch 588/1000, Loss: 1.0220013856887817, 
INFO:root:Epoch 589/1000, Loss: 0.67778080701828, 
INFO:root:Epoch 590/1000, Loss: 0.8166577816009521, 
INFO:root:Epoch 591/1000, Loss: 0.9539552330970764, 
INFO:root:Epoch 592/1000, Loss: 0.9912794232368469, 
INFO:root:Epoch 593/1000, Loss: 0.5572655200958252, 
INFO:root:Epoch 594/1000, Loss: 1.1175333261489868, 
INFO:root:Epoch 595/1000, Loss: 0.7648221850395203, 
INFO:root:Epoch 596/1000, Loss: 0.9088629484176636, 
INFO:root:Epoch 597/1000, Loss: 1.1911896467208862, 
INFO:root:Epoch 598/1000, Loss: 0.48540088534355164, 
INFO:root:Epoch 599/1000, Loss: 1.0487323999404907, 
INFO:root:Epoch 600/1000, Loss: 1.0064775943756104, 
INFO:root:Epoch 601/1000, Loss: 0.6739730834960938, 
INFO:root:Epoch 602/1000, Loss: 1.117856740951538, 
INFO:root:Epoch 603/1000, Loss: 0.8888600468635559, 
INFO:root:Epoch 604/1000, Loss: 1.0610910654067993, 
INFO:root:Epoch 605/1000, Loss: 0.7269237041473389, 
INFO:root:Epoch 606/1000, Loss: 0.8733318448066711, 
INFO:root:Epoch 607/1000, Loss: 1.1013062000274658, 
INFO:root:Epoch 608/1000, Loss: 0.9874230623245239, 
INFO:root:Epoch 609/1000, Loss: 0.8005639910697937, 
INFO:root:Epoch 610/1000, Loss: 1.0661060810089111, 
INFO:root:Epoch 611/1000, Loss: 0.6228761672973633, 
INFO:root:Epoch 612/1000, Loss: 0.9620361328125, 
INFO:root:Epoch 613/1000, Loss: 1.3458704948425293, 
INFO:root:Epoch 614/1000, Loss: 1.095070242881775, 
INFO:root:Epoch 615/1000, Loss: 0.8672204613685608, 
INFO:root:Epoch 616/1000, Loss: 0.5982002019882202, 
INFO:root:Epoch 617/1000, Loss: 1.0119682550430298, 
INFO:root:Epoch 618/1000, Loss: 0.5970644354820251, 
INFO:root:Epoch 619/1000, Loss: 1.048783779144287, 
INFO:root:Epoch 620/1000, Loss: 0.7828816771507263, 
INFO:root:Epoch 621/1000, Loss: 1.0079889297485352, 
INFO:root:Epoch 622/1000, Loss: 0.7872665524482727, 
INFO:root:Epoch 623/1000, Loss: 1.0142383575439453, 
INFO:root:Epoch 624/1000, Loss: 1.1197640895843506, 
INFO:root:Epoch 625/1000, Loss: 1.2963119745254517, 
INFO:root:Epoch 626/1000, Loss: 1.4080110788345337, 
INFO:root:Epoch 627/1000, Loss: 1.5224553346633911, 
INFO:root:Epoch 628/1000, Loss: 2.740610361099243, 
INFO:root:Epoch 629/1000, Loss: 0.8746610879898071, 
INFO:root:Epoch 630/1000, Loss: 1.5961298942565918, 
INFO:root:Epoch 631/1000, Loss: 0.7281405329704285, 
INFO:root:Epoch 632/1000, Loss: 0.9774006605148315, 
INFO:root:Epoch 633/1000, Loss: 1.2948063611984253, 
INFO:root:Epoch 634/1000, Loss: 1.3113583326339722, 
INFO:root:Epoch 635/1000, Loss: 1.0185205936431885, 
INFO:root:Epoch 636/1000, Loss: 1.362181544303894, 
INFO:root:Epoch 637/1000, Loss: 1.1420022249221802, 
INFO:root:Epoch 638/1000, Loss: 0.9451019763946533, 
INFO:root:Epoch 639/1000, Loss: 1.2927764654159546, 
INFO:root:Epoch 640/1000, Loss: 1.1888458728790283, 
INFO:root:Epoch 641/1000, Loss: 1.197767734527588, 
INFO:root:Epoch 642/1000, Loss: 1.514064073562622, 
INFO:root:Epoch 643/1000, Loss: 1.1360427141189575, 
INFO:root:Epoch 644/1000, Loss: 0.6588426828384399, 
INFO:root:Epoch 645/1000, Loss: 1.409515142440796, 
INFO:root:Epoch 646/1000, Loss: 1.3476866483688354, 
INFO:root:Epoch 647/1000, Loss: 0.7543405294418335, 
INFO:root:Epoch 648/1000, Loss: 1.0961265563964844, 
INFO:root:Epoch 649/1000, Loss: 0.7546553015708923, 
INFO:root:Epoch 650/1000, Loss: 1.1406768560409546, 
INFO:root:Epoch 651/1000, Loss: 1.0309568643569946, 
INFO:root:Epoch 652/1000, Loss: 0.6680649518966675, 
INFO:root:Epoch 653/1000, Loss: 1.1211107969284058, 
INFO:root:Epoch 654/1000, Loss: 1.088897943496704, 
INFO:root:Epoch 655/1000, Loss: 1.3824288845062256, 
INFO:root:Epoch 656/1000, Loss: 0.8938111066818237, 
INFO:root:Epoch 657/1000, Loss: 1.1783109903335571, 
INFO:root:Epoch 658/1000, Loss: 0.5157589316368103, 
INFO:root:Epoch 659/1000, Loss: 1.1297019720077515, 
INFO:root:Epoch 660/1000, Loss: 1.1720433235168457, 
INFO:root:Epoch 661/1000, Loss: 1.0995900630950928, 
INFO:root:Epoch 662/1000, Loss: 1.6494988203048706, 
INFO:root:Epoch 663/1000, Loss: 0.7769418954849243, 
INFO:root:Epoch 664/1000, Loss: 1.066184639930725, 
INFO:root:Epoch 665/1000, Loss: 1.0837668180465698, 
INFO:root:Epoch 666/1000, Loss: 0.8203239440917969, 
INFO:root:Epoch 667/1000, Loss: 0.8632037043571472, 
INFO:root:Epoch 668/1000, Loss: 0.7001659870147705, 
INFO:root:Epoch 669/1000, Loss: 0.7123311161994934, 
INFO:root:Epoch 670/1000, Loss: 1.0283211469650269, 
INFO:root:Epoch 671/1000, Loss: 0.6980173587799072, 
INFO:root:Epoch 672/1000, Loss: 0.7998908162117004, 
INFO:root:Epoch 673/1000, Loss: 0.9419744610786438, 
INFO:root:Epoch 674/1000, Loss: 1.037278413772583, 
INFO:root:Epoch 675/1000, Loss: 0.8658605217933655, 
INFO:root:Epoch 676/1000, Loss: 1.5550791025161743, 
INFO:root:Epoch 677/1000, Loss: 0.7268213033676147, 
INFO:root:Epoch 678/1000, Loss: 1.567769169807434, 
INFO:root:Epoch 679/1000, Loss: 0.6405887603759766, 
INFO:root:Epoch 680/1000, Loss: 0.7722482085227966, 
INFO:root:Epoch 681/1000, Loss: 1.0554207563400269, 
INFO:root:Epoch 682/1000, Loss: 1.358939528465271, 
INFO:root:Epoch 683/1000, Loss: 1.0910006761550903, 
INFO:root:Epoch 684/1000, Loss: 1.0441442728042603, 
INFO:root:Epoch 685/1000, Loss: 1.2535969018936157, 
INFO:root:Epoch 686/1000, Loss: 0.908086895942688, 
INFO:root:Epoch 687/1000, Loss: 0.6872882843017578, 
INFO:root:Epoch 688/1000, Loss: 0.8789253830909729, 
INFO:root:Epoch 689/1000, Loss: 0.8836381435394287, 
INFO:root:Epoch 690/1000, Loss: 0.9473930597305298, 
INFO:root:Epoch 691/1000, Loss: 1.250935673713684, 
INFO:root:Epoch 692/1000, Loss: 0.9142249226570129, 
INFO:root:Epoch 693/1000, Loss: 0.9117214679718018, 
INFO:root:Epoch 694/1000, Loss: 0.7734727263450623, 
INFO:root:Epoch 695/1000, Loss: 0.9444603323936462, 
INFO:root:Epoch 696/1000, Loss: 1.1715885400772095, 
INFO:root:Epoch 697/1000, Loss: 1.2827122211456299, 
INFO:root:Epoch 698/1000, Loss: 0.8810686469078064, 
INFO:root:Epoch 699/1000, Loss: 0.6766863465309143, 
INFO:root:Epoch 700/1000, Loss: 1.0159895420074463, 
INFO:root:Epoch 701/1000, Loss: 0.8456964492797852, 
INFO:root:Epoch 702/1000, Loss: 0.9450019001960754, 
INFO:root:Epoch 703/1000, Loss: 1.0250693559646606, 
INFO:root:Epoch 704/1000, Loss: 0.7781369686126709, 
INFO:root:Epoch 705/1000, Loss: 1.1322021484375, 
INFO:root:Epoch 706/1000, Loss: 0.8495579957962036, 
INFO:root:Epoch 707/1000, Loss: 0.7152287364006042, 
INFO:root:Epoch 708/1000, Loss: 0.6495088338851929, 
INFO:root:Epoch 709/1000, Loss: 0.8441998958587646, 
INFO:root:Epoch 710/1000, Loss: 0.6304172277450562, 
INFO:root:Epoch 711/1000, Loss: 0.7420137524604797, 
INFO:root:Epoch 712/1000, Loss: 1.0870505571365356, 
INFO:root:Epoch 713/1000, Loss: 0.981593906879425, 
INFO:root:Epoch 714/1000, Loss: 0.8216953873634338, 
INFO:root:Epoch 715/1000, Loss: 0.88470059633255, 
INFO:root:Epoch 716/1000, Loss: 0.5791996717453003, 
INFO:root:Epoch 717/1000, Loss: 0.8087614178657532, 
INFO:root:Epoch 718/1000, Loss: 1.083065390586853, 
INFO:root:Epoch 719/1000, Loss: 0.5152061581611633, 
INFO:root:Epoch 720/1000, Loss: 1.1585211753845215, 
INFO:root:Epoch 721/1000, Loss: 0.9210662841796875, 
INFO:root:Epoch 722/1000, Loss: 0.769943356513977, 
INFO:root:Epoch 723/1000, Loss: 1.2156020402908325, 
INFO:root:Epoch 724/1000, Loss: 0.7970552444458008, 
INFO:root:Epoch 725/1000, Loss: 0.8962841033935547, 
INFO:root:Epoch 726/1000, Loss: 0.8754045963287354, 
INFO:root:Epoch 727/1000, Loss: 0.7611677646636963, 
INFO:root:Epoch 728/1000, Loss: 1.1327767372131348, 
INFO:root:Epoch 729/1000, Loss: 1.1279990673065186, 
INFO:root:Epoch 730/1000, Loss: 0.4670746922492981, 
INFO:root:Epoch 731/1000, Loss: 0.35405322909355164, 
INFO:root:Epoch 732/1000, Loss: 0.9364691376686096, 
INFO:root:Epoch 733/1000, Loss: 1.082878828048706, 
INFO:root:Epoch 734/1000, Loss: 0.6836855411529541, 
INFO:root:Epoch 735/1000, Loss: 0.7759994864463806, 
INFO:root:Epoch 736/1000, Loss: 0.6997073888778687, 
INFO:root:Epoch 737/1000, Loss: 1.221467137336731, 
INFO:root:Epoch 738/1000, Loss: 1.2374621629714966, 
INFO:root:Epoch 739/1000, Loss: 1.249846339225769, 
INFO:root:Epoch 740/1000, Loss: 0.9030017256736755, 
INFO:root:Epoch 741/1000, Loss: 0.6532377600669861, 
INFO:root:Epoch 742/1000, Loss: 1.0003092288970947, 
INFO:root:Epoch 743/1000, Loss: 0.7842857837677002, 
INFO:root:Epoch 744/1000, Loss: 0.7740354537963867, 
INFO:root:Epoch 745/1000, Loss: 0.6497069597244263, 
INFO:root:Epoch 746/1000, Loss: 1.4565099477767944, 
INFO:root:Epoch 747/1000, Loss: 0.8415994048118591, 
INFO:root:Epoch 748/1000, Loss: 1.1714016199111938, 
INFO:root:Epoch 749/1000, Loss: 0.9630651473999023, 
INFO:root:Epoch 750/1000, Loss: 1.3116353750228882, 
INFO:root:Epoch 751/1000, Loss: 1.0005824565887451, 
INFO:root:Epoch 752/1000, Loss: 0.6113516092300415, 
INFO:root:Epoch 753/1000, Loss: 0.6627286076545715, 
INFO:root:Epoch 754/1000, Loss: 1.0293158292770386, 
INFO:root:Epoch 755/1000, Loss: 1.1329636573791504, 
INFO:root:Epoch 756/1000, Loss: 0.8085115551948547, 
INFO:root:Epoch 757/1000, Loss: 0.829685628414154, 
INFO:root:Epoch 758/1000, Loss: 1.1507372856140137, 
INFO:root:Epoch 759/1000, Loss: 0.9614372253417969, 
INFO:root:Epoch 760/1000, Loss: 0.8124071359634399, 
INFO:root:Epoch 761/1000, Loss: 0.7986825108528137, 
INFO:root:Epoch 762/1000, Loss: 0.618739902973175, 
INFO:root:Epoch 763/1000, Loss: 1.1227163076400757, 
INFO:root:Epoch 764/1000, Loss: 1.1356078386306763, 
INFO:root:Epoch 765/1000, Loss: 1.2582778930664062, 
INFO:root:Epoch 766/1000, Loss: 1.0030603408813477, 
INFO:root:Epoch 767/1000, Loss: 0.9855658411979675, 
INFO:root:Epoch 768/1000, Loss: 0.954527735710144, 
INFO:root:Epoch 769/1000, Loss: 0.7932506203651428, 
INFO:root:Epoch 770/1000, Loss: 1.1572200059890747, 
INFO:root:Epoch 771/1000, Loss: 1.3725547790527344, 
INFO:root:Epoch 772/1000, Loss: 0.5666436553001404, 
INFO:root:Epoch 773/1000, Loss: 1.761730670928955, 
INFO:root:Epoch 774/1000, Loss: 0.5506781935691833, 
INFO:root:Epoch 775/1000, Loss: 1.0409636497497559, 
INFO:root:Epoch 776/1000, Loss: 1.3593342304229736, 
INFO:root:Epoch 777/1000, Loss: 0.6211064457893372, 
INFO:root:Epoch 778/1000, Loss: 0.9020017981529236, 
INFO:root:Epoch 779/1000, Loss: 0.9418811798095703, 
INFO:root:Epoch 780/1000, Loss: 0.8595296144485474, 
INFO:root:Epoch 781/1000, Loss: 1.0114243030548096, 
INFO:root:Epoch 782/1000, Loss: 0.7115347385406494, 
INFO:root:Epoch 783/1000, Loss: 1.7144252061843872, 
INFO:root:Epoch 784/1000, Loss: 1.022442102432251, 
INFO:root:Epoch 785/1000, Loss: 0.9086153507232666, 
INFO:root:Epoch 786/1000, Loss: 1.2349746227264404, 
INFO:root:Epoch 787/1000, Loss: 1.4392329454421997, 
INFO:root:Epoch 788/1000, Loss: 0.9132213592529297, 
INFO:root:Epoch 789/1000, Loss: 0.40213778614997864, 
INFO:root:Epoch 790/1000, Loss: 1.0270432233810425, 
INFO:root:Epoch 791/1000, Loss: 1.1487728357315063, 
INFO:root:Epoch 792/1000, Loss: 0.7658451795578003, 
INFO:root:Epoch 793/1000, Loss: 1.1115542650222778, 
INFO:root:Epoch 794/1000, Loss: 1.0946468114852905, 
INFO:root:Epoch 795/1000, Loss: 1.0346771478652954, 
INFO:root:Epoch 796/1000, Loss: 0.9242738485336304, 
INFO:root:Epoch 797/1000, Loss: 0.9098756313323975, 
INFO:root:Epoch 798/1000, Loss: 1.1134825944900513, 
INFO:root:Epoch 799/1000, Loss: 0.9009128212928772, 
INFO:root:Epoch 800/1000, Loss: 0.9380138516426086, 
INFO:root:Epoch 801/1000, Loss: 1.1953165531158447, 
INFO:root:Epoch 802/1000, Loss: 1.0879204273223877, 
INFO:root:Epoch 803/1000, Loss: 1.3726329803466797, 
INFO:root:Epoch 804/1000, Loss: 1.2442792654037476, 
INFO:root:Epoch 805/1000, Loss: 0.931774914264679, 
INFO:root:Epoch 806/1000, Loss: 1.145554780960083, 
INFO:root:Epoch 807/1000, Loss: 1.0411547422409058, 
INFO:root:Epoch 808/1000, Loss: 1.3009048700332642, 
INFO:root:Epoch 809/1000, Loss: 1.202363133430481, 
INFO:root:Epoch 810/1000, Loss: 1.1215733289718628, 
INFO:root:Epoch 811/1000, Loss: 1.1898417472839355, 
INFO:root:Epoch 812/1000, Loss: 1.1064096689224243, 
INFO:root:Epoch 813/1000, Loss: 0.8474291563034058, 
INFO:root:Epoch 814/1000, Loss: 0.780543327331543, 
INFO:root:Epoch 815/1000, Loss: 0.8185674548149109, 
INFO:root:Epoch 816/1000, Loss: 1.0681403875350952, 
INFO:root:Epoch 817/1000, Loss: 1.3828470706939697, 
INFO:root:Epoch 818/1000, Loss: 0.7125508785247803, 
INFO:root:Epoch 819/1000, Loss: 1.458978295326233, 
INFO:root:Epoch 820/1000, Loss: 0.9998281598091125, 
INFO:root:Epoch 821/1000, Loss: 1.292112946510315, 
INFO:root:Epoch 822/1000, Loss: 0.7472198009490967, 
INFO:root:Epoch 823/1000, Loss: 1.1287819147109985, 
INFO:root:Epoch 824/1000, Loss: 0.9366781115531921, 
INFO:root:Epoch 825/1000, Loss: 1.0866013765335083, 
INFO:root:Epoch 826/1000, Loss: 1.1654495000839233, 
INFO:root:Epoch 827/1000, Loss: 1.2506861686706543, 
INFO:root:Epoch 828/1000, Loss: 0.7888758182525635, 
INFO:root:Epoch 829/1000, Loss: 1.1570626497268677, 
INFO:root:Epoch 830/1000, Loss: 0.9098791480064392, 
INFO:root:Epoch 831/1000, Loss: 0.8899945616722107, 
INFO:root:Epoch 832/1000, Loss: 0.9198350310325623, 
INFO:root:Epoch 833/1000, Loss: 1.019840955734253, 
INFO:root:Epoch 834/1000, Loss: 1.0226333141326904, 
INFO:root:Epoch 835/1000, Loss: 1.284656286239624, 
INFO:root:Epoch 836/1000, Loss: 1.3673474788665771, 
INFO:root:Epoch 837/1000, Loss: 1.0603865385055542, 
INFO:root:Epoch 838/1000, Loss: 1.293358325958252, 
INFO:root:Epoch 839/1000, Loss: 1.438077449798584, 
INFO:root:Epoch 840/1000, Loss: 0.7743828296661377, 
INFO:root:Epoch 841/1000, Loss: 0.8435481786727905, 
INFO:root:Epoch 842/1000, Loss: 1.6134846210479736, 
INFO:root:Epoch 843/1000, Loss: 1.104479432106018, 
INFO:root:Epoch 844/1000, Loss: 0.8050830960273743, 
INFO:root:Epoch 845/1000, Loss: 0.9796169400215149, 
INFO:root:Epoch 846/1000, Loss: 0.7575323581695557, 
INFO:root:Epoch 847/1000, Loss: 1.232113242149353, 
INFO:root:Epoch 848/1000, Loss: 0.9045684933662415, 
INFO:root:Epoch 849/1000, Loss: 1.0515528917312622, 
INFO:root:Epoch 850/1000, Loss: 1.0978763103485107, 
INFO:root:Epoch 851/1000, Loss: 0.9690811038017273, 
INFO:root:Epoch 852/1000, Loss: 1.1187803745269775, 
INFO:root:Epoch 853/1000, Loss: 0.9439441561698914, 
INFO:root:Epoch 854/1000, Loss: 1.1459280252456665, 
INFO:root:Epoch 855/1000, Loss: 1.1160839796066284, 
INFO:root:Epoch 856/1000, Loss: 1.139312744140625, 
INFO:root:Epoch 857/1000, Loss: 1.0401302576065063, 
INFO:root:Epoch 858/1000, Loss: 1.7533246278762817, 
INFO:root:Epoch 859/1000, Loss: 1.0386786460876465, 
INFO:root:Epoch 860/1000, Loss: 1.410260796546936, 
INFO:root:Epoch 861/1000, Loss: 0.64668869972229, 
INFO:root:Epoch 862/1000, Loss: 1.0536202192306519, 
INFO:root:Epoch 863/1000, Loss: 0.7224984765052795, 
INFO:root:Epoch 864/1000, Loss: 1.3388289213180542, 
INFO:root:Epoch 865/1000, Loss: 0.9861820340156555, 
INFO:root:Epoch 866/1000, Loss: 0.6209465265274048, 
INFO:root:Epoch 867/1000, Loss: 1.6271644830703735, 
INFO:root:Epoch 868/1000, Loss: 0.9030296802520752, 
INFO:root:Epoch 869/1000, Loss: 1.0563987493515015, 
INFO:root:Epoch 870/1000, Loss: 1.3073712587356567, 
INFO:root:Epoch 871/1000, Loss: 1.0059047937393188, 
INFO:root:Epoch 872/1000, Loss: 0.9062665104866028, 
INFO:root:Epoch 873/1000, Loss: 1.1526567935943604, 
INFO:root:Epoch 874/1000, Loss: 1.413679838180542, 
INFO:root:Epoch 875/1000, Loss: 1.3788917064666748, 
INFO:root:Epoch 876/1000, Loss: 0.7471752166748047, 
INFO:root:Epoch 877/1000, Loss: 1.0383822917938232, 
INFO:root:Epoch 878/1000, Loss: 1.2509765625, 
INFO:root:Epoch 879/1000, Loss: 1.1585345268249512, 
INFO:root:Epoch 880/1000, Loss: 1.3911001682281494, 
INFO:root:Epoch 881/1000, Loss: 0.9210264682769775, 
INFO:root:Epoch 882/1000, Loss: 1.3270474672317505, 
INFO:root:Epoch 883/1000, Loss: 0.9106795787811279, 
INFO:root:Epoch 884/1000, Loss: 1.0218346118927002, 
INFO:root:Epoch 885/1000, Loss: 1.0975383520126343, 
INFO:root:Epoch 886/1000, Loss: 1.3297386169433594, 
INFO:root:Epoch 887/1000, Loss: 1.0965632200241089, 
INFO:root:Epoch 888/1000, Loss: 1.2216812372207642, 
INFO:root:Epoch 889/1000, Loss: 1.280888319015503, 
INFO:root:Epoch 890/1000, Loss: 0.6861690878868103, 
INFO:root:Epoch 891/1000, Loss: 0.9865254163742065, 
INFO:root:Epoch 892/1000, Loss: 1.1235443353652954, 
INFO:root:Epoch 893/1000, Loss: 1.7098255157470703, 
INFO:root:Epoch 894/1000, Loss: 1.0988479852676392, 
INFO:root:Epoch 895/1000, Loss: 0.5940408110618591, 
INFO:root:Epoch 896/1000, Loss: 1.264940619468689, 
INFO:root:Epoch 897/1000, Loss: 1.1395201683044434, 
INFO:root:Epoch 898/1000, Loss: 1.0846455097198486, 
INFO:root:Epoch 899/1000, Loss: 0.9142944812774658, 
INFO:root:Epoch 900/1000, Loss: 1.0268352031707764, 
INFO:root:Epoch 901/1000, Loss: 1.9555621147155762, 
INFO:root:Epoch 902/1000, Loss: 1.0281280279159546, 
INFO:root:Epoch 903/1000, Loss: 0.8685079216957092, 
INFO:root:Epoch 904/1000, Loss: 1.3625577688217163, 
INFO:root:Epoch 905/1000, Loss: 1.009634256362915, 
INFO:root:Epoch 906/1000, Loss: 1.2499600648880005, 
INFO:root:Epoch 907/1000, Loss: 0.9643335342407227, 
INFO:root:Epoch 908/1000, Loss: 1.461622714996338, 
INFO:root:Epoch 909/1000, Loss: 1.6435967683792114, 
INFO:root:Epoch 910/1000, Loss: 1.1779030561447144, 
INFO:root:Epoch 911/1000, Loss: 1.3943570852279663, 
INFO:root:Epoch 912/1000, Loss: 0.739650309085846, 
INFO:root:Epoch 913/1000, Loss: 1.5243715047836304, 
INFO:root:Epoch 914/1000, Loss: 1.4591501951217651, 
INFO:root:Epoch 915/1000, Loss: 1.0955719947814941, 
INFO:root:Epoch 916/1000, Loss: 1.3921719789505005, 
INFO:root:Epoch 917/1000, Loss: 1.2937713861465454, 
INFO:root:Epoch 918/1000, Loss: 1.0007904767990112, 
INFO:root:Epoch 919/1000, Loss: 1.7396091222763062, 
INFO:root:Epoch 920/1000, Loss: 1.059670090675354, 
INFO:root:Epoch 921/1000, Loss: 1.3986421823501587, 
INFO:root:Epoch 922/1000, Loss: 1.0948383808135986, 
INFO:root:Epoch 923/1000, Loss: 1.2919882535934448, 
INFO:root:Epoch 924/1000, Loss: 0.9680339694023132, 
INFO:root:Epoch 925/1000, Loss: 1.0714313983917236, 
INFO:root:Epoch 926/1000, Loss: 1.4962468147277832, 
INFO:root:Epoch 927/1000, Loss: 0.9760801792144775, 
INFO:root:Epoch 928/1000, Loss: 1.6909536123275757, 
INFO:root:Epoch 929/1000, Loss: 0.9304343461990356, 
INFO:root:Epoch 930/1000, Loss: 1.7408729791641235, 
INFO:root:Epoch 931/1000, Loss: 1.3216471672058105, 
INFO:root:Epoch 932/1000, Loss: 1.77863609790802, 
INFO:root:Epoch 933/1000, Loss: 1.0201994180679321, 
INFO:root:Epoch 934/1000, Loss: 1.155670404434204, 
INFO:root:Epoch 935/1000, Loss: 1.8262064456939697, 
INFO:root:Epoch 936/1000, Loss: 1.6222920417785645, 
INFO:root:Epoch 937/1000, Loss: 1.0963091850280762, 
INFO:root:Epoch 938/1000, Loss: 1.3644556999206543, 
INFO:root:Epoch 939/1000, Loss: 1.1714903116226196, 
INFO:root:Epoch 940/1000, Loss: 1.0188766717910767, 
INFO:root:Epoch 941/1000, Loss: 1.5499285459518433, 
INFO:root:Epoch 942/1000, Loss: 1.2297927141189575, 
INFO:root:Epoch 943/1000, Loss: 0.8587149381637573, 
INFO:root:Epoch 944/1000, Loss: 1.5492595434188843, 
INFO:root:Epoch 945/1000, Loss: 1.342788815498352, 
INFO:root:Epoch 946/1000, Loss: 1.590358853340149, 
INFO:root:Epoch 947/1000, Loss: 0.9465572834014893, 
INFO:root:Epoch 948/1000, Loss: 0.9632269740104675, 
INFO:root:Epoch 949/1000, Loss: 1.6242022514343262, 
INFO:root:Epoch 950/1000, Loss: 1.4564273357391357, 
INFO:root:Epoch 951/1000, Loss: 1.6837780475616455, 
INFO:root:Epoch 952/1000, Loss: 1.3964964151382446, 
INFO:root:Epoch 953/1000, Loss: 1.3365132808685303, 
INFO:root:Epoch 954/1000, Loss: 1.294513463973999, 
INFO:root:Epoch 955/1000, Loss: 1.2857404947280884, 
INFO:root:Epoch 956/1000, Loss: 0.853125810623169, 
INFO:root:Epoch 957/1000, Loss: 1.5073529481887817, 
INFO:root:Epoch 958/1000, Loss: 0.6671156287193298, 
INFO:root:Epoch 959/1000, Loss: 1.1886632442474365, 
INFO:root:Epoch 960/1000, Loss: 1.4967015981674194, 
INFO:root:Epoch 961/1000, Loss: 0.6658508777618408, 
INFO:root:Epoch 962/1000, Loss: 0.8550640344619751, 
INFO:root:Epoch 963/1000, Loss: 0.8840852379798889, 
INFO:root:Epoch 964/1000, Loss: 1.0214722156524658, 
INFO:root:Epoch 965/1000, Loss: 1.1831072568893433, 
INFO:root:Epoch 966/1000, Loss: 1.0039359331130981, 
INFO:root:Epoch 967/1000, Loss: 1.5268818140029907, 
INFO:root:Epoch 968/1000, Loss: 1.6335673332214355, 
INFO:root:Epoch 969/1000, Loss: 0.6558334231376648, 
INFO:root:Epoch 970/1000, Loss: 1.0778156518936157, 
INFO:root:Epoch 971/1000, Loss: 1.4857808351516724, 
INFO:root:Epoch 972/1000, Loss: 0.9606009721755981, 
INFO:root:Epoch 973/1000, Loss: 1.2278780937194824, 
INFO:root:Epoch 974/1000, Loss: 0.8187002539634705, 
INFO:root:Epoch 975/1000, Loss: 0.8380634188652039, 
INFO:root:Epoch 976/1000, Loss: 0.8606545925140381, 
INFO:root:Epoch 977/1000, Loss: 0.8806371688842773, 
INFO:root:Epoch 978/1000, Loss: 1.0837711095809937, 
INFO:root:Epoch 979/1000, Loss: 1.6015607118606567, 
INFO:root:Epoch 980/1000, Loss: 1.1176254749298096, 
INFO:root:Epoch 981/1000, Loss: 0.8899562954902649, 
INFO:root:Epoch 982/1000, Loss: 0.8020744919776917, 
INFO:root:Epoch 983/1000, Loss: 0.8053280115127563, 
INFO:root:Epoch 984/1000, Loss: 0.9545047879219055, 
INFO:root:Epoch 985/1000, Loss: 0.5386281609535217, 
INFO:root:Epoch 986/1000, Loss: 1.291918158531189, 
INFO:root:Epoch 987/1000, Loss: 1.059356689453125, 
INFO:root:Epoch 988/1000, Loss: 1.6902544498443604, 
INFO:root:Epoch 989/1000, Loss: 0.9684903621673584, 
INFO:root:Epoch 990/1000, Loss: 1.1644129753112793, 
INFO:root:Epoch 991/1000, Loss: 1.0417331457138062, 
INFO:root:Epoch 992/1000, Loss: 1.3639411926269531, 
INFO:root:Epoch 993/1000, Loss: 1.2194796800613403, 
INFO:root:Epoch 994/1000, Loss: 1.2063994407653809, 
INFO:root:Epoch 995/1000, Loss: 0.9778169393539429, 
INFO:root:Epoch 996/1000, Loss: 0.9863138198852539, 
INFO:root:Epoch 997/1000, Loss: 0.9749289155006409, 
INFO:root:Epoch 998/1000, Loss: 1.344054102897644, 
INFO:root:Epoch 999/1000, Loss: 1.344342827796936, 
INFO:root:Epoch 1000/1000, Loss: 1.0727505683898926, 
INFO:root:Training time: 137.3598599433899 seconds
