INFO:root:Configs: {'lr': 0.01, 'epochs': 1000, 'batch_size': 64, 'seed': 42, 'device': 'cpu', 'optimizer': Adam (
Parameter Group 0
    amsgrad: False
    betas: (0.9, 0.999)
    capturable: False
    differentiable: False
    eps: 1e-08
    foreach: None
    fused: None
    lr: 0.01
    maximize: False
    weight_decay: 0
), 'equation': <equation.EuropeanBasketOptionCall object at 0x000001DC1A59B830>, 'net': Net4Y(
  (input_layer): Linear(in_features=5, out_features=64, bias=True)
  (output_layer): Linear(in_features=64, out_features=5, bias=True)
  (relu): ReLU()
  (net): Net4Z(
    (input_layer): Linear(in_features=5, out_features=64, bias=True)
    (output_layer): Linear(in_features=64, out_features=5, bias=True)
    (relu): ReLU()
  )
), 'train_iter': <torch.utils.data.dataloader.DataLoader object at 0x000001DC3DBD0A40>}
INFO:root:Epoch 1/1000, Loss: 1.1068435907363892
INFO:root:Epoch 2/1000, Loss: 1.0962300300598145
INFO:root:Epoch 3/1000, Loss: 1.0836398601531982
INFO:root:Epoch 4/1000, Loss: 1.0772449970245361
INFO:root:Epoch 5/1000, Loss: 1.067795753479004
INFO:root:Epoch 6/1000, Loss: 1.041239619255066
INFO:root:Epoch 7/1000, Loss: 1.0112098455429077
INFO:root:Epoch 8/1000, Loss: 0.9921516180038452
INFO:root:Epoch 9/1000, Loss: 0.9943815469741821
INFO:root:Epoch 10/1000, Loss: 0.9969160556793213
INFO:root:Epoch 11/1000, Loss: 0.9889078736305237
INFO:root:Epoch 12/1000, Loss: 0.9759508371353149
INFO:root:Epoch 13/1000, Loss: 0.9649455547332764
INFO:root:Epoch 14/1000, Loss: 0.9583099484443665
INFO:root:Epoch 15/1000, Loss: 0.9520002007484436
INFO:root:Epoch 16/1000, Loss: 0.9461650848388672
INFO:root:Epoch 17/1000, Loss: 0.9385469555854797
INFO:root:Epoch 18/1000, Loss: 0.9319088459014893
INFO:root:Epoch 19/1000, Loss: 0.926195502281189
INFO:root:Epoch 20/1000, Loss: 0.9186888933181763
INFO:root:Epoch 21/1000, Loss: 0.9107165336608887
INFO:root:Epoch 22/1000, Loss: 0.9049131274223328
INFO:root:Epoch 23/1000, Loss: 0.9002201557159424
INFO:root:Epoch 24/1000, Loss: 0.8975984454154968
INFO:root:Epoch 25/1000, Loss: 0.8922020792961121
INFO:root:Epoch 26/1000, Loss: 0.8863585591316223
INFO:root:Epoch 27/1000, Loss: 0.8847957849502563
INFO:root:Epoch 28/1000, Loss: 0.8755049109458923
INFO:root:Epoch 29/1000, Loss: 0.8728335499763489
INFO:root:Epoch 30/1000, Loss: 0.870685338973999
INFO:root:Epoch 31/1000, Loss: 0.8655572533607483
INFO:root:Epoch 32/1000, Loss: 0.8640363216400146
INFO:root:Epoch 33/1000, Loss: 0.8630862236022949
INFO:root:Epoch 34/1000, Loss: 0.8576989769935608
INFO:root:Epoch 35/1000, Loss: 0.8578777313232422
INFO:root:Epoch 36/1000, Loss: 0.853467583656311
INFO:root:Epoch 37/1000, Loss: 0.8497756719589233
INFO:root:Epoch 38/1000, Loss: 0.8476002216339111
INFO:root:Epoch 39/1000, Loss: 0.8444692492485046
INFO:root:Epoch 40/1000, Loss: 0.8441833257675171
INFO:root:Epoch 41/1000, Loss: 0.8397872447967529
INFO:root:Epoch 42/1000, Loss: 0.838283360004425
INFO:root:Epoch 43/1000, Loss: 0.8373352885246277
INFO:root:Epoch 44/1000, Loss: 0.8358622193336487
INFO:root:Epoch 45/1000, Loss: 0.8356789946556091
INFO:root:Epoch 46/1000, Loss: 0.8330954909324646
INFO:root:Epoch 47/1000, Loss: 0.8301541209220886
INFO:root:Epoch 48/1000, Loss: 0.8282647132873535
INFO:root:Epoch 49/1000, Loss: 0.8274762034416199
INFO:root:Epoch 50/1000, Loss: 0.8258653283119202
INFO:root:Epoch 51/1000, Loss: 0.8248785138130188
INFO:root:Epoch 52/1000, Loss: 0.8232451677322388
INFO:root:Epoch 53/1000, Loss: 0.8223560452461243
INFO:root:Epoch 54/1000, Loss: 0.8206129670143127
INFO:root:Epoch 55/1000, Loss: 0.8201231360435486
INFO:root:Epoch 56/1000, Loss: 0.8190865516662598
INFO:root:Epoch 57/1000, Loss: 0.8178128004074097
INFO:root:Epoch 58/1000, Loss: 0.8166303038597107
INFO:root:Epoch 59/1000, Loss: 0.8155021667480469
INFO:root:Epoch 60/1000, Loss: 0.81428062915802
INFO:root:Epoch 61/1000, Loss: 0.8132236003875732
INFO:root:Epoch 62/1000, Loss: 0.8121706247329712
INFO:root:Epoch 63/1000, Loss: 0.8104318380355835
INFO:root:Epoch 64/1000, Loss: 0.8088115453720093
INFO:root:Epoch 65/1000, Loss: 0.8081967234611511
INFO:root:Epoch 66/1000, Loss: 0.8068979382514954
INFO:root:Epoch 67/1000, Loss: 0.8060364723205566
INFO:root:Epoch 68/1000, Loss: 0.8059133887290955
INFO:root:Epoch 69/1000, Loss: 0.803007960319519
INFO:root:Epoch 70/1000, Loss: 0.8025782108306885
INFO:root:Epoch 71/1000, Loss: 0.8018303513526917
INFO:root:Epoch 72/1000, Loss: 0.8018186688423157
INFO:root:Epoch 73/1000, Loss: 0.7995750904083252
INFO:root:Epoch 74/1000, Loss: 0.8000189065933228
INFO:root:Epoch 75/1000, Loss: 0.7969557046890259
INFO:root:Epoch 76/1000, Loss: 0.7966866493225098
INFO:root:Epoch 77/1000, Loss: 0.7991622686386108
INFO:root:Epoch 78/1000, Loss: 0.7949480414390564
INFO:root:Epoch 79/1000, Loss: 0.7946718335151672
INFO:root:Epoch 80/1000, Loss: 0.7933225035667419
INFO:root:Epoch 81/1000, Loss: 0.7918956875801086
INFO:root:Epoch 82/1000, Loss: 0.7926273941993713
INFO:root:Epoch 83/1000, Loss: 0.7897980213165283
INFO:root:Epoch 84/1000, Loss: 0.79164719581604
INFO:root:Epoch 85/1000, Loss: 0.7878791689872742
INFO:root:Epoch 86/1000, Loss: 0.7892324924468994
INFO:root:Epoch 87/1000, Loss: 0.7856789231300354
INFO:root:Epoch 88/1000, Loss: 0.7866355180740356
INFO:root:Epoch 89/1000, Loss: 0.7842382192611694
INFO:root:Epoch 90/1000, Loss: 0.7850039601325989
INFO:root:Epoch 91/1000, Loss: 0.7814823389053345
INFO:root:Epoch 92/1000, Loss: 0.7821195125579834
INFO:root:Epoch 93/1000, Loss: 0.7809732556343079
INFO:root:Epoch 94/1000, Loss: 0.7777127027511597
INFO:root:Epoch 95/1000, Loss: 0.7778271436691284
INFO:root:Epoch 96/1000, Loss: 0.7766590714454651
INFO:root:Epoch 97/1000, Loss: 0.7772799730300903
INFO:root:Epoch 98/1000, Loss: 0.7739871740341187
INFO:root:Epoch 99/1000, Loss: 0.7746500968933105
INFO:root:Epoch 100/1000, Loss: 0.7732616662979126
INFO:root:Epoch 101/1000, Loss: 0.7757421731948853
INFO:root:Epoch 102/1000, Loss: 0.7746042013168335
INFO:root:Epoch 103/1000, Loss: 0.7701748013496399
INFO:root:Epoch 104/1000, Loss: 0.7727002501487732
INFO:root:Epoch 105/1000, Loss: 0.7689360976219177
INFO:root:Epoch 106/1000, Loss: 0.768912136554718
INFO:root:Epoch 107/1000, Loss: 0.767462968826294
INFO:root:Epoch 108/1000, Loss: 0.766619861125946
INFO:root:Epoch 109/1000, Loss: 0.7665547728538513
INFO:root:Epoch 110/1000, Loss: 0.7632727026939392
INFO:root:Epoch 111/1000, Loss: 0.7644577026367188
INFO:root:Epoch 112/1000, Loss: 0.7630073428153992
INFO:root:Epoch 113/1000, Loss: 0.7619754076004028
INFO:root:Epoch 114/1000, Loss: 0.7618876099586487
INFO:root:Epoch 115/1000, Loss: 0.7581538558006287
INFO:root:Epoch 116/1000, Loss: 0.7614076137542725
INFO:root:Epoch 117/1000, Loss: 0.7592628002166748
INFO:root:Epoch 118/1000, Loss: 0.7581746578216553
INFO:root:Epoch 119/1000, Loss: 0.7568409442901611
INFO:root:Epoch 120/1000, Loss: 0.7563729286193848
INFO:root:Epoch 121/1000, Loss: 0.7599235773086548
INFO:root:Epoch 122/1000, Loss: 0.7546350359916687
INFO:root:Epoch 123/1000, Loss: 0.7569515705108643
INFO:root:Epoch 124/1000, Loss: 0.7542229294776917
INFO:root:Epoch 125/1000, Loss: 0.7512310147285461
INFO:root:Epoch 126/1000, Loss: 0.7514901757240295
INFO:root:Epoch 127/1000, Loss: 0.7510958909988403
INFO:root:Epoch 128/1000, Loss: 0.7503703832626343
INFO:root:Epoch 129/1000, Loss: 0.7493422031402588
INFO:root:Epoch 130/1000, Loss: 0.7496556043624878
INFO:root:Epoch 131/1000, Loss: 0.7511220574378967
INFO:root:Epoch 132/1000, Loss: 0.7471885681152344
INFO:root:Epoch 133/1000, Loss: 0.7542088031768799
INFO:root:Epoch 134/1000, Loss: 0.7525803446769714
INFO:root:Epoch 135/1000, Loss: 0.7492457628250122
INFO:root:Epoch 136/1000, Loss: 0.7533033490180969
INFO:root:Epoch 137/1000, Loss: 0.7478139996528625
INFO:root:Epoch 138/1000, Loss: 0.7489174008369446
INFO:root:Epoch 139/1000, Loss: 0.7441596388816833
INFO:root:Epoch 140/1000, Loss: 0.7472231388092041
INFO:root:Epoch 141/1000, Loss: 0.7448478937149048
INFO:root:Epoch 142/1000, Loss: 0.7451549768447876
INFO:root:Epoch 143/1000, Loss: 0.744313657283783
INFO:root:Epoch 144/1000, Loss: 0.7408468127250671
INFO:root:Epoch 145/1000, Loss: 0.7407035827636719
INFO:root:Epoch 146/1000, Loss: 0.7430989146232605
INFO:root:Epoch 147/1000, Loss: 0.7413802146911621
INFO:root:Epoch 148/1000, Loss: 0.7395501732826233
INFO:root:Epoch 149/1000, Loss: 0.740578830242157
INFO:root:Epoch 150/1000, Loss: 0.7398791313171387
INFO:root:Epoch 151/1000, Loss: 0.7406006455421448
INFO:root:Epoch 152/1000, Loss: 0.7349498867988586
INFO:root:Epoch 153/1000, Loss: 0.7369247674942017
INFO:root:Epoch 154/1000, Loss: 0.7364240884780884
INFO:root:Epoch 155/1000, Loss: 0.7371047139167786
INFO:root:Epoch 156/1000, Loss: 0.73491370677948
INFO:root:Epoch 157/1000, Loss: 0.7341248989105225
INFO:root:Epoch 158/1000, Loss: 0.734149158000946
INFO:root:Epoch 159/1000, Loss: 0.7336328029632568
INFO:root:Epoch 160/1000, Loss: 0.732587456703186
INFO:root:Epoch 161/1000, Loss: 0.7323859333992004
INFO:root:Epoch 162/1000, Loss: 0.7301329970359802
INFO:root:Epoch 163/1000, Loss: 0.7305554151535034
INFO:root:Epoch 164/1000, Loss: 0.7324132323265076
INFO:root:Epoch 165/1000, Loss: 0.728422999382019
INFO:root:Epoch 166/1000, Loss: 0.7276576161384583
INFO:root:Epoch 167/1000, Loss: 0.7279554009437561
INFO:root:Epoch 168/1000, Loss: 0.7277993559837341
INFO:root:Epoch 169/1000, Loss: 0.7286128997802734
INFO:root:Epoch 170/1000, Loss: 0.7261650562286377
INFO:root:Epoch 171/1000, Loss: 0.7250807285308838
INFO:root:Epoch 172/1000, Loss: 0.724661648273468
INFO:root:Epoch 173/1000, Loss: 0.7257183194160461
INFO:root:Epoch 174/1000, Loss: 0.7240456342697144
INFO:root:Epoch 175/1000, Loss: 0.7231015563011169
INFO:root:Epoch 176/1000, Loss: 0.7228409647941589
INFO:root:Epoch 177/1000, Loss: 0.7246884107589722
INFO:root:Epoch 178/1000, Loss: 0.7220205664634705
INFO:root:Epoch 179/1000, Loss: 0.7211034893989563
INFO:root:Epoch 180/1000, Loss: 0.7220165729522705
INFO:root:Epoch 181/1000, Loss: 0.7216158509254456
INFO:root:Epoch 182/1000, Loss: 0.7203781604766846
INFO:root:Epoch 183/1000, Loss: 0.7205387353897095
INFO:root:Epoch 184/1000, Loss: 0.7200665473937988
INFO:root:Epoch 185/1000, Loss: 0.71857088804245
INFO:root:Epoch 186/1000, Loss: 0.718940794467926
INFO:root:Epoch 187/1000, Loss: 0.7191214561462402
INFO:root:Epoch 188/1000, Loss: 0.7167617678642273
INFO:root:Epoch 189/1000, Loss: 0.7168793678283691
INFO:root:Epoch 190/1000, Loss: 0.7166792154312134
INFO:root:Epoch 191/1000, Loss: 0.7176464200019836
INFO:root:Epoch 192/1000, Loss: 0.7170377373695374
INFO:root:Epoch 193/1000, Loss: 0.7147082686424255
INFO:root:Epoch 194/1000, Loss: 0.7146780490875244
INFO:root:Epoch 195/1000, Loss: 0.7148644924163818
INFO:root:Epoch 196/1000, Loss: 0.7142924666404724
INFO:root:Epoch 197/1000, Loss: 0.7132904529571533
INFO:root:Epoch 198/1000, Loss: 0.7129870653152466
INFO:root:Epoch 199/1000, Loss: 0.7148545980453491
INFO:root:Epoch 200/1000, Loss: 0.7118884325027466
INFO:root:Epoch 201/1000, Loss: 0.7107253074645996
INFO:root:Epoch 202/1000, Loss: 0.7117359638214111
INFO:root:Epoch 203/1000, Loss: 0.7127281427383423
INFO:root:Epoch 204/1000, Loss: 0.7115247845649719
INFO:root:Epoch 205/1000, Loss: 0.7109768390655518
INFO:root:Epoch 206/1000, Loss: 0.7127091884613037
INFO:root:Epoch 207/1000, Loss: 0.7089701890945435
INFO:root:Epoch 208/1000, Loss: 0.7086846828460693
INFO:root:Epoch 209/1000, Loss: 0.7081476449966431
INFO:root:Epoch 210/1000, Loss: 0.7066924571990967
INFO:root:Epoch 211/1000, Loss: 0.7079542279243469
INFO:root:Epoch 212/1000, Loss: 0.7057805061340332
INFO:root:Epoch 213/1000, Loss: 0.7062616944313049
INFO:root:Epoch 214/1000, Loss: 0.7049869298934937
INFO:root:Epoch 215/1000, Loss: 0.7075113654136658
INFO:root:Epoch 216/1000, Loss: 0.7060213685035706
INFO:root:Epoch 217/1000, Loss: 0.7061744928359985
INFO:root:Epoch 218/1000, Loss: 0.7054147124290466
INFO:root:Epoch 219/1000, Loss: 0.7044391632080078
INFO:root:Epoch 220/1000, Loss: 0.7044770121574402
INFO:root:Epoch 221/1000, Loss: 0.7021836042404175
INFO:root:Epoch 222/1000, Loss: 0.7047261595726013
INFO:root:Epoch 223/1000, Loss: 0.7035009860992432
INFO:root:Epoch 224/1000, Loss: 0.7012113332748413
INFO:root:Epoch 225/1000, Loss: 0.7007853984832764
INFO:root:Epoch 226/1000, Loss: 0.6999322772026062
INFO:root:Epoch 227/1000, Loss: 0.6998021006584167
INFO:root:Epoch 228/1000, Loss: 0.6993613243103027
INFO:root:Epoch 229/1000, Loss: 0.6998421549797058
INFO:root:Epoch 230/1000, Loss: 0.701718807220459
INFO:root:Epoch 231/1000, Loss: 0.6974820494651794
INFO:root:Epoch 232/1000, Loss: 0.6973134875297546
INFO:root:Epoch 233/1000, Loss: 0.6967601776123047
INFO:root:Epoch 234/1000, Loss: 0.6971327066421509
INFO:root:Epoch 235/1000, Loss: 0.6962835192680359
INFO:root:Epoch 236/1000, Loss: 0.6971795558929443
INFO:root:Epoch 237/1000, Loss: 0.6977435350418091
INFO:root:Epoch 238/1000, Loss: 0.6952160596847534
INFO:root:Epoch 239/1000, Loss: 0.6956323385238647
INFO:root:Epoch 240/1000, Loss: 0.7003625631332397
INFO:root:Epoch 241/1000, Loss: 0.6934182047843933
INFO:root:Epoch 242/1000, Loss: 0.7012342810630798
INFO:root:Epoch 243/1000, Loss: 0.6930644512176514
INFO:root:Epoch 244/1000, Loss: 0.6917222738265991
INFO:root:Epoch 245/1000, Loss: 0.6966252326965332
INFO:root:Epoch 246/1000, Loss: 0.6926429271697998
INFO:root:Epoch 247/1000, Loss: 0.6906469464302063
INFO:root:Epoch 248/1000, Loss: 0.6948800683021545
INFO:root:Epoch 249/1000, Loss: 0.6919918060302734
INFO:root:Epoch 250/1000, Loss: 0.6893451809883118
INFO:root:Epoch 251/1000, Loss: 0.6939390301704407
INFO:root:Epoch 252/1000, Loss: 0.6905078291893005
INFO:root:Epoch 253/1000, Loss: 0.6890384554862976
INFO:root:Epoch 254/1000, Loss: 0.690169095993042
INFO:root:Epoch 255/1000, Loss: 0.6875211596488953
INFO:root:Epoch 256/1000, Loss: 0.6862010955810547
INFO:root:Epoch 257/1000, Loss: 0.6864465475082397
INFO:root:Epoch 258/1000, Loss: 0.6857863664627075
INFO:root:Epoch 259/1000, Loss: 0.6855697631835938
INFO:root:Epoch 260/1000, Loss: 0.6841815114021301
INFO:root:Epoch 261/1000, Loss: 0.687377393245697
INFO:root:Epoch 262/1000, Loss: 0.6849931478500366
INFO:root:Epoch 263/1000, Loss: 0.6832353472709656
INFO:root:Epoch 264/1000, Loss: 0.6839914917945862
INFO:root:Epoch 265/1000, Loss: 0.6823908090591431
INFO:root:Epoch 266/1000, Loss: 0.6831259727478027
INFO:root:Epoch 267/1000, Loss: 0.6867823600769043
INFO:root:Epoch 268/1000, Loss: 0.6817126274108887
INFO:root:Epoch 269/1000, Loss: 0.6834656000137329
INFO:root:Epoch 270/1000, Loss: 0.6827142238616943
INFO:root:Epoch 271/1000, Loss: 0.6807809472084045
INFO:root:Epoch 272/1000, Loss: 0.6781555414199829
INFO:root:Epoch 273/1000, Loss: 0.680580198764801
INFO:root:Epoch 274/1000, Loss: 0.6796746850013733
INFO:root:Epoch 275/1000, Loss: 0.6799332499504089
INFO:root:Epoch 276/1000, Loss: 0.6771978139877319
INFO:root:Epoch 277/1000, Loss: 0.6777158975601196
INFO:root:Epoch 278/1000, Loss: 0.678697943687439
INFO:root:Epoch 279/1000, Loss: 0.6783016920089722
INFO:root:Epoch 280/1000, Loss: 0.6752795577049255
INFO:root:Epoch 281/1000, Loss: 0.6760167479515076
INFO:root:Epoch 282/1000, Loss: 0.6778175234794617
INFO:root:Epoch 283/1000, Loss: 0.6735254526138306
INFO:root:Epoch 284/1000, Loss: 0.6736865043640137
INFO:root:Epoch 285/1000, Loss: 0.6739709377288818
INFO:root:Epoch 286/1000, Loss: 0.6746835112571716
INFO:root:Epoch 287/1000, Loss: 0.6743171811103821
INFO:root:Epoch 288/1000, Loss: 0.6766295433044434
INFO:root:Epoch 289/1000, Loss: 0.6723701357841492
INFO:root:Epoch 290/1000, Loss: 0.6722268462181091
INFO:root:Epoch 291/1000, Loss: 0.6715528964996338
INFO:root:Epoch 292/1000, Loss: 0.6707624793052673
INFO:root:Epoch 293/1000, Loss: 0.6704730987548828
INFO:root:Epoch 294/1000, Loss: 0.6704397797584534
INFO:root:Epoch 295/1000, Loss: 0.6693432331085205
INFO:root:Epoch 296/1000, Loss: 0.6689456105232239
INFO:root:Epoch 297/1000, Loss: 0.6690804362297058
INFO:root:Epoch 298/1000, Loss: 0.6708019375801086
INFO:root:Epoch 299/1000, Loss: 0.6674048900604248
INFO:root:Epoch 300/1000, Loss: 0.669884204864502
INFO:root:Epoch 301/1000, Loss: 0.6663053631782532
INFO:root:Epoch 302/1000, Loss: 0.668343722820282
INFO:root:Epoch 303/1000, Loss: 0.6692471504211426
INFO:root:Epoch 304/1000, Loss: 0.6649559140205383
INFO:root:Epoch 305/1000, Loss: 0.6684166789054871
INFO:root:Epoch 306/1000, Loss: 0.6672036647796631
INFO:root:Epoch 307/1000, Loss: 0.6656715869903564
INFO:root:Epoch 308/1000, Loss: 0.6723716855049133
INFO:root:Epoch 309/1000, Loss: 0.6728341579437256
INFO:root:Epoch 310/1000, Loss: 0.6693761348724365
INFO:root:Epoch 311/1000, Loss: 0.6693733334541321
INFO:root:Epoch 312/1000, Loss: 0.6654149889945984
INFO:root:Epoch 313/1000, Loss: 0.6677739024162292
INFO:root:Epoch 314/1000, Loss: 0.6652039289474487
INFO:root:Epoch 315/1000, Loss: 0.665139377117157
INFO:root:Epoch 316/1000, Loss: 0.6627543568611145
INFO:root:Epoch 317/1000, Loss: 0.6641974449157715
INFO:root:Epoch 318/1000, Loss: 0.6634353399276733
INFO:root:Epoch 319/1000, Loss: 0.6615474820137024
INFO:root:Epoch 320/1000, Loss: 0.6613947153091431
INFO:root:Epoch 321/1000, Loss: 0.6585292816162109
INFO:root:Epoch 322/1000, Loss: 0.6594173312187195
INFO:root:Epoch 323/1000, Loss: 0.6606955528259277
INFO:root:Epoch 324/1000, Loss: 0.6600023508071899
INFO:root:Epoch 325/1000, Loss: 0.6597548723220825
INFO:root:Epoch 326/1000, Loss: 0.6558315753936768
INFO:root:Epoch 327/1000, Loss: 0.6592371463775635
INFO:root:Epoch 328/1000, Loss: 0.655730664730072
INFO:root:Epoch 329/1000, Loss: 0.6571497321128845
INFO:root:Epoch 330/1000, Loss: 0.6573770642280579
INFO:root:Epoch 331/1000, Loss: 0.6588703989982605
INFO:root:Epoch 332/1000, Loss: 0.6585416197776794
INFO:root:Epoch 333/1000, Loss: 0.6563478708267212
INFO:root:Epoch 334/1000, Loss: 0.6538954973220825
INFO:root:Epoch 335/1000, Loss: 0.6525805592536926
INFO:root:Epoch 336/1000, Loss: 0.6544790863990784
INFO:root:Epoch 337/1000, Loss: 0.6531322002410889
INFO:root:Epoch 338/1000, Loss: 0.6504039764404297
INFO:root:Epoch 339/1000, Loss: 0.6516932845115662
INFO:root:Epoch 340/1000, Loss: 0.650704026222229
INFO:root:Epoch 341/1000, Loss: 0.6488061547279358
INFO:root:Epoch 342/1000, Loss: 0.6492311954498291
INFO:root:Epoch 343/1000, Loss: 0.6490761637687683
INFO:root:Epoch 344/1000, Loss: 0.6479074358940125
INFO:root:Epoch 345/1000, Loss: 0.6465373039245605
INFO:root:Epoch 346/1000, Loss: 0.6473108530044556
INFO:root:Epoch 347/1000, Loss: 0.6467981934547424
INFO:root:Epoch 348/1000, Loss: 0.6462002396583557
INFO:root:Epoch 349/1000, Loss: 0.6439528465270996
INFO:root:Epoch 350/1000, Loss: 0.6448318958282471
INFO:root:Epoch 351/1000, Loss: 0.646419882774353
INFO:root:Epoch 352/1000, Loss: 0.6443601250648499
INFO:root:Epoch 353/1000, Loss: 0.6441734433174133
INFO:root:Epoch 354/1000, Loss: 0.647225558757782
INFO:root:Epoch 355/1000, Loss: 0.6420059204101562
INFO:root:Epoch 356/1000, Loss: 0.6439870595932007
INFO:root:Epoch 357/1000, Loss: 0.6443238854408264
INFO:root:Epoch 358/1000, Loss: 0.6424865126609802
INFO:root:Epoch 359/1000, Loss: 0.6403306722640991
INFO:root:Epoch 360/1000, Loss: 0.642021119594574
INFO:root:Epoch 361/1000, Loss: 0.6390649676322937
INFO:root:Epoch 362/1000, Loss: 0.6403672099113464
INFO:root:Epoch 363/1000, Loss: 0.6392747759819031
INFO:root:Epoch 364/1000, Loss: 0.6395933032035828
INFO:root:Epoch 365/1000, Loss: 0.6421402096748352
INFO:root:Epoch 366/1000, Loss: 0.6394168138504028
INFO:root:Epoch 367/1000, Loss: 0.6462897658348083
INFO:root:Epoch 368/1000, Loss: 0.6423596739768982
INFO:root:Epoch 369/1000, Loss: 0.6442489624023438
INFO:root:Epoch 370/1000, Loss: 0.6383844017982483
INFO:root:Epoch 371/1000, Loss: 0.6487582325935364
INFO:root:Epoch 372/1000, Loss: 0.6379690766334534
INFO:root:Epoch 373/1000, Loss: 0.6465682983398438
INFO:root:Epoch 374/1000, Loss: 0.641986608505249
INFO:root:Epoch 375/1000, Loss: 0.6402078866958618
INFO:root:Epoch 376/1000, Loss: 0.6408220529556274
INFO:root:Epoch 377/1000, Loss: 0.6374927759170532
INFO:root:Epoch 378/1000, Loss: 0.6383516192436218
INFO:root:Epoch 379/1000, Loss: 0.6353669762611389
INFO:root:Epoch 380/1000, Loss: 0.6346777677536011
INFO:root:Epoch 381/1000, Loss: 0.6361914873123169
INFO:root:Epoch 382/1000, Loss: 0.6324920058250427
INFO:root:Epoch 383/1000, Loss: 0.6329169273376465
INFO:root:Epoch 384/1000, Loss: 0.6305512189865112
INFO:root:Epoch 385/1000, Loss: 0.6314695477485657
INFO:root:Epoch 386/1000, Loss: 0.6286704540252686
INFO:root:Epoch 387/1000, Loss: 0.628669023513794
INFO:root:Epoch 388/1000, Loss: 0.6303233504295349
INFO:root:Epoch 389/1000, Loss: 0.6290391683578491
INFO:root:Epoch 390/1000, Loss: 0.6290189623832703
INFO:root:Epoch 391/1000, Loss: 0.6279481649398804
INFO:root:Epoch 392/1000, Loss: 0.627229630947113
INFO:root:Epoch 393/1000, Loss: 0.6259805560112
INFO:root:Epoch 394/1000, Loss: 0.6251485347747803
INFO:root:Epoch 395/1000, Loss: 0.623049795627594
INFO:root:Epoch 396/1000, Loss: 0.6216634511947632
INFO:root:Epoch 397/1000, Loss: 0.6220462918281555
INFO:root:Epoch 398/1000, Loss: 0.6206632852554321
INFO:root:Epoch 399/1000, Loss: 0.6200566291809082
INFO:root:Epoch 400/1000, Loss: 0.6191754341125488
INFO:root:Epoch 401/1000, Loss: 0.6183353066444397
INFO:root:Epoch 402/1000, Loss: 0.6183814406394958
INFO:root:Epoch 403/1000, Loss: 0.6178903579711914
INFO:root:Epoch 404/1000, Loss: 0.6168690323829651
INFO:root:Epoch 405/1000, Loss: 0.6169029474258423
INFO:root:Epoch 406/1000, Loss: 0.618506133556366
INFO:root:Epoch 407/1000, Loss: 0.6155192852020264
INFO:root:Epoch 408/1000, Loss: 0.6162300109863281
INFO:root:Epoch 409/1000, Loss: 0.6166207790374756
INFO:root:Epoch 410/1000, Loss: 0.615827739238739
INFO:root:Epoch 411/1000, Loss: 0.6140976548194885
INFO:root:Epoch 412/1000, Loss: 0.6143105030059814
INFO:root:Epoch 413/1000, Loss: 0.6147633194923401
INFO:root:Epoch 414/1000, Loss: 0.6132338047027588
INFO:root:Epoch 415/1000, Loss: 0.6134088039398193
INFO:root:Epoch 416/1000, Loss: 0.612471878528595
INFO:root:Epoch 417/1000, Loss: 0.6103456616401672
INFO:root:Epoch 418/1000, Loss: 0.6099036335945129
INFO:root:Epoch 419/1000, Loss: 0.6095328330993652
INFO:root:Epoch 420/1000, Loss: 0.6100314855575562
INFO:root:Epoch 421/1000, Loss: 0.6094110012054443
INFO:root:Epoch 422/1000, Loss: 0.6100561022758484
INFO:root:Epoch 423/1000, Loss: 0.6084355115890503
INFO:root:Epoch 424/1000, Loss: 0.6071355938911438
INFO:root:Epoch 425/1000, Loss: 0.6071330904960632
INFO:root:Epoch 426/1000, Loss: 0.6061474680900574
INFO:root:Epoch 427/1000, Loss: 0.6060732007026672
INFO:root:Epoch 428/1000, Loss: 0.6066256165504456
INFO:root:Epoch 429/1000, Loss: 0.6047111749649048
INFO:root:Epoch 430/1000, Loss: 0.6066730618476868
INFO:root:Epoch 431/1000, Loss: 0.6066275238990784
INFO:root:Epoch 432/1000, Loss: 0.6048632264137268
INFO:root:Epoch 433/1000, Loss: 0.6027815937995911
INFO:root:Epoch 434/1000, Loss: 0.6061370968818665
INFO:root:Epoch 435/1000, Loss: 0.6052490472793579
INFO:root:Epoch 436/1000, Loss: 0.6021451354026794
INFO:root:Epoch 437/1000, Loss: 0.6035473346710205
INFO:root:Epoch 438/1000, Loss: 0.6033220887184143
INFO:root:Epoch 439/1000, Loss: 0.6000928282737732
INFO:root:Epoch 440/1000, Loss: 0.6022099256515503
INFO:root:Epoch 441/1000, Loss: 0.5984460115432739
INFO:root:Epoch 442/1000, Loss: 0.5998898148536682
INFO:root:Epoch 443/1000, Loss: 0.6002529859542847
INFO:root:Epoch 444/1000, Loss: 0.5970287919044495
INFO:root:Epoch 445/1000, Loss: 0.5986494421958923
INFO:root:Epoch 446/1000, Loss: 0.5970727801322937
INFO:root:Epoch 447/1000, Loss: 0.5975360870361328
INFO:root:Epoch 448/1000, Loss: 0.5941656231880188
INFO:root:Epoch 449/1000, Loss: 0.5944101214408875
INFO:root:Epoch 450/1000, Loss: 0.5942675471305847
INFO:root:Epoch 451/1000, Loss: 0.5925885438919067
INFO:root:Epoch 452/1000, Loss: 0.5938510298728943
INFO:root:Epoch 453/1000, Loss: 0.5930972099304199
INFO:root:Epoch 454/1000, Loss: 0.5918784737586975
INFO:root:Epoch 455/1000, Loss: 0.5911665558815002
INFO:root:Epoch 456/1000, Loss: 0.592485249042511
INFO:root:Epoch 457/1000, Loss: 0.5894397497177124
INFO:root:Epoch 458/1000, Loss: 0.5908303260803223
INFO:root:Epoch 459/1000, Loss: 0.5909144878387451
INFO:root:Epoch 460/1000, Loss: 0.5892899036407471
INFO:root:Epoch 461/1000, Loss: 0.592986524105072
INFO:root:Epoch 462/1000, Loss: 0.5937822461128235
INFO:root:Epoch 463/1000, Loss: 0.5890536308288574
INFO:root:Epoch 464/1000, Loss: 0.5957841873168945
INFO:root:Epoch 465/1000, Loss: 0.5872273445129395
INFO:root:Epoch 466/1000, Loss: 0.590311586856842
INFO:root:Epoch 467/1000, Loss: 0.5872785449028015
INFO:root:Epoch 468/1000, Loss: 0.5879814624786377
INFO:root:Epoch 469/1000, Loss: 0.585014283657074
INFO:root:Epoch 470/1000, Loss: 0.585158109664917
INFO:root:Epoch 471/1000, Loss: 0.5844588279724121
INFO:root:Epoch 472/1000, Loss: 0.5894830226898193
INFO:root:Epoch 473/1000, Loss: 0.5835155248641968
INFO:root:Epoch 474/1000, Loss: 0.5888810157775879
INFO:root:Epoch 475/1000, Loss: 0.587887167930603
INFO:root:Epoch 476/1000, Loss: 0.5832216739654541
INFO:root:Epoch 477/1000, Loss: 0.5871233344078064
INFO:root:Epoch 478/1000, Loss: 0.582068920135498
INFO:root:Epoch 479/1000, Loss: 0.5826310515403748
INFO:root:Epoch 480/1000, Loss: 0.5795621275901794
INFO:root:Epoch 481/1000, Loss: 0.5822626352310181
INFO:root:Epoch 482/1000, Loss: 0.5794573426246643
INFO:root:Epoch 483/1000, Loss: 0.5809475183486938
INFO:root:Epoch 484/1000, Loss: 0.5798776745796204
INFO:root:Epoch 485/1000, Loss: 0.5825614333152771
INFO:root:Epoch 486/1000, Loss: 0.5763972997665405
INFO:root:Epoch 487/1000, Loss: 0.5804005265235901
INFO:root:Epoch 488/1000, Loss: 0.5828549265861511
INFO:root:Epoch 489/1000, Loss: 0.5755396485328674
INFO:root:Epoch 490/1000, Loss: 0.5830032825469971
INFO:root:Epoch 491/1000, Loss: 0.5801263451576233
INFO:root:Epoch 492/1000, Loss: 0.5816056728363037
INFO:root:Epoch 493/1000, Loss: 0.5838539004325867
INFO:root:Epoch 494/1000, Loss: 0.5747072100639343
INFO:root:Epoch 495/1000, Loss: 0.5836873650550842
INFO:root:Epoch 496/1000, Loss: 0.5763276815414429
INFO:root:Epoch 497/1000, Loss: 0.5778070092201233
INFO:root:Epoch 498/1000, Loss: 0.5773121118545532
INFO:root:Epoch 499/1000, Loss: 0.5800660848617554
INFO:root:Epoch 500/1000, Loss: 0.5832846164703369
INFO:root:Epoch 501/1000, Loss: 0.5731000304222107
INFO:root:Epoch 502/1000, Loss: 0.5851675868034363
INFO:root:Epoch 503/1000, Loss: 0.574324369430542
INFO:root:Epoch 504/1000, Loss: 0.5832152366638184
INFO:root:Epoch 505/1000, Loss: 0.5741312503814697
INFO:root:Epoch 506/1000, Loss: 0.5794928073883057
INFO:root:Epoch 507/1000, Loss: 0.5726011395454407
INFO:root:Epoch 508/1000, Loss: 0.569598376750946
INFO:root:Epoch 509/1000, Loss: 0.5710244178771973
INFO:root:Epoch 510/1000, Loss: 0.5708186626434326
INFO:root:Epoch 511/1000, Loss: 0.5715408325195312
INFO:root:Epoch 512/1000, Loss: 0.5683670043945312
INFO:root:Epoch 513/1000, Loss: 0.5699134469032288
INFO:root:Epoch 514/1000, Loss: 0.5697458386421204
INFO:root:Epoch 515/1000, Loss: 0.5682563781738281
INFO:root:Epoch 516/1000, Loss: 0.5683257579803467
INFO:root:Epoch 517/1000, Loss: 0.5662485361099243
INFO:root:Epoch 518/1000, Loss: 0.5646282434463501
INFO:root:Epoch 519/1000, Loss: 0.5656587481498718
INFO:root:Epoch 520/1000, Loss: 0.5640552639961243
INFO:root:Epoch 521/1000, Loss: 0.565052330493927
INFO:root:Epoch 522/1000, Loss: 0.5649178624153137
INFO:root:Epoch 523/1000, Loss: 0.5636988282203674
INFO:root:Epoch 524/1000, Loss: 0.5658631324768066
INFO:root:Epoch 525/1000, Loss: 0.5646353363990784
INFO:root:Epoch 526/1000, Loss: 0.5626422762870789
INFO:root:Epoch 527/1000, Loss: 0.5644699335098267
INFO:root:Epoch 528/1000, Loss: 0.561433732509613
INFO:root:Epoch 529/1000, Loss: 0.5621553063392639
INFO:root:Epoch 530/1000, Loss: 0.5629937648773193
INFO:root:Epoch 531/1000, Loss: 0.5609297752380371
INFO:root:Epoch 532/1000, Loss: 0.5619456768035889
INFO:root:Epoch 533/1000, Loss: 0.5599502325057983
INFO:root:Epoch 534/1000, Loss: 0.5598638653755188
INFO:root:Epoch 535/1000, Loss: 0.5584453344345093
INFO:root:Epoch 536/1000, Loss: 0.5582951903343201
INFO:root:Epoch 537/1000, Loss: 0.5560089349746704
INFO:root:Epoch 538/1000, Loss: 0.5564790368080139
INFO:root:Epoch 539/1000, Loss: 0.555972158908844
INFO:root:Epoch 540/1000, Loss: 0.554573118686676
INFO:root:Epoch 541/1000, Loss: 0.5535695552825928
INFO:root:Epoch 542/1000, Loss: 0.5534551739692688
INFO:root:Epoch 543/1000, Loss: 0.5530650615692139
INFO:root:Epoch 544/1000, Loss: 0.5529863238334656
INFO:root:Epoch 545/1000, Loss: 0.5523815155029297
INFO:root:Epoch 546/1000, Loss: 0.5525798797607422
INFO:root:Epoch 547/1000, Loss: 0.5503981113433838
INFO:root:Epoch 548/1000, Loss: 0.5520111918449402
INFO:root:Epoch 549/1000, Loss: 0.5576971173286438
INFO:root:Epoch 550/1000, Loss: 0.550693929195404
INFO:root:Epoch 551/1000, Loss: 0.5581604838371277
INFO:root:Epoch 552/1000, Loss: 0.5505870580673218
INFO:root:Epoch 553/1000, Loss: 0.5529477596282959
INFO:root:Epoch 554/1000, Loss: 0.5530484318733215
INFO:root:Epoch 555/1000, Loss: 0.5478546023368835
INFO:root:Epoch 556/1000, Loss: 0.549420952796936
INFO:root:Epoch 557/1000, Loss: 0.5469622015953064
INFO:root:Epoch 558/1000, Loss: 0.5461803674697876
INFO:root:Epoch 559/1000, Loss: 0.5480471849441528
INFO:root:Epoch 560/1000, Loss: 0.5454304814338684
INFO:root:Epoch 561/1000, Loss: 0.5461999177932739
INFO:root:Epoch 562/1000, Loss: 0.5431554913520813
INFO:root:Epoch 563/1000, Loss: 0.5444168448448181
INFO:root:Epoch 564/1000, Loss: 0.5430095791816711
INFO:root:Epoch 565/1000, Loss: 0.5435169339179993
INFO:root:Epoch 566/1000, Loss: 0.5427157878875732
INFO:root:Epoch 567/1000, Loss: 0.541040301322937
INFO:root:Epoch 568/1000, Loss: 0.5426005721092224
INFO:root:Epoch 569/1000, Loss: 0.5405248403549194
INFO:root:Epoch 570/1000, Loss: 0.543937623500824
INFO:root:Epoch 571/1000, Loss: 0.5425337553024292
INFO:root:Epoch 572/1000, Loss: 0.5448566675186157
INFO:root:Epoch 573/1000, Loss: 0.5400768518447876
INFO:root:Epoch 574/1000, Loss: 0.5435811877250671
INFO:root:Epoch 575/1000, Loss: 0.5389106869697571
INFO:root:Epoch 576/1000, Loss: 0.5410199761390686
INFO:root:Epoch 577/1000, Loss: 0.5444958209991455
INFO:root:Epoch 578/1000, Loss: 0.5356259942054749
INFO:root:Epoch 579/1000, Loss: 0.5450252890586853
INFO:root:Epoch 580/1000, Loss: 0.539189875125885
INFO:root:Epoch 581/1000, Loss: 0.53725665807724
INFO:root:Epoch 582/1000, Loss: 0.5355060696601868
INFO:root:Epoch 583/1000, Loss: 0.5335114002227783
INFO:root:Epoch 584/1000, Loss: 0.5352665781974792
INFO:root:Epoch 585/1000, Loss: 0.5321629047393799
INFO:root:Epoch 586/1000, Loss: 0.5333085656166077
INFO:root:Epoch 587/1000, Loss: 0.5311417579650879
INFO:root:Epoch 588/1000, Loss: 0.5303375124931335
INFO:root:Epoch 589/1000, Loss: 0.5290716886520386
INFO:root:Epoch 590/1000, Loss: 0.527596652507782
INFO:root:Epoch 591/1000, Loss: 0.5274707674980164
INFO:root:Epoch 592/1000, Loss: 0.5281034111976624
INFO:root:Epoch 593/1000, Loss: 0.5261467695236206
INFO:root:Epoch 594/1000, Loss: 0.528169572353363
INFO:root:Epoch 595/1000, Loss: 0.5264322757720947
INFO:root:Epoch 596/1000, Loss: 0.5251094102859497
INFO:root:Epoch 597/1000, Loss: 0.5247752070426941
INFO:root:Epoch 598/1000, Loss: 0.5244317054748535
INFO:root:Epoch 599/1000, Loss: 0.5239050388336182
INFO:root:Epoch 600/1000, Loss: 0.522100031375885
INFO:root:Epoch 601/1000, Loss: 0.5254999399185181
INFO:root:Epoch 602/1000, Loss: 0.5206742286682129
INFO:root:Epoch 603/1000, Loss: 0.525149941444397
INFO:root:Epoch 604/1000, Loss: 0.5218565464019775
INFO:root:Epoch 605/1000, Loss: 0.5207486152648926
INFO:root:Epoch 606/1000, Loss: 0.5214924216270447
INFO:root:Epoch 607/1000, Loss: 0.520207941532135
INFO:root:Epoch 608/1000, Loss: 0.5256650447845459
INFO:root:Epoch 609/1000, Loss: 0.5193380117416382
INFO:root:Epoch 610/1000, Loss: 0.519136905670166
INFO:root:Epoch 611/1000, Loss: 0.516543984413147
INFO:root:Epoch 612/1000, Loss: 0.5171180963516235
INFO:root:Epoch 613/1000, Loss: 0.5185865163803101
INFO:root:Epoch 614/1000, Loss: 0.5139508247375488
INFO:root:Epoch 615/1000, Loss: 0.5140174031257629
INFO:root:Epoch 616/1000, Loss: 0.5131571292877197
INFO:root:Epoch 617/1000, Loss: 0.5145230889320374
INFO:root:Epoch 618/1000, Loss: 0.5124384164810181
INFO:root:Epoch 619/1000, Loss: 0.5149949789047241
INFO:root:Epoch 620/1000, Loss: 0.5105621218681335
INFO:root:Epoch 621/1000, Loss: 0.51592618227005
INFO:root:Epoch 622/1000, Loss: 0.5110254287719727
INFO:root:Epoch 623/1000, Loss: 0.510280966758728
INFO:root:Epoch 624/1000, Loss: 0.5109030604362488
INFO:root:Epoch 625/1000, Loss: 0.5119912028312683
INFO:root:Epoch 626/1000, Loss: 0.513888955116272
INFO:root:Epoch 627/1000, Loss: 0.5140561461448669
INFO:root:Epoch 628/1000, Loss: 0.519273042678833
INFO:root:Epoch 629/1000, Loss: 0.5102996230125427
INFO:root:Epoch 630/1000, Loss: 0.5158714652061462
INFO:root:Epoch 631/1000, Loss: 0.5123286247253418
INFO:root:Epoch 632/1000, Loss: 0.515671968460083
INFO:root:Epoch 633/1000, Loss: 0.5137428045272827
INFO:root:Epoch 634/1000, Loss: 0.5092313885688782
INFO:root:Epoch 635/1000, Loss: 0.5101306438446045
INFO:root:Epoch 636/1000, Loss: 0.5066565871238708
INFO:root:Epoch 637/1000, Loss: 0.5082411766052246
INFO:root:Epoch 638/1000, Loss: 0.5029821395874023
INFO:root:Epoch 639/1000, Loss: 0.5062527656555176
INFO:root:Epoch 640/1000, Loss: 0.500137984752655
INFO:root:Epoch 641/1000, Loss: 0.5050127506256104
INFO:root:Epoch 642/1000, Loss: 0.4986116886138916
INFO:root:Epoch 643/1000, Loss: 0.5034310817718506
INFO:root:Epoch 644/1000, Loss: 0.5024091601371765
INFO:root:Epoch 645/1000, Loss: 0.500126838684082
INFO:root:Epoch 646/1000, Loss: 0.5000622868537903
INFO:root:Epoch 647/1000, Loss: 0.49537694454193115
INFO:root:Epoch 648/1000, Loss: 0.49885818362236023
INFO:root:Epoch 649/1000, Loss: 0.496510773897171
INFO:root:Epoch 650/1000, Loss: 0.49664801359176636
INFO:root:Epoch 651/1000, Loss: 0.4939640760421753
INFO:root:Epoch 652/1000, Loss: 0.4981585741043091
INFO:root:Epoch 653/1000, Loss: 0.5024499893188477
INFO:root:Epoch 654/1000, Loss: 0.4915519058704376
INFO:root:Epoch 655/1000, Loss: 0.5008282661437988
INFO:root:Epoch 656/1000, Loss: 0.4943176209926605
INFO:root:Epoch 657/1000, Loss: 0.4971661865711212
INFO:root:Epoch 658/1000, Loss: 0.5008901357650757
INFO:root:Epoch 659/1000, Loss: 0.48714131116867065
INFO:root:Epoch 660/1000, Loss: 0.4974641799926758
INFO:root:Epoch 661/1000, Loss: 0.48884162306785583
INFO:root:Epoch 662/1000, Loss: 0.4985642731189728
INFO:root:Epoch 663/1000, Loss: 0.4909365177154541
INFO:root:Epoch 664/1000, Loss: 0.48600998520851135
INFO:root:Epoch 665/1000, Loss: 0.4956391453742981
INFO:root:Epoch 666/1000, Loss: 0.48298853635787964
INFO:root:Epoch 667/1000, Loss: 0.4889717102050781
INFO:root:Epoch 668/1000, Loss: 0.48525500297546387
INFO:root:Epoch 669/1000, Loss: 0.4805186092853546
INFO:root:Epoch 670/1000, Loss: 0.4831431210041046
INFO:root:Epoch 671/1000, Loss: 0.47747451066970825
INFO:root:Epoch 672/1000, Loss: 0.47962790727615356
INFO:root:Epoch 673/1000, Loss: 0.4856218695640564
INFO:root:Epoch 674/1000, Loss: 0.4779687225818634
INFO:root:Epoch 675/1000, Loss: 0.49489864706993103
INFO:root:Epoch 676/1000, Loss: 0.478694349527359
INFO:root:Epoch 677/1000, Loss: 0.4900132417678833
INFO:root:Epoch 678/1000, Loss: 0.48205071687698364
INFO:root:Epoch 679/1000, Loss: 0.47837403416633606
INFO:root:Epoch 680/1000, Loss: 0.4819866418838501
INFO:root:Epoch 681/1000, Loss: 0.47433361411094666
INFO:root:Epoch 682/1000, Loss: 0.4809630215167999
INFO:root:Epoch 683/1000, Loss: 0.4736701548099518
INFO:root:Epoch 684/1000, Loss: 0.4757250249385834
INFO:root:Epoch 685/1000, Loss: 0.47692084312438965
INFO:root:Epoch 686/1000, Loss: 0.4776647686958313
INFO:root:Epoch 687/1000, Loss: 0.4750840663909912
INFO:root:Epoch 688/1000, Loss: 0.4773116707801819
INFO:root:Epoch 689/1000, Loss: 0.47209107875823975
INFO:root:Epoch 690/1000, Loss: 0.4706859290599823
INFO:root:Epoch 691/1000, Loss: 0.48147743940353394
INFO:root:Epoch 692/1000, Loss: 0.4716874063014984
INFO:root:Epoch 693/1000, Loss: 0.48086559772491455
INFO:root:Epoch 694/1000, Loss: 0.4710189402103424
INFO:root:Epoch 695/1000, Loss: 0.47613775730133057
INFO:root:Epoch 696/1000, Loss: 0.47280433773994446
INFO:root:Epoch 697/1000, Loss: 0.4809779226779938
INFO:root:Epoch 698/1000, Loss: 0.46413037180900574
INFO:root:Epoch 699/1000, Loss: 0.4722673296928406
INFO:root:Epoch 700/1000, Loss: 0.47398582100868225
INFO:root:Epoch 701/1000, Loss: 0.46650010347366333
INFO:root:Epoch 702/1000, Loss: 0.46864691376686096
INFO:root:Epoch 703/1000, Loss: 0.46326279640197754
INFO:root:Epoch 704/1000, Loss: 0.4682997167110443
INFO:root:Epoch 705/1000, Loss: 0.4626322090625763
INFO:root:Epoch 706/1000, Loss: 0.46414443850517273
INFO:root:Epoch 707/1000, Loss: 0.46299493312835693
INFO:root:Epoch 708/1000, Loss: 0.4641192555427551
INFO:root:Epoch 709/1000, Loss: 0.45981940627098083
INFO:root:Epoch 710/1000, Loss: 0.46019279956817627
INFO:root:Epoch 711/1000, Loss: 0.4624285399913788
INFO:root:Epoch 712/1000, Loss: 0.46394142508506775
INFO:root:Epoch 713/1000, Loss: 0.4607948362827301
INFO:root:Epoch 714/1000, Loss: 0.47124171257019043
INFO:root:Epoch 715/1000, Loss: 0.4603334665298462
INFO:root:Epoch 716/1000, Loss: 0.4707643389701843
INFO:root:Epoch 717/1000, Loss: 0.4606100022792816
INFO:root:Epoch 718/1000, Loss: 0.46986010670661926
INFO:root:Epoch 719/1000, Loss: 0.4663704037666321
INFO:root:Epoch 720/1000, Loss: 0.47235581278800964
INFO:root:Epoch 721/1000, Loss: 0.457533597946167
INFO:root:Epoch 722/1000, Loss: 0.4769284725189209
INFO:root:Epoch 723/1000, Loss: 0.45504021644592285
INFO:root:Epoch 724/1000, Loss: 0.46589362621307373
INFO:root:Epoch 725/1000, Loss: 0.4549020826816559
INFO:root:Epoch 726/1000, Loss: 0.4676089882850647
INFO:root:Epoch 727/1000, Loss: 0.4571574330329895
INFO:root:Epoch 728/1000, Loss: 0.46071094274520874
INFO:root:Epoch 729/1000, Loss: 0.46014049649238586
INFO:root:Epoch 730/1000, Loss: 0.46250301599502563
INFO:root:Epoch 731/1000, Loss: 0.4568755030632019
INFO:root:Epoch 732/1000, Loss: 0.4562282860279083
INFO:root:Epoch 733/1000, Loss: 0.4565197825431824
INFO:root:Epoch 734/1000, Loss: 0.45321762561798096
INFO:root:Epoch 735/1000, Loss: 0.45125672221183777
INFO:root:Epoch 736/1000, Loss: 0.4522072970867157
INFO:root:Epoch 737/1000, Loss: 0.4474371373653412
INFO:root:Epoch 738/1000, Loss: 0.44703590869903564
INFO:root:Epoch 739/1000, Loss: 0.45136913657188416
INFO:root:Epoch 740/1000, Loss: 0.4565340280532837
INFO:root:Epoch 741/1000, Loss: 0.4490801692008972
INFO:root:Epoch 742/1000, Loss: 0.4519158899784088
INFO:root:Epoch 743/1000, Loss: 0.4496573507785797
INFO:root:Epoch 744/1000, Loss: 0.4544035792350769
INFO:root:Epoch 745/1000, Loss: 0.4502681791782379
INFO:root:Epoch 746/1000, Loss: 0.4541912078857422
INFO:root:Epoch 747/1000, Loss: 0.4581718146800995
INFO:root:Epoch 748/1000, Loss: 0.44955626130104065
INFO:root:Epoch 749/1000, Loss: 0.46667420864105225
INFO:root:Epoch 750/1000, Loss: 0.44655686616897583
INFO:root:Epoch 751/1000, Loss: 0.4652077555656433
INFO:root:Epoch 752/1000, Loss: 0.44276100397109985
INFO:root:Epoch 753/1000, Loss: 0.45931193232536316
INFO:root:Epoch 754/1000, Loss: 0.443665474653244
INFO:root:Epoch 755/1000, Loss: 0.45265719294548035
INFO:root:Epoch 756/1000, Loss: 0.43978217244148254
INFO:root:Epoch 757/1000, Loss: 0.44405367970466614
INFO:root:Epoch 758/1000, Loss: 0.4429125189781189
INFO:root:Epoch 759/1000, Loss: 0.4398127794265747
INFO:root:Epoch 760/1000, Loss: 0.4409730136394501
INFO:root:Epoch 761/1000, Loss: 0.437503844499588
INFO:root:Epoch 762/1000, Loss: 0.43943458795547485
INFO:root:Epoch 763/1000, Loss: 0.43710458278656006
INFO:root:Epoch 764/1000, Loss: 0.4364534318447113
INFO:root:Epoch 765/1000, Loss: 0.4360017478466034
INFO:root:Epoch 766/1000, Loss: 0.43568626046180725
INFO:root:Epoch 767/1000, Loss: 0.4358307719230652
INFO:root:Epoch 768/1000, Loss: 0.43335723876953125
INFO:root:Epoch 769/1000, Loss: 0.43241769075393677
INFO:root:Epoch 770/1000, Loss: 0.43269070982933044
INFO:root:Epoch 771/1000, Loss: 0.43376103043556213
INFO:root:Epoch 772/1000, Loss: 0.4318363666534424
INFO:root:Epoch 773/1000, Loss: 0.4307253658771515
INFO:root:Epoch 774/1000, Loss: 0.430795282125473
INFO:root:Epoch 775/1000, Loss: 0.4295442998409271
INFO:root:Epoch 776/1000, Loss: 0.4308537244796753
INFO:root:Epoch 777/1000, Loss: 0.4291897714138031
INFO:root:Epoch 778/1000, Loss: 0.428731232881546
INFO:root:Epoch 779/1000, Loss: 0.42999157309532166
INFO:root:Epoch 780/1000, Loss: 0.4272827208042145
INFO:root:Epoch 781/1000, Loss: 0.4309339225292206
INFO:root:Epoch 782/1000, Loss: 0.4277702569961548
INFO:root:Epoch 783/1000, Loss: 0.428140789270401
INFO:root:Epoch 784/1000, Loss: 0.42778220772743225
INFO:root:Epoch 785/1000, Loss: 0.42755940556526184
INFO:root:Epoch 786/1000, Loss: 0.42606121301651
INFO:root:Epoch 787/1000, Loss: 0.42646777629852295
INFO:root:Epoch 788/1000, Loss: 0.42436736822128296
INFO:root:Epoch 789/1000, Loss: 0.42462658882141113
INFO:root:Epoch 790/1000, Loss: 0.4233839511871338
INFO:root:Epoch 791/1000, Loss: 0.42325738072395325
INFO:root:Epoch 792/1000, Loss: 0.42499566078186035
INFO:root:Epoch 793/1000, Loss: 0.4210626184940338
INFO:root:Epoch 794/1000, Loss: 0.42111337184906006
INFO:root:Epoch 795/1000, Loss: 0.42148056626319885
INFO:root:Epoch 796/1000, Loss: 0.4198415279388428
INFO:root:Epoch 797/1000, Loss: 0.41819244623184204
INFO:root:Epoch 798/1000, Loss: 0.41758567094802856
INFO:root:Epoch 799/1000, Loss: 0.4172855019569397
INFO:root:Epoch 800/1000, Loss: 0.41745850443840027
INFO:root:Epoch 801/1000, Loss: 0.4182569980621338
INFO:root:Epoch 802/1000, Loss: 0.41849881410598755
INFO:root:Epoch 803/1000, Loss: 0.41754841804504395
INFO:root:Epoch 804/1000, Loss: 0.41667935252189636
INFO:root:Epoch 805/1000, Loss: 0.4158170223236084
INFO:root:Epoch 806/1000, Loss: 0.41440349817276
INFO:root:Epoch 807/1000, Loss: 0.41453856229782104
INFO:root:Epoch 808/1000, Loss: 0.41380852460861206
INFO:root:Epoch 809/1000, Loss: 0.4192699193954468
INFO:root:Epoch 810/1000, Loss: 0.41473138332366943
INFO:root:Epoch 811/1000, Loss: 0.41656753420829773
INFO:root:Epoch 812/1000, Loss: 0.41879478096961975
INFO:root:Epoch 813/1000, Loss: 0.4154564142227173
INFO:root:Epoch 814/1000, Loss: 0.4136956036090851
INFO:root:Epoch 815/1000, Loss: 0.4119095504283905
INFO:root:Epoch 816/1000, Loss: 0.41008681058883667
INFO:root:Epoch 817/1000, Loss: 0.4099498987197876
INFO:root:Epoch 818/1000, Loss: 0.41110923886299133
INFO:root:Epoch 819/1000, Loss: 0.40872451663017273
INFO:root:Epoch 820/1000, Loss: 0.40832623839378357
INFO:root:Epoch 821/1000, Loss: 0.410701721906662
INFO:root:Epoch 822/1000, Loss: 0.4065828323364258
INFO:root:Epoch 823/1000, Loss: 0.40679872035980225
INFO:root:Epoch 824/1000, Loss: 0.4080524444580078
INFO:root:Epoch 825/1000, Loss: 0.40653476119041443
INFO:root:Epoch 826/1000, Loss: 0.40537402033805847
INFO:root:Epoch 827/1000, Loss: 0.4072878956794739
INFO:root:Epoch 828/1000, Loss: 0.40493151545524597
INFO:root:Epoch 829/1000, Loss: 0.4035964906215668
INFO:root:Epoch 830/1000, Loss: 0.4033231735229492
INFO:root:Epoch 831/1000, Loss: 0.40615710616111755
INFO:root:Epoch 832/1000, Loss: 0.4037727415561676
INFO:root:Epoch 833/1000, Loss: 0.40207070112228394
INFO:root:Epoch 834/1000, Loss: 0.4088309407234192
INFO:root:Epoch 835/1000, Loss: 0.4017678201198578
INFO:root:Epoch 836/1000, Loss: 0.4052481949329376
INFO:root:Epoch 837/1000, Loss: 0.40885376930236816
INFO:root:Epoch 838/1000, Loss: 0.40216463804244995
INFO:root:Epoch 839/1000, Loss: 0.4033997654914856
INFO:root:Epoch 840/1000, Loss: 0.4095771908760071
INFO:root:Epoch 841/1000, Loss: 0.3981441259384155
INFO:root:Epoch 842/1000, Loss: 0.40511414408683777
INFO:root:Epoch 843/1000, Loss: 0.4026685357093811
INFO:root:Epoch 844/1000, Loss: 0.3985797166824341
INFO:root:Epoch 845/1000, Loss: 0.39960235357284546
INFO:root:Epoch 846/1000, Loss: 0.3988003432750702
INFO:root:Epoch 847/1000, Loss: 0.3953731954097748
INFO:root:Epoch 848/1000, Loss: 0.3985089957714081
INFO:root:Epoch 849/1000, Loss: 0.3963545858860016
INFO:root:Epoch 850/1000, Loss: 0.3948218524456024
INFO:root:Epoch 851/1000, Loss: 0.401162326335907
INFO:root:Epoch 852/1000, Loss: 0.3975553810596466
INFO:root:Epoch 853/1000, Loss: 0.39767611026763916
INFO:root:Epoch 854/1000, Loss: 0.3986736536026001
INFO:root:Epoch 855/1000, Loss: 0.393839031457901
INFO:root:Epoch 856/1000, Loss: 0.39973223209381104
INFO:root:Epoch 857/1000, Loss: 0.3956199884414673
INFO:root:Epoch 858/1000, Loss: 0.3925759792327881
INFO:root:Epoch 859/1000, Loss: 0.3956774175167084
INFO:root:Epoch 860/1000, Loss: 0.3919030427932739
INFO:root:Epoch 861/1000, Loss: 0.39600905776023865
INFO:root:Epoch 862/1000, Loss: 0.3930256962776184
INFO:root:Epoch 863/1000, Loss: 0.39349082112312317
INFO:root:Epoch 864/1000, Loss: 0.3965608477592468
INFO:root:Epoch 865/1000, Loss: 0.38907554745674133
INFO:root:Epoch 866/1000, Loss: 0.39366888999938965
INFO:root:Epoch 867/1000, Loss: 0.39346492290496826
INFO:root:Epoch 868/1000, Loss: 0.38881972432136536
INFO:root:Epoch 869/1000, Loss: 0.3917551338672638
INFO:root:Epoch 870/1000, Loss: 0.38857606053352356
INFO:root:Epoch 871/1000, Loss: 0.3928135633468628
INFO:root:Epoch 872/1000, Loss: 0.38643473386764526
INFO:root:Epoch 873/1000, Loss: 0.38949620723724365
INFO:root:Epoch 874/1000, Loss: 0.38652950525283813
INFO:root:Epoch 875/1000, Loss: 0.3874996602535248
INFO:root:Epoch 876/1000, Loss: 0.3861907124519348
INFO:root:Epoch 877/1000, Loss: 0.3852384090423584
INFO:root:Epoch 878/1000, Loss: 0.3852904140949249
INFO:root:Epoch 879/1000, Loss: 0.3835735619068146
INFO:root:Epoch 880/1000, Loss: 0.38402408361434937
INFO:root:Epoch 881/1000, Loss: 0.38238030672073364
INFO:root:Epoch 882/1000, Loss: 0.3823258578777313
INFO:root:Epoch 883/1000, Loss: 0.38077521324157715
INFO:root:Epoch 884/1000, Loss: 0.38140687346458435
INFO:root:Epoch 885/1000, Loss: 0.3802649974822998
INFO:root:Epoch 886/1000, Loss: 0.37918612360954285
INFO:root:Epoch 887/1000, Loss: 0.37845081090927124
INFO:root:Epoch 888/1000, Loss: 0.37899529933929443
INFO:root:Epoch 889/1000, Loss: 0.38185450434684753
INFO:root:Epoch 890/1000, Loss: 0.3780863881111145
INFO:root:Epoch 891/1000, Loss: 0.37824493646621704
INFO:root:Epoch 892/1000, Loss: 0.3796113133430481
INFO:root:Epoch 893/1000, Loss: 0.37577584385871887
INFO:root:Epoch 894/1000, Loss: 0.3783477544784546
INFO:root:Epoch 895/1000, Loss: 0.3753998577594757
INFO:root:Epoch 896/1000, Loss: 0.37565720081329346
INFO:root:Epoch 897/1000, Loss: 0.3763855993747711
INFO:root:Epoch 898/1000, Loss: 0.3758990168571472
INFO:root:Epoch 899/1000, Loss: 0.3765847086906433
INFO:root:Epoch 900/1000, Loss: 0.37767165899276733
INFO:root:Epoch 901/1000, Loss: 0.37496551871299744
INFO:root:Epoch 902/1000, Loss: 0.37596455216407776
INFO:root:Epoch 903/1000, Loss: 0.37702706456184387
INFO:root:Epoch 904/1000, Loss: 0.37371963262557983
INFO:root:Epoch 905/1000, Loss: 0.37415626645088196
INFO:root:Epoch 906/1000, Loss: 0.3765122890472412
INFO:root:Epoch 907/1000, Loss: 0.3723791539669037
INFO:root:Epoch 908/1000, Loss: 0.3755227327346802
INFO:root:Epoch 909/1000, Loss: 0.3709741532802582
INFO:root:Epoch 910/1000, Loss: 0.37111178040504456
INFO:root:Epoch 911/1000, Loss: 0.3708873689174652
INFO:root:Epoch 912/1000, Loss: 0.36939185857772827
INFO:root:Epoch 913/1000, Loss: 0.3693421483039856
INFO:root:Epoch 914/1000, Loss: 0.3734014928340912
INFO:root:Epoch 915/1000, Loss: 0.36936524510383606
INFO:root:Epoch 916/1000, Loss: 0.3674217462539673
INFO:root:Epoch 917/1000, Loss: 0.36959224939346313
INFO:root:Epoch 918/1000, Loss: 0.3668801188468933
INFO:root:Epoch 919/1000, Loss: 0.36676061153411865
INFO:root:Epoch 920/1000, Loss: 0.36621367931365967
INFO:root:Epoch 921/1000, Loss: 0.3647376000881195
INFO:root:Epoch 922/1000, Loss: 0.3636390268802643
INFO:root:Epoch 923/1000, Loss: 0.36279773712158203
INFO:root:Epoch 924/1000, Loss: 0.3633173406124115
INFO:root:Epoch 925/1000, Loss: 0.36368122696876526
INFO:root:Epoch 926/1000, Loss: 0.3625755310058594
INFO:root:Epoch 927/1000, Loss: 0.3623178005218506
INFO:root:Epoch 928/1000, Loss: 0.36315906047821045
INFO:root:Epoch 929/1000, Loss: 0.3625161349773407
INFO:root:Epoch 930/1000, Loss: 0.3606988489627838
INFO:root:Epoch 931/1000, Loss: 0.36001336574554443
INFO:root:Epoch 932/1000, Loss: 0.3601927161216736
INFO:root:Epoch 933/1000, Loss: 0.36125797033309937
INFO:root:Epoch 934/1000, Loss: 0.3593360483646393
INFO:root:Epoch 935/1000, Loss: 0.3589714467525482
INFO:root:Epoch 936/1000, Loss: 0.3599489629268646
INFO:root:Epoch 937/1000, Loss: 0.36102089285850525
INFO:root:Epoch 938/1000, Loss: 0.35759517550468445
INFO:root:Epoch 939/1000, Loss: 0.35778456926345825
INFO:root:Epoch 940/1000, Loss: 0.36136627197265625
INFO:root:Epoch 941/1000, Loss: 0.3598540127277374
INFO:root:Epoch 942/1000, Loss: 0.3576629161834717
INFO:root:Epoch 943/1000, Loss: 0.35635557770729065
INFO:root:Epoch 944/1000, Loss: 0.36016494035720825
INFO:root:Epoch 945/1000, Loss: 0.35882195830345154
INFO:root:Epoch 946/1000, Loss: 0.3551284372806549
INFO:root:Epoch 947/1000, Loss: 0.356871634721756
INFO:root:Epoch 948/1000, Loss: 0.3592389225959778
INFO:root:Epoch 949/1000, Loss: 0.35382309556007385
INFO:root:Epoch 950/1000, Loss: 0.3579697906970978
INFO:root:Epoch 951/1000, Loss: 0.35572585463523865
INFO:root:Epoch 952/1000, Loss: 0.35633793473243713
INFO:root:Epoch 953/1000, Loss: 0.35805556178092957
INFO:root:Epoch 954/1000, Loss: 0.3551577627658844
INFO:root:Epoch 955/1000, Loss: 0.3536803424358368
INFO:root:Epoch 956/1000, Loss: 0.35535821318626404
INFO:root:Epoch 957/1000, Loss: 0.3569752871990204
INFO:root:Epoch 958/1000, Loss: 0.35300707817077637
INFO:root:Epoch 959/1000, Loss: 0.3524547219276428
INFO:root:Epoch 960/1000, Loss: 0.3559933602809906
INFO:root:Epoch 961/1000, Loss: 0.3512195944786072
INFO:root:Epoch 962/1000, Loss: 0.3498009443283081
INFO:root:Epoch 963/1000, Loss: 0.3503994047641754
INFO:root:Epoch 964/1000, Loss: 0.34871500730514526
INFO:root:Epoch 965/1000, Loss: 0.35016974806785583
INFO:root:Epoch 966/1000, Loss: 0.3483491539955139
INFO:root:Epoch 967/1000, Loss: 0.35067543387413025
INFO:root:Epoch 968/1000, Loss: 0.34861937165260315
INFO:root:Epoch 969/1000, Loss: 0.3481958508491516
INFO:root:Epoch 970/1000, Loss: 0.3531094491481781
INFO:root:Epoch 971/1000, Loss: 0.35063159465789795
INFO:root:Epoch 972/1000, Loss: 0.3492400646209717
INFO:root:Epoch 973/1000, Loss: 0.3565206527709961
INFO:root:Epoch 974/1000, Loss: 0.35121238231658936
INFO:root:Epoch 975/1000, Loss: 0.346871942281723
INFO:root:Epoch 976/1000, Loss: 0.3514846861362457
INFO:root:Epoch 977/1000, Loss: 0.34677407145500183
INFO:root:Epoch 978/1000, Loss: 0.34811219573020935
INFO:root:Epoch 979/1000, Loss: 0.3509112596511841
INFO:root:Epoch 980/1000, Loss: 0.3506302237510681
INFO:root:Epoch 981/1000, Loss: 0.353362113237381
INFO:root:Epoch 982/1000, Loss: 0.34674912691116333
INFO:root:Epoch 983/1000, Loss: 0.3513604402542114
INFO:root:Epoch 984/1000, Loss: 0.3473900854587555
INFO:root:Epoch 985/1000, Loss: 0.34603726863861084
INFO:root:Epoch 986/1000, Loss: 0.349822074174881
INFO:root:Epoch 987/1000, Loss: 0.34412550926208496
INFO:root:Epoch 988/1000, Loss: 0.351784884929657
INFO:root:Epoch 989/1000, Loss: 0.3409126400947571
INFO:root:Epoch 990/1000, Loss: 0.35540470480918884
INFO:root:Epoch 991/1000, Loss: 0.34954577684402466
INFO:root:Epoch 992/1000, Loss: 0.3405594527721405
INFO:root:Epoch 993/1000, Loss: 0.3571985363960266
INFO:root:Epoch 994/1000, Loss: 0.3440482020378113
INFO:root:Epoch 995/1000, Loss: 0.34743350744247437
INFO:root:Epoch 996/1000, Loss: 0.35824739933013916
INFO:root:Epoch 997/1000, Loss: 0.33808955550193787
INFO:root:Epoch 998/1000, Loss: 0.3560121953487396
INFO:root:Epoch 999/1000, Loss: 0.33788684010505676
INFO:root:Epoch 1000/1000, Loss: 0.36192017793655396
INFO:root:Training time: 46.771114349365234 seconds
