INFO:root:Configs: {'lr': 0.01, 'epochs': 1600, 'batch_size': 64, 'seed': 42, 'device': 'cpu', 'optimizer': Adam (
Parameter Group 0
    amsgrad: False
    betas: (0.9, 0.999)
    capturable: False
    differentiable: False
    eps: 1e-08
    foreach: None
    fused: None
    lr: 0.01
    maximize: False
    weight_decay: 0
), 'equation': <equation.EuropeanBasketOptionCall object at 0x00000253E696B2C0>, 'net': Net4Y(
  (input_layer): Linear(in_features=5, out_features=64, bias=True)
  (output_layer): Linear(in_features=64, out_features=5, bias=True)
  (relu): ReLU()
  (net): Net4Z(
    (input_layer): Linear(in_features=5, out_features=64, bias=True)
    (output_layer): Linear(in_features=64, out_features=5, bias=True)
    (relu): ReLU()
  )
), 'train_iter': <torch.utils.data.dataloader.DataLoader object at 0x00000253E696A7B0>}
INFO:root:Epoch 1/1600, Loss: 0.8275737762451172
INFO:root:Epoch 2/1600, Loss: 0.7772243618965149
INFO:root:Epoch 3/1600, Loss: 0.7490274310112
INFO:root:Epoch 4/1600, Loss: 0.7371029853820801
INFO:root:Epoch 5/1600, Loss: 0.7281045317649841
INFO:root:Epoch 6/1600, Loss: 0.7195725440979004
INFO:root:Epoch 7/1600, Loss: 0.7089091539382935
INFO:root:Epoch 8/1600, Loss: 0.6968076229095459
INFO:root:Epoch 9/1600, Loss: 0.6861317157745361
INFO:root:Epoch 10/1600, Loss: 0.6763912439346313
INFO:root:Epoch 11/1600, Loss: 0.6673570275306702
INFO:root:Epoch 12/1600, Loss: 0.6572831869125366
INFO:root:Epoch 13/1600, Loss: 0.646258533000946
INFO:root:Epoch 14/1600, Loss: 0.6352262496948242
INFO:root:Epoch 15/1600, Loss: 0.6248356103897095
INFO:root:Epoch 16/1600, Loss: 0.6155668497085571
INFO:root:Epoch 17/1600, Loss: 0.6061854958534241
INFO:root:Epoch 18/1600, Loss: 0.5951293110847473
INFO:root:Epoch 19/1600, Loss: 0.5835458636283875
INFO:root:Epoch 20/1600, Loss: 0.5731160640716553
INFO:root:Epoch 21/1600, Loss: 0.5628326535224915
INFO:root:Epoch 22/1600, Loss: 0.5517343282699585
INFO:root:Epoch 23/1600, Loss: 0.5405815243721008
INFO:root:Epoch 24/1600, Loss: 0.5312182903289795
INFO:root:Epoch 25/1600, Loss: 0.5234391093254089
INFO:root:Epoch 26/1600, Loss: 0.5147676467895508
INFO:root:Epoch 27/1600, Loss: 0.5055289268493652
INFO:root:Epoch 28/1600, Loss: 0.49714115262031555
INFO:root:Epoch 29/1600, Loss: 0.48913368582725525
INFO:root:Epoch 30/1600, Loss: 0.4814039170742035
INFO:root:Epoch 31/1600, Loss: 0.4751078486442566
INFO:root:Epoch 32/1600, Loss: 0.46941882371902466
INFO:root:Epoch 33/1600, Loss: 0.46277129650115967
INFO:root:Epoch 34/1600, Loss: 0.4560246765613556
INFO:root:Epoch 35/1600, Loss: 0.45043736696243286
INFO:root:Epoch 36/1600, Loss: 0.4447265863418579
INFO:root:Epoch 37/1600, Loss: 0.43929195404052734
INFO:root:Epoch 38/1600, Loss: 0.4344848692417145
INFO:root:Epoch 39/1600, Loss: 0.4293341040611267
INFO:root:Epoch 40/1600, Loss: 0.4250534176826477
INFO:root:Epoch 41/1600, Loss: 0.42170560359954834
INFO:root:Epoch 42/1600, Loss: 0.41778701543807983
INFO:root:Epoch 43/1600, Loss: 0.41401058435440063
INFO:root:Epoch 44/1600, Loss: 0.40986180305480957
INFO:root:Epoch 45/1600, Loss: 0.40553057193756104
INFO:root:Epoch 46/1600, Loss: 0.4024064242839813
INFO:root:Epoch 47/1600, Loss: 0.3998667597770691
INFO:root:Epoch 48/1600, Loss: 0.39675766229629517
INFO:root:Epoch 49/1600, Loss: 0.39381104707717896
INFO:root:Epoch 50/1600, Loss: 0.3907168209552765
INFO:root:Epoch 51/1600, Loss: 0.38787975907325745
INFO:root:Epoch 52/1600, Loss: 0.385435551404953
INFO:root:Epoch 53/1600, Loss: 0.38286444544792175
INFO:root:Epoch 54/1600, Loss: 0.37995052337646484
INFO:root:Epoch 55/1600, Loss: 0.3767062723636627
INFO:root:Epoch 56/1600, Loss: 0.3741071820259094
INFO:root:Epoch 57/1600, Loss: 0.3718608021736145
INFO:root:Epoch 58/1600, Loss: 0.3700239062309265
INFO:root:Epoch 59/1600, Loss: 0.3672989010810852
INFO:root:Epoch 60/1600, Loss: 0.36487460136413574
INFO:root:Epoch 61/1600, Loss: 0.36260491609573364
INFO:root:Epoch 62/1600, Loss: 0.36008942127227783
INFO:root:Epoch 63/1600, Loss: 0.3579513430595398
INFO:root:Epoch 64/1600, Loss: 0.3556253910064697
INFO:root:Epoch 65/1600, Loss: 0.35364800691604614
INFO:root:Epoch 66/1600, Loss: 0.3511991798877716
INFO:root:Epoch 67/1600, Loss: 0.34860455989837646
INFO:root:Epoch 68/1600, Loss: 0.3462792634963989
INFO:root:Epoch 69/1600, Loss: 0.3436242938041687
INFO:root:Epoch 70/1600, Loss: 0.3412393629550934
INFO:root:Epoch 71/1600, Loss: 0.33911046385765076
INFO:root:Epoch 72/1600, Loss: 0.3369844853878021
INFO:root:Epoch 73/1600, Loss: 0.3349098265171051
INFO:root:Epoch 74/1600, Loss: 0.3326662480831146
INFO:root:Epoch 75/1600, Loss: 0.33035147190093994
INFO:root:Epoch 76/1600, Loss: 0.32834064960479736
INFO:root:Epoch 77/1600, Loss: 0.3261198103427887
INFO:root:Epoch 78/1600, Loss: 0.3239424526691437
INFO:root:Epoch 79/1600, Loss: 0.3220840394496918
INFO:root:Epoch 80/1600, Loss: 0.3202698528766632
INFO:root:Epoch 81/1600, Loss: 0.31826406717300415
INFO:root:Epoch 82/1600, Loss: 0.3161394000053406
INFO:root:Epoch 83/1600, Loss: 0.31409063935279846
INFO:root:Epoch 84/1600, Loss: 0.31192484498023987
INFO:root:Epoch 85/1600, Loss: 0.309846967458725
INFO:root:Epoch 86/1600, Loss: 0.30797329545021057
INFO:root:Epoch 87/1600, Loss: 0.3062375485897064
INFO:root:Epoch 88/1600, Loss: 0.3042181134223938
INFO:root:Epoch 89/1600, Loss: 0.3021793067455292
INFO:root:Epoch 90/1600, Loss: 0.3002214729785919
INFO:root:Epoch 91/1600, Loss: 0.298198938369751
INFO:root:Epoch 92/1600, Loss: 0.2963472306728363
INFO:root:Epoch 93/1600, Loss: 0.2942313253879547
INFO:root:Epoch 94/1600, Loss: 0.292074590921402
INFO:root:Epoch 95/1600, Loss: 0.2901628613471985
INFO:root:Epoch 96/1600, Loss: 0.2880479395389557
INFO:root:Epoch 97/1600, Loss: 0.28600412607192993
INFO:root:Epoch 98/1600, Loss: 0.2841489911079407
INFO:root:Epoch 99/1600, Loss: 0.2821173071861267
INFO:root:Epoch 100/1600, Loss: 0.28016018867492676
INFO:root:Epoch 101/1600, Loss: 0.27795225381851196
INFO:root:Epoch 102/1600, Loss: 0.27575942873954773
INFO:root:Epoch 103/1600, Loss: 0.273684561252594
INFO:root:Epoch 104/1600, Loss: 0.2720138728618622
INFO:root:Epoch 105/1600, Loss: 0.27000486850738525
INFO:root:Epoch 106/1600, Loss: 0.2677876353263855
INFO:root:Epoch 107/1600, Loss: 0.2658737301826477
INFO:root:Epoch 108/1600, Loss: 0.26378893852233887
INFO:root:Epoch 109/1600, Loss: 0.26189500093460083
INFO:root:Epoch 110/1600, Loss: 0.26006510853767395
INFO:root:Epoch 111/1600, Loss: 0.25834015011787415
INFO:root:Epoch 112/1600, Loss: 0.2565038204193115
INFO:root:Epoch 113/1600, Loss: 0.2545822262763977
INFO:root:Epoch 114/1600, Loss: 0.2531653046607971
INFO:root:Epoch 115/1600, Loss: 0.2518863379955292
INFO:root:Epoch 116/1600, Loss: 0.24996276199817657
INFO:root:Epoch 117/1600, Loss: 0.24838973581790924
INFO:root:Epoch 118/1600, Loss: 0.24711760878562927
INFO:root:Epoch 119/1600, Loss: 0.24553944170475006
INFO:root:Epoch 120/1600, Loss: 0.24417538940906525
INFO:root:Epoch 121/1600, Loss: 0.24286618828773499
INFO:root:Epoch 122/1600, Loss: 0.24145765602588654
INFO:root:Epoch 123/1600, Loss: 0.2402811199426651
INFO:root:Epoch 124/1600, Loss: 0.23908691108226776
INFO:root:Epoch 125/1600, Loss: 0.23752537369728088
INFO:root:Epoch 126/1600, Loss: 0.2363610416650772
INFO:root:Epoch 127/1600, Loss: 0.2352735549211502
INFO:root:Epoch 128/1600, Loss: 0.23409579694271088
INFO:root:Epoch 129/1600, Loss: 0.23282139003276825
INFO:root:Epoch 130/1600, Loss: 0.23161987960338593
INFO:root:Epoch 131/1600, Loss: 0.2302383929491043
INFO:root:Epoch 132/1600, Loss: 0.22908535599708557
INFO:root:Epoch 133/1600, Loss: 0.22812606394290924
INFO:root:Epoch 134/1600, Loss: 0.22660867869853973
INFO:root:Epoch 135/1600, Loss: 0.2257872074842453
INFO:root:Epoch 136/1600, Loss: 0.22470296919345856
INFO:root:Epoch 137/1600, Loss: 0.22309084236621857
INFO:root:Epoch 138/1600, Loss: 0.2224694788455963
INFO:root:Epoch 139/1600, Loss: 0.22093917429447174
INFO:root:Epoch 140/1600, Loss: 0.21978417038917542
INFO:root:Epoch 141/1600, Loss: 0.21856507658958435
INFO:root:Epoch 142/1600, Loss: 0.21743963658809662
INFO:root:Epoch 143/1600, Loss: 0.21640759706497192
INFO:root:Epoch 144/1600, Loss: 0.21475708484649658
INFO:root:Epoch 145/1600, Loss: 0.21396172046661377
INFO:root:Epoch 146/1600, Loss: 0.21261970698833466
INFO:root:Epoch 147/1600, Loss: 0.21130695939064026
INFO:root:Epoch 148/1600, Loss: 0.21006688475608826
INFO:root:Epoch 149/1600, Loss: 0.20856647193431854
INFO:root:Epoch 150/1600, Loss: 0.20773136615753174
INFO:root:Epoch 151/1600, Loss: 0.20657405257225037
INFO:root:Epoch 152/1600, Loss: 0.20574316382408142
INFO:root:Epoch 153/1600, Loss: 0.20433540642261505
INFO:root:Epoch 154/1600, Loss: 0.2030724734067917
INFO:root:Epoch 155/1600, Loss: 0.20193690061569214
INFO:root:Epoch 156/1600, Loss: 0.20084229111671448
INFO:root:Epoch 157/1600, Loss: 0.1998499631881714
INFO:root:Epoch 158/1600, Loss: 0.19863256812095642
INFO:root:Epoch 159/1600, Loss: 0.19765588641166687
INFO:root:Epoch 160/1600, Loss: 0.19652916491031647
INFO:root:Epoch 161/1600, Loss: 0.19523465633392334
INFO:root:Epoch 162/1600, Loss: 0.19425785541534424
INFO:root:Epoch 163/1600, Loss: 0.19330687820911407
INFO:root:Epoch 164/1600, Loss: 0.19213324785232544
INFO:root:Epoch 165/1600, Loss: 0.1911403238773346
INFO:root:Epoch 166/1600, Loss: 0.1898471713066101
INFO:root:Epoch 167/1600, Loss: 0.18916934728622437
INFO:root:Epoch 168/1600, Loss: 0.1882496476173401
INFO:root:Epoch 169/1600, Loss: 0.1870596557855606
INFO:root:Epoch 170/1600, Loss: 0.18594884872436523
INFO:root:Epoch 171/1600, Loss: 0.18461956083774567
INFO:root:Epoch 172/1600, Loss: 0.18384301662445068
INFO:root:Epoch 173/1600, Loss: 0.1826123595237732
INFO:root:Epoch 174/1600, Loss: 0.18213428556919098
INFO:root:Epoch 175/1600, Loss: 0.1808546781539917
INFO:root:Epoch 176/1600, Loss: 0.18005582690238953
INFO:root:Epoch 177/1600, Loss: 0.17872034013271332
INFO:root:Epoch 178/1600, Loss: 0.1778496354818344
INFO:root:Epoch 179/1600, Loss: 0.17692223191261292
INFO:root:Epoch 180/1600, Loss: 0.17562048137187958
INFO:root:Epoch 181/1600, Loss: 0.1749783456325531
INFO:root:Epoch 182/1600, Loss: 0.17374461889266968
INFO:root:Epoch 183/1600, Loss: 0.17290259897708893
INFO:root:Epoch 184/1600, Loss: 0.17196010053157806
INFO:root:Epoch 185/1600, Loss: 0.17081166803836823
INFO:root:Epoch 186/1600, Loss: 0.17009490728378296
INFO:root:Epoch 187/1600, Loss: 0.16909097135066986
INFO:root:Epoch 188/1600, Loss: 0.16835163533687592
INFO:root:Epoch 189/1600, Loss: 0.16708862781524658
INFO:root:Epoch 190/1600, Loss: 0.1663566380739212
INFO:root:Epoch 191/1600, Loss: 0.16552872955799103
INFO:root:Epoch 192/1600, Loss: 0.16450431942939758
INFO:root:Epoch 193/1600, Loss: 0.16369172930717468
INFO:root:Epoch 194/1600, Loss: 0.16322332620620728
INFO:root:Epoch 195/1600, Loss: 0.1621767282485962
INFO:root:Epoch 196/1600, Loss: 0.16113430261611938
INFO:root:Epoch 197/1600, Loss: 0.1603357344865799
INFO:root:Epoch 198/1600, Loss: 0.15953516960144043
INFO:root:Epoch 199/1600, Loss: 0.1587827056646347
INFO:root:Epoch 200/1600, Loss: 0.1582305133342743
INFO:root:Epoch 201/1600, Loss: 0.15766267478466034
INFO:root:Epoch 202/1600, Loss: 0.15632103383541107
INFO:root:Epoch 203/1600, Loss: 0.1550689935684204
INFO:root:Epoch 204/1600, Loss: 0.15471822023391724
INFO:root:Epoch 205/1600, Loss: 0.15399350225925446
INFO:root:Epoch 206/1600, Loss: 0.1529000997543335
INFO:root:Epoch 207/1600, Loss: 0.1520657241344452
INFO:root:Epoch 208/1600, Loss: 0.15099786221981049
INFO:root:Epoch 209/1600, Loss: 0.15095047652721405
INFO:root:Epoch 210/1600, Loss: 0.150590717792511
INFO:root:Epoch 211/1600, Loss: 0.14902640879154205
INFO:root:Epoch 212/1600, Loss: 0.14789201319217682
INFO:root:Epoch 213/1600, Loss: 0.1477566808462143
INFO:root:Epoch 214/1600, Loss: 0.1472652405500412
INFO:root:Epoch 215/1600, Loss: 0.14643503725528717
INFO:root:Epoch 216/1600, Loss: 0.14515289664268494
INFO:root:Epoch 217/1600, Loss: 0.14529427886009216
INFO:root:Epoch 218/1600, Loss: 0.14455482363700867
INFO:root:Epoch 219/1600, Loss: 0.1429913491010666
INFO:root:Epoch 220/1600, Loss: 0.141995370388031
INFO:root:Epoch 221/1600, Loss: 0.14222292602062225
INFO:root:Epoch 222/1600, Loss: 0.14118503034114838
INFO:root:Epoch 223/1600, Loss: 0.1403772085905075
INFO:root:Epoch 224/1600, Loss: 0.13909053802490234
INFO:root:Epoch 225/1600, Loss: 0.13888263702392578
INFO:root:Epoch 226/1600, Loss: 0.13835817575454712
INFO:root:Epoch 227/1600, Loss: 0.13756327331066132
INFO:root:Epoch 228/1600, Loss: 0.13704651594161987
INFO:root:Epoch 229/1600, Loss: 0.13671280443668365
INFO:root:Epoch 230/1600, Loss: 0.13542111217975616
INFO:root:Epoch 231/1600, Loss: 0.1348922848701477
INFO:root:Epoch 232/1600, Loss: 0.13476721942424774
INFO:root:Epoch 233/1600, Loss: 0.13397754728794098
INFO:root:Epoch 234/1600, Loss: 0.1327282041311264
INFO:root:Epoch 235/1600, Loss: 0.13226191699504852
INFO:root:Epoch 236/1600, Loss: 0.13208238780498505
INFO:root:Epoch 237/1600, Loss: 0.13149897754192352
INFO:root:Epoch 238/1600, Loss: 0.13026678562164307
INFO:root:Epoch 239/1600, Loss: 0.13011287152767181
INFO:root:Epoch 240/1600, Loss: 0.12988051772117615
INFO:root:Epoch 241/1600, Loss: 0.1288839727640152
INFO:root:Epoch 242/1600, Loss: 0.1279582977294922
INFO:root:Epoch 243/1600, Loss: 0.12800325453281403
INFO:root:Epoch 244/1600, Loss: 0.1272651106119156
INFO:root:Epoch 245/1600, Loss: 0.12644095718860626
INFO:root:Epoch 246/1600, Loss: 0.12606553733348846
INFO:root:Epoch 247/1600, Loss: 0.1254826784133911
INFO:root:Epoch 248/1600, Loss: 0.12498480081558228
INFO:root:Epoch 249/1600, Loss: 0.12403539568185806
INFO:root:Epoch 250/1600, Loss: 0.12358018010854721
INFO:root:Epoch 251/1600, Loss: 0.12310609966516495
INFO:root:Epoch 252/1600, Loss: 0.12229780852794647
INFO:root:Epoch 253/1600, Loss: 0.12183499336242676
INFO:root:Epoch 254/1600, Loss: 0.12131385505199432
INFO:root:Epoch 255/1600, Loss: 0.12084061652421951
INFO:root:Epoch 256/1600, Loss: 0.12028554826974869
INFO:root:Epoch 257/1600, Loss: 0.1195237934589386
INFO:root:Epoch 258/1600, Loss: 0.11933697760105133
INFO:root:Epoch 259/1600, Loss: 0.11845359206199646
INFO:root:Epoch 260/1600, Loss: 0.11793062090873718
INFO:root:Epoch 261/1600, Loss: 0.11749927699565887
INFO:root:Epoch 262/1600, Loss: 0.11694829910993576
INFO:root:Epoch 263/1600, Loss: 0.11655603349208832
INFO:root:Epoch 264/1600, Loss: 0.11572058498859406
INFO:root:Epoch 265/1600, Loss: 0.1153215765953064
INFO:root:Epoch 266/1600, Loss: 0.11503971368074417
INFO:root:Epoch 267/1600, Loss: 0.1144750565290451
INFO:root:Epoch 268/1600, Loss: 0.11369404941797256
INFO:root:Epoch 269/1600, Loss: 0.11335849016904831
INFO:root:Epoch 270/1600, Loss: 0.11254522949457169
INFO:root:Epoch 271/1600, Loss: 0.11236044019460678
INFO:root:Epoch 272/1600, Loss: 0.1115584596991539
INFO:root:Epoch 273/1600, Loss: 0.1111922338604927
INFO:root:Epoch 274/1600, Loss: 0.11097445338964462
INFO:root:Epoch 275/1600, Loss: 0.11065628379583359
INFO:root:Epoch 276/1600, Loss: 0.10996061563491821
INFO:root:Epoch 277/1600, Loss: 0.10922117531299591
INFO:root:Epoch 278/1600, Loss: 0.10903644561767578
INFO:root:Epoch 279/1600, Loss: 0.10824329406023026
INFO:root:Epoch 280/1600, Loss: 0.10763335227966309
INFO:root:Epoch 281/1600, Loss: 0.10725521296262741
INFO:root:Epoch 282/1600, Loss: 0.1067168116569519
INFO:root:Epoch 283/1600, Loss: 0.10598036646842957
INFO:root:Epoch 284/1600, Loss: 0.10567490756511688
INFO:root:Epoch 285/1600, Loss: 0.10509420186281204
INFO:root:Epoch 286/1600, Loss: 0.10436055064201355
INFO:root:Epoch 287/1600, Loss: 0.10403604805469513
INFO:root:Epoch 288/1600, Loss: 0.10330018401145935
INFO:root:Epoch 289/1600, Loss: 0.10299845039844513
INFO:root:Epoch 290/1600, Loss: 0.10245275497436523
INFO:root:Epoch 291/1600, Loss: 0.10208876430988312
INFO:root:Epoch 292/1600, Loss: 0.10138430446386337
INFO:root:Epoch 293/1600, Loss: 0.10063828527927399
INFO:root:Epoch 294/1600, Loss: 0.10034999251365662
INFO:root:Epoch 295/1600, Loss: 0.10001131892204285
INFO:root:Epoch 296/1600, Loss: 0.09934160858392715
INFO:root:Epoch 297/1600, Loss: 0.09863333404064178
INFO:root:Epoch 298/1600, Loss: 0.09815705567598343
INFO:root:Epoch 299/1600, Loss: 0.09774190187454224
INFO:root:Epoch 300/1600, Loss: 0.09722652286291122
INFO:root:Epoch 301/1600, Loss: 0.09668193012475967
INFO:root:Epoch 302/1600, Loss: 0.09622559696435928
INFO:root:Epoch 303/1600, Loss: 0.09573975205421448
INFO:root:Epoch 304/1600, Loss: 0.09524356573820114
INFO:root:Epoch 305/1600, Loss: 0.09450245648622513
INFO:root:Epoch 306/1600, Loss: 0.09427443146705627
INFO:root:Epoch 307/1600, Loss: 0.09391859918832779
INFO:root:Epoch 308/1600, Loss: 0.09370321035385132
INFO:root:Epoch 309/1600, Loss: 0.09283579140901566
INFO:root:Epoch 310/1600, Loss: 0.09213031828403473
INFO:root:Epoch 311/1600, Loss: 0.09185808897018433
INFO:root:Epoch 312/1600, Loss: 0.09150812029838562
INFO:root:Epoch 313/1600, Loss: 0.09080992639064789
INFO:root:Epoch 314/1600, Loss: 0.09069473296403885
INFO:root:Epoch 315/1600, Loss: 0.09013301134109497
INFO:root:Epoch 316/1600, Loss: 0.08977892249822617
INFO:root:Epoch 317/1600, Loss: 0.08950209617614746
INFO:root:Epoch 318/1600, Loss: 0.08841094374656677
INFO:root:Epoch 319/1600, Loss: 0.08840963989496231
INFO:root:Epoch 320/1600, Loss: 0.08786027878522873
INFO:root:Epoch 321/1600, Loss: 0.08832252770662308
INFO:root:Epoch 322/1600, Loss: 0.08848131448030472
INFO:root:Epoch 323/1600, Loss: 0.08759786933660507
INFO:root:Epoch 324/1600, Loss: 0.08648928999900818
INFO:root:Epoch 325/1600, Loss: 0.08538910001516342
INFO:root:Epoch 326/1600, Loss: 0.08499899506568909
INFO:root:Epoch 327/1600, Loss: 0.08492979407310486
INFO:root:Epoch 328/1600, Loss: 0.08479467034339905
INFO:root:Epoch 329/1600, Loss: 0.08414190262556076
INFO:root:Epoch 330/1600, Loss: 0.08343551307916641
INFO:root:Epoch 331/1600, Loss: 0.08300590515136719
INFO:root:Epoch 332/1600, Loss: 0.08257120847702026
INFO:root:Epoch 333/1600, Loss: 0.0822613313794136
INFO:root:Epoch 334/1600, Loss: 0.08214183151721954
INFO:root:Epoch 335/1600, Loss: 0.08173033595085144
INFO:root:Epoch 336/1600, Loss: 0.08146816492080688
INFO:root:Epoch 337/1600, Loss: 0.0812050998210907
INFO:root:Epoch 338/1600, Loss: 0.08029256016016006
INFO:root:Epoch 339/1600, Loss: 0.07977728545665741
INFO:root:Epoch 340/1600, Loss: 0.07925191521644592
INFO:root:Epoch 341/1600, Loss: 0.07942850142717361
INFO:root:Epoch 342/1600, Loss: 0.07939523458480835
INFO:root:Epoch 343/1600, Loss: 0.0790904313325882
INFO:root:Epoch 344/1600, Loss: 0.07855116575956345
INFO:root:Epoch 345/1600, Loss: 0.07761242985725403
INFO:root:Epoch 346/1600, Loss: 0.07678594440221786
INFO:root:Epoch 347/1600, Loss: 0.07691249996423721
INFO:root:Epoch 348/1600, Loss: 0.07690810412168503
INFO:root:Epoch 349/1600, Loss: 0.07557512074708939
INFO:root:Epoch 350/1600, Loss: 0.07518056035041809
INFO:root:Epoch 351/1600, Loss: 0.0748114138841629
INFO:root:Epoch 352/1600, Loss: 0.07430858910083771
INFO:root:Epoch 353/1600, Loss: 0.07430286705493927
INFO:root:Epoch 354/1600, Loss: 0.07405675202608109
INFO:root:Epoch 355/1600, Loss: 0.07349907606840134
INFO:root:Epoch 356/1600, Loss: 0.07291693240404129
INFO:root:Epoch 357/1600, Loss: 0.07213753461837769
INFO:root:Epoch 358/1600, Loss: 0.07209382206201553
INFO:root:Epoch 359/1600, Loss: 0.0720573365688324
INFO:root:Epoch 360/1600, Loss: 0.07167454063892365
INFO:root:Epoch 361/1600, Loss: 0.07060135900974274
INFO:root:Epoch 362/1600, Loss: 0.07002542912960052
INFO:root:Epoch 363/1600, Loss: 0.06991227716207504
INFO:root:Epoch 364/1600, Loss: 0.06960369646549225
INFO:root:Epoch 365/1600, Loss: 0.06912143528461456
INFO:root:Epoch 366/1600, Loss: 0.06877809762954712
INFO:root:Epoch 367/1600, Loss: 0.06861118972301483
INFO:root:Epoch 368/1600, Loss: 0.06775867193937302
INFO:root:Epoch 369/1600, Loss: 0.06735199689865112
INFO:root:Epoch 370/1600, Loss: 0.06666162610054016
INFO:root:Epoch 371/1600, Loss: 0.06621158868074417
INFO:root:Epoch 372/1600, Loss: 0.06588994711637497
INFO:root:Epoch 373/1600, Loss: 0.06540265679359436
INFO:root:Epoch 374/1600, Loss: 0.0650758147239685
INFO:root:Epoch 375/1600, Loss: 0.0647713914513588
INFO:root:Epoch 376/1600, Loss: 0.0645708441734314
INFO:root:Epoch 377/1600, Loss: 0.06400693953037262
INFO:root:Epoch 378/1600, Loss: 0.06366771459579468
INFO:root:Epoch 379/1600, Loss: 0.06331139802932739
INFO:root:Epoch 380/1600, Loss: 0.06275195628404617
INFO:root:Epoch 381/1600, Loss: 0.06227054074406624
INFO:root:Epoch 382/1600, Loss: 0.06177299842238426
INFO:root:Epoch 383/1600, Loss: 0.06133374199271202
INFO:root:Epoch 384/1600, Loss: 0.06106521934270859
INFO:root:Epoch 385/1600, Loss: 0.060812417417764664
INFO:root:Epoch 386/1600, Loss: 0.06060341000556946
INFO:root:Epoch 387/1600, Loss: 0.06007259339094162
INFO:root:Epoch 388/1600, Loss: 0.0595875158905983
INFO:root:Epoch 389/1600, Loss: 0.05937237665057182
INFO:root:Epoch 390/1600, Loss: 0.05928165838122368
INFO:root:Epoch 391/1600, Loss: 0.05900052562355995
INFO:root:Epoch 392/1600, Loss: 0.05844679847359657
INFO:root:Epoch 393/1600, Loss: 0.05870075151324272
INFO:root:Epoch 394/1600, Loss: 0.059066981077194214
INFO:root:Epoch 395/1600, Loss: 0.05806860327720642
INFO:root:Epoch 396/1600, Loss: 0.057988252490758896
INFO:root:Epoch 397/1600, Loss: 0.058566927909851074
INFO:root:Epoch 398/1600, Loss: 0.05798866227269173
INFO:root:Epoch 399/1600, Loss: 0.0569639690220356
INFO:root:Epoch 400/1600, Loss: 0.056533511728048325
INFO:root:Epoch 401/1600, Loss: 0.05545675382018089
INFO:root:Epoch 402/1600, Loss: 0.054887618869543076
INFO:root:Epoch 403/1600, Loss: 0.055046554654836655
INFO:root:Epoch 404/1600, Loss: 0.055124431848526
INFO:root:Epoch 405/1600, Loss: 0.05492721125483513
INFO:root:Epoch 406/1600, Loss: 0.05460573732852936
INFO:root:Epoch 407/1600, Loss: 0.053954362869262695
INFO:root:Epoch 408/1600, Loss: 0.0529981330037117
INFO:root:Epoch 409/1600, Loss: 0.0526559017598629
INFO:root:Epoch 410/1600, Loss: 0.052620526403188705
INFO:root:Epoch 411/1600, Loss: 0.05226181447505951
INFO:root:Epoch 412/1600, Loss: 0.051930613815784454
INFO:root:Epoch 413/1600, Loss: 0.05189485475420952
INFO:root:Epoch 414/1600, Loss: 0.052051667124032974
INFO:root:Epoch 415/1600, Loss: 0.05171646177768707
INFO:root:Epoch 416/1600, Loss: 0.05087464302778244
INFO:root:Epoch 417/1600, Loss: 0.05066506937146187
INFO:root:Epoch 418/1600, Loss: 0.050042539834976196
INFO:root:Epoch 419/1600, Loss: 0.049698520451784134
INFO:root:Epoch 420/1600, Loss: 0.04949985444545746
INFO:root:Epoch 421/1600, Loss: 0.04936911538243294
INFO:root:Epoch 422/1600, Loss: 0.04896669089794159
INFO:root:Epoch 423/1600, Loss: 0.048645466566085815
INFO:root:Epoch 424/1600, Loss: 0.048281896859407425
INFO:root:Epoch 425/1600, Loss: 0.04796196147799492
INFO:root:Epoch 426/1600, Loss: 0.047624144703149796
INFO:root:Epoch 427/1600, Loss: 0.04729089140892029
INFO:root:Epoch 428/1600, Loss: 0.047124456614255905
INFO:root:Epoch 429/1600, Loss: 0.04693710431456566
INFO:root:Epoch 430/1600, Loss: 0.046644214540719986
INFO:root:Epoch 431/1600, Loss: 0.04640207439661026
INFO:root:Epoch 432/1600, Loss: 0.04618918523192406
INFO:root:Epoch 433/1600, Loss: 0.0458623506128788
INFO:root:Epoch 434/1600, Loss: 0.04548776149749756
INFO:root:Epoch 435/1600, Loss: 0.04533645138144493
INFO:root:Epoch 436/1600, Loss: 0.044965747743844986
INFO:root:Epoch 437/1600, Loss: 0.04466269910335541
INFO:root:Epoch 438/1600, Loss: 0.04447931796312332
INFO:root:Epoch 439/1600, Loss: 0.04415810480713844
INFO:root:Epoch 440/1600, Loss: 0.043898578733205795
INFO:root:Epoch 441/1600, Loss: 0.04379858821630478
INFO:root:Epoch 442/1600, Loss: 0.04377615824341774
INFO:root:Epoch 443/1600, Loss: 0.043554097414016724
INFO:root:Epoch 444/1600, Loss: 0.04338172823190689
INFO:root:Epoch 445/1600, Loss: 0.0431598462164402
INFO:root:Epoch 446/1600, Loss: 0.04287295415997505
INFO:root:Epoch 447/1600, Loss: 0.042387571185827255
INFO:root:Epoch 448/1600, Loss: 0.04193762689828873
INFO:root:Epoch 449/1600, Loss: 0.04164069518446922
INFO:root:Epoch 450/1600, Loss: 0.041526757180690765
INFO:root:Epoch 451/1600, Loss: 0.04106280952692032
INFO:root:Epoch 452/1600, Loss: 0.04079115018248558
INFO:root:Epoch 453/1600, Loss: 0.040923524647951126
INFO:root:Epoch 454/1600, Loss: 0.0410265177488327
INFO:root:Epoch 455/1600, Loss: 0.04092596471309662
INFO:root:Epoch 456/1600, Loss: 0.04086722806096077
INFO:root:Epoch 457/1600, Loss: 0.040647972375154495
INFO:root:Epoch 458/1600, Loss: 0.04001319408416748
INFO:root:Epoch 459/1600, Loss: 0.03930933400988579
INFO:root:Epoch 460/1600, Loss: 0.03877810016274452
INFO:root:Epoch 461/1600, Loss: 0.03857150673866272
INFO:root:Epoch 462/1600, Loss: 0.038428518921136856
INFO:root:Epoch 463/1600, Loss: 0.03838216885924339
INFO:root:Epoch 464/1600, Loss: 0.03832453116774559
INFO:root:Epoch 465/1600, Loss: 0.038125861436128616
INFO:root:Epoch 466/1600, Loss: 0.03799651563167572
INFO:root:Epoch 467/1600, Loss: 0.037604354321956635
INFO:root:Epoch 468/1600, Loss: 0.037278786301612854
INFO:root:Epoch 469/1600, Loss: 0.03688359260559082
INFO:root:Epoch 470/1600, Loss: 0.03654423728585243
INFO:root:Epoch 471/1600, Loss: 0.036395348608493805
INFO:root:Epoch 472/1600, Loss: 0.03612789139151573
INFO:root:Epoch 473/1600, Loss: 0.03591306507587433
INFO:root:Epoch 474/1600, Loss: 0.03571537882089615
INFO:root:Epoch 475/1600, Loss: 0.03565588593482971
INFO:root:Epoch 476/1600, Loss: 0.03555615618824959
INFO:root:Epoch 477/1600, Loss: 0.03523769974708557
INFO:root:Epoch 478/1600, Loss: 0.034813955426216125
INFO:root:Epoch 479/1600, Loss: 0.03470493480563164
INFO:root:Epoch 480/1600, Loss: 0.03460059314966202
INFO:root:Epoch 481/1600, Loss: 0.034370534121990204
INFO:root:Epoch 482/1600, Loss: 0.03449558839201927
INFO:root:Epoch 483/1600, Loss: 0.03422967344522476
INFO:root:Epoch 484/1600, Loss: 0.03390735015273094
INFO:root:Epoch 485/1600, Loss: 0.0336821973323822
INFO:root:Epoch 486/1600, Loss: 0.033127106726169586
INFO:root:Epoch 487/1600, Loss: 0.03282945975661278
INFO:root:Epoch 488/1600, Loss: 0.03282909467816353
INFO:root:Epoch 489/1600, Loss: 0.03277480974793434
INFO:root:Epoch 490/1600, Loss: 0.0326974056661129
INFO:root:Epoch 491/1600, Loss: 0.03235848248004913
INFO:root:Epoch 492/1600, Loss: 0.032002031803131104
INFO:root:Epoch 493/1600, Loss: 0.03185966610908508
INFO:root:Epoch 494/1600, Loss: 0.031816791743040085
INFO:root:Epoch 495/1600, Loss: 0.03179313242435455
INFO:root:Epoch 496/1600, Loss: 0.031937647610902786
INFO:root:Epoch 497/1600, Loss: 0.031789958477020264
INFO:root:Epoch 498/1600, Loss: 0.03157755732536316
INFO:root:Epoch 499/1600, Loss: 0.031233839690685272
INFO:root:Epoch 500/1600, Loss: 0.03101542964577675
INFO:root:Epoch 501/1600, Loss: 0.030787618830800056
INFO:root:Epoch 502/1600, Loss: 0.0303898174315691
INFO:root:Epoch 503/1600, Loss: 0.029959088191390038
INFO:root:Epoch 504/1600, Loss: 0.029623543843626976
INFO:root:Epoch 505/1600, Loss: 0.029618388041853905
INFO:root:Epoch 506/1600, Loss: 0.02957780845463276
INFO:root:Epoch 507/1600, Loss: 0.02950458601117134
INFO:root:Epoch 508/1600, Loss: 0.029577530920505524
INFO:root:Epoch 509/1600, Loss: 0.029756002128124237
INFO:root:Epoch 510/1600, Loss: 0.02985277958214283
INFO:root:Epoch 511/1600, Loss: 0.02976931259036064
INFO:root:Epoch 512/1600, Loss: 0.02880268730223179
INFO:root:Epoch 513/1600, Loss: 0.028261534869670868
INFO:root:Epoch 514/1600, Loss: 0.028257763013243675
INFO:root:Epoch 515/1600, Loss: 0.028356339782476425
INFO:root:Epoch 516/1600, Loss: 0.02855796180665493
INFO:root:Epoch 517/1600, Loss: 0.02895379811525345
INFO:root:Epoch 518/1600, Loss: 0.029339931905269623
INFO:root:Epoch 519/1600, Loss: 0.029015492647886276
INFO:root:Epoch 520/1600, Loss: 0.028623897582292557
INFO:root:Epoch 521/1600, Loss: 0.028319427743554115
INFO:root:Epoch 522/1600, Loss: 0.027954405173659325
INFO:root:Epoch 523/1600, Loss: 0.026870911940932274
INFO:root:Epoch 524/1600, Loss: 0.026964401826262474
INFO:root:Epoch 525/1600, Loss: 0.02744164690375328
INFO:root:Epoch 526/1600, Loss: 0.027365487068891525
INFO:root:Epoch 527/1600, Loss: 0.02668227255344391
INFO:root:Epoch 528/1600, Loss: 0.026262003928422928
INFO:root:Epoch 529/1600, Loss: 0.02593550831079483
INFO:root:Epoch 530/1600, Loss: 0.02597827836871147
INFO:root:Epoch 531/1600, Loss: 0.025983324274420738
INFO:root:Epoch 532/1600, Loss: 0.025964559987187386
INFO:root:Epoch 533/1600, Loss: 0.02553250826895237
INFO:root:Epoch 534/1600, Loss: 0.024952003732323647
INFO:root:Epoch 535/1600, Loss: 0.024851474910974503
INFO:root:Epoch 536/1600, Loss: 0.024923449382185936
INFO:root:Epoch 537/1600, Loss: 0.024826372042298317
INFO:root:Epoch 538/1600, Loss: 0.02477891743183136
INFO:root:Epoch 539/1600, Loss: 0.024631422013044357
INFO:root:Epoch 540/1600, Loss: 0.024280427023768425
INFO:root:Epoch 541/1600, Loss: 0.023993486538529396
INFO:root:Epoch 542/1600, Loss: 0.023935342207551003
INFO:root:Epoch 543/1600, Loss: 0.023894749581813812
INFO:root:Epoch 544/1600, Loss: 0.023775463923811913
INFO:root:Epoch 545/1600, Loss: 0.023617472499608994
INFO:root:Epoch 546/1600, Loss: 0.023751864209771156
INFO:root:Epoch 547/1600, Loss: 0.02403343841433525
INFO:root:Epoch 548/1600, Loss: 0.024413080886006355
INFO:root:Epoch 549/1600, Loss: 0.024057773873209953
INFO:root:Epoch 550/1600, Loss: 0.023288529366254807
INFO:root:Epoch 551/1600, Loss: 0.02282085455954075
INFO:root:Epoch 552/1600, Loss: 0.022384731099009514
INFO:root:Epoch 553/1600, Loss: 0.02246658317744732
INFO:root:Epoch 554/1600, Loss: 0.022663066163659096
INFO:root:Epoch 555/1600, Loss: 0.022808123379945755
INFO:root:Epoch 556/1600, Loss: 0.022707439959049225
INFO:root:Epoch 557/1600, Loss: 0.022337637841701508
INFO:root:Epoch 558/1600, Loss: 0.021785736083984375
INFO:root:Epoch 559/1600, Loss: 0.021543633192777634
INFO:root:Epoch 560/1600, Loss: 0.021413233131170273
INFO:root:Epoch 561/1600, Loss: 0.02151341363787651
INFO:root:Epoch 562/1600, Loss: 0.02156176045536995
INFO:root:Epoch 563/1600, Loss: 0.021600613370537758
INFO:root:Epoch 564/1600, Loss: 0.02153084985911846
INFO:root:Epoch 565/1600, Loss: 0.021213700994849205
INFO:root:Epoch 566/1600, Loss: 0.020802903920412064
INFO:root:Epoch 567/1600, Loss: 0.020558636635541916
INFO:root:Epoch 568/1600, Loss: 0.020428191870450974
INFO:root:Epoch 569/1600, Loss: 0.02044263668358326
INFO:root:Epoch 570/1600, Loss: 0.020672915503382683
INFO:root:Epoch 571/1600, Loss: 0.02089458517730236
INFO:root:Epoch 572/1600, Loss: 0.0208132341504097
INFO:root:Epoch 573/1600, Loss: 0.020586814731359482
INFO:root:Epoch 574/1600, Loss: 0.02023077942430973
INFO:root:Epoch 575/1600, Loss: 0.019945908337831497
INFO:root:Epoch 576/1600, Loss: 0.01965043507516384
INFO:root:Epoch 577/1600, Loss: 0.019482184201478958
INFO:root:Epoch 578/1600, Loss: 0.019366806373000145
INFO:root:Epoch 579/1600, Loss: 0.019286343827843666
INFO:root:Epoch 580/1600, Loss: 0.019240932539105415
INFO:root:Epoch 581/1600, Loss: 0.019206155091524124
INFO:root:Epoch 582/1600, Loss: 0.01916796714067459
INFO:root:Epoch 583/1600, Loss: 0.01922386884689331
INFO:root:Epoch 584/1600, Loss: 0.019373316317796707
INFO:root:Epoch 585/1600, Loss: 0.01938847452402115
INFO:root:Epoch 586/1600, Loss: 0.019324202090501785
INFO:root:Epoch 587/1600, Loss: 0.019274035468697548
INFO:root:Epoch 588/1600, Loss: 0.01893872767686844
INFO:root:Epoch 589/1600, Loss: 0.01853547990322113
INFO:root:Epoch 590/1600, Loss: 0.01829119212925434
INFO:root:Epoch 591/1600, Loss: 0.018192289397120476
INFO:root:Epoch 592/1600, Loss: 0.01845216192305088
INFO:root:Epoch 593/1600, Loss: 0.01880020461976528
INFO:root:Epoch 594/1600, Loss: 0.019079122692346573
INFO:root:Epoch 595/1600, Loss: 0.019039446488022804
INFO:root:Epoch 596/1600, Loss: 0.018362505361437798
INFO:root:Epoch 597/1600, Loss: 0.017633844166994095
INFO:root:Epoch 598/1600, Loss: 0.017360296100378036
INFO:root:Epoch 599/1600, Loss: 0.017841743305325508
INFO:root:Epoch 600/1600, Loss: 0.0186772421002388
INFO:root:Epoch 601/1600, Loss: 0.019003285095095634
INFO:root:Epoch 602/1600, Loss: 0.019177263602614403
INFO:root:Epoch 603/1600, Loss: 0.0182222668081522
INFO:root:Epoch 604/1600, Loss: 0.01713140681385994
INFO:root:Epoch 605/1600, Loss: 0.016980133950710297
INFO:root:Epoch 606/1600, Loss: 0.017667971551418304
INFO:root:Epoch 607/1600, Loss: 0.01829676330089569
INFO:root:Epoch 608/1600, Loss: 0.018739404156804085
INFO:root:Epoch 609/1600, Loss: 0.01863573119044304
INFO:root:Epoch 610/1600, Loss: 0.017000721767544746
INFO:root:Epoch 611/1600, Loss: 0.016965575516223907
INFO:root:Epoch 612/1600, Loss: 0.017794853076338768
INFO:root:Epoch 613/1600, Loss: 0.017231589183211327
INFO:root:Epoch 614/1600, Loss: 0.017117144539952278
INFO:root:Epoch 615/1600, Loss: 0.016693713143467903
INFO:root:Epoch 616/1600, Loss: 0.016204793006181717
INFO:root:Epoch 617/1600, Loss: 0.016452131792902946
INFO:root:Epoch 618/1600, Loss: 0.01646980084478855
INFO:root:Epoch 619/1600, Loss: 0.01599159650504589
INFO:root:Epoch 620/1600, Loss: 0.015937630087137222
INFO:root:Epoch 621/1600, Loss: 0.016023283824324608
INFO:root:Epoch 622/1600, Loss: 0.015727262943983078
INFO:root:Epoch 623/1600, Loss: 0.015305498614907265
INFO:root:Epoch 624/1600, Loss: 0.015524649992585182
INFO:root:Epoch 625/1600, Loss: 0.015555769205093384
INFO:root:Epoch 626/1600, Loss: 0.01524994894862175
INFO:root:Epoch 627/1600, Loss: 0.01498043816536665
INFO:root:Epoch 628/1600, Loss: 0.014950323849916458
INFO:root:Epoch 629/1600, Loss: 0.014839576557278633
INFO:root:Epoch 630/1600, Loss: 0.014791089110076427
INFO:root:Epoch 631/1600, Loss: 0.014842458069324493
INFO:root:Epoch 632/1600, Loss: 0.014709075912833214
INFO:root:Epoch 633/1600, Loss: 0.014433647505939007
INFO:root:Epoch 634/1600, Loss: 0.014291911385953426
INFO:root:Epoch 635/1600, Loss: 0.014282955788075924
INFO:root:Epoch 636/1600, Loss: 0.014187488704919815
INFO:root:Epoch 637/1600, Loss: 0.014108693227171898
INFO:root:Epoch 638/1600, Loss: 0.014096677303314209
INFO:root:Epoch 639/1600, Loss: 0.014063635841012001
INFO:root:Epoch 640/1600, Loss: 0.014034081250429153
INFO:root:Epoch 641/1600, Loss: 0.0140474708750844
INFO:root:Epoch 642/1600, Loss: 0.014176790602505207
INFO:root:Epoch 643/1600, Loss: 0.014207602478563786
INFO:root:Epoch 644/1600, Loss: 0.014037346467375755
INFO:root:Epoch 645/1600, Loss: 0.013760899193584919
INFO:root:Epoch 646/1600, Loss: 0.013461405411362648
INFO:root:Epoch 647/1600, Loss: 0.013366669416427612
INFO:root:Epoch 648/1600, Loss: 0.013484529219567776
INFO:root:Epoch 649/1600, Loss: 0.013621644116938114
INFO:root:Epoch 650/1600, Loss: 0.013481445610523224
INFO:root:Epoch 651/1600, Loss: 0.013330979272723198
INFO:root:Epoch 652/1600, Loss: 0.013237389735877514
INFO:root:Epoch 653/1600, Loss: 0.013150558806955814
INFO:root:Epoch 654/1600, Loss: 0.013053852133452892
INFO:root:Epoch 655/1600, Loss: 0.012937783263623714
INFO:root:Epoch 656/1600, Loss: 0.012764733284711838
INFO:root:Epoch 657/1600, Loss: 0.012673666700720787
INFO:root:Epoch 658/1600, Loss: 0.012621771544218063
INFO:root:Epoch 659/1600, Loss: 0.01265652570873499
INFO:root:Epoch 660/1600, Loss: 0.012710652314126492
INFO:root:Epoch 661/1600, Loss: 0.0127094816416502
INFO:root:Epoch 662/1600, Loss: 0.012754300609230995
INFO:root:Epoch 663/1600, Loss: 0.012707309797406197
INFO:root:Epoch 664/1600, Loss: 0.012658086605370045
INFO:root:Epoch 665/1600, Loss: 0.012579280883073807
INFO:root:Epoch 666/1600, Loss: 0.012436110526323318
INFO:root:Epoch 667/1600, Loss: 0.0122147798538208
INFO:root:Epoch 668/1600, Loss: 0.012034151703119278
INFO:root:Epoch 669/1600, Loss: 0.011989840306341648
INFO:root:Epoch 670/1600, Loss: 0.012088553979992867
INFO:root:Epoch 671/1600, Loss: 0.01227827649563551
INFO:root:Epoch 672/1600, Loss: 0.01241537369787693
INFO:root:Epoch 673/1600, Loss: 0.012468278408050537
INFO:root:Epoch 674/1600, Loss: 0.012226189486682415
INFO:root:Epoch 675/1600, Loss: 0.01197347417473793
INFO:root:Epoch 676/1600, Loss: 0.01181800477206707
INFO:root:Epoch 677/1600, Loss: 0.011716275475919247
INFO:root:Epoch 678/1600, Loss: 0.011661562137305737
INFO:root:Epoch 679/1600, Loss: 0.011631293222308159
INFO:root:Epoch 680/1600, Loss: 0.011645253747701645
INFO:root:Epoch 681/1600, Loss: 0.011496931314468384
INFO:root:Epoch 682/1600, Loss: 0.011573669500648975
INFO:root:Epoch 683/1600, Loss: 0.011608867906033993
INFO:root:Epoch 684/1600, Loss: 0.011455170810222626
INFO:root:Epoch 685/1600, Loss: 0.01122747641056776
INFO:root:Epoch 686/1600, Loss: 0.01113867200911045
INFO:root:Epoch 687/1600, Loss: 0.011012797243893147
INFO:root:Epoch 688/1600, Loss: 0.010962958447635174
INFO:root:Epoch 689/1600, Loss: 0.011037971824407578
INFO:root:Epoch 690/1600, Loss: 0.011056090705096722
INFO:root:Epoch 691/1600, Loss: 0.010971000418066978
INFO:root:Epoch 692/1600, Loss: 0.010980313643813133
INFO:root:Epoch 693/1600, Loss: 0.01109316572546959
INFO:root:Epoch 694/1600, Loss: 0.011184467002749443
INFO:root:Epoch 695/1600, Loss: 0.011206312105059624
INFO:root:Epoch 696/1600, Loss: 0.011011874303221703
INFO:root:Epoch 697/1600, Loss: 0.010790538974106312
INFO:root:Epoch 698/1600, Loss: 0.010466255247592926
INFO:root:Epoch 699/1600, Loss: 0.010328087024390697
INFO:root:Epoch 700/1600, Loss: 0.010338196530938148
INFO:root:Epoch 701/1600, Loss: 0.01047044713050127
INFO:root:Epoch 702/1600, Loss: 0.010687190108001232
INFO:root:Epoch 703/1600, Loss: 0.010743433609604836
INFO:root:Epoch 704/1600, Loss: 0.010752534493803978
INFO:root:Epoch 705/1600, Loss: 0.010619194246828556
INFO:root:Epoch 706/1600, Loss: 0.010407187044620514
INFO:root:Epoch 707/1600, Loss: 0.010148311033844948
INFO:root:Epoch 708/1600, Loss: 0.010012049227952957
INFO:root:Epoch 709/1600, Loss: 0.009992198087275028
INFO:root:Epoch 710/1600, Loss: 0.009988334029912949
INFO:root:Epoch 711/1600, Loss: 0.010126281529664993
INFO:root:Epoch 712/1600, Loss: 0.010322805494070053
INFO:root:Epoch 713/1600, Loss: 0.010600916109979153
INFO:root:Epoch 714/1600, Loss: 0.010503169149160385
INFO:root:Epoch 715/1600, Loss: 0.010306252166628838
INFO:root:Epoch 716/1600, Loss: 0.009922600351274014
INFO:root:Epoch 717/1600, Loss: 0.009666850790381432
INFO:root:Epoch 718/1600, Loss: 0.009589675813913345
INFO:root:Epoch 719/1600, Loss: 0.009609750472009182
INFO:root:Epoch 720/1600, Loss: 0.009708229452371597
INFO:root:Epoch 721/1600, Loss: 0.009786602109670639
INFO:root:Epoch 722/1600, Loss: 0.009763122536242008
INFO:root:Epoch 723/1600, Loss: 0.009479863569140434
INFO:root:Epoch 724/1600, Loss: 0.009329722262918949
INFO:root:Epoch 725/1600, Loss: 0.009247111156582832
INFO:root:Epoch 726/1600, Loss: 0.009178543463349342
INFO:root:Epoch 727/1600, Loss: 0.009153706021606922
INFO:root:Epoch 728/1600, Loss: 0.009184627793729305
INFO:root:Epoch 729/1600, Loss: 0.009197259321808815
INFO:root:Epoch 730/1600, Loss: 0.009171213023364544
INFO:root:Epoch 731/1600, Loss: 0.009143230505287647
INFO:root:Epoch 732/1600, Loss: 0.009093410335481167
INFO:root:Epoch 733/1600, Loss: 0.009087644517421722
INFO:root:Epoch 734/1600, Loss: 0.009027314372360706
INFO:root:Epoch 735/1600, Loss: 0.009042487479746342
INFO:root:Epoch 736/1600, Loss: 0.008994406089186668
INFO:root:Epoch 737/1600, Loss: 0.008917517960071564
INFO:root:Epoch 738/1600, Loss: 0.00883957464247942
INFO:root:Epoch 739/1600, Loss: 0.008763301186263561
INFO:root:Epoch 740/1600, Loss: 0.008639538660645485
INFO:root:Epoch 741/1600, Loss: 0.008605385199189186
INFO:root:Epoch 742/1600, Loss: 0.008620668202638626
INFO:root:Epoch 743/1600, Loss: 0.008633937686681747
INFO:root:Epoch 744/1600, Loss: 0.008634697645902634
INFO:root:Epoch 745/1600, Loss: 0.008623126894235611
INFO:root:Epoch 746/1600, Loss: 0.00857495702803135
INFO:root:Epoch 747/1600, Loss: 0.008509865030646324
INFO:root:Epoch 748/1600, Loss: 0.008456248790025711
INFO:root:Epoch 749/1600, Loss: 0.008456488139927387
INFO:root:Epoch 750/1600, Loss: 0.008549555204808712
INFO:root:Epoch 751/1600, Loss: 0.008721214719116688
INFO:root:Epoch 752/1600, Loss: 0.009043168276548386
INFO:root:Epoch 753/1600, Loss: 0.009551835246384144
INFO:root:Epoch 754/1600, Loss: 0.009699790738523006
INFO:root:Epoch 755/1600, Loss: 0.009780866093933582
INFO:root:Epoch 756/1600, Loss: 0.00930759310722351
INFO:root:Epoch 757/1600, Loss: 0.008765903301537037
INFO:root:Epoch 758/1600, Loss: 0.008292442187666893
INFO:root:Epoch 759/1600, Loss: 0.008082905784249306
INFO:root:Epoch 760/1600, Loss: 0.00797995738685131
INFO:root:Epoch 761/1600, Loss: 0.00817685667425394
INFO:root:Epoch 762/1600, Loss: 0.008541346527636051
INFO:root:Epoch 763/1600, Loss: 0.008560252375900745
INFO:root:Epoch 764/1600, Loss: 0.008686628192663193
INFO:root:Epoch 765/1600, Loss: 0.008624129928648472
INFO:root:Epoch 766/1600, Loss: 0.00832249503582716
INFO:root:Epoch 767/1600, Loss: 0.00809004157781601
INFO:root:Epoch 768/1600, Loss: 0.008061971515417099
INFO:root:Epoch 769/1600, Loss: 0.007745574694126844
INFO:root:Epoch 770/1600, Loss: 0.007708540186285973
INFO:root:Epoch 771/1600, Loss: 0.007846197113394737
INFO:root:Epoch 772/1600, Loss: 0.007689327001571655
INFO:root:Epoch 773/1600, Loss: 0.00776990782469511
INFO:root:Epoch 774/1600, Loss: 0.007908849976956844
INFO:root:Epoch 775/1600, Loss: 0.007835554890334606
INFO:root:Epoch 776/1600, Loss: 0.007863304577767849
INFO:root:Epoch 777/1600, Loss: 0.008003877475857735
INFO:root:Epoch 778/1600, Loss: 0.007751878350973129
INFO:root:Epoch 779/1600, Loss: 0.007621645461767912
INFO:root:Epoch 780/1600, Loss: 0.00754183903336525
INFO:root:Epoch 781/1600, Loss: 0.007393056061118841
INFO:root:Epoch 782/1600, Loss: 0.007299898192286491
INFO:root:Epoch 783/1600, Loss: 0.007359399925917387
INFO:root:Epoch 784/1600, Loss: 0.007350170519202948
INFO:root:Epoch 785/1600, Loss: 0.007396463304758072
INFO:root:Epoch 786/1600, Loss: 0.007455399725586176
INFO:root:Epoch 787/1600, Loss: 0.007499342784285545
INFO:root:Epoch 788/1600, Loss: 0.007518600672483444
INFO:root:Epoch 789/1600, Loss: 0.007522763218730688
INFO:root:Epoch 790/1600, Loss: 0.00760540971532464
INFO:root:Epoch 791/1600, Loss: 0.007632395252585411
INFO:root:Epoch 792/1600, Loss: 0.007765256334096193
INFO:root:Epoch 793/1600, Loss: 0.007723789196461439
INFO:root:Epoch 794/1600, Loss: 0.007620183285325766
INFO:root:Epoch 795/1600, Loss: 0.0073952521197497845
INFO:root:Epoch 796/1600, Loss: 0.007200390100479126
INFO:root:Epoch 797/1600, Loss: 0.007021620403975248
INFO:root:Epoch 798/1600, Loss: 0.0070433057844638824
INFO:root:Epoch 799/1600, Loss: 0.00715060718357563
INFO:root:Epoch 800/1600, Loss: 0.0073412018828094006
INFO:root:Epoch 801/1600, Loss: 0.007638825569301844
INFO:root:Epoch 802/1600, Loss: 0.00769448559731245
INFO:root:Epoch 803/1600, Loss: 0.007608426734805107
INFO:root:Epoch 804/1600, Loss: 0.007338044233620167
INFO:root:Epoch 805/1600, Loss: 0.007053428795188665
INFO:root:Epoch 806/1600, Loss: 0.006789141800254583
INFO:root:Epoch 807/1600, Loss: 0.006729763932526112
INFO:root:Epoch 808/1600, Loss: 0.00670095207169652
INFO:root:Epoch 809/1600, Loss: 0.006735028699040413
INFO:root:Epoch 810/1600, Loss: 0.006922851782292128
INFO:root:Epoch 811/1600, Loss: 0.007042501587420702
INFO:root:Epoch 812/1600, Loss: 0.007297288626432419
INFO:root:Epoch 813/1600, Loss: 0.007439402863383293
INFO:root:Epoch 814/1600, Loss: 0.007492378354072571
INFO:root:Epoch 815/1600, Loss: 0.007282365579158068
INFO:root:Epoch 816/1600, Loss: 0.0071729873307049274
INFO:root:Epoch 817/1600, Loss: 0.006932030897587538
INFO:root:Epoch 818/1600, Loss: 0.006716821808367968
INFO:root:Epoch 819/1600, Loss: 0.006577692460268736
INFO:root:Epoch 820/1600, Loss: 0.006508924998342991
INFO:root:Epoch 821/1600, Loss: 0.006481407210230827
INFO:root:Epoch 822/1600, Loss: 0.006544510833919048
INFO:root:Epoch 823/1600, Loss: 0.006657423917204142
INFO:root:Epoch 824/1600, Loss: 0.006724189035594463
INFO:root:Epoch 825/1600, Loss: 0.006843739189207554
INFO:root:Epoch 826/1600, Loss: 0.006789352744817734
INFO:root:Epoch 827/1600, Loss: 0.006674247328191996
INFO:root:Epoch 828/1600, Loss: 0.006515679880976677
INFO:root:Epoch 829/1600, Loss: 0.006357704289257526
INFO:root:Epoch 830/1600, Loss: 0.006220801267772913
INFO:root:Epoch 831/1600, Loss: 0.006217203103005886
INFO:root:Epoch 832/1600, Loss: 0.006270097568631172
INFO:root:Epoch 833/1600, Loss: 0.006353788543492556
INFO:root:Epoch 834/1600, Loss: 0.0064959838055074215
INFO:root:Epoch 835/1600, Loss: 0.006594166625291109
INFO:root:Epoch 836/1600, Loss: 0.006745839491486549
INFO:root:Epoch 837/1600, Loss: 0.006751305423676968
INFO:root:Epoch 838/1600, Loss: 0.006711846683174372
INFO:root:Epoch 839/1600, Loss: 0.006538770627230406
INFO:root:Epoch 840/1600, Loss: 0.0063844830729067326
INFO:root:Epoch 841/1600, Loss: 0.006204979959875345
INFO:root:Epoch 842/1600, Loss: 0.006075417622923851
INFO:root:Epoch 843/1600, Loss: 0.006050322204828262
INFO:root:Epoch 844/1600, Loss: 0.006082160864025354
INFO:root:Epoch 845/1600, Loss: 0.006113690324127674
INFO:root:Epoch 846/1600, Loss: 0.0061772167682647705
INFO:root:Epoch 847/1600, Loss: 0.00626719556748867
INFO:root:Epoch 848/1600, Loss: 0.006276390515267849
INFO:root:Epoch 849/1600, Loss: 0.006312129087746143
INFO:root:Epoch 850/1600, Loss: 0.006261357571929693
INFO:root:Epoch 851/1600, Loss: 0.006249514874070883
INFO:root:Epoch 852/1600, Loss: 0.0062144724652171135
INFO:root:Epoch 853/1600, Loss: 0.00621866574510932
INFO:root:Epoch 854/1600, Loss: 0.006123163737356663
INFO:root:Epoch 855/1600, Loss: 0.006072895135730505
INFO:root:Epoch 856/1600, Loss: 0.0060219536535441875
INFO:root:Epoch 857/1600, Loss: 0.005925589706748724
INFO:root:Epoch 858/1600, Loss: 0.005840891972184181
INFO:root:Epoch 859/1600, Loss: 0.005760333500802517
INFO:root:Epoch 860/1600, Loss: 0.005700426641851664
INFO:root:Epoch 861/1600, Loss: 0.005668754689395428
INFO:root:Epoch 862/1600, Loss: 0.005638992413878441
INFO:root:Epoch 863/1600, Loss: 0.005627461709082127
INFO:root:Epoch 864/1600, Loss: 0.005629092920571566
INFO:root:Epoch 865/1600, Loss: 0.005639750510454178
INFO:root:Epoch 866/1600, Loss: 0.0056576174683868885
INFO:root:Epoch 867/1600, Loss: 0.005678954534232616
INFO:root:Epoch 868/1600, Loss: 0.005729968659579754
INFO:root:Epoch 869/1600, Loss: 0.005781169049441814
INFO:root:Epoch 870/1600, Loss: 0.005896941293030977
INFO:root:Epoch 871/1600, Loss: 0.0060563962906599045
INFO:root:Epoch 872/1600, Loss: 0.006276022642850876
INFO:root:Epoch 873/1600, Loss: 0.00650803092867136
INFO:root:Epoch 874/1600, Loss: 0.0068498956970870495
INFO:root:Epoch 875/1600, Loss: 0.007014445494860411
INFO:root:Epoch 876/1600, Loss: 0.007272828835994005
INFO:root:Epoch 877/1600, Loss: 0.006926168221980333
INFO:root:Epoch 878/1600, Loss: 0.006620327010750771
INFO:root:Epoch 879/1600, Loss: 0.006190553307533264
INFO:root:Epoch 880/1600, Loss: 0.005823254585266113
INFO:root:Epoch 881/1600, Loss: 0.0055647180415689945
INFO:root:Epoch 882/1600, Loss: 0.005560180637985468
INFO:root:Epoch 883/1600, Loss: 0.00580758647993207
INFO:root:Epoch 884/1600, Loss: 0.00611422024667263
INFO:root:Epoch 885/1600, Loss: 0.006386050023138523
INFO:root:Epoch 886/1600, Loss: 0.006537079345434904
INFO:root:Epoch 887/1600, Loss: 0.006433670409023762
INFO:root:Epoch 888/1600, Loss: 0.006011920515447855
INFO:root:Epoch 889/1600, Loss: 0.005587069783359766
INFO:root:Epoch 890/1600, Loss: 0.005320708733052015
INFO:root:Epoch 891/1600, Loss: 0.005396441090852022
INFO:root:Epoch 892/1600, Loss: 0.005630315747112036
INFO:root:Epoch 893/1600, Loss: 0.006019600201398134
INFO:root:Epoch 894/1600, Loss: 0.006361199542880058
INFO:root:Epoch 895/1600, Loss: 0.006310484372079372
INFO:root:Epoch 896/1600, Loss: 0.006065926048904657
INFO:root:Epoch 897/1600, Loss: 0.005514983087778091
INFO:root:Epoch 898/1600, Loss: 0.0052742911502718925
INFO:root:Epoch 899/1600, Loss: 0.00532593484967947
INFO:root:Epoch 900/1600, Loss: 0.005557009018957615
INFO:root:Epoch 901/1600, Loss: 0.005872742738574743
INFO:root:Epoch 902/1600, Loss: 0.006051883101463318
INFO:root:Epoch 903/1600, Loss: 0.006064106710255146
INFO:root:Epoch 904/1600, Loss: 0.00560847157612443
INFO:root:Epoch 905/1600, Loss: 0.005246901419013739
INFO:root:Epoch 906/1600, Loss: 0.005209110211580992
INFO:root:Epoch 907/1600, Loss: 0.005419292487204075
INFO:root:Epoch 908/1600, Loss: 0.005707853939384222
INFO:root:Epoch 909/1600, Loss: 0.005879625212401152
INFO:root:Epoch 910/1600, Loss: 0.00593322329223156
INFO:root:Epoch 911/1600, Loss: 0.005681642331182957
INFO:root:Epoch 912/1600, Loss: 0.00535443052649498
INFO:root:Epoch 913/1600, Loss: 0.005189644638448954
INFO:root:Epoch 914/1600, Loss: 0.005297006573528051
INFO:root:Epoch 915/1600, Loss: 0.005515536293387413
INFO:root:Epoch 916/1600, Loss: 0.005629860796034336
INFO:root:Epoch 917/1600, Loss: 0.005541767925024033
INFO:root:Epoch 918/1600, Loss: 0.005296715535223484
INFO:root:Epoch 919/1600, Loss: 0.005059056915342808
INFO:root:Epoch 920/1600, Loss: 0.004993508104234934
INFO:root:Epoch 921/1600, Loss: 0.005132515449076891
INFO:root:Epoch 922/1600, Loss: 0.005313457455486059
INFO:root:Epoch 923/1600, Loss: 0.0053816549479961395
INFO:root:Epoch 924/1600, Loss: 0.005290433298796415
INFO:root:Epoch 925/1600, Loss: 0.005108174867928028
INFO:root:Epoch 926/1600, Loss: 0.0049715046770870686
INFO:root:Epoch 927/1600, Loss: 0.00495015038177371
INFO:root:Epoch 928/1600, Loss: 0.0050238315016031265
INFO:root:Epoch 929/1600, Loss: 0.005104673095047474
INFO:root:Epoch 930/1600, Loss: 0.005108953919261694
INFO:root:Epoch 931/1600, Loss: 0.005044385325163603
INFO:root:Epoch 932/1600, Loss: 0.004951560869812965
INFO:root:Epoch 933/1600, Loss: 0.004898925311863422
INFO:root:Epoch 934/1600, Loss: 0.004907501861453056
INFO:root:Epoch 935/1600, Loss: 0.004966122098267078
INFO:root:Epoch 936/1600, Loss: 0.005015450529754162
INFO:root:Epoch 937/1600, Loss: 0.00503572216257453
INFO:root:Epoch 938/1600, Loss: 0.00501300347968936
INFO:root:Epoch 939/1600, Loss: 0.004995252937078476
INFO:root:Epoch 940/1600, Loss: 0.004992401227355003
INFO:root:Epoch 941/1600, Loss: 0.005033601075410843
INFO:root:Epoch 942/1600, Loss: 0.005077530164271593
INFO:root:Epoch 943/1600, Loss: 0.005167578347027302
INFO:root:Epoch 944/1600, Loss: 0.005194604396820068
INFO:root:Epoch 945/1600, Loss: 0.005250760354101658
INFO:root:Epoch 946/1600, Loss: 0.005258938297629356
INFO:root:Epoch 947/1600, Loss: 0.00527474470436573
INFO:root:Epoch 948/1600, Loss: 0.005213217809796333
INFO:root:Epoch 949/1600, Loss: 0.005194005556404591
INFO:root:Epoch 950/1600, Loss: 0.005102338269352913
INFO:root:Epoch 951/1600, Loss: 0.005017532035708427
INFO:root:Epoch 952/1600, Loss: 0.0049159955233335495
INFO:root:Epoch 953/1600, Loss: 0.004829274490475655
INFO:root:Epoch 954/1600, Loss: 0.004759879317134619
INFO:root:Epoch 955/1600, Loss: 0.004722740035504103
INFO:root:Epoch 956/1600, Loss: 0.004730668384581804
INFO:root:Epoch 957/1600, Loss: 0.004767036531120539
INFO:root:Epoch 958/1600, Loss: 0.004839718341827393
INFO:root:Epoch 959/1600, Loss: 0.004933434538543224
INFO:root:Epoch 960/1600, Loss: 0.005073335021734238
INFO:root:Epoch 961/1600, Loss: 0.00516536645591259
INFO:root:Epoch 962/1600, Loss: 0.005299320910125971
INFO:root:Epoch 963/1600, Loss: 0.005297117866575718
INFO:root:Epoch 964/1600, Loss: 0.005326501559466124
INFO:root:Epoch 965/1600, Loss: 0.0052225589752197266
INFO:root:Epoch 966/1600, Loss: 0.0051053715869784355
INFO:root:Epoch 967/1600, Loss: 0.004916893318295479
INFO:root:Epoch 968/1600, Loss: 0.004788457415997982
INFO:root:Epoch 969/1600, Loss: 0.004681795369833708
INFO:root:Epoch 970/1600, Loss: 0.004645464941859245
INFO:root:Epoch 971/1600, Loss: 0.0046562799252569675
INFO:root:Epoch 972/1600, Loss: 0.004702770616859198
INFO:root:Epoch 973/1600, Loss: 0.004780969582498074
INFO:root:Epoch 974/1600, Loss: 0.004880952648818493
INFO:root:Epoch 975/1600, Loss: 0.004999792203307152
INFO:root:Epoch 976/1600, Loss: 0.005068565718829632
INFO:root:Epoch 977/1600, Loss: 0.005164433736354113
INFO:root:Epoch 978/1600, Loss: 0.005095961503684521
INFO:root:Epoch 979/1600, Loss: 0.005015284288674593
INFO:root:Epoch 980/1600, Loss: 0.004888742696493864
INFO:root:Epoch 981/1600, Loss: 0.004748756065964699
INFO:root:Epoch 982/1600, Loss: 0.004614671692252159
INFO:root:Epoch 983/1600, Loss: 0.004559742286801338
INFO:root:Epoch 984/1600, Loss: 0.0045679169707000256
INFO:root:Epoch 985/1600, Loss: 0.004628031048923731
INFO:root:Epoch 986/1600, Loss: 0.004720988217741251
INFO:root:Epoch 987/1600, Loss: 0.004825772251933813
INFO:root:Epoch 988/1600, Loss: 0.0049514309503138065
INFO:root:Epoch 989/1600, Loss: 0.004996050149202347
INFO:root:Epoch 990/1600, Loss: 0.00500721437856555
INFO:root:Epoch 991/1600, Loss: 0.004967879503965378
INFO:root:Epoch 992/1600, Loss: 0.00499052694067359
INFO:root:Epoch 993/1600, Loss: 0.005022253841161728
INFO:root:Epoch 994/1600, Loss: 0.005099071655422449
INFO:root:Epoch 995/1600, Loss: 0.0050293379463255405
INFO:root:Epoch 996/1600, Loss: 0.004932026844471693
INFO:root:Epoch 997/1600, Loss: 0.0047335573472082615
INFO:root:Epoch 998/1600, Loss: 0.0045554921962320805
INFO:root:Epoch 999/1600, Loss: 0.004472922533750534
INFO:root:Epoch 1000/1600, Loss: 0.004509375896304846
INFO:root:Epoch 1001/1600, Loss: 0.0046266415156424046
INFO:root:Epoch 1002/1600, Loss: 0.004790276754647493
INFO:root:Epoch 1003/1600, Loss: 0.004953397437930107
INFO:root:Epoch 1004/1600, Loss: 0.005034039728343487
INFO:root:Epoch 1005/1600, Loss: 0.005069962702691555
INFO:root:Epoch 1006/1600, Loss: 0.004928856622427702
INFO:root:Epoch 1007/1600, Loss: 0.0048148138448596
INFO:root:Epoch 1008/1600, Loss: 0.004714093171060085
INFO:root:Epoch 1009/1600, Loss: 0.004700969438999891
INFO:root:Epoch 1010/1600, Loss: 0.004716020543128252
INFO:root:Epoch 1011/1600, Loss: 0.004733072128146887
INFO:root:Epoch 1012/1600, Loss: 0.004661848768591881
INFO:root:Epoch 1013/1600, Loss: 0.004561464302241802
INFO:root:Epoch 1014/1600, Loss: 0.004463973455131054
INFO:root:Epoch 1015/1600, Loss: 0.004414752591401339
INFO:root:Epoch 1016/1600, Loss: 0.004431674722582102
INFO:root:Epoch 1017/1600, Loss: 0.004506420809775591
INFO:root:Epoch 1018/1600, Loss: 0.004611978307366371
INFO:root:Epoch 1019/1600, Loss: 0.004727782681584358
INFO:root:Epoch 1020/1600, Loss: 0.00481376051902771
INFO:root:Epoch 1021/1600, Loss: 0.00480225682258606
INFO:root:Epoch 1022/1600, Loss: 0.004781155381351709
INFO:root:Epoch 1023/1600, Loss: 0.0047296686097979546
INFO:root:Epoch 1024/1600, Loss: 0.004723372403532267
INFO:root:Epoch 1025/1600, Loss: 0.004717472940683365
INFO:root:Epoch 1026/1600, Loss: 0.004736876580864191
INFO:root:Epoch 1027/1600, Loss: 0.004655637312680483
INFO:root:Epoch 1028/1600, Loss: 0.0045504639856517315
INFO:root:Epoch 1029/1600, Loss: 0.004427199251949787
INFO:root:Epoch 1030/1600, Loss: 0.004354554228484631
INFO:root:Epoch 1031/1600, Loss: 0.004352540243417025
INFO:root:Epoch 1032/1600, Loss: 0.00441787438467145
INFO:root:Epoch 1033/1600, Loss: 0.0045302193611860275
INFO:root:Epoch 1034/1600, Loss: 0.004658771213144064
INFO:root:Epoch 1035/1600, Loss: 0.004767619073390961
INFO:root:Epoch 1036/1600, Loss: 0.004834415856748819
INFO:root:Epoch 1037/1600, Loss: 0.004877351690083742
INFO:root:Epoch 1038/1600, Loss: 0.004837771411985159
INFO:root:Epoch 1039/1600, Loss: 0.00482188118621707
INFO:root:Epoch 1040/1600, Loss: 0.0047489856369793415
INFO:root:Epoch 1041/1600, Loss: 0.004697542637586594
INFO:root:Epoch 1042/1600, Loss: 0.004650076851248741
INFO:root:Epoch 1043/1600, Loss: 0.00455046771094203
INFO:root:Epoch 1044/1600, Loss: 0.00443485751748085
INFO:root:Epoch 1045/1600, Loss: 0.00434120511636138
INFO:root:Epoch 1046/1600, Loss: 0.004288780502974987
INFO:root:Epoch 1047/1600, Loss: 0.004303472116589546
INFO:root:Epoch 1048/1600, Loss: 0.004367861431092024
INFO:root:Epoch 1049/1600, Loss: 0.004467342980206013
INFO:root:Epoch 1050/1600, Loss: 0.004620955791324377
INFO:root:Epoch 1051/1600, Loss: 0.004816828761249781
INFO:root:Epoch 1052/1600, Loss: 0.005025336518883705
INFO:root:Epoch 1053/1600, Loss: 0.0051113311201334
INFO:root:Epoch 1054/1600, Loss: 0.005144793540239334
INFO:root:Epoch 1055/1600, Loss: 0.005063853692263365
INFO:root:Epoch 1056/1600, Loss: 0.0049813780933618546
INFO:root:Epoch 1057/1600, Loss: 0.004851500503718853
INFO:root:Epoch 1058/1600, Loss: 0.004718410316854715
INFO:root:Epoch 1059/1600, Loss: 0.004531763028353453
INFO:root:Epoch 1060/1600, Loss: 0.004417933989316225
INFO:root:Epoch 1061/1600, Loss: 0.004370752722024918
INFO:root:Epoch 1062/1600, Loss: 0.00443314341828227
INFO:root:Epoch 1063/1600, Loss: 0.004560390487313271
INFO:root:Epoch 1064/1600, Loss: 0.004666711203753948
INFO:root:Epoch 1065/1600, Loss: 0.004736987873911858
INFO:root:Epoch 1066/1600, Loss: 0.0046857683919370174
INFO:root:Epoch 1067/1600, Loss: 0.004571006167680025
INFO:root:Epoch 1068/1600, Loss: 0.004408325534313917
INFO:root:Epoch 1069/1600, Loss: 0.0042798337526619434
INFO:root:Epoch 1070/1600, Loss: 0.0042122178710997105
INFO:root:Epoch 1071/1600, Loss: 0.00422463845461607
INFO:root:Epoch 1072/1600, Loss: 0.004293902311474085
INFO:root:Epoch 1073/1600, Loss: 0.0043636104092001915
INFO:root:Epoch 1074/1600, Loss: 0.004423758015036583
INFO:root:Epoch 1075/1600, Loss: 0.004429937805980444
INFO:root:Epoch 1076/1600, Loss: 0.004410865716636181
INFO:root:Epoch 1077/1600, Loss: 0.0043510375544428825
INFO:root:Epoch 1078/1600, Loss: 0.004311515484005213
INFO:root:Epoch 1079/1600, Loss: 0.004284456837922335
INFO:root:Epoch 1080/1600, Loss: 0.004295917693525553
INFO:root:Epoch 1081/1600, Loss: 0.00431677233427763
INFO:root:Epoch 1082/1600, Loss: 0.004336918704211712
INFO:root:Epoch 1083/1600, Loss: 0.004319917410612106
INFO:root:Epoch 1084/1600, Loss: 0.004280619323253632
INFO:root:Epoch 1085/1600, Loss: 0.004228809382766485
INFO:root:Epoch 1086/1600, Loss: 0.00418612826615572
INFO:root:Epoch 1087/1600, Loss: 0.004168710205703974
INFO:root:Epoch 1088/1600, Loss: 0.004173183813691139
INFO:root:Epoch 1089/1600, Loss: 0.0041942112147808075
INFO:root:Epoch 1090/1600, Loss: 0.004228511359542608
INFO:root:Epoch 1091/1600, Loss: 0.0042741913348436356
INFO:root:Epoch 1092/1600, Loss: 0.004306844435632229
INFO:root:Epoch 1093/1600, Loss: 0.00434397766366601
INFO:root:Epoch 1094/1600, Loss: 0.004380407277494669
INFO:root:Epoch 1095/1600, Loss: 0.004456780385226011
INFO:root:Epoch 1096/1600, Loss: 0.004555368795990944
INFO:root:Epoch 1097/1600, Loss: 0.0047267707996070385
INFO:root:Epoch 1098/1600, Loss: 0.004882132634520531
INFO:root:Epoch 1099/1600, Loss: 0.005054752808064222
INFO:root:Epoch 1100/1600, Loss: 0.005112981889396906
INFO:root:Epoch 1101/1600, Loss: 0.005155416205525398
INFO:root:Epoch 1102/1600, Loss: 0.005019127856940031
INFO:root:Epoch 1103/1600, Loss: 0.004835130181163549
INFO:root:Epoch 1104/1600, Loss: 0.004573837388306856
INFO:root:Epoch 1105/1600, Loss: 0.0043343775905668736
INFO:root:Epoch 1106/1600, Loss: 0.0041743372566998005
INFO:root:Epoch 1107/1600, Loss: 0.004138567950576544
INFO:root:Epoch 1108/1600, Loss: 0.004212606232613325
INFO:root:Epoch 1109/1600, Loss: 0.004339331761002541
INFO:root:Epoch 1110/1600, Loss: 0.004468449857085943
INFO:root:Epoch 1111/1600, Loss: 0.004563070833683014
INFO:root:Epoch 1112/1600, Loss: 0.0046152169816195965
INFO:root:Epoch 1113/1600, Loss: 0.004599153995513916
INFO:root:Epoch 1114/1600, Loss: 0.004534323234111071
INFO:root:Epoch 1115/1600, Loss: 0.004406339954584837
INFO:root:Epoch 1116/1600, Loss: 0.004278051201254129
INFO:root:Epoch 1117/1600, Loss: 0.004171730950474739
INFO:root:Epoch 1118/1600, Loss: 0.004118220414966345
INFO:root:Epoch 1119/1600, Loss: 0.004112906288355589
INFO:root:Epoch 1120/1600, Loss: 0.004147931933403015
INFO:root:Epoch 1121/1600, Loss: 0.004212161526083946
INFO:root:Epoch 1122/1600, Loss: 0.004279721528291702
INFO:root:Epoch 1123/1600, Loss: 0.004345844965428114
INFO:root:Epoch 1124/1600, Loss: 0.0043991003185510635
INFO:root:Epoch 1125/1600, Loss: 0.004423338454216719
INFO:root:Epoch 1126/1600, Loss: 0.004396932199597359
INFO:root:Epoch 1127/1600, Loss: 0.004348358605057001
INFO:root:Epoch 1128/1600, Loss: 0.0042716823518276215
INFO:root:Epoch 1129/1600, Loss: 0.004205023404210806
INFO:root:Epoch 1130/1600, Loss: 0.004144053906202316
INFO:root:Epoch 1131/1600, Loss: 0.004110737703740597
INFO:root:Epoch 1132/1600, Loss: 0.00409915903583169
INFO:root:Epoch 1133/1600, Loss: 0.004111476708203554
INFO:root:Epoch 1134/1600, Loss: 0.00414207112044096
INFO:root:Epoch 1135/1600, Loss: 0.004179271869361401
INFO:root:Epoch 1136/1600, Loss: 0.004224443342536688
INFO:root:Epoch 1137/1600, Loss: 0.004269489087164402
INFO:root:Epoch 1138/1600, Loss: 0.004316778387874365
INFO:root:Epoch 1139/1600, Loss: 0.0043603950180113316
INFO:root:Epoch 1140/1600, Loss: 0.004404403269290924
INFO:root:Epoch 1141/1600, Loss: 0.004432473331689835
INFO:root:Epoch 1142/1600, Loss: 0.00446913531050086
INFO:root:Epoch 1143/1600, Loss: 0.004465632140636444
INFO:root:Epoch 1144/1600, Loss: 0.004463710822165012
INFO:root:Epoch 1145/1600, Loss: 0.004415629431605339
INFO:root:Epoch 1146/1600, Loss: 0.004357413854449987
INFO:root:Epoch 1147/1600, Loss: 0.004268402233719826
INFO:root:Epoch 1148/1600, Loss: 0.004189507570117712
INFO:root:Epoch 1149/1600, Loss: 0.0041214171797037125
INFO:root:Epoch 1150/1600, Loss: 0.004081610590219498
INFO:root:Epoch 1151/1600, Loss: 0.004071847535669804
INFO:root:Epoch 1152/1600, Loss: 0.004088225774466991
INFO:root:Epoch 1153/1600, Loss: 0.004127527587115765
INFO:root:Epoch 1154/1600, Loss: 0.004189846105873585
INFO:root:Epoch 1155/1600, Loss: 0.004273959901183844
INFO:root:Epoch 1156/1600, Loss: 0.004368338733911514
INFO:root:Epoch 1157/1600, Loss: 0.0044880397617816925
INFO:root:Epoch 1158/1600, Loss: 0.004562848247587681
INFO:root:Epoch 1159/1600, Loss: 0.004628720227628946
INFO:root:Epoch 1160/1600, Loss: 0.004647955298423767
INFO:root:Epoch 1161/1600, Loss: 0.004632360767573118
INFO:root:Epoch 1162/1600, Loss: 0.004568824078887701
INFO:root:Epoch 1163/1600, Loss: 0.004460085183382034
INFO:root:Epoch 1164/1600, Loss: 0.004333867225795984
INFO:root:Epoch 1165/1600, Loss: 0.004223497584462166
INFO:root:Epoch 1166/1600, Loss: 0.004149390384554863
INFO:root:Epoch 1167/1600, Loss: 0.004128868691623211
INFO:root:Epoch 1168/1600, Loss: 0.00415842467918992
INFO:root:Epoch 1169/1600, Loss: 0.004225019831210375
INFO:root:Epoch 1170/1600, Loss: 0.00430070236325264
INFO:root:Epoch 1171/1600, Loss: 0.0043776086531579494
INFO:root:Epoch 1172/1600, Loss: 0.004423884674906731
INFO:root:Epoch 1173/1600, Loss: 0.0044677057303488255
INFO:root:Epoch 1174/1600, Loss: 0.00447539146989584
INFO:root:Epoch 1175/1600, Loss: 0.004440668970346451
INFO:root:Epoch 1176/1600, Loss: 0.004403542727231979
INFO:root:Epoch 1177/1600, Loss: 0.004339252132922411
INFO:root:Epoch 1178/1600, Loss: 0.004285040311515331
INFO:root:Epoch 1179/1600, Loss: 0.004222474060952663
INFO:root:Epoch 1180/1600, Loss: 0.004178653471171856
INFO:root:Epoch 1181/1600, Loss: 0.004150990396738052
INFO:root:Epoch 1182/1600, Loss: 0.004154197406023741
INFO:root:Epoch 1183/1600, Loss: 0.004169688560068607
INFO:root:Epoch 1184/1600, Loss: 0.004196980968117714
INFO:root:Epoch 1185/1600, Loss: 0.0042225974611938
INFO:root:Epoch 1186/1600, Loss: 0.00426819734275341
INFO:root:Epoch 1187/1600, Loss: 0.004306873306632042
INFO:root:Epoch 1188/1600, Loss: 0.004337166901677847
INFO:root:Epoch 1189/1600, Loss: 0.0043787905015051365
INFO:root:Epoch 1190/1600, Loss: 0.00438632583245635
INFO:root:Epoch 1191/1600, Loss: 0.004401272628456354
INFO:root:Epoch 1192/1600, Loss: 0.0043520438484847546
INFO:root:Epoch 1193/1600, Loss: 0.004293209873139858
INFO:root:Epoch 1194/1600, Loss: 0.0042106993496418
INFO:root:Epoch 1195/1600, Loss: 0.004131520166993141
INFO:root:Epoch 1196/1600, Loss: 0.00406789081171155
INFO:root:Epoch 1197/1600, Loss: 0.00403014849871397
INFO:root:Epoch 1198/1600, Loss: 0.004014845937490463
INFO:root:Epoch 1199/1600, Loss: 0.004019656218588352
INFO:root:Epoch 1200/1600, Loss: 0.0040375529788434505
INFO:root:Epoch 1201/1600, Loss: 0.004062286112457514
INFO:root:Epoch 1202/1600, Loss: 0.00409057317301631
INFO:root:Epoch 1203/1600, Loss: 0.004118268843740225
INFO:root:Epoch 1204/1600, Loss: 0.0041471850126981735
INFO:root:Epoch 1205/1600, Loss: 0.004172722343355417
INFO:root:Epoch 1206/1600, Loss: 0.0042161839082837105
INFO:root:Epoch 1207/1600, Loss: 0.004258035682141781
INFO:root:Epoch 1208/1600, Loss: 0.004306733142584562
INFO:root:Epoch 1209/1600, Loss: 0.004339032340794802
INFO:root:Epoch 1210/1600, Loss: 0.004352750722318888
INFO:root:Epoch 1211/1600, Loss: 0.00432215491309762
INFO:root:Epoch 1212/1600, Loss: 0.004255532752722502
INFO:root:Epoch 1213/1600, Loss: 0.004172470886260271
INFO:root:Epoch 1214/1600, Loss: 0.004090501461178064
INFO:root:Epoch 1215/1600, Loss: 0.004032572731375694
INFO:root:Epoch 1216/1600, Loss: 0.004008839372545481
INFO:root:Epoch 1217/1600, Loss: 0.004016231745481491
INFO:root:Epoch 1218/1600, Loss: 0.0040502087213099
INFO:root:Epoch 1219/1600, Loss: 0.004104961641132832
INFO:root:Epoch 1220/1600, Loss: 0.004172617103904486
INFO:root:Epoch 1221/1600, Loss: 0.004240165464580059
INFO:root:Epoch 1222/1600, Loss: 0.004315899219363928
INFO:root:Epoch 1223/1600, Loss: 0.0043437285348773
INFO:root:Epoch 1224/1600, Loss: 0.004331220872700214
INFO:root:Epoch 1225/1600, Loss: 0.0042951651848852634
INFO:root:Epoch 1226/1600, Loss: 0.004262661561369896
INFO:root:Epoch 1227/1600, Loss: 0.004290238954126835
INFO:root:Epoch 1228/1600, Loss: 0.004373904317617416
INFO:root:Epoch 1229/1600, Loss: 0.004521013703197241
INFO:root:Epoch 1230/1600, Loss: 0.004646135959774256
INFO:root:Epoch 1231/1600, Loss: 0.004786957986652851
INFO:root:Epoch 1232/1600, Loss: 0.004786190111190081
INFO:root:Epoch 1233/1600, Loss: 0.0046880836598575115
INFO:root:Epoch 1234/1600, Loss: 0.004473200999200344
INFO:root:Epoch 1235/1600, Loss: 0.004270908422768116
INFO:root:Epoch 1236/1600, Loss: 0.004106472712010145
INFO:root:Epoch 1237/1600, Loss: 0.004020210821181536
INFO:root:Epoch 1238/1600, Loss: 0.004004465416073799
INFO:root:Epoch 1239/1600, Loss: 0.004046656657010317
INFO:root:Epoch 1240/1600, Loss: 0.004125849809497595
INFO:root:Epoch 1241/1600, Loss: 0.004207444842904806
INFO:root:Epoch 1242/1600, Loss: 0.004263683687895536
INFO:root:Epoch 1243/1600, Loss: 0.004252516198903322
INFO:root:Epoch 1244/1600, Loss: 0.004185674712061882
INFO:root:Epoch 1245/1600, Loss: 0.004094420000910759
INFO:root:Epoch 1246/1600, Loss: 0.004023818764835596
INFO:root:Epoch 1247/1600, Loss: 0.003991801291704178
INFO:root:Epoch 1248/1600, Loss: 0.004002139437943697
INFO:root:Epoch 1249/1600, Loss: 0.0040474580600857735
INFO:root:Epoch 1250/1600, Loss: 0.004119005985558033
INFO:root:Epoch 1251/1600, Loss: 0.004204140976071358
INFO:root:Epoch 1252/1600, Loss: 0.0042892335914075375
INFO:root:Epoch 1253/1600, Loss: 0.004375642631202936
INFO:root:Epoch 1254/1600, Loss: 0.0044669341295957565
INFO:root:Epoch 1255/1600, Loss: 0.004614104051142931
INFO:root:Epoch 1256/1600, Loss: 0.004824492149055004
INFO:root:Epoch 1257/1600, Loss: 0.005159801337867975
INFO:root:Epoch 1258/1600, Loss: 0.0054620299488306046
INFO:root:Epoch 1259/1600, Loss: 0.005626989528536797
INFO:root:Epoch 1260/1600, Loss: 0.005433885380625725
INFO:root:Epoch 1261/1600, Loss: 0.005068582948297262
INFO:root:Epoch 1262/1600, Loss: 0.004745193757116795
INFO:root:Epoch 1263/1600, Loss: 0.004577589221298695
INFO:root:Epoch 1264/1600, Loss: 0.004547554068267345
INFO:root:Epoch 1265/1600, Loss: 0.0045844558626413345
INFO:root:Epoch 1266/1600, Loss: 0.004519037436693907
INFO:root:Epoch 1267/1600, Loss: 0.004368879366666079
INFO:root:Epoch 1268/1600, Loss: 0.004275077488273382
INFO:root:Epoch 1269/1600, Loss: 0.004274135921150446
INFO:root:Epoch 1270/1600, Loss: 0.0043608928099274635
INFO:root:Epoch 1271/1600, Loss: 0.004466323647648096
INFO:root:Epoch 1272/1600, Loss: 0.004520658403635025
INFO:root:Epoch 1273/1600, Loss: 0.004370143637061119
INFO:root:Epoch 1274/1600, Loss: 0.004159696400165558
INFO:root:Epoch 1275/1600, Loss: 0.004009902011603117
INFO:root:Epoch 1276/1600, Loss: 0.003998113796114922
INFO:root:Epoch 1277/1600, Loss: 0.004094887990504503
INFO:root:Epoch 1278/1600, Loss: 0.004222858231514692
INFO:root:Epoch 1279/1600, Loss: 0.00429195212200284
INFO:root:Epoch 1280/1600, Loss: 0.00425010547041893
INFO:root:Epoch 1281/1600, Loss: 0.00417721550911665
INFO:root:Epoch 1282/1600, Loss: 0.004096864257007837
INFO:root:Epoch 1283/1600, Loss: 0.00407205568626523
INFO:root:Epoch 1284/1600, Loss: 0.0041353837586939335
INFO:root:Epoch 1285/1600, Loss: 0.004242667928338051
INFO:root:Epoch 1286/1600, Loss: 0.004300232976675034
INFO:root:Epoch 1287/1600, Loss: 0.004251677542924881
INFO:root:Epoch 1288/1600, Loss: 0.004104958847165108
INFO:root:Epoch 1289/1600, Loss: 0.003993889316916466
INFO:root:Epoch 1290/1600, Loss: 0.003978784196078777
INFO:root:Epoch 1291/1600, Loss: 0.004039527382701635
INFO:root:Epoch 1292/1600, Loss: 0.004108835943043232
INFO:root:Epoch 1293/1600, Loss: 0.00412231357768178
INFO:root:Epoch 1294/1600, Loss: 0.004079240374267101
INFO:root:Epoch 1295/1600, Loss: 0.004018037114292383
INFO:root:Epoch 1296/1600, Loss: 0.003993017598986626
INFO:root:Epoch 1297/1600, Loss: 0.004013893194496632
INFO:root:Epoch 1298/1600, Loss: 0.004062900319695473
INFO:root:Epoch 1299/1600, Loss: 0.0040999408811330795
INFO:root:Epoch 1300/1600, Loss: 0.00410863384604454
INFO:root:Epoch 1301/1600, Loss: 0.00408547930419445
INFO:root:Epoch 1302/1600, Loss: 0.0040606288239359856
INFO:root:Epoch 1303/1600, Loss: 0.00404810206964612
INFO:root:Epoch 1304/1600, Loss: 0.0040722996927797794
INFO:root:Epoch 1305/1600, Loss: 0.004144440405070782
INFO:root:Epoch 1306/1600, Loss: 0.004231677856296301
INFO:root:Epoch 1307/1600, Loss: 0.004376663826406002
INFO:root:Epoch 1308/1600, Loss: 0.004482972901314497
INFO:root:Epoch 1309/1600, Loss: 0.004568679258227348
INFO:root:Epoch 1310/1600, Loss: 0.004670873750001192
INFO:root:Epoch 1311/1600, Loss: 0.004786538425832987
INFO:root:Epoch 1312/1600, Loss: 0.0049598123878240585
INFO:root:Epoch 1313/1600, Loss: 0.005016730632632971
INFO:root:Epoch 1314/1600, Loss: 0.004964988678693771
INFO:root:Epoch 1315/1600, Loss: 0.0046668206341564655
INFO:root:Epoch 1316/1600, Loss: 0.00434167729690671
INFO:root:Epoch 1317/1600, Loss: 0.004129184875637293
INFO:root:Epoch 1318/1600, Loss: 0.004090888891369104
INFO:root:Epoch 1319/1600, Loss: 0.004166100174188614
INFO:root:Epoch 1320/1600, Loss: 0.004266016650944948
INFO:root:Epoch 1321/1600, Loss: 0.004355211742222309
INFO:root:Epoch 1322/1600, Loss: 0.004385255742818117
INFO:root:Epoch 1323/1600, Loss: 0.004427556414157152
INFO:root:Epoch 1324/1600, Loss: 0.004495046101510525
INFO:root:Epoch 1325/1600, Loss: 0.004458280745893717
INFO:root:Epoch 1326/1600, Loss: 0.004379123914986849
INFO:root:Epoch 1327/1600, Loss: 0.004233235493302345
INFO:root:Epoch 1328/1600, Loss: 0.004057911690324545
INFO:root:Epoch 1329/1600, Loss: 0.003994170576334
INFO:root:Epoch 1330/1600, Loss: 0.004030848853290081
INFO:root:Epoch 1331/1600, Loss: 0.004144360311329365
INFO:root:Epoch 1332/1600, Loss: 0.004265680443495512
INFO:root:Epoch 1333/1600, Loss: 0.004329482093453407
INFO:root:Epoch 1334/1600, Loss: 0.004332488402724266
INFO:root:Epoch 1335/1600, Loss: 0.004285262431949377
INFO:root:Epoch 1336/1600, Loss: 0.004239900037646294
INFO:root:Epoch 1337/1600, Loss: 0.004189338535070419
INFO:root:Epoch 1338/1600, Loss: 0.004146333783864975
INFO:root:Epoch 1339/1600, Loss: 0.004086046013981104
INFO:root:Epoch 1340/1600, Loss: 0.0040143271908164024
INFO:root:Epoch 1341/1600, Loss: 0.003976933658123016
INFO:root:Epoch 1342/1600, Loss: 0.003998551517724991
INFO:root:Epoch 1343/1600, Loss: 0.004055211320519447
INFO:root:Epoch 1344/1600, Loss: 0.004133767914026976
INFO:root:Epoch 1345/1600, Loss: 0.004217372741550207
INFO:root:Epoch 1346/1600, Loss: 0.004250593949109316
INFO:root:Epoch 1347/1600, Loss: 0.004269457887858152
INFO:root:Epoch 1348/1600, Loss: 0.004275854676961899
INFO:root:Epoch 1349/1600, Loss: 0.004267482087016106
INFO:root:Epoch 1350/1600, Loss: 0.004276343155652285
INFO:root:Epoch 1351/1600, Loss: 0.004235877189785242
INFO:root:Epoch 1352/1600, Loss: 0.004110981244593859
INFO:root:Epoch 1353/1600, Loss: 0.0040092929266393185
INFO:root:Epoch 1354/1600, Loss: 0.0039684586226940155
INFO:root:Epoch 1355/1600, Loss: 0.0040059019811451435
INFO:root:Epoch 1356/1600, Loss: 0.0040964893996715546
INFO:root:Epoch 1357/1600, Loss: 0.004203168675303459
INFO:root:Epoch 1358/1600, Loss: 0.004228097386658192
INFO:root:Epoch 1359/1600, Loss: 0.004212898667901754
INFO:root:Epoch 1360/1600, Loss: 0.004155850503593683
INFO:root:Epoch 1361/1600, Loss: 0.00408506952226162
INFO:root:Epoch 1362/1600, Loss: 0.0040407199412584305
INFO:root:Epoch 1363/1600, Loss: 0.004020480904728174
INFO:root:Epoch 1364/1600, Loss: 0.003997849300503731
INFO:root:Epoch 1365/1600, Loss: 0.0039832936599850655
INFO:root:Epoch 1366/1600, Loss: 0.00399151723831892
INFO:root:Epoch 1367/1600, Loss: 0.004004017449915409
INFO:root:Epoch 1368/1600, Loss: 0.00403630780056119
INFO:root:Epoch 1369/1600, Loss: 0.004078737460076809
INFO:root:Epoch 1370/1600, Loss: 0.004102018661797047
INFO:root:Epoch 1371/1600, Loss: 0.004132220521569252
INFO:root:Epoch 1372/1600, Loss: 0.004150364547967911
INFO:root:Epoch 1373/1600, Loss: 0.004160833079367876
INFO:root:Epoch 1374/1600, Loss: 0.004174256231635809
INFO:root:Epoch 1375/1600, Loss: 0.004206249490380287
INFO:root:Epoch 1376/1600, Loss: 0.0042265127412974834
INFO:root:Epoch 1377/1600, Loss: 0.004228508565574884
INFO:root:Epoch 1378/1600, Loss: 0.004205868113785982
INFO:root:Epoch 1379/1600, Loss: 0.004132493399083614
INFO:root:Epoch 1380/1600, Loss: 0.0040572709403932095
INFO:root:Epoch 1381/1600, Loss: 0.004012135788798332
INFO:root:Epoch 1382/1600, Loss: 0.003981475718319416
INFO:root:Epoch 1383/1600, Loss: 0.003969582729041576
INFO:root:Epoch 1384/1600, Loss: 0.0039724926464259624
INFO:root:Epoch 1385/1600, Loss: 0.003980712965130806
INFO:root:Epoch 1386/1600, Loss: 0.00399248581379652
INFO:root:Epoch 1387/1600, Loss: 0.00400533527135849
INFO:root:Epoch 1388/1600, Loss: 0.004010973032563925
INFO:root:Epoch 1389/1600, Loss: 0.004016168415546417
INFO:root:Epoch 1390/1600, Loss: 0.004024128429591656
INFO:root:Epoch 1391/1600, Loss: 0.004024216905236244
INFO:root:Epoch 1392/1600, Loss: 0.004028704948723316
INFO:root:Epoch 1393/1600, Loss: 0.004026767797768116
INFO:root:Epoch 1394/1600, Loss: 0.004020340275019407
INFO:root:Epoch 1395/1600, Loss: 0.004007665906101465
INFO:root:Epoch 1396/1600, Loss: 0.004000823944807053
INFO:root:Epoch 1397/1600, Loss: 0.003997932653874159
INFO:root:Epoch 1398/1600, Loss: 0.004004013258963823
INFO:root:Epoch 1399/1600, Loss: 0.0040228297002613544
INFO:root:Epoch 1400/1600, Loss: 0.004042893182486296
INFO:root:Epoch 1401/1600, Loss: 0.004067402333021164
INFO:root:Epoch 1402/1600, Loss: 0.004075819626450539
INFO:root:Epoch 1403/1600, Loss: 0.004062272142618895
INFO:root:Epoch 1404/1600, Loss: 0.004038976971060038
INFO:root:Epoch 1405/1600, Loss: 0.004024103749543428
INFO:root:Epoch 1406/1600, Loss: 0.004027849063277245
INFO:root:Epoch 1407/1600, Loss: 0.004056409001350403
INFO:root:Epoch 1408/1600, Loss: 0.004111546091735363
INFO:root:Epoch 1409/1600, Loss: 0.004171201027929783
INFO:root:Epoch 1410/1600, Loss: 0.004240055568516254
INFO:root:Epoch 1411/1600, Loss: 0.004287269897758961
INFO:root:Epoch 1412/1600, Loss: 0.004346489440649748
INFO:root:Epoch 1413/1600, Loss: 0.004412794951349497
INFO:root:Epoch 1414/1600, Loss: 0.004522268660366535
INFO:root:Epoch 1415/1600, Loss: 0.004682720173150301
INFO:root:Epoch 1416/1600, Loss: 0.004953132942318916
INFO:root:Epoch 1417/1600, Loss: 0.0052110725082457066
INFO:root:Epoch 1418/1600, Loss: 0.005465737544000149
INFO:root:Epoch 1419/1600, Loss: 0.005597483366727829
INFO:root:Epoch 1420/1600, Loss: 0.0056963032111525536
INFO:root:Epoch 1421/1600, Loss: 0.005562810692936182
INFO:root:Epoch 1422/1600, Loss: 0.005276425275951624
INFO:root:Epoch 1423/1600, Loss: 0.004811222665011883
INFO:root:Epoch 1424/1600, Loss: 0.004365638364106417
INFO:root:Epoch 1425/1600, Loss: 0.004109025467187166
INFO:root:Epoch 1426/1600, Loss: 0.004132346715778112
INFO:root:Epoch 1427/1600, Loss: 0.004397554788738489
INFO:root:Epoch 1428/1600, Loss: 0.0047172605991363525
INFO:root:Epoch 1429/1600, Loss: 0.004890548996627331
INFO:root:Epoch 1430/1600, Loss: 0.00481750862672925
INFO:root:Epoch 1431/1600, Loss: 0.004569736309349537
INFO:root:Epoch 1432/1600, Loss: 0.004227384924888611
INFO:root:Epoch 1433/1600, Loss: 0.003993702586740255
INFO:root:Epoch 1434/1600, Loss: 0.003954188898205757
INFO:root:Epoch 1435/1600, Loss: 0.00408019358292222
INFO:root:Epoch 1436/1600, Loss: 0.004264044109731913
INFO:root:Epoch 1437/1600, Loss: 0.004389833193272352
INFO:root:Epoch 1438/1600, Loss: 0.004415684845298529
INFO:root:Epoch 1439/1600, Loss: 0.0043287090957164764
INFO:root:Epoch 1440/1600, Loss: 0.004187699407339096
INFO:root:Epoch 1441/1600, Loss: 0.004050201736390591
INFO:root:Epoch 1442/1600, Loss: 0.003973890095949173
INFO:root:Epoch 1443/1600, Loss: 0.003978424239903688
INFO:root:Epoch 1444/1600, Loss: 0.004034513141959906
INFO:root:Epoch 1445/1600, Loss: 0.004087986424565315
INFO:root:Epoch 1446/1600, Loss: 0.00409666495397687
INFO:root:Epoch 1447/1600, Loss: 0.004077577032148838
INFO:root:Epoch 1448/1600, Loss: 0.004028035327792168
INFO:root:Epoch 1449/1600, Loss: 0.0039833830669522285
INFO:root:Epoch 1450/1600, Loss: 0.003956399392336607
INFO:root:Epoch 1451/1600, Loss: 0.003957291599363089
INFO:root:Epoch 1452/1600, Loss: 0.003975322470068932
INFO:root:Epoch 1453/1600, Loss: 0.003996667452156544
INFO:root:Epoch 1454/1600, Loss: 0.004003142938017845
INFO:root:Epoch 1455/1600, Loss: 0.0039909230545163155
INFO:root:Epoch 1456/1600, Loss: 0.0039706905372440815
INFO:root:Epoch 1457/1600, Loss: 0.003946938551962376
INFO:root:Epoch 1458/1600, Loss: 0.003935039509087801
INFO:root:Epoch 1459/1600, Loss: 0.003936631605029106
INFO:root:Epoch 1460/1600, Loss: 0.003947879187762737
INFO:root:Epoch 1461/1600, Loss: 0.003961565904319286
INFO:root:Epoch 1462/1600, Loss: 0.003969669807702303
INFO:root:Epoch 1463/1600, Loss: 0.0039695813320577145
INFO:root:Epoch 1464/1600, Loss: 0.003961110487580299
INFO:root:Epoch 1465/1600, Loss: 0.00395086407661438
INFO:root:Epoch 1466/1600, Loss: 0.00394439697265625
INFO:root:Epoch 1467/1600, Loss: 0.003942505922168493
INFO:root:Epoch 1468/1600, Loss: 0.003945790696889162
INFO:root:Epoch 1469/1600, Loss: 0.003951773978769779
INFO:root:Epoch 1470/1600, Loss: 0.0039594415575265884
INFO:root:Epoch 1471/1600, Loss: 0.0039665051735937595
INFO:root:Epoch 1472/1600, Loss: 0.003972810227423906
INFO:root:Epoch 1473/1600, Loss: 0.003977715969085693
INFO:root:Epoch 1474/1600, Loss: 0.0039821807295084
INFO:root:Epoch 1475/1600, Loss: 0.003988164942711592
INFO:root:Epoch 1476/1600, Loss: 0.003993295598775148
INFO:root:Epoch 1477/1600, Loss: 0.004001461435109377
INFO:root:Epoch 1478/1600, Loss: 0.00400913879275322
INFO:root:Epoch 1479/1600, Loss: 0.004013914614915848
INFO:root:Epoch 1480/1600, Loss: 0.004016493447124958
INFO:root:Epoch 1481/1600, Loss: 0.004012284334748983
INFO:root:Epoch 1482/1600, Loss: 0.004003031179308891
INFO:root:Epoch 1483/1600, Loss: 0.003984977025538683
INFO:root:Epoch 1484/1600, Loss: 0.003966898191720247
INFO:root:Epoch 1485/1600, Loss: 0.0039496831595897675
INFO:root:Epoch 1486/1600, Loss: 0.00393868749961257
INFO:root:Epoch 1487/1600, Loss: 0.003933811094611883
INFO:root:Epoch 1488/1600, Loss: 0.003934611566364765
INFO:root:Epoch 1489/1600, Loss: 0.003938442561775446
INFO:root:Epoch 1490/1600, Loss: 0.00394406309351325
INFO:root:Epoch 1491/1600, Loss: 0.003951020073145628
INFO:root:Epoch 1492/1600, Loss: 0.003955773543566465
INFO:root:Epoch 1493/1600, Loss: 0.003959426190704107
INFO:root:Epoch 1494/1600, Loss: 0.003961360547691584
INFO:root:Epoch 1495/1600, Loss: 0.0039645005017519
INFO:root:Epoch 1496/1600, Loss: 0.00396651541814208
INFO:root:Epoch 1497/1600, Loss: 0.003968982491642237
INFO:root:Epoch 1498/1600, Loss: 0.0039755962789058685
INFO:root:Epoch 1499/1600, Loss: 0.003983267582952976
INFO:root:Epoch 1500/1600, Loss: 0.003997235093265772
INFO:root:Epoch 1501/1600, Loss: 0.004016902297735214
INFO:root:Epoch 1502/1600, Loss: 0.004048343747854233
INFO:root:Epoch 1503/1600, Loss: 0.004094263538718224
INFO:root:Epoch 1504/1600, Loss: 0.004151720553636551
INFO:root:Epoch 1505/1600, Loss: 0.004231236409395933
INFO:root:Epoch 1506/1600, Loss: 0.004332290962338448
INFO:root:Epoch 1507/1600, Loss: 0.004468620754778385
INFO:root:Epoch 1508/1600, Loss: 0.004626559559255838
INFO:root:Epoch 1509/1600, Loss: 0.004829918034374714
INFO:root:Epoch 1510/1600, Loss: 0.005045028869062662
INFO:root:Epoch 1511/1600, Loss: 0.005308194551616907
INFO:root:Epoch 1512/1600, Loss: 0.0055299014784395695
INFO:root:Epoch 1513/1600, Loss: 0.005704695358872414
INFO:root:Epoch 1514/1600, Loss: 0.005666383542120457
INFO:root:Epoch 1515/1600, Loss: 0.005470682866871357
INFO:root:Epoch 1516/1600, Loss: 0.005014128051698208
INFO:root:Epoch 1517/1600, Loss: 0.004489273298531771
INFO:root:Epoch 1518/1600, Loss: 0.004098251927644014
INFO:root:Epoch 1519/1600, Loss: 0.0039751483127474785
INFO:root:Epoch 1520/1600, Loss: 0.004106463398784399
INFO:root:Epoch 1521/1600, Loss: 0.0043806107714772224
INFO:root:Epoch 1522/1600, Loss: 0.004652599338442087
INFO:root:Epoch 1523/1600, Loss: 0.004846576135605574
INFO:root:Epoch 1524/1600, Loss: 0.004801452625542879
INFO:root:Epoch 1525/1600, Loss: 0.004542719107121229
INFO:root:Epoch 1526/1600, Loss: 0.0042855204083025455
INFO:root:Epoch 1527/1600, Loss: 0.00413653114810586
INFO:root:Epoch 1528/1600, Loss: 0.004206400364637375
INFO:root:Epoch 1529/1600, Loss: 0.004375327844172716
INFO:root:Epoch 1530/1600, Loss: 0.004531824961304665
INFO:root:Epoch 1531/1600, Loss: 0.004626689478754997
INFO:root:Epoch 1532/1600, Loss: 0.0044593047350645065
INFO:root:Epoch 1533/1600, Loss: 0.004223883617669344
INFO:root:Epoch 1534/1600, Loss: 0.004010539036244154
INFO:root:Epoch 1535/1600, Loss: 0.003994969185441732
INFO:root:Epoch 1536/1600, Loss: 0.004136375151574612
INFO:root:Epoch 1537/1600, Loss: 0.004291252698749304
INFO:root:Epoch 1538/1600, Loss: 0.004384232684969902
INFO:root:Epoch 1539/1600, Loss: 0.004322091117501259
INFO:root:Epoch 1540/1600, Loss: 0.004177649971097708
INFO:root:Epoch 1541/1600, Loss: 0.004008912947028875
INFO:root:Epoch 1542/1600, Loss: 0.00396349374204874
INFO:root:Epoch 1543/1600, Loss: 0.00401440542191267
INFO:root:Epoch 1544/1600, Loss: 0.004104792606085539
INFO:root:Epoch 1545/1600, Loss: 0.004166911356151104
INFO:root:Epoch 1546/1600, Loss: 0.004112746566534042
INFO:root:Epoch 1547/1600, Loss: 0.00405077775940299
INFO:root:Epoch 1548/1600, Loss: 0.003992745187133551
INFO:root:Epoch 1549/1600, Loss: 0.0039869388565421104
INFO:root:Epoch 1550/1600, Loss: 0.004023876041173935
INFO:root:Epoch 1551/1600, Loss: 0.004078703932464123
INFO:root:Epoch 1552/1600, Loss: 0.0041128844022750854
INFO:root:Epoch 1553/1600, Loss: 0.0040976908057928085
INFO:root:Epoch 1554/1600, Loss: 0.004051955882459879
INFO:root:Epoch 1555/1600, Loss: 0.00400203512981534
INFO:root:Epoch 1556/1600, Loss: 0.003969631157815456
INFO:root:Epoch 1557/1600, Loss: 0.003981949295848608
INFO:root:Epoch 1558/1600, Loss: 0.004009349271655083
INFO:root:Epoch 1559/1600, Loss: 0.0040258560329675674
INFO:root:Epoch 1560/1600, Loss: 0.004017413128167391
INFO:root:Epoch 1561/1600, Loss: 0.003988426178693771
INFO:root:Epoch 1562/1600, Loss: 0.003954401705414057
INFO:root:Epoch 1563/1600, Loss: 0.0039404211565852165
INFO:root:Epoch 1564/1600, Loss: 0.003935410175472498
INFO:root:Epoch 1565/1600, Loss: 0.00394908944144845
INFO:root:Epoch 1566/1600, Loss: 0.003962878603488207
INFO:root:Epoch 1567/1600, Loss: 0.0039632064290344715
INFO:root:Epoch 1568/1600, Loss: 0.003961995244026184
INFO:root:Epoch 1569/1600, Loss: 0.0039482032880187035
INFO:root:Epoch 1570/1600, Loss: 0.003943305928260088
INFO:root:Epoch 1571/1600, Loss: 0.003950299229472876
INFO:root:Epoch 1572/1600, Loss: 0.003962959162890911
INFO:root:Epoch 1573/1600, Loss: 0.003979544620960951
INFO:root:Epoch 1574/1600, Loss: 0.003986758645623922
INFO:root:Epoch 1575/1600, Loss: 0.003991273231804371
INFO:root:Epoch 1576/1600, Loss: 0.00398704968392849
INFO:root:Epoch 1577/1600, Loss: 0.003981389570981264
INFO:root:Epoch 1578/1600, Loss: 0.00398565549403429
INFO:root:Epoch 1579/1600, Loss: 0.004006688483059406
INFO:root:Epoch 1580/1600, Loss: 0.004028466530144215
INFO:root:Epoch 1581/1600, Loss: 0.004055728204548359
INFO:root:Epoch 1582/1600, Loss: 0.0040704309940338135
INFO:root:Epoch 1583/1600, Loss: 0.004077662248164415
INFO:root:Epoch 1584/1600, Loss: 0.004071963019669056
INFO:root:Epoch 1585/1600, Loss: 0.004075726494193077
INFO:root:Epoch 1586/1600, Loss: 0.004071315750479698
INFO:root:Epoch 1587/1600, Loss: 0.004068753216415644
INFO:root:Epoch 1588/1600, Loss: 0.004066395107656717
INFO:root:Epoch 1589/1600, Loss: 0.004065745044499636
INFO:root:Epoch 1590/1600, Loss: 0.0040669552981853485
INFO:root:Epoch 1591/1600, Loss: 0.004062367603182793
INFO:root:Epoch 1592/1600, Loss: 0.004046900663524866
INFO:root:Epoch 1593/1600, Loss: 0.004024190362542868
INFO:root:Epoch 1594/1600, Loss: 0.0039933426305651665
INFO:root:Epoch 1595/1600, Loss: 0.00397203303873539
INFO:root:Epoch 1596/1600, Loss: 0.003957751672714949
INFO:root:Epoch 1597/1600, Loss: 0.003954981453716755
INFO:root:Epoch 1598/1600, Loss: 0.003957281354814768
INFO:root:Epoch 1599/1600, Loss: 0.003956739790737629
INFO:root:Epoch 1600/1600, Loss: 0.00395271135494113
INFO:root:Training time: 72.23708820343018 seconds
