INFO:root:Configs: {'lr': 0.05, 'epochs': 1000, 'batch_size': 64, 'seed': 42, 'device': 'cpu', 'optimizer': Adam (
Parameter Group 0
    amsgrad: False
    betas: (0.9, 0.999)
    capturable: False
    differentiable: False
    eps: 1e-08
    foreach: None
    fused: None
    lr: 0.05
    maximize: False
    weight_decay: 0
), 'equation': <equation.EuropeanBasketOptionCall object at 0x000002AA413E0CE0>, 'net': Net4Y(
  (input_layer): Linear(in_features=5, out_features=64, bias=True)
  (output_layer): Linear(in_features=64, out_features=5, bias=True)
  (relu): ReLU()
  (net): Net4Z(
    (input_layer): Linear(in_features=5, out_features=64, bias=True)
    (output_layer): Linear(in_features=64, out_features=5, bias=True)
    (relu): ReLU()
  )
), 'train_iter': <torch.utils.data.dataloader.DataLoader object at 0x000002AA5C4DFF80>}
INFO:root:Epoch 1/1000, Loss: 1.0801939964294434
INFO:root:Epoch 2/1000, Loss: 1.7586963176727295
INFO:root:Epoch 3/1000, Loss: 0.9993976354598999
INFO:root:Epoch 4/1000, Loss: 1.0712838172912598
INFO:root:Epoch 5/1000, Loss: 1.0741469860076904
INFO:root:Epoch 6/1000, Loss: 1.0585795640945435
INFO:root:Epoch 7/1000, Loss: 1.0303767919540405
INFO:root:Epoch 8/1000, Loss: 1.0274901390075684
INFO:root:Epoch 9/1000, Loss: 1.040977954864502
INFO:root:Epoch 10/1000, Loss: 1.0217313766479492
INFO:root:Epoch 11/1000, Loss: 1.022000789642334
INFO:root:Epoch 12/1000, Loss: 1.02840256690979
INFO:root:Epoch 13/1000, Loss: 1.021242618560791
INFO:root:Epoch 14/1000, Loss: 1.012651801109314
INFO:root:Epoch 15/1000, Loss: 1.0205368995666504
INFO:root:Epoch 16/1000, Loss: 1.009481430053711
INFO:root:Epoch 17/1000, Loss: 1.007155179977417
INFO:root:Epoch 18/1000, Loss: 1.0089586973190308
INFO:root:Epoch 19/1000, Loss: 1.0052897930145264
INFO:root:Epoch 20/1000, Loss: 1.0011297464370728
INFO:root:Epoch 21/1000, Loss: 1.0008422136306763
INFO:root:Epoch 22/1000, Loss: 0.9997767806053162
INFO:root:Epoch 23/1000, Loss: 0.996146023273468
INFO:root:Epoch 24/1000, Loss: 0.9958794116973877
INFO:root:Epoch 25/1000, Loss: 0.9943010210990906
INFO:root:Epoch 26/1000, Loss: 0.9905092120170593
INFO:root:Epoch 27/1000, Loss: 0.9935562014579773
INFO:root:Epoch 28/1000, Loss: 0.9884843230247498
INFO:root:Epoch 29/1000, Loss: 0.9853683710098267
INFO:root:Epoch 30/1000, Loss: 0.9871473908424377
INFO:root:Epoch 31/1000, Loss: 0.986318826675415
INFO:root:Epoch 32/1000, Loss: 1.0014991760253906
INFO:root:Epoch 33/1000, Loss: 0.9806644320487976
INFO:root:Epoch 34/1000, Loss: 1.0134024620056152
INFO:root:Epoch 35/1000, Loss: 0.9825412034988403
INFO:root:Epoch 36/1000, Loss: 0.9829907417297363
INFO:root:Epoch 37/1000, Loss: 1.0125398635864258
INFO:root:Epoch 38/1000, Loss: 0.9740049839019775
INFO:root:Epoch 39/1000, Loss: 0.9841370582580566
INFO:root:Epoch 40/1000, Loss: 0.9825709462165833
INFO:root:Epoch 41/1000, Loss: 0.9762123823165894
INFO:root:Epoch 42/1000, Loss: 0.9831783771514893
INFO:root:Epoch 43/1000, Loss: 0.9763330221176147
INFO:root:Epoch 44/1000, Loss: 0.9698907732963562
INFO:root:Epoch 45/1000, Loss: 0.9738191962242126
INFO:root:Epoch 46/1000, Loss: 0.9721289873123169
INFO:root:Epoch 47/1000, Loss: 0.9706515669822693
INFO:root:Epoch 48/1000, Loss: 0.9700517058372498
INFO:root:Epoch 49/1000, Loss: 0.9635568261146545
INFO:root:Epoch 50/1000, Loss: 0.9645196795463562
INFO:root:Epoch 51/1000, Loss: 0.9666987657546997
INFO:root:Epoch 52/1000, Loss: 0.9562205672264099
INFO:root:Epoch 53/1000, Loss: 0.9581027030944824
INFO:root:Epoch 54/1000, Loss: 0.951175332069397
INFO:root:Epoch 55/1000, Loss: 0.9604666829109192
INFO:root:Epoch 56/1000, Loss: 0.9754733443260193
INFO:root:Epoch 57/1000, Loss: 0.973797082901001
INFO:root:Epoch 58/1000, Loss: 0.9521527886390686
INFO:root:Epoch 59/1000, Loss: 0.9687646627426147
INFO:root:Epoch 60/1000, Loss: 0.9588481187820435
INFO:root:Epoch 61/1000, Loss: 0.9809046983718872
INFO:root:Epoch 62/1000, Loss: 0.9476275444030762
INFO:root:Epoch 63/1000, Loss: 0.9830960035324097
INFO:root:Epoch 64/1000, Loss: 0.9454874396324158
INFO:root:Epoch 65/1000, Loss: 0.9723457098007202
INFO:root:Epoch 66/1000, Loss: 0.9580066800117493
INFO:root:Epoch 67/1000, Loss: 0.954464852809906
INFO:root:Epoch 68/1000, Loss: 0.970818281173706
INFO:root:Epoch 69/1000, Loss: 0.9444308280944824
INFO:root:Epoch 70/1000, Loss: 0.956992506980896
INFO:root:Epoch 71/1000, Loss: 0.9516669511795044
INFO:root:Epoch 72/1000, Loss: 0.9501388669013977
INFO:root:Epoch 73/1000, Loss: 0.9596061110496521
INFO:root:Epoch 74/1000, Loss: 0.9433111548423767
INFO:root:Epoch 75/1000, Loss: 0.9568017721176147
INFO:root:Epoch 76/1000, Loss: 0.9569844603538513
INFO:root:Epoch 77/1000, Loss: 0.9439536929130554
INFO:root:Epoch 78/1000, Loss: 0.9706886410713196
INFO:root:Epoch 79/1000, Loss: 0.9446699619293213
INFO:root:Epoch 80/1000, Loss: 0.9542829990386963
INFO:root:Epoch 81/1000, Loss: 0.9581024646759033
INFO:root:Epoch 82/1000, Loss: 0.9439626932144165
INFO:root:Epoch 83/1000, Loss: 0.9680744409561157
INFO:root:Epoch 84/1000, Loss: 0.946596622467041
INFO:root:Epoch 85/1000, Loss: 0.9488308429718018
INFO:root:Epoch 86/1000, Loss: 0.9674368500709534
INFO:root:Epoch 87/1000, Loss: 0.9450937509536743
INFO:root:Epoch 88/1000, Loss: 0.9453427195549011
INFO:root:Epoch 89/1000, Loss: 0.9507032036781311
INFO:root:Epoch 90/1000, Loss: 0.9444148540496826
INFO:root:Epoch 91/1000, Loss: 0.9453389048576355
INFO:root:Epoch 92/1000, Loss: 0.9547491669654846
INFO:root:Epoch 93/1000, Loss: 0.945711076259613
INFO:root:Epoch 94/1000, Loss: 0.9436718821525574
INFO:root:Epoch 95/1000, Loss: 0.9485887289047241
INFO:root:Epoch 96/1000, Loss: 0.9431605339050293
INFO:root:Epoch 97/1000, Loss: 0.9451833963394165
INFO:root:Epoch 98/1000, Loss: 0.9480711221694946
INFO:root:Epoch 99/1000, Loss: 0.946876585483551
INFO:root:Epoch 100/1000, Loss: 0.9443846344947815
INFO:root:Epoch 101/1000, Loss: 0.9445471167564392
INFO:root:Epoch 102/1000, Loss: 0.9443471431732178
INFO:root:Epoch 103/1000, Loss: 0.9448322057723999
INFO:root:Epoch 104/1000, Loss: 0.9440646171569824
INFO:root:Epoch 105/1000, Loss: 0.9415204524993896
INFO:root:Epoch 106/1000, Loss: 0.9435336589813232
INFO:root:Epoch 107/1000, Loss: 0.941469132900238
INFO:root:Epoch 108/1000, Loss: 0.9424470663070679
INFO:root:Epoch 109/1000, Loss: 0.9412850737571716
INFO:root:Epoch 110/1000, Loss: 0.9433136582374573
INFO:root:Epoch 111/1000, Loss: 0.9418597221374512
INFO:root:Epoch 112/1000, Loss: 0.9428248405456543
INFO:root:Epoch 113/1000, Loss: 0.9422047138214111
INFO:root:Epoch 114/1000, Loss: 0.9408355951309204
INFO:root:Epoch 115/1000, Loss: 0.941708505153656
INFO:root:Epoch 116/1000, Loss: 0.9404480457305908
INFO:root:Epoch 117/1000, Loss: 0.9439953565597534
INFO:root:Epoch 118/1000, Loss: 0.9391356110572815
INFO:root:Epoch 119/1000, Loss: 0.9404629468917847
INFO:root:Epoch 120/1000, Loss: 0.9387670159339905
INFO:root:Epoch 121/1000, Loss: 0.9384717345237732
INFO:root:Epoch 122/1000, Loss: 0.9403226971626282
INFO:root:Epoch 123/1000, Loss: 0.9379310607910156
INFO:root:Epoch 124/1000, Loss: 0.9446239471435547
INFO:root:Epoch 125/1000, Loss: 0.9401618242263794
INFO:root:Epoch 126/1000, Loss: 0.9404052495956421
INFO:root:Epoch 127/1000, Loss: 0.9371716976165771
INFO:root:Epoch 128/1000, Loss: 0.9382784366607666
INFO:root:Epoch 129/1000, Loss: 0.946326732635498
INFO:root:Epoch 130/1000, Loss: 0.9385606646537781
INFO:root:Epoch 131/1000, Loss: 0.9410563707351685
INFO:root:Epoch 132/1000, Loss: 0.9355766773223877
INFO:root:Epoch 133/1000, Loss: 0.9358376264572144
INFO:root:Epoch 134/1000, Loss: 0.9356310963630676
INFO:root:Epoch 135/1000, Loss: 0.9354180097579956
INFO:root:Epoch 136/1000, Loss: 0.9348976612091064
INFO:root:Epoch 137/1000, Loss: 0.9346160292625427
INFO:root:Epoch 138/1000, Loss: 0.9349039196968079
INFO:root:Epoch 139/1000, Loss: 0.9361186027526855
INFO:root:Epoch 140/1000, Loss: 0.9413613080978394
INFO:root:Epoch 141/1000, Loss: 0.9353418946266174
INFO:root:Epoch 142/1000, Loss: 0.9338680505752563
INFO:root:Epoch 143/1000, Loss: 0.9340699911117554
INFO:root:Epoch 144/1000, Loss: 0.9343632459640503
INFO:root:Epoch 145/1000, Loss: 0.9393290877342224
INFO:root:Epoch 146/1000, Loss: 0.9354362487792969
INFO:root:Epoch 147/1000, Loss: 0.9338119029998779
INFO:root:Epoch 148/1000, Loss: 0.9338445067405701
INFO:root:Epoch 149/1000, Loss: 0.9387067556381226
INFO:root:Epoch 150/1000, Loss: 0.936323344707489
INFO:root:Epoch 151/1000, Loss: 0.9363247752189636
INFO:root:Epoch 152/1000, Loss: 0.9345940351486206
INFO:root:Epoch 153/1000, Loss: 0.9335010647773743
INFO:root:Epoch 154/1000, Loss: 0.935249924659729
INFO:root:Epoch 155/1000, Loss: 0.9394529461860657
INFO:root:Epoch 156/1000, Loss: 0.9339977502822876
INFO:root:Epoch 157/1000, Loss: 0.9326030015945435
INFO:root:Epoch 158/1000, Loss: 0.934542715549469
INFO:root:Epoch 159/1000, Loss: 0.9395511746406555
INFO:root:Epoch 160/1000, Loss: 0.9350608587265015
INFO:root:Epoch 161/1000, Loss: 0.9327548742294312
INFO:root:Epoch 162/1000, Loss: 0.9329709410667419
INFO:root:Epoch 163/1000, Loss: 0.9323297142982483
INFO:root:Epoch 164/1000, Loss: 0.9374995231628418
INFO:root:Epoch 165/1000, Loss: 0.9400561451911926
INFO:root:Epoch 166/1000, Loss: 0.9325255751609802
INFO:root:Epoch 167/1000, Loss: 0.9393100142478943
INFO:root:Epoch 168/1000, Loss: 0.9336299300193787
INFO:root:Epoch 169/1000, Loss: 0.9335630536079407
INFO:root:Epoch 170/1000, Loss: 0.9403133988380432
INFO:root:Epoch 171/1000, Loss: 0.9323911070823669
INFO:root:Epoch 172/1000, Loss: 0.9331148266792297
INFO:root:Epoch 173/1000, Loss: 0.936962366104126
INFO:root:Epoch 174/1000, Loss: 0.9345108866691589
INFO:root:Epoch 175/1000, Loss: 0.933117687702179
INFO:root:Epoch 176/1000, Loss: 0.9364574551582336
INFO:root:Epoch 177/1000, Loss: 0.9379598498344421
INFO:root:Epoch 178/1000, Loss: 0.9372634887695312
INFO:root:Epoch 179/1000, Loss: 0.93610680103302
INFO:root:Epoch 180/1000, Loss: 0.9383520483970642
INFO:root:Epoch 181/1000, Loss: 0.9378924369812012
INFO:root:Epoch 182/1000, Loss: 0.9377332925796509
INFO:root:Epoch 183/1000, Loss: 0.937984824180603
INFO:root:Epoch 184/1000, Loss: 0.9344656467437744
INFO:root:Epoch 185/1000, Loss: 0.935855507850647
INFO:root:Epoch 186/1000, Loss: 0.9401369690895081
INFO:root:Epoch 187/1000, Loss: 0.937299370765686
INFO:root:Epoch 188/1000, Loss: 0.938433051109314
INFO:root:Epoch 189/1000, Loss: 0.9405280947685242
INFO:root:Epoch 190/1000, Loss: 0.9371945261955261
INFO:root:Epoch 191/1000, Loss: 0.9346061944961548
INFO:root:Epoch 192/1000, Loss: 0.9372444748878479
INFO:root:Epoch 193/1000, Loss: 0.9398425817489624
INFO:root:Epoch 194/1000, Loss: 0.9341251850128174
INFO:root:Epoch 195/1000, Loss: 0.9426901340484619
INFO:root:Epoch 196/1000, Loss: 0.9373288750648499
INFO:root:Epoch 197/1000, Loss: 0.9337931871414185
INFO:root:Epoch 198/1000, Loss: 0.9339579939842224
INFO:root:Epoch 199/1000, Loss: 0.9381457567214966
INFO:root:Epoch 200/1000, Loss: 0.9404289126396179
INFO:root:Epoch 201/1000, Loss: 0.9339447617530823
INFO:root:Epoch 202/1000, Loss: 0.9336206316947937
INFO:root:Epoch 203/1000, Loss: 0.9348188638687134
INFO:root:Epoch 204/1000, Loss: 0.9400463700294495
INFO:root:Epoch 205/1000, Loss: 0.9352867603302002
INFO:root:Epoch 206/1000, Loss: 0.9334931969642639
INFO:root:Epoch 207/1000, Loss: 0.9344542622566223
INFO:root:Epoch 208/1000, Loss: 0.9357959032058716
INFO:root:Epoch 209/1000, Loss: 0.9381223320960999
INFO:root:Epoch 210/1000, Loss: 0.9393002986907959
INFO:root:Epoch 211/1000, Loss: 0.9330122470855713
INFO:root:Epoch 212/1000, Loss: 0.9342790246009827
INFO:root:Epoch 213/1000, Loss: 0.9393659830093384
INFO:root:Epoch 214/1000, Loss: 0.9372867345809937
INFO:root:Epoch 215/1000, Loss: 0.9353405833244324
INFO:root:Epoch 216/1000, Loss: 0.9459173083305359
INFO:root:Epoch 217/1000, Loss: 0.9396972060203552
INFO:root:Epoch 218/1000, Loss: 0.9331178069114685
INFO:root:Epoch 219/1000, Loss: 0.9381174445152283
INFO:root:Epoch 220/1000, Loss: 0.9356651306152344
INFO:root:Epoch 221/1000, Loss: 0.9350046515464783
INFO:root:Epoch 222/1000, Loss: 0.9332073330879211
INFO:root:Epoch 223/1000, Loss: 0.9356052875518799
INFO:root:Epoch 224/1000, Loss: 0.9437251091003418
INFO:root:Epoch 225/1000, Loss: 0.9342294931411743
INFO:root:Epoch 226/1000, Loss: 0.9497573375701904
INFO:root:Epoch 227/1000, Loss: 0.9439432621002197
INFO:root:Epoch 228/1000, Loss: 0.944226086139679
INFO:root:Epoch 229/1000, Loss: 0.9427160024642944
INFO:root:Epoch 230/1000, Loss: 0.9358492493629456
INFO:root:Epoch 231/1000, Loss: 0.9435049295425415
INFO:root:Epoch 232/1000, Loss: 0.9383874535560608
INFO:root:Epoch 233/1000, Loss: 0.9364258050918579
INFO:root:Epoch 234/1000, Loss: 0.9448983669281006
INFO:root:Epoch 235/1000, Loss: 0.9347372651100159
INFO:root:Epoch 236/1000, Loss: 0.9577993154525757
INFO:root:Epoch 237/1000, Loss: 0.9352519512176514
INFO:root:Epoch 238/1000, Loss: 0.9815058708190918
INFO:root:Epoch 239/1000, Loss: 0.9749957919120789
INFO:root:Epoch 240/1000, Loss: 0.9496024250984192
INFO:root:Epoch 241/1000, Loss: 0.9670405387878418
INFO:root:Epoch 242/1000, Loss: 0.9411075711250305
INFO:root:Epoch 243/1000, Loss: 0.9663247466087341
INFO:root:Epoch 244/1000, Loss: 0.9389700889587402
INFO:root:Epoch 245/1000, Loss: 0.9504932165145874
INFO:root:Epoch 246/1000, Loss: 0.9364495277404785
INFO:root:Epoch 247/1000, Loss: 0.9409857988357544
INFO:root:Epoch 248/1000, Loss: 0.9425244927406311
INFO:root:Epoch 249/1000, Loss: 0.9413701891899109
INFO:root:Epoch 250/1000, Loss: 0.943067729473114
INFO:root:Epoch 251/1000, Loss: 0.9455783367156982
INFO:root:Epoch 252/1000, Loss: 0.9337304830551147
INFO:root:Epoch 253/1000, Loss: 0.9343228936195374
INFO:root:Epoch 254/1000, Loss: 0.9367530941963196
INFO:root:Epoch 255/1000, Loss: 0.933381974697113
INFO:root:Epoch 256/1000, Loss: 0.938422441482544
INFO:root:Epoch 257/1000, Loss: 0.9358978867530823
INFO:root:Epoch 258/1000, Loss: 0.9403080940246582
INFO:root:Epoch 259/1000, Loss: 0.9328258633613586
INFO:root:Epoch 260/1000, Loss: 0.9393548369407654
INFO:root:Epoch 261/1000, Loss: 0.9357070922851562
INFO:root:Epoch 262/1000, Loss: 0.9431875348091125
INFO:root:Epoch 263/1000, Loss: 0.9324166774749756
INFO:root:Epoch 264/1000, Loss: 0.9375869035720825
INFO:root:Epoch 265/1000, Loss: 0.9321465492248535
INFO:root:Epoch 266/1000, Loss: 0.9353170990943909
INFO:root:Epoch 267/1000, Loss: 0.9378995299339294
INFO:root:Epoch 268/1000, Loss: 0.9371646642684937
INFO:root:Epoch 269/1000, Loss: 0.9380155205726624
INFO:root:Epoch 270/1000, Loss: 0.9342236518859863
INFO:root:Epoch 271/1000, Loss: 0.9363299608230591
INFO:root:Epoch 272/1000, Loss: 0.9323556423187256
INFO:root:Epoch 273/1000, Loss: 0.9340257048606873
INFO:root:Epoch 274/1000, Loss: 0.9325779676437378
INFO:root:Epoch 275/1000, Loss: 0.9332627058029175
INFO:root:Epoch 276/1000, Loss: 0.9366061687469482
INFO:root:Epoch 277/1000, Loss: 0.9326115250587463
INFO:root:Epoch 278/1000, Loss: 0.9320569634437561
INFO:root:Epoch 279/1000, Loss: 0.9331750273704529
INFO:root:Epoch 280/1000, Loss: 0.9318861365318298
INFO:root:Epoch 281/1000, Loss: 0.933349072933197
INFO:root:Epoch 282/1000, Loss: 0.9316082000732422
INFO:root:Epoch 283/1000, Loss: 0.9317898750305176
INFO:root:Epoch 284/1000, Loss: 0.9308532476425171
INFO:root:Epoch 285/1000, Loss: 0.9307578206062317
INFO:root:Epoch 286/1000, Loss: 0.9309833645820618
INFO:root:Epoch 287/1000, Loss: 0.9368851184844971
INFO:root:Epoch 288/1000, Loss: 0.9301577210426331
INFO:root:Epoch 289/1000, Loss: 0.9477896094322205
INFO:root:Epoch 290/1000, Loss: 0.9399386644363403
INFO:root:Epoch 291/1000, Loss: 0.9396622180938721
INFO:root:Epoch 292/1000, Loss: 0.943980872631073
INFO:root:Epoch 293/1000, Loss: 0.9337543249130249
INFO:root:Epoch 294/1000, Loss: 0.953215479850769
INFO:root:Epoch 295/1000, Loss: 0.9315623641014099
INFO:root:Epoch 296/1000, Loss: 0.960175633430481
INFO:root:Epoch 297/1000, Loss: 0.938765287399292
INFO:root:Epoch 298/1000, Loss: 0.949509859085083
INFO:root:Epoch 299/1000, Loss: 0.9327610731124878
INFO:root:Epoch 300/1000, Loss: 0.9519616961479187
INFO:root:Epoch 301/1000, Loss: 0.934378981590271
INFO:root:Epoch 302/1000, Loss: 0.9379761219024658
INFO:root:Epoch 303/1000, Loss: 0.935020387172699
INFO:root:Epoch 304/1000, Loss: 0.9347745776176453
INFO:root:Epoch 305/1000, Loss: 0.9347807168960571
INFO:root:Epoch 306/1000, Loss: 0.9345608353614807
INFO:root:Epoch 307/1000, Loss: 0.9345841407775879
INFO:root:Epoch 308/1000, Loss: 0.9346559047698975
INFO:root:Epoch 309/1000, Loss: 0.934794545173645
INFO:root:Epoch 310/1000, Loss: 0.9343157410621643
INFO:root:Epoch 311/1000, Loss: 0.9347785115242004
INFO:root:Epoch 312/1000, Loss: 0.9339578747749329
INFO:root:Epoch 313/1000, Loss: 0.9353597164154053
INFO:root:Epoch 314/1000, Loss: 0.9369087815284729
INFO:root:Epoch 315/1000, Loss: 0.9339419603347778
INFO:root:Epoch 316/1000, Loss: 0.9322664141654968
INFO:root:Epoch 317/1000, Loss: 0.9357847571372986
INFO:root:Epoch 318/1000, Loss: 0.9392825365066528
INFO:root:Epoch 319/1000, Loss: 0.9343519806861877
INFO:root:Epoch 320/1000, Loss: 0.9431561827659607
INFO:root:Epoch 321/1000, Loss: 0.9329577684402466
INFO:root:Epoch 322/1000, Loss: 0.9361650347709656
INFO:root:Epoch 323/1000, Loss: 0.9331090450286865
INFO:root:Epoch 324/1000, Loss: 0.9375225901603699
INFO:root:Epoch 325/1000, Loss: 0.9472598433494568
INFO:root:Epoch 326/1000, Loss: 0.9388835430145264
INFO:root:Epoch 327/1000, Loss: 0.9497045278549194
INFO:root:Epoch 328/1000, Loss: 0.9398530721664429
INFO:root:Epoch 329/1000, Loss: 0.9543629288673401
INFO:root:Epoch 330/1000, Loss: 0.9385917782783508
INFO:root:Epoch 331/1000, Loss: 0.9483102560043335
INFO:root:Epoch 332/1000, Loss: 0.9362910389900208
INFO:root:Epoch 333/1000, Loss: 0.9625818133354187
INFO:root:Epoch 334/1000, Loss: 0.9358656406402588
INFO:root:Epoch 335/1000, Loss: 0.9599362015724182
INFO:root:Epoch 336/1000, Loss: 0.9519879817962646
INFO:root:Epoch 337/1000, Loss: 0.9476173520088196
INFO:root:Epoch 338/1000, Loss: 0.9470640420913696
INFO:root:Epoch 339/1000, Loss: 0.949688732624054
INFO:root:Epoch 340/1000, Loss: 0.9568073153495789
INFO:root:Epoch 341/1000, Loss: 0.9377754330635071
INFO:root:Epoch 342/1000, Loss: 0.9691241383552551
INFO:root:Epoch 343/1000, Loss: 0.9458877444267273
INFO:root:Epoch 344/1000, Loss: 0.9499157667160034
INFO:root:Epoch 345/1000, Loss: 0.9588045477867126
INFO:root:Epoch 346/1000, Loss: 0.9372988939285278
INFO:root:Epoch 347/1000, Loss: 0.9700887799263
INFO:root:Epoch 348/1000, Loss: 0.9504355788230896
INFO:root:Epoch 349/1000, Loss: 0.9472819566726685
INFO:root:Epoch 350/1000, Loss: 0.9637353420257568
INFO:root:Epoch 351/1000, Loss: 0.9452661871910095
INFO:root:Epoch 352/1000, Loss: 0.9447100758552551
INFO:root:Epoch 353/1000, Loss: 0.9396119713783264
INFO:root:Epoch 354/1000, Loss: 0.9446727633476257
INFO:root:Epoch 355/1000, Loss: 0.9485129714012146
INFO:root:Epoch 356/1000, Loss: 0.939115047454834
INFO:root:Epoch 357/1000, Loss: 0.9439070820808411
INFO:root:Epoch 358/1000, Loss: 0.9382308721542358
INFO:root:Epoch 359/1000, Loss: 0.9397432208061218
INFO:root:Epoch 360/1000, Loss: 0.9454882144927979
INFO:root:Epoch 361/1000, Loss: 0.9408801794052124
INFO:root:Epoch 362/1000, Loss: 0.9368124604225159
INFO:root:Epoch 363/1000, Loss: 0.9391651153564453
INFO:root:Epoch 364/1000, Loss: 0.9381222724914551
INFO:root:Epoch 365/1000, Loss: 0.9429852366447449
INFO:root:Epoch 366/1000, Loss: 0.9362791180610657
INFO:root:Epoch 367/1000, Loss: 0.9382379055023193
INFO:root:Epoch 368/1000, Loss: 0.9336234331130981
INFO:root:Epoch 369/1000, Loss: 0.9374759793281555
INFO:root:Epoch 370/1000, Loss: 0.9372173547744751
INFO:root:Epoch 371/1000, Loss: 0.9335116744041443
INFO:root:Epoch 372/1000, Loss: 0.938537061214447
INFO:root:Epoch 373/1000, Loss: 0.9344941973686218
INFO:root:Epoch 374/1000, Loss: 0.9368033409118652
INFO:root:Epoch 375/1000, Loss: 0.9325348734855652
INFO:root:Epoch 376/1000, Loss: 0.9309269189834595
INFO:root:Epoch 377/1000, Loss: 0.931359052658081
INFO:root:Epoch 378/1000, Loss: 0.9318286776542664
INFO:root:Epoch 379/1000, Loss: 0.9343092441558838
INFO:root:Epoch 380/1000, Loss: 0.9319793581962585
INFO:root:Epoch 381/1000, Loss: 0.9296886920928955
INFO:root:Epoch 382/1000, Loss: 0.9382179379463196
INFO:root:Epoch 383/1000, Loss: 0.9319126009941101
INFO:root:Epoch 384/1000, Loss: 0.9378204941749573
INFO:root:Epoch 385/1000, Loss: 0.9392698407173157
INFO:root:Epoch 386/1000, Loss: 0.9333788156509399
INFO:root:Epoch 387/1000, Loss: 0.9364891052246094
INFO:root:Epoch 388/1000, Loss: 0.9311994910240173
INFO:root:Epoch 389/1000, Loss: 0.9291550517082214
INFO:root:Epoch 390/1000, Loss: 0.9287498593330383
INFO:root:Epoch 391/1000, Loss: 0.9278937578201294
INFO:root:Epoch 392/1000, Loss: 0.9296286106109619
INFO:root:Epoch 393/1000, Loss: 0.9280452132225037
INFO:root:Epoch 394/1000, Loss: 0.9327548742294312
INFO:root:Epoch 395/1000, Loss: 0.9349049925804138
INFO:root:Epoch 396/1000, Loss: 0.932620644569397
INFO:root:Epoch 397/1000, Loss: 0.9279245734214783
INFO:root:Epoch 398/1000, Loss: 0.9353742003440857
INFO:root:Epoch 399/1000, Loss: 0.9256965517997742
INFO:root:Epoch 400/1000, Loss: 0.9351933002471924
INFO:root:Epoch 401/1000, Loss: 0.925624668598175
INFO:root:Epoch 402/1000, Loss: 0.9440991282463074
INFO:root:Epoch 403/1000, Loss: 0.9281654357910156
INFO:root:Epoch 404/1000, Loss: 0.94808030128479
INFO:root:Epoch 405/1000, Loss: 0.9291616082191467
INFO:root:Epoch 406/1000, Loss: 0.9388248920440674
INFO:root:Epoch 407/1000, Loss: 0.9265964031219482
INFO:root:Epoch 408/1000, Loss: 0.939937949180603
INFO:root:Epoch 409/1000, Loss: 0.9360609650611877
INFO:root:Epoch 410/1000, Loss: 0.9238970875740051
INFO:root:Epoch 411/1000, Loss: 0.9444615244865417
INFO:root:Epoch 412/1000, Loss: 0.9255378842353821
INFO:root:Epoch 413/1000, Loss: 0.9350242614746094
INFO:root:Epoch 414/1000, Loss: 0.926008403301239
INFO:root:Epoch 415/1000, Loss: 0.9347428679466248
INFO:root:Epoch 416/1000, Loss: 0.924205482006073
INFO:root:Epoch 417/1000, Loss: 0.935823380947113
INFO:root:Epoch 418/1000, Loss: 0.9355568885803223
INFO:root:Epoch 419/1000, Loss: 0.9241501092910767
INFO:root:Epoch 420/1000, Loss: 0.9370240569114685
INFO:root:Epoch 421/1000, Loss: 0.9240900278091431
INFO:root:Epoch 422/1000, Loss: 0.9270991683006287
INFO:root:Epoch 423/1000, Loss: 0.9237763285636902
INFO:root:Epoch 424/1000, Loss: 0.9278395175933838
INFO:root:Epoch 425/1000, Loss: 0.9247226119041443
INFO:root:Epoch 426/1000, Loss: 0.9293976426124573
INFO:root:Epoch 427/1000, Loss: 0.923271119594574
INFO:root:Epoch 428/1000, Loss: 0.9227534532546997
INFO:root:Epoch 429/1000, Loss: 0.9277795553207397
INFO:root:Epoch 430/1000, Loss: 0.9312657117843628
INFO:root:Epoch 431/1000, Loss: 0.922538697719574
INFO:root:Epoch 432/1000, Loss: 0.9237586259841919
INFO:root:Epoch 433/1000, Loss: 0.9233229160308838
INFO:root:Epoch 434/1000, Loss: 0.9269068241119385
INFO:root:Epoch 435/1000, Loss: 0.9267929196357727
INFO:root:Epoch 436/1000, Loss: 0.9189625382423401
INFO:root:Epoch 437/1000, Loss: 0.9223363399505615
INFO:root:Epoch 438/1000, Loss: 0.924205482006073
INFO:root:Epoch 439/1000, Loss: 0.9226504564285278
INFO:root:Epoch 440/1000, Loss: 0.9215051531791687
INFO:root:Epoch 441/1000, Loss: 0.9203921556472778
INFO:root:Epoch 442/1000, Loss: 0.923557460308075
INFO:root:Epoch 443/1000, Loss: 0.9198662638664246
INFO:root:Epoch 444/1000, Loss: 0.919094443321228
INFO:root:Epoch 445/1000, Loss: 0.9190714955329895
INFO:root:Epoch 446/1000, Loss: 0.9259926676750183
INFO:root:Epoch 447/1000, Loss: 0.9309822916984558
INFO:root:Epoch 448/1000, Loss: 0.9253942370414734
INFO:root:Epoch 449/1000, Loss: 0.9317774772644043
INFO:root:Epoch 450/1000, Loss: 0.928112804889679
INFO:root:Epoch 451/1000, Loss: 0.9222187995910645
INFO:root:Epoch 452/1000, Loss: 0.9183164834976196
INFO:root:Epoch 453/1000, Loss: 0.9386999607086182
INFO:root:Epoch 454/1000, Loss: 0.9231281280517578
INFO:root:Epoch 455/1000, Loss: 0.9211632609367371
INFO:root:Epoch 456/1000, Loss: 0.9315994381904602
INFO:root:Epoch 457/1000, Loss: 0.9244065284729004
INFO:root:Epoch 458/1000, Loss: 0.9345341324806213
INFO:root:Epoch 459/1000, Loss: 0.9257196187973022
INFO:root:Epoch 460/1000, Loss: 0.9305427670478821
INFO:root:Epoch 461/1000, Loss: 0.9277328252792358
INFO:root:Epoch 462/1000, Loss: 0.9243040680885315
INFO:root:Epoch 463/1000, Loss: 0.9205407500267029
INFO:root:Epoch 464/1000, Loss: 0.9229025840759277
INFO:root:Epoch 465/1000, Loss: 0.9250255823135376
INFO:root:Epoch 466/1000, Loss: 0.928774356842041
INFO:root:Epoch 467/1000, Loss: 0.9288113117218018
INFO:root:Epoch 468/1000, Loss: 0.9223809838294983
INFO:root:Epoch 469/1000, Loss: 0.9255616068840027
INFO:root:Epoch 470/1000, Loss: 0.9246065020561218
INFO:root:Epoch 471/1000, Loss: 0.9354183673858643
INFO:root:Epoch 472/1000, Loss: 0.915398120880127
INFO:root:Epoch 473/1000, Loss: 0.9252027869224548
INFO:root:Epoch 474/1000, Loss: 0.9271438717842102
INFO:root:Epoch 475/1000, Loss: 0.9281851053237915
INFO:root:Epoch 476/1000, Loss: 0.9221575856208801
INFO:root:Epoch 477/1000, Loss: 0.9197691082954407
INFO:root:Epoch 478/1000, Loss: 0.9224540591239929
INFO:root:Epoch 479/1000, Loss: 0.9258240461349487
INFO:root:Epoch 480/1000, Loss: 0.9182417392730713
INFO:root:Epoch 481/1000, Loss: 0.9228612780570984
INFO:root:Epoch 482/1000, Loss: 0.9179283380508423
INFO:root:Epoch 483/1000, Loss: 0.9184374809265137
INFO:root:Epoch 484/1000, Loss: 0.9172084927558899
INFO:root:Epoch 485/1000, Loss: 0.9156197905540466
INFO:root:Epoch 486/1000, Loss: 0.9186926484107971
INFO:root:Epoch 487/1000, Loss: 0.9214624166488647
INFO:root:Epoch 488/1000, Loss: 0.9232684969902039
INFO:root:Epoch 489/1000, Loss: 0.9193907380104065
INFO:root:Epoch 490/1000, Loss: 0.9178223609924316
INFO:root:Epoch 491/1000, Loss: 0.9164118766784668
INFO:root:Epoch 492/1000, Loss: 0.9323931932449341
INFO:root:Epoch 493/1000, Loss: 0.9263648390769958
INFO:root:Epoch 494/1000, Loss: 0.9175736308097839
INFO:root:Epoch 495/1000, Loss: 0.9273083209991455
INFO:root:Epoch 496/1000, Loss: 0.9211968779563904
INFO:root:Epoch 497/1000, Loss: 0.9203744530677795
INFO:root:Epoch 498/1000, Loss: 0.9128349423408508
INFO:root:Epoch 499/1000, Loss: 0.9107965230941772
INFO:root:Epoch 500/1000, Loss: 0.9138703346252441
INFO:root:Epoch 501/1000, Loss: 0.9124418497085571
INFO:root:Epoch 502/1000, Loss: 0.9177075028419495
INFO:root:Epoch 503/1000, Loss: 0.9105700850486755
INFO:root:Epoch 504/1000, Loss: 0.9515759348869324
INFO:root:Epoch 505/1000, Loss: 0.9103007316589355
INFO:root:Epoch 506/1000, Loss: 0.9253270626068115
INFO:root:Epoch 507/1000, Loss: 0.9156173467636108
INFO:root:Epoch 508/1000, Loss: 0.9257246255874634
INFO:root:Epoch 509/1000, Loss: 0.9179084300994873
INFO:root:Epoch 510/1000, Loss: 0.9346280097961426
INFO:root:Epoch 511/1000, Loss: 0.9273227453231812
INFO:root:Epoch 512/1000, Loss: 0.9287664294242859
INFO:root:Epoch 513/1000, Loss: 0.9274959564208984
INFO:root:Epoch 514/1000, Loss: 0.9290913939476013
INFO:root:Epoch 515/1000, Loss: 0.9258006811141968
INFO:root:Epoch 516/1000, Loss: 0.926332414150238
INFO:root:Epoch 517/1000, Loss: 0.9271253347396851
INFO:root:Epoch 518/1000, Loss: 0.9244182109832764
INFO:root:Epoch 519/1000, Loss: 0.922059953212738
INFO:root:Epoch 520/1000, Loss: 0.9237580895423889
INFO:root:Epoch 521/1000, Loss: 0.9228167533874512
INFO:root:Epoch 522/1000, Loss: 0.9231509566307068
INFO:root:Epoch 523/1000, Loss: 0.9212462902069092
INFO:root:Epoch 524/1000, Loss: 0.9213480353355408
INFO:root:Epoch 525/1000, Loss: 0.9211533069610596
INFO:root:Epoch 526/1000, Loss: 0.9206627011299133
INFO:root:Epoch 527/1000, Loss: 0.9204341173171997
INFO:root:Epoch 528/1000, Loss: 0.921272873878479
INFO:root:Epoch 529/1000, Loss: 0.9204490184783936
INFO:root:Epoch 530/1000, Loss: 0.9193891882896423
INFO:root:Epoch 531/1000, Loss: 0.9174249172210693
INFO:root:Epoch 532/1000, Loss: 0.9201900959014893
INFO:root:Epoch 533/1000, Loss: 0.9214372038841248
INFO:root:Epoch 534/1000, Loss: 0.9203422665596008
INFO:root:Epoch 535/1000, Loss: 0.9183632135391235
INFO:root:Epoch 536/1000, Loss: 0.9234512448310852
INFO:root:Epoch 537/1000, Loss: 0.926215648651123
INFO:root:Epoch 538/1000, Loss: 0.9204156994819641
INFO:root:Epoch 539/1000, Loss: 0.9225811958312988
INFO:root:Epoch 540/1000, Loss: 0.9191689491271973
INFO:root:Epoch 541/1000, Loss: 0.9199203252792358
INFO:root:Epoch 542/1000, Loss: 0.9202703237533569
INFO:root:Epoch 543/1000, Loss: 0.9174467325210571
INFO:root:Epoch 544/1000, Loss: 0.9254032373428345
INFO:root:Epoch 545/1000, Loss: 0.9213847517967224
INFO:root:Epoch 546/1000, Loss: 0.9202513098716736
INFO:root:Epoch 547/1000, Loss: 0.9151096940040588
INFO:root:Epoch 548/1000, Loss: 0.9150987863540649
INFO:root:Epoch 549/1000, Loss: 0.9137220978736877
INFO:root:Epoch 550/1000, Loss: 0.9164371490478516
INFO:root:Epoch 551/1000, Loss: 0.9201845526695251
INFO:root:Epoch 552/1000, Loss: 0.912436842918396
INFO:root:Epoch 553/1000, Loss: 0.9126175045967102
INFO:root:Epoch 554/1000, Loss: 0.912903368473053
INFO:root:Epoch 555/1000, Loss: 0.9131475687026978
INFO:root:Epoch 556/1000, Loss: 0.9150158166885376
INFO:root:Epoch 557/1000, Loss: 0.9141752123832703
INFO:root:Epoch 558/1000, Loss: 0.9221491813659668
INFO:root:Epoch 559/1000, Loss: 0.9145188331604004
INFO:root:Epoch 560/1000, Loss: 0.9184918999671936
INFO:root:Epoch 561/1000, Loss: 0.9164257645606995
INFO:root:Epoch 562/1000, Loss: 0.9217638373374939
INFO:root:Epoch 563/1000, Loss: 0.9230974316596985
INFO:root:Epoch 564/1000, Loss: 0.9212709665298462
INFO:root:Epoch 565/1000, Loss: 0.9217619299888611
INFO:root:Epoch 566/1000, Loss: 0.9188583493232727
INFO:root:Epoch 567/1000, Loss: 0.9190610647201538
INFO:root:Epoch 568/1000, Loss: 0.9225984215736389
INFO:root:Epoch 569/1000, Loss: 0.9197000861167908
INFO:root:Epoch 570/1000, Loss: 0.9156283736228943
INFO:root:Epoch 571/1000, Loss: 0.9281291961669922
INFO:root:Epoch 572/1000, Loss: 0.9214630126953125
INFO:root:Epoch 573/1000, Loss: 0.9230998158454895
INFO:root:Epoch 574/1000, Loss: 0.9203653931617737
INFO:root:Epoch 575/1000, Loss: 0.9219726324081421
INFO:root:Epoch 576/1000, Loss: 0.9139688611030579
INFO:root:Epoch 577/1000, Loss: 0.9228987693786621
INFO:root:Epoch 578/1000, Loss: 0.9157359600067139
INFO:root:Epoch 579/1000, Loss: 0.9227230548858643
INFO:root:Epoch 580/1000, Loss: 0.9118533134460449
INFO:root:Epoch 581/1000, Loss: 0.9272554516792297
INFO:root:Epoch 582/1000, Loss: 0.9167693853378296
INFO:root:Epoch 583/1000, Loss: 0.914268434047699
INFO:root:Epoch 584/1000, Loss: 0.9156062602996826
INFO:root:Epoch 585/1000, Loss: 0.9121063351631165
INFO:root:Epoch 586/1000, Loss: 0.912680983543396
INFO:root:Epoch 587/1000, Loss: 0.912284255027771
INFO:root:Epoch 588/1000, Loss: 0.9116230607032776
INFO:root:Epoch 589/1000, Loss: 0.9121489524841309
INFO:root:Epoch 590/1000, Loss: 0.9126158356666565
INFO:root:Epoch 591/1000, Loss: 0.9108320474624634
INFO:root:Epoch 592/1000, Loss: 0.9093568325042725
INFO:root:Epoch 593/1000, Loss: 0.9102045297622681
INFO:root:Epoch 594/1000, Loss: 0.9091839790344238
INFO:root:Epoch 595/1000, Loss: 0.9093432426452637
INFO:root:Epoch 596/1000, Loss: 0.9094800353050232
INFO:root:Epoch 597/1000, Loss: 0.907865583896637
INFO:root:Epoch 598/1000, Loss: 0.9091399908065796
INFO:root:Epoch 599/1000, Loss: 0.9082924127578735
INFO:root:Epoch 600/1000, Loss: 0.9089605808258057
INFO:root:Epoch 601/1000, Loss: 0.9062978625297546
INFO:root:Epoch 602/1000, Loss: 0.9081966280937195
INFO:root:Epoch 603/1000, Loss: 0.9120903015136719
INFO:root:Epoch 604/1000, Loss: 0.9097946286201477
INFO:root:Epoch 605/1000, Loss: 0.910088062286377
INFO:root:Epoch 606/1000, Loss: 0.9058968424797058
INFO:root:Epoch 607/1000, Loss: 0.9069263935089111
INFO:root:Epoch 608/1000, Loss: 0.9087409377098083
INFO:root:Epoch 609/1000, Loss: 0.9058640003204346
INFO:root:Epoch 610/1000, Loss: 0.904825747013092
INFO:root:Epoch 611/1000, Loss: 0.9053367376327515
INFO:root:Epoch 612/1000, Loss: 0.8990687727928162
INFO:root:Epoch 613/1000, Loss: 0.9019761681556702
INFO:root:Epoch 614/1000, Loss: 0.8974561095237732
INFO:root:Epoch 615/1000, Loss: 0.8951653838157654
INFO:root:Epoch 616/1000, Loss: 0.8973320126533508
INFO:root:Epoch 617/1000, Loss: 0.8964390754699707
INFO:root:Epoch 618/1000, Loss: 0.9010576009750366
INFO:root:Epoch 619/1000, Loss: 0.8929664492607117
INFO:root:Epoch 620/1000, Loss: 0.9056225419044495
INFO:root:Epoch 621/1000, Loss: 0.9023517370223999
INFO:root:Epoch 622/1000, Loss: 0.8927496075630188
INFO:root:Epoch 623/1000, Loss: 0.8981407880783081
INFO:root:Epoch 624/1000, Loss: 0.9000257253646851
INFO:root:Epoch 625/1000, Loss: 0.8947798013687134
INFO:root:Epoch 626/1000, Loss: 0.8959974646568298
INFO:root:Epoch 627/1000, Loss: 0.9002944231033325
INFO:root:Epoch 628/1000, Loss: 0.8907039165496826
INFO:root:Epoch 629/1000, Loss: 0.8980593681335449
INFO:root:Epoch 630/1000, Loss: 0.9003427028656006
INFO:root:Epoch 631/1000, Loss: 0.8925138711929321
INFO:root:Epoch 632/1000, Loss: 0.8895944356918335
INFO:root:Epoch 633/1000, Loss: 0.8932644128799438
INFO:root:Epoch 634/1000, Loss: 0.8967949748039246
INFO:root:Epoch 635/1000, Loss: 0.8877068161964417
INFO:root:Epoch 636/1000, Loss: 0.8903936147689819
INFO:root:Epoch 637/1000, Loss: 0.8933195471763611
INFO:root:Epoch 638/1000, Loss: 0.8880632519721985
INFO:root:Epoch 639/1000, Loss: 0.8911622762680054
INFO:root:Epoch 640/1000, Loss: 0.8911523222923279
INFO:root:Epoch 641/1000, Loss: 0.8922774791717529
INFO:root:Epoch 642/1000, Loss: 0.8881891369819641
INFO:root:Epoch 643/1000, Loss: 0.8888448476791382
INFO:root:Epoch 644/1000, Loss: 0.8915812969207764
INFO:root:Epoch 645/1000, Loss: 0.8866952657699585
INFO:root:Epoch 646/1000, Loss: 0.8882438540458679
INFO:root:Epoch 647/1000, Loss: 0.8864200115203857
INFO:root:Epoch 648/1000, Loss: 0.8833802938461304
INFO:root:Epoch 649/1000, Loss: 0.8839561939239502
INFO:root:Epoch 650/1000, Loss: 0.8827901482582092
INFO:root:Epoch 651/1000, Loss: 0.8830174207687378
INFO:root:Epoch 652/1000, Loss: 0.8831665515899658
INFO:root:Epoch 653/1000, Loss: 0.8811651468276978
INFO:root:Epoch 654/1000, Loss: 0.8799242973327637
INFO:root:Epoch 655/1000, Loss: 0.8807794451713562
INFO:root:Epoch 656/1000, Loss: 0.8811114430427551
INFO:root:Epoch 657/1000, Loss: 0.8821085095405579
INFO:root:Epoch 658/1000, Loss: 0.8839361071586609
INFO:root:Epoch 659/1000, Loss: 0.8889555335044861
INFO:root:Epoch 660/1000, Loss: 0.8806307315826416
INFO:root:Epoch 661/1000, Loss: 0.891685962677002
INFO:root:Epoch 662/1000, Loss: 0.8865637183189392
INFO:root:Epoch 663/1000, Loss: 0.8821065425872803
INFO:root:Epoch 664/1000, Loss: 0.9037693738937378
INFO:root:Epoch 665/1000, Loss: 0.8960811495780945
INFO:root:Epoch 666/1000, Loss: 0.8908593654632568
INFO:root:Epoch 667/1000, Loss: 0.8975271582603455
INFO:root:Epoch 668/1000, Loss: 0.878893256187439
INFO:root:Epoch 669/1000, Loss: 0.8917563557624817
INFO:root:Epoch 670/1000, Loss: 0.8819045424461365
INFO:root:Epoch 671/1000, Loss: 0.8888001441955566
INFO:root:Epoch 672/1000, Loss: 0.8909742832183838
INFO:root:Epoch 673/1000, Loss: 0.8865174651145935
INFO:root:Epoch 674/1000, Loss: 0.8914797902107239
INFO:root:Epoch 675/1000, Loss: 0.8790225982666016
INFO:root:Epoch 676/1000, Loss: 0.8942460417747498
INFO:root:Epoch 677/1000, Loss: 0.8836491107940674
INFO:root:Epoch 678/1000, Loss: 0.8828579783439636
INFO:root:Epoch 679/1000, Loss: 0.8862705826759338
INFO:root:Epoch 680/1000, Loss: 0.8861100077629089
INFO:root:Epoch 681/1000, Loss: 0.8792417049407959
INFO:root:Epoch 682/1000, Loss: 0.8780831694602966
INFO:root:Epoch 683/1000, Loss: 0.8773368000984192
INFO:root:Epoch 684/1000, Loss: 0.8713687062263489
INFO:root:Epoch 685/1000, Loss: 0.8740180134773254
INFO:root:Epoch 686/1000, Loss: 0.8717778921127319
INFO:root:Epoch 687/1000, Loss: 0.8811547756195068
INFO:root:Epoch 688/1000, Loss: 0.8720118999481201
INFO:root:Epoch 689/1000, Loss: 0.8799127340316772
INFO:root:Epoch 690/1000, Loss: 0.8713703751564026
INFO:root:Epoch 691/1000, Loss: 0.8775509595870972
INFO:root:Epoch 692/1000, Loss: 0.8692269921302795
INFO:root:Epoch 693/1000, Loss: 0.8839157819747925
INFO:root:Epoch 694/1000, Loss: 0.8783853054046631
INFO:root:Epoch 695/1000, Loss: 0.8699682354927063
INFO:root:Epoch 696/1000, Loss: 0.8834268450737
INFO:root:Epoch 697/1000, Loss: 0.887600839138031
INFO:root:Epoch 698/1000, Loss: 0.8715755343437195
INFO:root:Epoch 699/1000, Loss: 0.9189116954803467
INFO:root:Epoch 700/1000, Loss: 0.8842403888702393
INFO:root:Epoch 701/1000, Loss: 0.907961905002594
INFO:root:Epoch 702/1000, Loss: 0.9005347490310669
INFO:root:Epoch 703/1000, Loss: 0.8898695111274719
INFO:root:Epoch 704/1000, Loss: 0.8915063738822937
INFO:root:Epoch 705/1000, Loss: 0.8876783847808838
INFO:root:Epoch 706/1000, Loss: 0.8887214660644531
INFO:root:Epoch 707/1000, Loss: 0.888603150844574
INFO:root:Epoch 708/1000, Loss: 0.896654486656189
INFO:root:Epoch 709/1000, Loss: 0.8952340483665466
INFO:root:Epoch 710/1000, Loss: 0.8911775350570679
INFO:root:Epoch 711/1000, Loss: 0.8834686875343323
INFO:root:Epoch 712/1000, Loss: 0.8906967639923096
INFO:root:Epoch 713/1000, Loss: 0.8847786784172058
INFO:root:Epoch 714/1000, Loss: 0.8811585903167725
INFO:root:Epoch 715/1000, Loss: 0.8818060159683228
INFO:root:Epoch 716/1000, Loss: 0.8819606900215149
INFO:root:Epoch 717/1000, Loss: 0.8815351128578186
INFO:root:Epoch 718/1000, Loss: 0.8812777996063232
INFO:root:Epoch 719/1000, Loss: 0.8852539658546448
INFO:root:Epoch 720/1000, Loss: 0.8844407796859741
INFO:root:Epoch 721/1000, Loss: 0.8836225271224976
INFO:root:Epoch 722/1000, Loss: 0.8807026743888855
INFO:root:Epoch 723/1000, Loss: 0.878348708152771
INFO:root:Epoch 724/1000, Loss: 0.8878648281097412
INFO:root:Epoch 725/1000, Loss: 0.8792985677719116
INFO:root:Epoch 726/1000, Loss: 0.8775621056556702
INFO:root:Epoch 727/1000, Loss: 0.8809129595756531
INFO:root:Epoch 728/1000, Loss: 0.8908238410949707
INFO:root:Epoch 729/1000, Loss: 0.8998317718505859
INFO:root:Epoch 730/1000, Loss: 0.8829491138458252
INFO:root:Epoch 731/1000, Loss: 0.8775356411933899
INFO:root:Epoch 732/1000, Loss: 0.8827587962150574
INFO:root:Epoch 733/1000, Loss: 0.8719953894615173
INFO:root:Epoch 734/1000, Loss: 0.8755751252174377
INFO:root:Epoch 735/1000, Loss: 0.8663560748100281
INFO:root:Epoch 736/1000, Loss: 0.8943954706192017
INFO:root:Epoch 737/1000, Loss: 0.879650890827179
INFO:root:Epoch 738/1000, Loss: 0.8796817064285278
INFO:root:Epoch 739/1000, Loss: 0.8725990056991577
INFO:root:Epoch 740/1000, Loss: 0.8590199947357178
INFO:root:Epoch 741/1000, Loss: 0.8703105449676514
INFO:root:Epoch 742/1000, Loss: 0.8704032301902771
INFO:root:Epoch 743/1000, Loss: 0.8645709753036499
INFO:root:Epoch 744/1000, Loss: 0.8638980984687805
INFO:root:Epoch 745/1000, Loss: 0.853091835975647
INFO:root:Epoch 746/1000, Loss: 0.8657206892967224
INFO:root:Epoch 747/1000, Loss: 0.8573260307312012
INFO:root:Epoch 748/1000, Loss: 0.8634864687919617
INFO:root:Epoch 749/1000, Loss: 0.8662574291229248
INFO:root:Epoch 750/1000, Loss: 0.8590976595878601
INFO:root:Epoch 751/1000, Loss: 0.8946980237960815
INFO:root:Epoch 752/1000, Loss: 0.8713350892066956
INFO:root:Epoch 753/1000, Loss: 0.8837888240814209
INFO:root:Epoch 754/1000, Loss: 0.8648139834403992
INFO:root:Epoch 755/1000, Loss: 0.8664361834526062
INFO:root:Epoch 756/1000, Loss: 0.8747314214706421
INFO:root:Epoch 757/1000, Loss: 0.877979040145874
INFO:root:Epoch 758/1000, Loss: 0.8602191805839539
INFO:root:Epoch 759/1000, Loss: 0.8860524892807007
INFO:root:Epoch 760/1000, Loss: 0.8578022122383118
INFO:root:Epoch 761/1000, Loss: 0.8774501085281372
INFO:root:Epoch 762/1000, Loss: 0.8737525343894958
INFO:root:Epoch 763/1000, Loss: 0.8518856763839722
INFO:root:Epoch 764/1000, Loss: 0.8912204504013062
INFO:root:Epoch 765/1000, Loss: 0.8706935048103333
INFO:root:Epoch 766/1000, Loss: 0.9083841443061829
INFO:root:Epoch 767/1000, Loss: 0.8690378069877625
INFO:root:Epoch 768/1000, Loss: 0.950276255607605
INFO:root:Epoch 769/1000, Loss: 0.8890067934989929
INFO:root:Epoch 770/1000, Loss: 0.9201174378395081
INFO:root:Epoch 771/1000, Loss: 0.9324957132339478
INFO:root:Epoch 772/1000, Loss: 0.9247656464576721
INFO:root:Epoch 773/1000, Loss: 0.9162048101425171
INFO:root:Epoch 774/1000, Loss: 0.9295785427093506
INFO:root:Epoch 775/1000, Loss: 0.9188727736473083
INFO:root:Epoch 776/1000, Loss: 0.916582465171814
INFO:root:Epoch 777/1000, Loss: 0.931980311870575
INFO:root:Epoch 778/1000, Loss: 0.9007350206375122
INFO:root:Epoch 779/1000, Loss: 0.9024026989936829
INFO:root:Epoch 780/1000, Loss: 0.9029659032821655
INFO:root:Epoch 781/1000, Loss: 0.8989055156707764
INFO:root:Epoch 782/1000, Loss: 0.8933148980140686
INFO:root:Epoch 783/1000, Loss: 0.9007214903831482
INFO:root:Epoch 784/1000, Loss: 0.9043911695480347
INFO:root:Epoch 785/1000, Loss: 0.9018761515617371
INFO:root:Epoch 786/1000, Loss: 0.8862870931625366
INFO:root:Epoch 787/1000, Loss: 0.8967643976211548
INFO:root:Epoch 788/1000, Loss: 0.899044930934906
INFO:root:Epoch 789/1000, Loss: 0.8856711387634277
INFO:root:Epoch 790/1000, Loss: 0.8900524377822876
INFO:root:Epoch 791/1000, Loss: 0.8951144218444824
INFO:root:Epoch 792/1000, Loss: 0.891120970249176
INFO:root:Epoch 793/1000, Loss: 0.874747097492218
INFO:root:Epoch 794/1000, Loss: 0.8996084332466125
INFO:root:Epoch 795/1000, Loss: 0.8785163164138794
INFO:root:Epoch 796/1000, Loss: 0.8915572166442871
INFO:root:Epoch 797/1000, Loss: 0.8749477863311768
INFO:root:Epoch 798/1000, Loss: 0.8719649314880371
INFO:root:Epoch 799/1000, Loss: 0.8744709491729736
INFO:root:Epoch 800/1000, Loss: 0.8707769513130188
INFO:root:Epoch 801/1000, Loss: 0.8845522999763489
INFO:root:Epoch 802/1000, Loss: 0.8697010278701782
INFO:root:Epoch 803/1000, Loss: 0.8842870593070984
INFO:root:Epoch 804/1000, Loss: 0.8790199160575867
INFO:root:Epoch 805/1000, Loss: 0.8683561086654663
INFO:root:Epoch 806/1000, Loss: 0.8677639961242676
INFO:root:Epoch 807/1000, Loss: 0.8697514533996582
INFO:root:Epoch 808/1000, Loss: 0.8720226883888245
INFO:root:Epoch 809/1000, Loss: 0.8670791387557983
INFO:root:Epoch 810/1000, Loss: 0.8711636066436768
INFO:root:Epoch 811/1000, Loss: 0.8621172308921814
INFO:root:Epoch 812/1000, Loss: 0.8695277571678162
INFO:root:Epoch 813/1000, Loss: 0.8717880249023438
INFO:root:Epoch 814/1000, Loss: 0.8653441071510315
INFO:root:Epoch 815/1000, Loss: 0.8753300309181213
INFO:root:Epoch 816/1000, Loss: 0.8659260272979736
INFO:root:Epoch 817/1000, Loss: 0.8987993001937866
INFO:root:Epoch 818/1000, Loss: 0.8644958734512329
INFO:root:Epoch 819/1000, Loss: 0.8877043128013611
INFO:root:Epoch 820/1000, Loss: 0.862776517868042
INFO:root:Epoch 821/1000, Loss: 0.8696404099464417
INFO:root:Epoch 822/1000, Loss: 0.8752616047859192
INFO:root:Epoch 823/1000, Loss: 0.8621532917022705
INFO:root:Epoch 824/1000, Loss: 0.8805631995201111
INFO:root:Epoch 825/1000, Loss: 0.8639051914215088
INFO:root:Epoch 826/1000, Loss: 0.8628183007240295
INFO:root:Epoch 827/1000, Loss: 0.8617785573005676
INFO:root:Epoch 828/1000, Loss: 0.8675866723060608
INFO:root:Epoch 829/1000, Loss: 0.850858747959137
INFO:root:Epoch 830/1000, Loss: 0.8566610217094421
INFO:root:Epoch 831/1000, Loss: 0.860762357711792
INFO:root:Epoch 832/1000, Loss: 0.8567725419998169
INFO:root:Epoch 833/1000, Loss: 0.8648895025253296
INFO:root:Epoch 834/1000, Loss: 0.8545556664466858
INFO:root:Epoch 835/1000, Loss: 0.8613786101341248
INFO:root:Epoch 836/1000, Loss: 0.8803215622901917
INFO:root:Epoch 837/1000, Loss: 0.8585749864578247
INFO:root:Epoch 838/1000, Loss: 0.9060698747634888
INFO:root:Epoch 839/1000, Loss: 0.8944875597953796
INFO:root:Epoch 840/1000, Loss: 0.9193340539932251
INFO:root:Epoch 841/1000, Loss: 0.8980953097343445
INFO:root:Epoch 842/1000, Loss: 0.91290283203125
INFO:root:Epoch 843/1000, Loss: 0.8970628976821899
INFO:root:Epoch 844/1000, Loss: 0.879891037940979
INFO:root:Epoch 845/1000, Loss: 0.8702085614204407
INFO:root:Epoch 846/1000, Loss: 0.8788983225822449
INFO:root:Epoch 847/1000, Loss: 0.8666926622390747
INFO:root:Epoch 848/1000, Loss: 0.896318256855011
INFO:root:Epoch 849/1000, Loss: 0.8625542521476746
INFO:root:Epoch 850/1000, Loss: 0.8798516988754272
INFO:root:Epoch 851/1000, Loss: 0.8866778016090393
INFO:root:Epoch 852/1000, Loss: 0.89043128490448
INFO:root:Epoch 853/1000, Loss: 0.8822846412658691
INFO:root:Epoch 854/1000, Loss: 0.8702942728996277
INFO:root:Epoch 855/1000, Loss: 0.8611472845077515
INFO:root:Epoch 856/1000, Loss: 0.8700507283210754
INFO:root:Epoch 857/1000, Loss: 0.8662412762641907
INFO:root:Epoch 858/1000, Loss: 0.8652378916740417
INFO:root:Epoch 859/1000, Loss: 0.8618990182876587
INFO:root:Epoch 860/1000, Loss: 0.8703590631484985
INFO:root:Epoch 861/1000, Loss: 0.8733304738998413
INFO:root:Epoch 862/1000, Loss: 0.8635058403015137
INFO:root:Epoch 863/1000, Loss: 0.8606439232826233
INFO:root:Epoch 864/1000, Loss: 0.8583859801292419
INFO:root:Epoch 865/1000, Loss: 0.8586215376853943
INFO:root:Epoch 866/1000, Loss: 0.8530365228652954
INFO:root:Epoch 867/1000, Loss: 0.8526830077171326
INFO:root:Epoch 868/1000, Loss: 0.8536697626113892
INFO:root:Epoch 869/1000, Loss: 0.8582097887992859
INFO:root:Epoch 870/1000, Loss: 0.8487619161605835
INFO:root:Epoch 871/1000, Loss: 0.8745729327201843
INFO:root:Epoch 872/1000, Loss: 0.8654245734214783
INFO:root:Epoch 873/1000, Loss: 0.8798059821128845
INFO:root:Epoch 874/1000, Loss: 0.8633900284767151
INFO:root:Epoch 875/1000, Loss: 0.8672893047332764
INFO:root:Epoch 876/1000, Loss: 0.8688488602638245
INFO:root:Epoch 877/1000, Loss: 0.8898767828941345
INFO:root:Epoch 878/1000, Loss: 0.8777397274971008
INFO:root:Epoch 879/1000, Loss: 0.8707561492919922
INFO:root:Epoch 880/1000, Loss: 0.871390163898468
INFO:root:Epoch 881/1000, Loss: 0.8683406114578247
INFO:root:Epoch 882/1000, Loss: 0.865668773651123
INFO:root:Epoch 883/1000, Loss: 0.8649907112121582
INFO:root:Epoch 884/1000, Loss: 0.8580164313316345
INFO:root:Epoch 885/1000, Loss: 0.8561297655105591
INFO:root:Epoch 886/1000, Loss: 0.8487617373466492
INFO:root:Epoch 887/1000, Loss: 0.8707354664802551
INFO:root:Epoch 888/1000, Loss: 0.8630757927894592
INFO:root:Epoch 889/1000, Loss: 0.876213014125824
INFO:root:Epoch 890/1000, Loss: 0.8622801899909973
INFO:root:Epoch 891/1000, Loss: 0.8611364960670471
INFO:root:Epoch 892/1000, Loss: 0.8581357002258301
INFO:root:Epoch 893/1000, Loss: 0.8584035634994507
INFO:root:Epoch 894/1000, Loss: 0.8464857339859009
INFO:root:Epoch 895/1000, Loss: 0.8626047372817993
INFO:root:Epoch 896/1000, Loss: 0.8425962328910828
INFO:root:Epoch 897/1000, Loss: 0.8554872870445251
INFO:root:Epoch 898/1000, Loss: 0.8489687442779541
INFO:root:Epoch 899/1000, Loss: 0.8303520083427429
INFO:root:Epoch 900/1000, Loss: 0.8627095818519592
INFO:root:Epoch 901/1000, Loss: 0.8503257036209106
INFO:root:Epoch 902/1000, Loss: 0.8629284501075745
INFO:root:Epoch 903/1000, Loss: 0.8640419840812683
INFO:root:Epoch 904/1000, Loss: 0.8460481762886047
INFO:root:Epoch 905/1000, Loss: 0.8640350103378296
INFO:root:Epoch 906/1000, Loss: 0.8315595984458923
INFO:root:Epoch 907/1000, Loss: 0.8600433468818665
INFO:root:Epoch 908/1000, Loss: 0.8621070981025696
INFO:root:Epoch 909/1000, Loss: 0.8457774519920349
INFO:root:Epoch 910/1000, Loss: 0.8489000201225281
INFO:root:Epoch 911/1000, Loss: 0.8325250148773193
INFO:root:Epoch 912/1000, Loss: 0.8420137763023376
INFO:root:Epoch 913/1000, Loss: 0.837676465511322
INFO:root:Epoch 914/1000, Loss: 0.8447142839431763
INFO:root:Epoch 915/1000, Loss: 0.8531270027160645
INFO:root:Epoch 916/1000, Loss: 0.8401922583580017
INFO:root:Epoch 917/1000, Loss: 0.8273460268974304
INFO:root:Epoch 918/1000, Loss: 0.8374137282371521
INFO:root:Epoch 919/1000, Loss: 0.8281832337379456
INFO:root:Epoch 920/1000, Loss: 0.8311481475830078
INFO:root:Epoch 921/1000, Loss: 0.8335625529289246
INFO:root:Epoch 922/1000, Loss: 0.8327005505561829
INFO:root:Epoch 923/1000, Loss: 0.823432207107544
INFO:root:Epoch 924/1000, Loss: 0.8486895561218262
INFO:root:Epoch 925/1000, Loss: 0.8374729156494141
INFO:root:Epoch 926/1000, Loss: 0.8271723389625549
INFO:root:Epoch 927/1000, Loss: 0.8326315879821777
INFO:root:Epoch 928/1000, Loss: 0.829589307308197
INFO:root:Epoch 929/1000, Loss: 0.8360676765441895
INFO:root:Epoch 930/1000, Loss: 0.8227851390838623
INFO:root:Epoch 931/1000, Loss: 0.8313841819763184
INFO:root:Epoch 932/1000, Loss: 0.8326807618141174
INFO:root:Epoch 933/1000, Loss: 0.8305674195289612
INFO:root:Epoch 934/1000, Loss: 0.8406777381896973
INFO:root:Epoch 935/1000, Loss: 0.8078582286834717
INFO:root:Epoch 936/1000, Loss: 0.8475213050842285
INFO:root:Epoch 937/1000, Loss: 0.8207185864448547
INFO:root:Epoch 938/1000, Loss: 0.8509737253189087
INFO:root:Epoch 939/1000, Loss: 0.8164135813713074
INFO:root:Epoch 940/1000, Loss: 0.8504522442817688
INFO:root:Epoch 941/1000, Loss: 0.810920238494873
INFO:root:Epoch 942/1000, Loss: 0.8180727958679199
INFO:root:Epoch 943/1000, Loss: 0.8112930059432983
INFO:root:Epoch 944/1000, Loss: 0.8511892557144165
INFO:root:Epoch 945/1000, Loss: 0.8327187299728394
INFO:root:Epoch 946/1000, Loss: 0.8292969465255737
INFO:root:Epoch 947/1000, Loss: 0.8141076564788818
INFO:root:Epoch 948/1000, Loss: 0.8378539085388184
INFO:root:Epoch 949/1000, Loss: 0.8202969431877136
INFO:root:Epoch 950/1000, Loss: 0.8245245218276978
INFO:root:Epoch 951/1000, Loss: 0.8262805342674255
INFO:root:Epoch 952/1000, Loss: 0.8080048561096191
INFO:root:Epoch 953/1000, Loss: 0.8270325660705566
INFO:root:Epoch 954/1000, Loss: 0.8236911296844482
INFO:root:Epoch 955/1000, Loss: 0.8210871815681458
INFO:root:Epoch 956/1000, Loss: 0.815239667892456
INFO:root:Epoch 957/1000, Loss: 0.8219819068908691
INFO:root:Epoch 958/1000, Loss: 0.810641348361969
INFO:root:Epoch 959/1000, Loss: 0.8011143207550049
INFO:root:Epoch 960/1000, Loss: 0.8168348670005798
INFO:root:Epoch 961/1000, Loss: 0.8033342957496643
INFO:root:Epoch 962/1000, Loss: 0.808174729347229
INFO:root:Epoch 963/1000, Loss: 0.8088285326957703
INFO:root:Epoch 964/1000, Loss: 0.8051397800445557
INFO:root:Epoch 965/1000, Loss: 0.8013976812362671
INFO:root:Epoch 966/1000, Loss: 0.8077613711357117
INFO:root:Epoch 967/1000, Loss: 0.8134138584136963
INFO:root:Epoch 968/1000, Loss: 0.7991564869880676
INFO:root:Epoch 969/1000, Loss: 0.8055391907691956
INFO:root:Epoch 970/1000, Loss: 0.795901358127594
INFO:root:Epoch 971/1000, Loss: 0.8131501078605652
INFO:root:Epoch 972/1000, Loss: 0.8009964823722839
INFO:root:Epoch 973/1000, Loss: 0.8122671246528625
INFO:root:Epoch 974/1000, Loss: 0.8065204620361328
INFO:root:Epoch 975/1000, Loss: 0.7947248220443726
INFO:root:Epoch 976/1000, Loss: 0.7911570072174072
INFO:root:Epoch 977/1000, Loss: 0.7980061173439026
INFO:root:Epoch 978/1000, Loss: 0.7985135912895203
INFO:root:Epoch 979/1000, Loss: 0.8058650493621826
INFO:root:Epoch 980/1000, Loss: 0.805203914642334
INFO:root:Epoch 981/1000, Loss: 0.8113231658935547
INFO:root:Epoch 982/1000, Loss: 0.8023420572280884
INFO:root:Epoch 983/1000, Loss: 0.7947556376457214
INFO:root:Epoch 984/1000, Loss: 0.8024733662605286
INFO:root:Epoch 985/1000, Loss: 0.8044430017471313
INFO:root:Epoch 986/1000, Loss: 0.8008496165275574
INFO:root:Epoch 987/1000, Loss: 0.8118359446525574
INFO:root:Epoch 988/1000, Loss: 0.8011015057563782
INFO:root:Epoch 989/1000, Loss: 0.7988278269767761
INFO:root:Epoch 990/1000, Loss: 0.7955112457275391
INFO:root:Epoch 991/1000, Loss: 0.8322222232818604
INFO:root:Epoch 992/1000, Loss: 0.8675963878631592
INFO:root:Epoch 993/1000, Loss: 0.8589449524879456
INFO:root:Epoch 994/1000, Loss: 0.8450379371643066
INFO:root:Epoch 995/1000, Loss: 0.7894399762153625
INFO:root:Epoch 996/1000, Loss: 0.8135296106338501
INFO:root:Epoch 997/1000, Loss: 0.7983959317207336
INFO:root:Epoch 998/1000, Loss: 0.8027716279029846
INFO:root:Epoch 999/1000, Loss: 0.7938080430030823
INFO:root:Epoch 1000/1000, Loss: 0.7984565496444702
INFO:root:Training time: 46.716952323913574 seconds
