INFO:root:Configs: {'lr': 0.01, 'epochs': 1000, 'batch_size': 30, 'seed': 42, 'device': 'cpu', 'optimizer': Adam (
Parameter Group 0
    amsgrad: False
    betas: (0.9, 0.999)
    capturable: False
    differentiable: False
    eps: 1e-08
    foreach: None
    fused: None
    lr: 0.01
    maximize: False
    weight_decay: 0
), 'equation': <equation.EuropeanBasketOptionCall object at 0x0000023AC3593BC0>, 'net': Net4Y(
  (hidden_layers): Sequential(
    (0): BatchNorm1d(64, eps=1e-05, momentum=0.1, affine=True, track_running_stats=True)
    (1): ReLU()
    (2): Linear(in_features=64, out_features=128, bias=True)
    (3): BatchNorm1d(128, eps=1e-05, momentum=0.1, affine=True, track_running_stats=True)
    (4): ReLU()
    (5): ReLU()
    (6): Linear(in_features=128, out_features=64, bias=True)
    (7): BatchNorm1d(64, eps=1e-05, momentum=0.1, affine=True, track_running_stats=True)
    (8): ReLU()
  )
  (input_layer): Linear(in_features=5, out_features=64, bias=True)
  (output_layer): Linear(in_features=64, out_features=5, bias=True)
  (relu): ReLU()
  (net): Net4Z(
    (hidden_layers): Sequential(
      (0): BatchNorm1d(64, eps=1e-05, momentum=0.1, affine=True, track_running_stats=True)
      (1): ReLU()
      (2): Linear(in_features=64, out_features=128, bias=True)
      (3): BatchNorm1d(128, eps=1e-05, momentum=0.1, affine=True, track_running_stats=True)
      (4): ReLU()
      (5): ReLU()
      (6): Linear(in_features=128, out_features=64, bias=True)
      (7): BatchNorm1d(64, eps=1e-05, momentum=0.1, affine=True, track_running_stats=True)
      (8): ReLU()
    )
    (input_layer): Linear(in_features=5, out_features=64, bias=True)
    (output_layer): Linear(in_features=64, out_features=5, bias=True)
    (relu): ReLU()
  )
), 'train_iter': <torch.utils.data.dataloader.DataLoader object at 0x0000023AE6A7B5F0>}
INFO:root:Epoch 1/1000, Loss: 0.603874146938324
INFO:root:Epoch 2/1000, Loss: 0.8685123324394226
INFO:root:Epoch 3/1000, Loss: 0.6970954537391663
INFO:root:Epoch 4/1000, Loss: 0.684814453125
INFO:root:Epoch 5/1000, Loss: 0.40182310342788696
INFO:root:Epoch 6/1000, Loss: 0.5844159722328186
INFO:root:Epoch 7/1000, Loss: 0.6026357412338257
INFO:root:Epoch 8/1000, Loss: 0.6458491086959839
INFO:root:Epoch 9/1000, Loss: 0.8469351530075073
INFO:root:Epoch 10/1000, Loss: 0.6580736637115479
INFO:root:Epoch 11/1000, Loss: 0.5401970148086548
INFO:root:Epoch 12/1000, Loss: 0.5605831742286682
INFO:root:Epoch 13/1000, Loss: 0.8990713953971863
INFO:root:Epoch 14/1000, Loss: 0.5748382806777954
INFO:root:Epoch 15/1000, Loss: 0.4960440397262573
INFO:root:Epoch 16/1000, Loss: 0.6401636004447937
INFO:root:Epoch 17/1000, Loss: 0.49258190393447876
INFO:root:Epoch 18/1000, Loss: 0.4513154625892639
INFO:root:Epoch 19/1000, Loss: 0.9288426637649536
INFO:root:Epoch 20/1000, Loss: 0.6333757042884827
INFO:root:Epoch 21/1000, Loss: 0.5988631844520569
INFO:root:Epoch 22/1000, Loss: 0.4679674208164215
INFO:root:Epoch 23/1000, Loss: 0.6245651841163635
INFO:root:Epoch 24/1000, Loss: 0.5002381205558777
INFO:root:Epoch 25/1000, Loss: 0.5237537026405334
INFO:root:Epoch 26/1000, Loss: 0.5486763715744019
INFO:root:Epoch 27/1000, Loss: 0.4967961311340332
INFO:root:Epoch 28/1000, Loss: 0.6971201300621033
INFO:root:Epoch 29/1000, Loss: 0.6113303899765015
INFO:root:Epoch 30/1000, Loss: 0.5836095809936523
INFO:root:Epoch 31/1000, Loss: 0.5804772973060608
INFO:root:Epoch 32/1000, Loss: 0.432116836309433
INFO:root:Epoch 33/1000, Loss: nan
INFO:root:Epoch 34/1000, Loss: nan
INFO:root:Epoch 35/1000, Loss: nan
INFO:root:Epoch 36/1000, Loss: nan
INFO:root:Epoch 37/1000, Loss: nan
INFO:root:Epoch 38/1000, Loss: nan
INFO:root:Epoch 39/1000, Loss: nan
INFO:root:Epoch 40/1000, Loss: nan
INFO:root:Epoch 41/1000, Loss: nan
INFO:root:Epoch 42/1000, Loss: nan
INFO:root:Epoch 43/1000, Loss: nan
INFO:root:Epoch 44/1000, Loss: nan
INFO:root:Epoch 45/1000, Loss: nan
INFO:root:Epoch 46/1000, Loss: nan
INFO:root:Epoch 47/1000, Loss: nan
INFO:root:Epoch 48/1000, Loss: nan
INFO:root:Epoch 49/1000, Loss: nan
INFO:root:Epoch 50/1000, Loss: nan
INFO:root:Epoch 51/1000, Loss: nan
INFO:root:Epoch 52/1000, Loss: nan
INFO:root:Epoch 53/1000, Loss: nan
INFO:root:Epoch 54/1000, Loss: nan
INFO:root:Epoch 55/1000, Loss: nan
INFO:root:Epoch 56/1000, Loss: nan
INFO:root:Epoch 57/1000, Loss: nan
INFO:root:Epoch 58/1000, Loss: nan
INFO:root:Epoch 59/1000, Loss: nan
INFO:root:Epoch 60/1000, Loss: nan
INFO:root:Epoch 61/1000, Loss: nan
INFO:root:Epoch 62/1000, Loss: nan
INFO:root:Epoch 63/1000, Loss: nan
INFO:root:Epoch 64/1000, Loss: nan
INFO:root:Epoch 65/1000, Loss: nan
INFO:root:Epoch 66/1000, Loss: nan
INFO:root:Epoch 67/1000, Loss: nan
INFO:root:Epoch 68/1000, Loss: nan
INFO:root:Epoch 69/1000, Loss: nan
INFO:root:Epoch 70/1000, Loss: nan
INFO:root:Epoch 71/1000, Loss: nan
INFO:root:Epoch 72/1000, Loss: nan
INFO:root:Epoch 73/1000, Loss: nan
INFO:root:Epoch 74/1000, Loss: nan
INFO:root:Epoch 75/1000, Loss: nan
INFO:root:Epoch 76/1000, Loss: nan
INFO:root:Epoch 77/1000, Loss: nan
INFO:root:Epoch 78/1000, Loss: nan
INFO:root:Epoch 79/1000, Loss: nan
INFO:root:Epoch 80/1000, Loss: nan
