INFO:root:Configs: {'lr': 0.01, 'epochs': 200, 'batch_size': 30, 'seed': 42, 'device': 'cpu', 'optimizer': Adam (
Parameter Group 0
    amsgrad: False
    betas: (0.9, 0.999)
    capturable: False
    differentiable: False
    eps: 1e-08
    foreach: None
    fused: None
    lr: 0.01
    maximize: False
    weight_decay: 0
), 'equation': <equation.EuropeanBasketOptionCall object at 0x0000025920C27C20>, 'net': Net4Y(
  (hidden_layers): Sequential(
    (0): BatchNorm1d(64, eps=1e-05, momentum=0.1, affine=True, track_running_stats=True)
    (1): ReLU()
    (2): Linear(in_features=64, out_features=128, bias=True)
    (3): BatchNorm1d(128, eps=1e-05, momentum=0.1, affine=True, track_running_stats=True)
    (4): ReLU()
    (5): ReLU()
    (6): Linear(in_features=128, out_features=64, bias=True)
    (7): BatchNorm1d(64, eps=1e-05, momentum=0.1, affine=True, track_running_stats=True)
    (8): ReLU()
  )
  (input_layer): Linear(in_features=5, out_features=64, bias=True)
  (output_layer): Linear(in_features=64, out_features=5, bias=True)
  (relu): ReLU()
  (net): Net4Z(
    (hidden_layers): Sequential(
      (0): BatchNorm1d(64, eps=1e-05, momentum=0.1, affine=True, track_running_stats=True)
      (1): ReLU()
      (2): Linear(in_features=64, out_features=128, bias=True)
      (3): BatchNorm1d(128, eps=1e-05, momentum=0.1, affine=True, track_running_stats=True)
      (4): ReLU()
      (5): ReLU()
      (6): Linear(in_features=128, out_features=64, bias=True)
      (7): BatchNorm1d(64, eps=1e-05, momentum=0.1, affine=True, track_running_stats=True)
      (8): ReLU()
    )
    (input_layer): Linear(in_features=5, out_features=64, bias=True)
    (output_layer): Linear(in_features=64, out_features=5, bias=True)
    (relu): ReLU()
  )
), 'train_iter': <torch.utils.data.dataloader.DataLoader object at 0x000002593BF3D430>}
INFO:root:Epoch 1/200, Loss: 1.3976521492004395, Y0: 0.9900000095367432
INFO:root:Epoch 2/200, Loss: 2.473810911178589, Y0: 0.9799867868423462
INFO:root:Epoch 3/200, Loss: 1.3325568437576294, Y0: 0.9700075387954712
INFO:root:Epoch 4/200, Loss: 1.4693751335144043, Y0: 0.9599922299385071
INFO:root:Epoch 5/200, Loss: 2.080909252166748, Y0: 0.9499236941337585
INFO:root:Epoch 6/200, Loss: 1.7624906301498413, Y0: 0.9397972822189331
INFO:root:Epoch 7/200, Loss: 1.4552724361419678, Y0: 0.9296683073043823
INFO:root:Epoch 8/200, Loss: 0.6114374995231628, Y0: 0.9198201894760132
INFO:root:Epoch 9/200, Loss: 1.1555325984954834, Y0: 0.9100157618522644
INFO:root:Epoch 10/200, Loss: 0.830785870552063, Y0: 0.900335431098938
INFO:root:Epoch 11/200, Loss: 2.086115837097168, Y0: 0.8905726671218872
INFO:root:Epoch 12/200, Loss: 0.8515623807907104, Y0: 0.8808628916740417
INFO:root:Epoch 13/200, Loss: 1.0484784841537476, Y0: 0.8711731433868408
INFO:root:Epoch 14/200, Loss: 0.6099045276641846, Y0: 0.8616828918457031
INFO:root:Epoch 15/200, Loss: 0.9798477292060852, Y0: 0.8521617650985718
INFO:root:Epoch 16/200, Loss: 0.7585432529449463, Y0: 0.8427124619483948
INFO:root:Epoch 17/200, Loss: 0.9289714694023132, Y0: 0.8332368731498718
INFO:root:Epoch 18/200, Loss: 0.6644795536994934, Y0: 0.8238228559494019
INFO:root:Epoch 19/200, Loss: 0.7183259725570679, Y0: 0.8144496083259583
INFO:root:Epoch 20/200, Loss: 0.7182065844535828, Y0: 0.805055558681488
INFO:root:Epoch 21/200, Loss: 0.648941159248352, Y0: 0.7958202362060547
INFO:root:Epoch 22/200, Loss: 0.7322156429290771, Y0: 0.786602258682251
INFO:root:Epoch 23/200, Loss: 0.5817985534667969, Y0: 0.7774602770805359
INFO:root:Epoch 24/200, Loss: 0.6566779017448425, Y0: 0.7683062553405762
INFO:root:Epoch 25/200, Loss: 0.6545254588127136, Y0: 0.7592000365257263
INFO:root:Epoch 26/200, Loss: 0.4626913070678711, Y0: 0.7501969933509827
INFO:root:Epoch 27/200, Loss: 0.3589266538619995, Y0: 0.7414004802703857
INFO:root:Epoch 28/200, Loss: 0.4528481662273407, Y0: 0.7327516078948975
INFO:root:Epoch 29/200, Loss: 0.3331241011619568, Y0: 0.7242451310157776
INFO:root:Epoch 30/200, Loss: 0.4900954067707062, Y0: 0.7157295942306519
INFO:root:Epoch 31/200, Loss: 0.5207638144493103, Y0: 0.7074309587478638
INFO:root:Epoch 32/200, Loss: 0.4154011905193329, Y0: 0.6991727352142334
INFO:root:Epoch 33/200, Loss: 0.3526245355606079, Y0: 0.690969705581665
INFO:root:Epoch 34/200, Loss: 0.29899489879608154, Y0: 0.6828902363777161
INFO:root:Epoch 35/200, Loss: 0.35735708475112915, Y0: 0.6748510003089905
INFO:root:Epoch 36/200, Loss: 0.45075109601020813, Y0: 0.6667529344558716
INFO:root:Epoch 37/200, Loss: 0.2905523180961609, Y0: 0.658772349357605
INFO:root:Epoch 38/200, Loss: 0.199557825922966, Y0: 0.6510080695152283
INFO:root:Epoch 39/200, Loss: 0.4758429527282715, Y0: 0.6432477831840515
INFO:root:Epoch 40/200, Loss: 0.32502982020378113, Y0: 0.6355603337287903
INFO:root:Epoch 41/200, Loss: 0.20288778841495514, Y0: 0.6280059218406677
INFO:root:Epoch 42/200, Loss: 0.5160291790962219, Y0: 0.6203309297561646
INFO:root:Epoch 43/200, Loss: 0.43816840648651123, Y0: 0.612553596496582
INFO:root:Epoch 44/200, Loss: 0.2548534870147705, Y0: 0.6049356460571289
INFO:root:Epoch 45/200, Loss: 0.2618621587753296, Y0: 0.597427248954773
INFO:root:Epoch 46/200, Loss: 0.3853470981121063, Y0: 0.5899894833564758
INFO:root:Epoch 47/200, Loss: 0.4261960983276367, Y0: 0.5824170708656311
INFO:root:Epoch 48/200, Loss: 0.33301013708114624, Y0: 0.5748940706253052
INFO:root:Epoch 49/200, Loss: 0.3613736033439636, Y0: 0.5676687955856323
INFO:root:Epoch 50/200, Loss: 0.20142459869384766, Y0: 0.5605815052986145
INFO:root:Epoch 51/200, Loss: 0.23439280688762665, Y0: 0.5536315441131592
INFO:root:Epoch 52/200, Loss: 0.19781668484210968, Y0: 0.5467543601989746
INFO:root:Epoch 53/200, Loss: 0.29397302865982056, Y0: 0.5398577451705933
INFO:root:Epoch 54/200, Loss: 0.22678086161613464, Y0: 0.532974898815155
INFO:root:Epoch 55/200, Loss: 0.1424207240343094, Y0: 0.5262613296508789
INFO:root:Epoch 56/200, Loss: 0.1571459323167801, Y0: 0.5196605324745178
INFO:root:Epoch 57/200, Loss: 0.21580468118190765, Y0: 0.513015866279602
INFO:root:Epoch 58/200, Loss: 0.22103571891784668, Y0: 0.5064960718154907
INFO:root:Epoch 59/200, Loss: 0.22306980192661285, Y0: 0.5000154972076416
INFO:root:Epoch 60/200, Loss: 0.14337994158267975, Y0: 0.4936682879924774
INFO:root:Epoch 61/200, Loss: 0.1925181895494461, Y0: 0.48740729689598083
INFO:root:Epoch 62/200, Loss: 0.2192210853099823, Y0: 0.4811735451221466
INFO:root:Epoch 63/200, Loss: 0.18931856751441956, Y0: 0.47490569949150085
INFO:root:Epoch 64/200, Loss: 0.15465861558914185, Y0: 0.4687078595161438
INFO:root:Epoch 65/200, Loss: 0.1380610167980194, Y0: 0.4625881314277649
INFO:root:Epoch 66/200, Loss: 0.11840104311704636, Y0: 0.45660004019737244
INFO:root:Epoch 67/200, Loss: 0.10189446806907654, Y0: 0.4507502317428589
INFO:root:Epoch 68/200, Loss: 0.12342701852321625, Y0: 0.4449281692504883
INFO:root:Epoch 69/200, Loss: 0.09039413928985596, Y0: 0.4392339289188385
INFO:root:Epoch 70/200, Loss: 0.10931031405925751, Y0: 0.43358150124549866
INFO:root:Epoch 71/200, Loss: 0.1791210174560547, Y0: 0.4281054139137268
INFO:root:Epoch 72/200, Loss: 0.07419030368328094, Y0: 0.4227803945541382
INFO:root:Epoch 73/200, Loss: 0.09859085828065872, Y0: 0.41752660274505615
INFO:root:Epoch 74/200, Loss: 0.08460137248039246, Y0: 0.41235509514808655
INFO:root:Epoch 75/200, Loss: 0.13840527832508087, Y0: 0.4071471095085144
INFO:root:Epoch 76/200, Loss: 0.113054558634758, Y0: 0.401997834444046
INFO:root:Epoch 77/200, Loss: 0.10155268013477325, Y0: 0.3968445956707001
INFO:root:Epoch 78/200, Loss: 0.041860245168209076, Y0: 0.39191487431526184
INFO:root:Epoch 79/200, Loss: 0.0864628329873085, Y0: 0.3870011270046234
INFO:root:Epoch 80/200, Loss: 0.09726319462060928, Y0: 0.38209524750709534
INFO:root:Epoch 81/200, Loss: 0.09185914695262909, Y0: 0.3771953880786896
INFO:root:Epoch 82/200, Loss: 0.047779567539691925, Y0: 0.37245309352874756
INFO:root:Epoch 83/200, Loss: 0.10368657112121582, Y0: 0.3677023947238922
INFO:root:Epoch 84/200, Loss: 0.049154121428728104, Y0: 0.3630869388580322
INFO:root:Epoch 85/200, Loss: 0.0440317764878273, Y0: 0.3585967421531677
INFO:root:Epoch 86/200, Loss: 0.05313298851251602, Y0: 0.3541802763938904
INFO:root:Epoch 87/200, Loss: 0.039265163242816925, Y0: 0.3498724102973938
INFO:root:Epoch 88/200, Loss: 0.05504629760980606, Y0: 0.3456139862537384
INFO:root:Epoch 89/200, Loss: 0.05174189805984497, Y0: 0.34144529700279236
INFO:root:Epoch 90/200, Loss: 0.03568696603178978, Y0: 0.33737391233444214
INFO:root:Epoch 91/200, Loss: 0.05822991579771042, Y0: 0.3333217203617096
INFO:root:Epoch 92/200, Loss: 0.047418419271707535, Y0: 0.3293403685092926
INFO:root:Epoch 93/200, Loss: 0.04274187982082367, Y0: 0.32544374465942383
INFO:root:Epoch 94/200, Loss: 0.05787305161356926, Y0: 0.32162144780158997
INFO:root:Epoch 95/200, Loss: 0.03868374973535538, Y0: 0.31786274909973145
INFO:root:Epoch 96/200, Loss: 0.03581224009394646, Y0: 0.31416526436805725
INFO:root:Epoch 97/200, Loss: 0.02766689844429493, Y0: 0.31055909395217896
INFO:root:Epoch 98/200, Loss: 0.037450600415468216, Y0: 0.3070140480995178
INFO:root:Epoch 99/200, Loss: 0.041252076625823975, Y0: 0.3034677803516388
INFO:root:Epoch 100/200, Loss: 0.027684113010764122, Y0: 0.3000085949897766
INFO:root:Epoch 101/200, Loss: 0.03352277725934982, Y0: 0.2966283857822418
INFO:root:Epoch 102/200, Loss: 0.021790115162730217, Y0: 0.29334166646003723
INFO:root:Epoch 103/200, Loss: 0.03612464666366577, Y0: 0.29010164737701416
INFO:root:Epoch 104/200, Loss: 0.027109896764159203, Y0: 0.2869900166988373
INFO:root:Epoch 105/200, Loss: 0.0239219032227993, Y0: 0.28398439288139343
INFO:root:Epoch 106/200, Loss: 0.029589902609586716, Y0: 0.28100910782814026
INFO:root:Epoch 107/200, Loss: 0.03875892981886864, Y0: 0.2780357301235199
INFO:root:Epoch 108/200, Loss: 0.03421426936984062, Y0: 0.27510881423950195
INFO:root:Epoch 109/200, Loss: 0.01810508593916893, Y0: 0.27226772904396057
INFO:root:Epoch 110/200, Loss: 0.02451636642217636, Y0: 0.26947858929634094
INFO:root:Epoch 111/200, Loss: 0.03016531467437744, Y0: 0.26668229699134827
INFO:root:Epoch 112/200, Loss: 0.04324883595108986, Y0: 0.26383692026138306
INFO:root:Epoch 113/200, Loss: 0.021683402359485626, Y0: 0.26101499795913696
INFO:root:Epoch 114/200, Loss: 0.019245343282818794, Y0: 0.2582499086856842
INFO:root:Epoch 115/200, Loss: 0.015690535306930542, Y0: 0.255583256483078
INFO:root:Epoch 116/200, Loss: 0.023667586967349052, Y0: 0.252917617559433
INFO:root:Epoch 117/200, Loss: 0.014874120242893696, Y0: 0.2503074109554291
INFO:root:Epoch 118/200, Loss: 0.0201102402061224, Y0: 0.24776241183280945
INFO:root:Epoch 119/200, Loss: 0.01993425376713276, Y0: 0.24524517357349396
INFO:root:Epoch 120/200, Loss: 0.02240223065018654, Y0: 0.24277225136756897
INFO:root:Epoch 121/200, Loss: 0.01957765966653824, Y0: 0.24045006930828094
INFO:root:Epoch 122/200, Loss: 0.0297665074467659, Y0: 0.23819251358509064
INFO:root:Epoch 123/200, Loss: 0.009720874950289726, Y0: 0.23600631952285767
INFO:root:Epoch 124/200, Loss: 0.014809679239988327, Y0: 0.2338760495185852
INFO:root:Epoch 125/200, Loss: 0.01210153941065073, Y0: 0.23183614015579224
INFO:root:Epoch 126/200, Loss: 0.0160418301820755, Y0: 0.22984611988067627
INFO:root:Epoch 127/200, Loss: 0.009132429957389832, Y0: 0.22790957987308502
INFO:root:Epoch 128/200, Loss: 0.01705276593565941, Y0: 0.22596235573291779
INFO:root:Epoch 129/200, Loss: 0.011267653666436672, Y0: 0.22404643893241882
INFO:root:Epoch 130/200, Loss: 0.02848377265036106, Y0: 0.22221051156520844
INFO:root:Epoch 131/200, Loss: 0.00902581587433815, Y0: 0.22041842341423035
INFO:root:Epoch 132/200, Loss: 0.028438860550522804, Y0: 0.21869924664497375
INFO:root:Epoch 133/200, Loss: 0.012146929278969765, Y0: 0.21702861785888672
INFO:root:Epoch 134/200, Loss: 0.016619112342596054, Y0: 0.2153281569480896
INFO:root:Epoch 135/200, Loss: 0.010534160770475864, Y0: 0.21364295482635498
INFO:root:Epoch 136/200, Loss: 0.014296908862888813, Y0: 0.21194858849048615
INFO:root:Epoch 137/200, Loss: 0.019554318860173225, Y0: 0.2102498859167099
INFO:root:Epoch 138/200, Loss: 0.016590433195233345, Y0: 0.2085246592760086
INFO:root:Epoch 139/200, Loss: 0.021508915349841118, Y0: 0.20677748322486877
INFO:root:Epoch 140/200, Loss: 0.05804998427629471, Y0: 0.20497702062129974
INFO:root:Epoch 141/200, Loss: 0.022219527512788773, Y0: 0.20314912497997284
INFO:root:Epoch 142/200, Loss: 0.012654656544327736, Y0: 0.20131748914718628
INFO:root:Epoch 143/200, Loss: 0.025304926559329033, Y0: 0.19949057698249817
INFO:root:Epoch 144/200, Loss: 0.011612814851105213, Y0: 0.19771340489387512
INFO:root:Epoch 145/200, Loss: 0.010091153904795647, Y0: 0.19600553810596466
INFO:root:Epoch 146/200, Loss: 0.009618581272661686, Y0: 0.19444450736045837
INFO:root:Epoch 147/200, Loss: 0.03536667674779892, Y0: 0.1930793672800064
INFO:root:Epoch 148/200, Loss: 0.030541064217686653, Y0: 0.191740944981575
INFO:root:Epoch 149/200, Loss: 0.009286937303841114, Y0: 0.1904369443655014
INFO:root:Epoch 150/200, Loss: 0.012492833659052849, Y0: 0.18930158019065857
INFO:root:Epoch 151/200, Loss: 0.011411740444600582, Y0: 0.1881600320339203
INFO:root:Epoch 152/200, Loss: 0.0078115505166351795, Y0: 0.1870974749326706
INFO:root:Epoch 153/200, Loss: 0.020689334720373154, Y0: 0.1859423816204071
INFO:root:Epoch 154/200, Loss: 0.011412632651627064, Y0: 0.1848333477973938
INFO:root:Epoch 155/200, Loss: 0.01313046459108591, Y0: 0.18375055491924286
INFO:root:Epoch 156/200, Loss: 0.014419423416256905, Y0: 0.18259967863559723
INFO:root:Epoch 157/200, Loss: 0.008100577630102634, Y0: 0.1815008521080017
INFO:root:Epoch 158/200, Loss: 0.012188315391540527, Y0: 0.18039734661579132
INFO:root:Epoch 159/200, Loss: 0.025391047820448875, Y0: 0.17918935418128967
INFO:root:Epoch 160/200, Loss: 0.007022030185908079, Y0: 0.17802155017852783
INFO:root:Epoch 161/200, Loss: 0.047860704362392426, Y0: 0.17670582234859467
INFO:root:Epoch 162/200, Loss: 0.0033147388603538275, Y0: 0.17549188435077667
INFO:root:Epoch 163/200, Loss: 0.004759408067911863, Y0: 0.17432375252246857
INFO:root:Epoch 164/200, Loss: 0.004440280608832836, Y0: 0.1732293665409088
INFO:root:Epoch 165/200, Loss: 0.001531451940536499, Y0: 0.1722148358821869
INFO:root:Epoch 166/200, Loss: 0.006111540365964174, Y0: 0.17122070491313934
INFO:root:Epoch 167/200, Loss: 0.007643259130418301, Y0: 0.17019768059253693
INFO:root:Epoch 168/200, Loss: 0.004634377080947161, Y0: 0.1692219376564026
INFO:root:Epoch 169/200, Loss: 0.018468551337718964, Y0: 0.16823329031467438
INFO:root:Epoch 170/200, Loss: 0.011530873365700245, Y0: 0.16724154353141785
INFO:root:Epoch 171/200, Loss: 0.032302435487508774, Y0: 0.16633795201778412
INFO:root:Epoch 172/200, Loss: 0.017669890075922012, Y0: 0.16555245220661163
INFO:root:Epoch 173/200, Loss: 0.007863218896090984, Y0: 0.1647508293390274
INFO:root:Epoch 174/200, Loss: 0.021389150992035866, Y0: 0.1639142632484436
INFO:root:Epoch 175/200, Loss: 0.0036204990465193987, Y0: 0.16309276223182678
INFO:root:Epoch 176/200, Loss: 0.0054411212913692, Y0: 0.16237397491931915
INFO:root:Epoch 177/200, Loss: 0.011579001322388649, Y0: 0.16171227395534515
INFO:root:Epoch 178/200, Loss: 0.008804296143352985, Y0: 0.16098418831825256
INFO:root:Epoch 179/200, Loss: 0.015463176183402538, Y0: 0.1601978987455368
INFO:root:Epoch 180/200, Loss: 0.01565096341073513, Y0: 0.1593843698501587
INFO:root:Epoch 181/200, Loss: 0.023776454851031303, Y0: 0.15849989652633667
INFO:root:Epoch 182/200, Loss: 0.032428231090307236, Y0: 0.15752741694450378
INFO:root:Epoch 183/200, Loss: 0.02311871573328972, Y0: 0.1565464287996292
INFO:root:Epoch 184/200, Loss: 0.04565870761871338, Y0: 0.15552110970020294
INFO:root:Epoch 185/200, Loss: 0.009792099706828594, Y0: 0.1545266956090927
INFO:root:Epoch 186/200, Loss: 0.01098684687167406, Y0: 0.15360426902770996
INFO:root:Epoch 187/200, Loss: 0.011775930412113667, Y0: 0.1526513695716858
INFO:root:Epoch 188/200, Loss: 0.028939809650182724, Y0: 0.15178199112415314
INFO:root:Epoch 189/200, Loss: 0.022945407778024673, Y0: 0.15100377798080444
INFO:root:Epoch 190/200, Loss: 0.056555818766355515, Y0: 0.15041965246200562
INFO:root:Epoch 191/200, Loss: 0.13156364858150482, Y0: 0.14999374747276306
INFO:root:Epoch 192/200, Loss: 0.0026989479083567858, Y0: 0.14958438277244568
INFO:root:Epoch 193/200, Loss: 0.011874094605445862, Y0: 0.1490492969751358
INFO:root:Epoch 194/200, Loss: 0.006721425335854292, Y0: 0.14850936830043793
INFO:root:Epoch 195/200, Loss: 0.01848430372774601, Y0: 0.14792302250862122
INFO:root:Epoch 196/200, Loss: 0.017809247598052025, Y0: 0.1472555547952652
INFO:root:Epoch 197/200, Loss: 0.018726008012890816, Y0: 0.14659063518047333
INFO:root:Epoch 198/200, Loss: 0.04047197103500366, Y0: 0.14574453234672546
INFO:root:Epoch 199/200, Loss: 0.06665817648172379, Y0: 0.14478778839111328
INFO:root:Epoch 200/200, Loss: 0.037797488272190094, Y0: 0.14374224841594696
INFO:root:Training time: 24.691441297531128 seconds
