INFO:root:Configs: {'lr': 0.01, 'epochs': 1000, 'batch_size': 30, 'seed': 42, 'device': 'cpu', 'optimizer': Adam (
Parameter Group 0
    amsgrad: False
    betas: (0.9, 0.999)
    capturable: False
    differentiable: False
    eps: 1e-08
    foreach: None
    fused: None
    lr: 0.01
    maximize: False
    weight_decay: 0
), 'equation': <equation.EuropeanBasketOptionCall object at 0x0000025FC4075400>, 'net': Net4Y(
  (hidden_layers): Sequential(
    (0): BatchNorm1d(64, eps=1e-05, momentum=0.1, affine=True, track_running_stats=True)
    (1): ReLU()
    (2): Linear(in_features=64, out_features=128, bias=True)
    (3): BatchNorm1d(128, eps=1e-05, momentum=0.1, affine=True, track_running_stats=True)
    (4): ReLU()
    (5): ReLU()
    (6): Linear(in_features=128, out_features=64, bias=True)
    (7): BatchNorm1d(64, eps=1e-05, momentum=0.1, affine=True, track_running_stats=True)
    (8): ReLU()
  )
  (input_layer): Linear(in_features=5, out_features=64, bias=True)
  (output_layer): Linear(in_features=64, out_features=5, bias=True)
  (relu): ReLU()
  (net): Net4Z(
    (hidden_layers): Sequential(
      (0): BatchNorm1d(64, eps=1e-05, momentum=0.1, affine=True, track_running_stats=True)
      (1): ReLU()
      (2): Linear(in_features=64, out_features=128, bias=True)
      (3): BatchNorm1d(128, eps=1e-05, momentum=0.1, affine=True, track_running_stats=True)
      (4): ReLU()
      (5): ReLU()
      (6): Linear(in_features=128, out_features=64, bias=True)
      (7): BatchNorm1d(64, eps=1e-05, momentum=0.1, affine=True, track_running_stats=True)
      (8): ReLU()
    )
    (input_layer): Linear(in_features=5, out_features=64, bias=True)
    (output_layer): Linear(in_features=64, out_features=5, bias=True)
    (relu): ReLU()
  )
), 'train_iter': <torch.utils.data.dataloader.DataLoader object at 0x0000025FC39B24B0>}
INFO:root:Epoch 1/1000, Loss: 0.4223986268043518
INFO:root:Epoch 2/1000, Loss: 0.4293345510959625
INFO:root:Epoch 3/1000, Loss: 0.7210019826889038
INFO:root:Epoch 4/1000, Loss: 0.5127540230751038
INFO:root:Epoch 5/1000, Loss: 0.5273181200027466
INFO:root:Epoch 6/1000, Loss: 0.601477861404419
INFO:root:Epoch 7/1000, Loss: 0.41941335797309875
INFO:root:Epoch 8/1000, Loss: 0.53871750831604
INFO:root:Epoch 9/1000, Loss: 0.5187728404998779
INFO:root:Epoch 10/1000, Loss: 0.564892590045929
INFO:root:Epoch 11/1000, Loss: 0.48207175731658936
INFO:root:Epoch 12/1000, Loss: 0.6226826310157776
INFO:root:Epoch 13/1000, Loss: 0.33644023537635803
INFO:root:Epoch 14/1000, Loss: 0.5030035972595215
INFO:root:Epoch 15/1000, Loss: 0.6489371061325073
INFO:root:Epoch 16/1000, Loss: 0.5754508376121521
INFO:root:Epoch 17/1000, Loss: 0.5924076437950134
INFO:root:Epoch 18/1000, Loss: 0.5413591265678406
INFO:root:Epoch 19/1000, Loss: 0.4829174280166626
INFO:root:Epoch 20/1000, Loss: 0.40188083052635193
INFO:root:Epoch 21/1000, Loss: 0.40055009722709656
INFO:root:Epoch 22/1000, Loss: 0.455571711063385
INFO:root:Epoch 23/1000, Loss: 0.4892599284648895
INFO:root:Epoch 24/1000, Loss: 0.5330442190170288
INFO:root:Epoch 25/1000, Loss: 0.3847501873970032
INFO:root:Epoch 26/1000, Loss: 0.33388346433639526
INFO:root:Epoch 27/1000, Loss: 0.49433308839797974
INFO:root:Epoch 28/1000, Loss: 0.4565434157848358
INFO:root:Epoch 29/1000, Loss: 0.4344860315322876
INFO:root:Epoch 30/1000, Loss: 0.28016921877861023
INFO:root:Epoch 31/1000, Loss: 0.47192615270614624
INFO:root:Epoch 32/1000, Loss: 0.3105562627315521
INFO:root:Epoch 33/1000, Loss: 0.46526622772216797
INFO:root:Epoch 34/1000, Loss: 0.4995790421962738
INFO:root:Epoch 35/1000, Loss: 0.5301221013069153
INFO:root:Epoch 36/1000, Loss: 0.6114782094955444
INFO:root:Epoch 37/1000, Loss: 0.3786432445049286
INFO:root:Epoch 38/1000, Loss: 0.4429805874824524
INFO:root:Epoch 39/1000, Loss: 0.5733137726783752
INFO:root:Epoch 40/1000, Loss: 0.5909952521324158
INFO:root:Epoch 41/1000, Loss: 0.4855848252773285
INFO:root:Epoch 42/1000, Loss: 0.4186418950557709
INFO:root:Epoch 43/1000, Loss: 0.35562393069267273
INFO:root:Epoch 44/1000, Loss: 0.5376232266426086
INFO:root:Epoch 45/1000, Loss: 0.4436510503292084
INFO:root:Epoch 46/1000, Loss: 0.5920347571372986
INFO:root:Epoch 47/1000, Loss: 0.45995086431503296
INFO:root:Epoch 48/1000, Loss: 0.3679864704608917
INFO:root:Epoch 49/1000, Loss: 0.4329786002635956
INFO:root:Epoch 50/1000, Loss: 0.5433578491210938
INFO:root:Epoch 51/1000, Loss: 0.3957376182079315
INFO:root:Epoch 52/1000, Loss: 0.38992664217948914
INFO:root:Epoch 53/1000, Loss: 0.41288846731185913
INFO:root:Epoch 54/1000, Loss: 0.4852429926395416
INFO:root:Epoch 55/1000, Loss: 0.5633614659309387
INFO:root:Epoch 56/1000, Loss: 0.34815293550491333
INFO:root:Epoch 57/1000, Loss: 0.4294794499874115
INFO:root:Epoch 58/1000, Loss: 0.5553070902824402
INFO:root:Epoch 59/1000, Loss: 0.4169742465019226
INFO:root:Epoch 60/1000, Loss: 0.3427615761756897
INFO:root:Epoch 61/1000, Loss: 0.48675811290740967
INFO:root:Epoch 62/1000, Loss: 0.3949780762195587
INFO:root:Epoch 63/1000, Loss: 0.479491651058197
INFO:root:Epoch 64/1000, Loss: 0.5674231648445129
INFO:root:Epoch 65/1000, Loss: 0.46527665853500366
INFO:root:Epoch 66/1000, Loss: 0.3664986193180084
INFO:root:Epoch 67/1000, Loss: 0.42108479142189026
INFO:root:Epoch 68/1000, Loss: 0.3976764678955078
INFO:root:Epoch 69/1000, Loss: 0.5008221864700317
INFO:root:Epoch 70/1000, Loss: 0.3958446681499481
INFO:root:Epoch 71/1000, Loss: 0.3961334526538849
INFO:root:Epoch 72/1000, Loss: 0.3238360583782196
INFO:root:Epoch 73/1000, Loss: 0.5468266606330872
INFO:root:Epoch 74/1000, Loss: 0.49509409070014954
INFO:root:Epoch 75/1000, Loss: 0.5199628472328186
INFO:root:Epoch 76/1000, Loss: 0.29735085368156433
INFO:root:Epoch 77/1000, Loss: 0.54226154088974
INFO:root:Epoch 78/1000, Loss: 0.4038008153438568
INFO:root:Epoch 79/1000, Loss: 0.45859038829803467
INFO:root:Epoch 80/1000, Loss: 0.31620317697525024
INFO:root:Epoch 81/1000, Loss: 0.24268139898777008
INFO:root:Epoch 82/1000, Loss: 0.3485492169857025
INFO:root:Epoch 83/1000, Loss: 0.4402105510234833
INFO:root:Epoch 84/1000, Loss: 0.3753877878189087
INFO:root:Epoch 85/1000, Loss: 0.4146155118942261
INFO:root:Epoch 86/1000, Loss: 0.5430298447608948
INFO:root:Epoch 87/1000, Loss: 0.40135085582733154
INFO:root:Epoch 88/1000, Loss: 0.54244065284729
INFO:root:Epoch 89/1000, Loss: 0.5393001437187195
INFO:root:Epoch 90/1000, Loss: 0.4285000264644623
INFO:root:Epoch 91/1000, Loss: 0.39856770634651184
INFO:root:Epoch 92/1000, Loss: 0.45662906765937805
INFO:root:Epoch 93/1000, Loss: 0.4957011938095093
INFO:root:Epoch 94/1000, Loss: 0.37682437896728516
INFO:root:Epoch 95/1000, Loss: 0.5106955170631409
INFO:root:Epoch 96/1000, Loss: 0.47787120938301086
INFO:root:Epoch 97/1000, Loss: 0.4063110649585724
INFO:root:Epoch 98/1000, Loss: 0.36446860432624817
INFO:root:Epoch 99/1000, Loss: 0.4224119186401367
INFO:root:Epoch 100/1000, Loss: 0.5362573266029358
INFO:root:Epoch 101/1000, Loss: 0.4524182379245758
INFO:root:Epoch 102/1000, Loss: 0.5625885128974915
INFO:root:Epoch 103/1000, Loss: 0.3596220910549164
INFO:root:Epoch 104/1000, Loss: 0.45077139139175415
INFO:root:Epoch 105/1000, Loss: 0.49480530619621277
INFO:root:Epoch 106/1000, Loss: 0.3869951367378235
INFO:root:Epoch 107/1000, Loss: 0.35624632239341736
INFO:root:Epoch 108/1000, Loss: 0.4792154133319855
INFO:root:Epoch 109/1000, Loss: 0.44069868326187134
INFO:root:Epoch 110/1000, Loss: 0.33056408166885376
INFO:root:Epoch 111/1000, Loss: 0.40330520272254944
INFO:root:Epoch 112/1000, Loss: 0.4442507326602936
INFO:root:Epoch 113/1000, Loss: 0.49330002069473267
INFO:root:Epoch 114/1000, Loss: 0.5538045167922974
INFO:root:Epoch 115/1000, Loss: 0.5397565364837646
INFO:root:Epoch 116/1000, Loss: 0.5655959844589233
INFO:root:Epoch 117/1000, Loss: 0.5344030857086182
INFO:root:Epoch 118/1000, Loss: 0.37275129556655884
INFO:root:Epoch 119/1000, Loss: 0.5089561939239502
INFO:root:Epoch 120/1000, Loss: 0.3254960775375366
INFO:root:Epoch 121/1000, Loss: 0.35640275478363037
INFO:root:Epoch 122/1000, Loss: 0.4961426556110382
INFO:root:Epoch 123/1000, Loss: 0.4423188865184784
INFO:root:Epoch 124/1000, Loss: 0.5108931064605713
INFO:root:Epoch 125/1000, Loss: 0.4779258668422699
INFO:root:Epoch 126/1000, Loss: 0.42021945118904114
INFO:root:Epoch 127/1000, Loss: 0.3106711208820343
INFO:root:Epoch 128/1000, Loss: 0.39129525423049927
INFO:root:Epoch 129/1000, Loss: 0.4609435200691223
INFO:root:Epoch 130/1000, Loss: 0.3541395366191864
INFO:root:Epoch 131/1000, Loss: 0.3224157989025116
INFO:root:Epoch 132/1000, Loss: 0.31042835116386414
INFO:root:Epoch 133/1000, Loss: 0.3408949077129364
INFO:root:Epoch 134/1000, Loss: 0.3018530309200287
INFO:root:Epoch 135/1000, Loss: 0.34331977367401123
INFO:root:Epoch 136/1000, Loss: 0.5035105347633362
INFO:root:Epoch 137/1000, Loss: 0.40113428235054016
INFO:root:Epoch 138/1000, Loss: 0.4467511773109436
INFO:root:Epoch 139/1000, Loss: 0.5084600448608398
INFO:root:Epoch 140/1000, Loss: 0.4825851619243622
INFO:root:Epoch 141/1000, Loss: 0.39836734533309937
INFO:root:Epoch 142/1000, Loss: 0.3629210889339447
INFO:root:Epoch 143/1000, Loss: 0.41811904311180115
INFO:root:Epoch 144/1000, Loss: 0.5249974727630615
INFO:root:Epoch 145/1000, Loss: 0.48623740673065186
INFO:root:Epoch 146/1000, Loss: 0.5074217915534973
INFO:root:Epoch 147/1000, Loss: 0.45437681674957275
INFO:root:Epoch 148/1000, Loss: 0.3708285093307495
INFO:root:Epoch 149/1000, Loss: 0.43683284521102905
INFO:root:Epoch 150/1000, Loss: 0.3804790675640106
INFO:root:Epoch 151/1000, Loss: 0.42592260241508484
INFO:root:Epoch 152/1000, Loss: 0.37301239371299744
INFO:root:Epoch 153/1000, Loss: 0.37064462900161743
INFO:root:Epoch 154/1000, Loss: 0.4022912085056305
INFO:root:Epoch 155/1000, Loss: 0.350959450006485
INFO:root:Epoch 156/1000, Loss: 0.3736063838005066
INFO:root:Epoch 157/1000, Loss: 0.4683326184749603
INFO:root:Epoch 158/1000, Loss: 0.3805168867111206
INFO:root:Epoch 159/1000, Loss: 0.4237273633480072
INFO:root:Epoch 160/1000, Loss: 0.39620241522789
INFO:root:Epoch 161/1000, Loss: 0.3799950182437897
INFO:root:Epoch 162/1000, Loss: 0.3781183660030365
INFO:root:Epoch 163/1000, Loss: 0.3781058192253113
INFO:root:Epoch 164/1000, Loss: 0.4160674512386322
INFO:root:Epoch 165/1000, Loss: 0.3056512773036957
INFO:root:Epoch 166/1000, Loss: 0.4370136260986328
INFO:root:Epoch 167/1000, Loss: 0.3709966838359833
INFO:root:Epoch 168/1000, Loss: 0.4603114426136017
INFO:root:Epoch 169/1000, Loss: 0.405683308839798
INFO:root:Epoch 170/1000, Loss: 0.4626930058002472
INFO:root:Epoch 171/1000, Loss: 0.35863569378852844
INFO:root:Epoch 172/1000, Loss: 0.42696237564086914
INFO:root:Epoch 173/1000, Loss: 0.5117375254631042
INFO:root:Epoch 174/1000, Loss: 0.44614750146865845
INFO:root:Epoch 175/1000, Loss: 0.30691951513290405
INFO:root:Epoch 176/1000, Loss: 0.3798908293247223
INFO:root:Epoch 177/1000, Loss: 0.3967839181423187
INFO:root:Epoch 178/1000, Loss: 0.3922230899333954
INFO:root:Epoch 179/1000, Loss: 0.4087669551372528
INFO:root:Epoch 180/1000, Loss: 0.4697940945625305
INFO:root:Epoch 181/1000, Loss: 0.5350112318992615
INFO:root:Epoch 182/1000, Loss: 0.42865896224975586
INFO:root:Epoch 183/1000, Loss: 0.4101612865924835
INFO:root:Epoch 184/1000, Loss: 0.45853301882743835
INFO:root:Epoch 185/1000, Loss: 0.524112343788147
INFO:root:Epoch 186/1000, Loss: 0.42324304580688477
INFO:root:Epoch 187/1000, Loss: 0.40765446424484253
INFO:root:Epoch 188/1000, Loss: 0.3544616103172302
INFO:root:Epoch 189/1000, Loss: 0.3688461184501648
INFO:root:Epoch 190/1000, Loss: 0.34777724742889404
INFO:root:Epoch 191/1000, Loss: 0.39932844042778015
INFO:root:Epoch 192/1000, Loss: 0.34768518805503845
INFO:root:Epoch 193/1000, Loss: 0.4378413259983063
INFO:root:Epoch 194/1000, Loss: 0.3210374712944031
INFO:root:Epoch 195/1000, Loss: 0.31108754873275757
INFO:root:Epoch 196/1000, Loss: 0.456472784280777
INFO:root:Epoch 197/1000, Loss: 0.4812788665294647
INFO:root:Epoch 198/1000, Loss: 0.42588433623313904
INFO:root:Epoch 199/1000, Loss: 0.3933829963207245
INFO:root:Epoch 200/1000, Loss: 0.41471990942955017
INFO:root:Epoch 201/1000, Loss: 0.4286409318447113
INFO:root:Epoch 202/1000, Loss: 0.4684638977050781
INFO:root:Epoch 203/1000, Loss: 0.3692784011363983
INFO:root:Epoch 204/1000, Loss: 0.49834463000297546
INFO:root:Epoch 205/1000, Loss: 0.3275340795516968
INFO:root:Epoch 206/1000, Loss: 0.3690699636936188
INFO:root:Epoch 207/1000, Loss: 0.39985889196395874
INFO:root:Epoch 208/1000, Loss: 0.3003658950328827
INFO:root:Epoch 209/1000, Loss: 0.413170725107193
INFO:root:Epoch 210/1000, Loss: 0.43051213026046753
INFO:root:Epoch 211/1000, Loss: 0.4276822507381439
INFO:root:Epoch 212/1000, Loss: 0.4271906316280365
INFO:root:Epoch 213/1000, Loss: 0.3515646755695343
INFO:root:Epoch 214/1000, Loss: 0.3997344970703125
INFO:root:Epoch 215/1000, Loss: 0.371362566947937
INFO:root:Epoch 216/1000, Loss: 0.44671663641929626
INFO:root:Epoch 217/1000, Loss: 0.4919709861278534
INFO:root:Epoch 218/1000, Loss: 0.3806353211402893
INFO:root:Epoch 219/1000, Loss: 0.3927375376224518
INFO:root:Epoch 220/1000, Loss: 0.29197725653648376
INFO:root:Epoch 221/1000, Loss: 0.3446551561355591
INFO:root:Epoch 222/1000, Loss: 0.4711970090866089
INFO:root:Epoch 223/1000, Loss: 0.4098406434059143
INFO:root:Epoch 224/1000, Loss: 0.4029995799064636
INFO:root:Epoch 225/1000, Loss: 0.464120477437973
INFO:root:Epoch 226/1000, Loss: 0.34477683901786804
INFO:root:Epoch 227/1000, Loss: 0.475815087556839
INFO:root:Epoch 228/1000, Loss: 0.4741540849208832
INFO:root:Epoch 229/1000, Loss: 0.3892366290092468
INFO:root:Epoch 230/1000, Loss: 0.426636666059494
INFO:root:Epoch 231/1000, Loss: 0.42138877511024475
INFO:root:Epoch 232/1000, Loss: 0.4046429395675659
INFO:root:Epoch 233/1000, Loss: 0.38539251685142517
INFO:root:Epoch 234/1000, Loss: 0.4342506229877472
INFO:root:Epoch 235/1000, Loss: 0.38960951566696167
INFO:root:Epoch 236/1000, Loss: 0.347613126039505
INFO:root:Epoch 237/1000, Loss: 0.417625367641449
INFO:root:Epoch 238/1000, Loss: 0.3948271870613098
INFO:root:Epoch 239/1000, Loss: 0.3658812642097473
INFO:root:Epoch 240/1000, Loss: 0.38018229603767395
INFO:root:Epoch 241/1000, Loss: 0.3432391583919525
INFO:root:Epoch 242/1000, Loss: 0.3552728295326233
INFO:root:Epoch 243/1000, Loss: 0.37367039918899536
INFO:root:Epoch 244/1000, Loss: 0.4519520103931427
INFO:root:Epoch 245/1000, Loss: 0.42366135120391846
INFO:root:Epoch 246/1000, Loss: 0.4726881980895996
INFO:root:Epoch 247/1000, Loss: 0.46282926201820374
INFO:root:Epoch 248/1000, Loss: 0.38541463017463684
INFO:root:Epoch 249/1000, Loss: 0.38988372683525085
INFO:root:Epoch 250/1000, Loss: 0.40225279331207275
INFO:root:Epoch 251/1000, Loss: 0.46653884649276733
INFO:root:Epoch 252/1000, Loss: 0.3918071687221527
INFO:root:Epoch 253/1000, Loss: 0.3435679078102112
INFO:root:Epoch 254/1000, Loss: 0.4366498589515686
INFO:root:Epoch 255/1000, Loss: 0.42844951152801514
INFO:root:Epoch 256/1000, Loss: 0.3623809814453125
INFO:root:Epoch 257/1000, Loss: 0.4074583947658539
INFO:root:Epoch 258/1000, Loss: 0.32448136806488037
INFO:root:Epoch 259/1000, Loss: 0.3592014014720917
INFO:root:Epoch 260/1000, Loss: 0.4188702404499054
INFO:root:Epoch 261/1000, Loss: 0.36538761854171753
INFO:root:Epoch 262/1000, Loss: 0.3947049379348755
INFO:root:Epoch 263/1000, Loss: 0.32421737909317017
INFO:root:Epoch 264/1000, Loss: 0.3445698320865631
INFO:root:Epoch 265/1000, Loss: 0.39139506220817566
INFO:root:Epoch 266/1000, Loss: 0.3441416025161743
INFO:root:Epoch 267/1000, Loss: 0.3586534857749939
INFO:root:Epoch 268/1000, Loss: 0.3677734434604645
INFO:root:Epoch 269/1000, Loss: 0.3303317725658417
INFO:root:Epoch 270/1000, Loss: 0.3788791298866272
INFO:root:Epoch 271/1000, Loss: 0.37419718503952026
INFO:root:Epoch 272/1000, Loss: 0.27328914403915405
INFO:root:Epoch 273/1000, Loss: 0.41880401968955994
INFO:root:Epoch 274/1000, Loss: 0.43627306818962097
INFO:root:Epoch 275/1000, Loss: 0.438498318195343
INFO:root:Epoch 276/1000, Loss: 0.34163838624954224
INFO:root:Epoch 277/1000, Loss: 0.32247576117515564
INFO:root:Epoch 278/1000, Loss: 0.45449236035346985
INFO:root:Epoch 279/1000, Loss: 0.4121859669685364
INFO:root:Epoch 280/1000, Loss: 0.5130000114440918
INFO:root:Epoch 281/1000, Loss: 0.330862820148468
INFO:root:Epoch 282/1000, Loss: 0.4396408200263977
INFO:root:Epoch 283/1000, Loss: 0.46006542444229126
INFO:root:Epoch 284/1000, Loss: 0.38960281014442444
INFO:root:Epoch 285/1000, Loss: 0.4518977403640747
INFO:root:Epoch 286/1000, Loss: 0.37527021765708923
INFO:root:Epoch 287/1000, Loss: 0.39687108993530273
INFO:root:Epoch 288/1000, Loss: 0.3868630528450012
INFO:root:Epoch 289/1000, Loss: 0.3365691304206848
INFO:root:Epoch 290/1000, Loss: 0.36200660467147827
INFO:root:Epoch 291/1000, Loss: 0.3547651171684265
INFO:root:Epoch 292/1000, Loss: 0.3349802792072296
INFO:root:Epoch 293/1000, Loss: 0.4040500223636627
INFO:root:Epoch 294/1000, Loss: 0.3924747407436371
INFO:root:Epoch 295/1000, Loss: 0.3747345209121704
INFO:root:Epoch 296/1000, Loss: 0.39373478293418884
INFO:root:Epoch 297/1000, Loss: 0.43844345211982727
INFO:root:Epoch 298/1000, Loss: 0.3515014052391052
INFO:root:Epoch 299/1000, Loss: 0.3695243299007416
INFO:root:Epoch 300/1000, Loss: 0.3910321593284607
INFO:root:Epoch 301/1000, Loss: 0.4172341525554657
INFO:root:Epoch 302/1000, Loss: 0.3803955018520355
INFO:root:Epoch 303/1000, Loss: 0.39022737741470337
INFO:root:Epoch 304/1000, Loss: 0.406793475151062
INFO:root:Epoch 305/1000, Loss: 0.4106973111629486
INFO:root:Epoch 306/1000, Loss: 0.40102386474609375
INFO:root:Epoch 307/1000, Loss: 0.4011550545692444
INFO:root:Epoch 308/1000, Loss: 0.3193773329257965
INFO:root:Epoch 309/1000, Loss: 0.43893641233444214
INFO:root:Epoch 310/1000, Loss: 0.35076743364334106
INFO:root:Epoch 311/1000, Loss: 0.3696800470352173
INFO:root:Epoch 312/1000, Loss: 0.38505423069000244
INFO:root:Epoch 313/1000, Loss: 0.45169270038604736
INFO:root:Epoch 314/1000, Loss: 0.3877924382686615
INFO:root:Epoch 315/1000, Loss: 0.4166467785835266
INFO:root:Epoch 316/1000, Loss: 0.41203823685646057
INFO:root:Epoch 317/1000, Loss: 0.40324702858924866
INFO:root:Epoch 318/1000, Loss: 0.4034990668296814
INFO:root:Epoch 319/1000, Loss: 0.42080172896385193
INFO:root:Epoch 320/1000, Loss: 0.3999205231666565
INFO:root:Epoch 321/1000, Loss: 0.38671717047691345
INFO:root:Epoch 322/1000, Loss: 0.39777156710624695
INFO:root:Epoch 323/1000, Loss: 0.3758690655231476
INFO:root:Epoch 324/1000, Loss: 0.4086175262928009
INFO:root:Epoch 325/1000, Loss: 0.36798202991485596
INFO:root:Epoch 326/1000, Loss: 0.4234673082828522
INFO:root:Epoch 327/1000, Loss: 0.45195838809013367
INFO:root:Epoch 328/1000, Loss: 0.3431471586227417
INFO:root:Epoch 329/1000, Loss: 0.4462255537509918
INFO:root:Epoch 330/1000, Loss: 0.3851650655269623
INFO:root:Epoch 331/1000, Loss: 0.40954169631004333
INFO:root:Epoch 332/1000, Loss: 0.3687325119972229
INFO:root:Epoch 333/1000, Loss: 0.32246828079223633
INFO:root:Epoch 334/1000, Loss: 0.3538290858268738
INFO:root:Epoch 335/1000, Loss: 0.3558943569660187
INFO:root:Epoch 336/1000, Loss: 0.39474740624427795
INFO:root:Epoch 337/1000, Loss: 0.4123581051826477
INFO:root:Epoch 338/1000, Loss: 0.3970401883125305
INFO:root:Epoch 339/1000, Loss: 0.3984422981739044
INFO:root:Epoch 340/1000, Loss: 0.3924764096736908
INFO:root:Epoch 341/1000, Loss: 0.3872981369495392
INFO:root:Epoch 342/1000, Loss: 0.3754897713661194
INFO:root:Epoch 343/1000, Loss: 0.36834266781806946
INFO:root:Epoch 344/1000, Loss: 0.35012930631637573
INFO:root:Epoch 345/1000, Loss: 0.3516639173030853
INFO:root:Epoch 346/1000, Loss: 0.38426777720451355
INFO:root:Epoch 347/1000, Loss: 0.3629736006259918
INFO:root:Epoch 348/1000, Loss: 0.39423784613609314
INFO:root:Epoch 349/1000, Loss: 0.37719181180000305
INFO:root:Epoch 350/1000, Loss: 0.3870141804218292
INFO:root:Epoch 351/1000, Loss: 0.37094277143478394
INFO:root:Epoch 352/1000, Loss: 0.34436219930648804
INFO:root:Epoch 353/1000, Loss: 0.39390087127685547
INFO:root:Epoch 354/1000, Loss: 0.346225380897522
INFO:root:Epoch 355/1000, Loss: 0.38168689608573914
INFO:root:Epoch 356/1000, Loss: 0.4144851863384247
INFO:root:Epoch 357/1000, Loss: 0.38850218057632446
INFO:root:Epoch 358/1000, Loss: 0.3920368254184723
INFO:root:Epoch 359/1000, Loss: 0.36646169424057007
INFO:root:Epoch 360/1000, Loss: 0.39145979285240173
INFO:root:Epoch 361/1000, Loss: 0.39157798886299133
INFO:root:Epoch 362/1000, Loss: 0.3769208788871765
INFO:root:Epoch 363/1000, Loss: 0.3568129539489746
INFO:root:Epoch 364/1000, Loss: 0.3474240005016327
INFO:root:Epoch 365/1000, Loss: 0.3718003034591675
INFO:root:Epoch 366/1000, Loss: 0.37777167558670044
INFO:root:Epoch 367/1000, Loss: 0.4077032804489136
INFO:root:Epoch 368/1000, Loss: 0.3979659080505371
INFO:root:Epoch 369/1000, Loss: 0.3859878480434418
INFO:root:Epoch 370/1000, Loss: 0.3942011892795563
INFO:root:Epoch 371/1000, Loss: 0.39941322803497314
INFO:root:Epoch 372/1000, Loss: 0.44512394070625305
INFO:root:Epoch 373/1000, Loss: 0.4027166962623596
INFO:root:Epoch 374/1000, Loss: 0.4116295576095581
INFO:root:Epoch 375/1000, Loss: 0.4109463691711426
INFO:root:Epoch 376/1000, Loss: 0.37745699286460876
INFO:root:Epoch 377/1000, Loss: 0.37014299631118774
INFO:root:Epoch 378/1000, Loss: 0.37309974431991577
INFO:root:Epoch 379/1000, Loss: 0.4165438413619995
INFO:root:Epoch 380/1000, Loss: 0.3775083124637604
INFO:root:Epoch 381/1000, Loss: 0.39101269841194153
INFO:root:Epoch 382/1000, Loss: 0.41369277238845825
INFO:root:Epoch 383/1000, Loss: 0.37170401215553284
INFO:root:Epoch 384/1000, Loss: 0.40621843934059143
INFO:root:Epoch 385/1000, Loss: 0.4007931053638458
INFO:root:Epoch 386/1000, Loss: 0.362564355134964
INFO:root:Epoch 387/1000, Loss: 0.4266907870769501
INFO:root:Epoch 388/1000, Loss: 0.34524115920066833
INFO:root:Epoch 389/1000, Loss: 0.3623238801956177
INFO:root:Epoch 390/1000, Loss: 0.40154075622558594
INFO:root:Epoch 391/1000, Loss: 0.3872434198856354
INFO:root:Epoch 392/1000, Loss: 0.36484089493751526
INFO:root:Epoch 393/1000, Loss: 0.38385459780693054
INFO:root:Epoch 394/1000, Loss: 0.3876538574695587
INFO:root:Epoch 395/1000, Loss: 0.37169310450553894
INFO:root:Epoch 396/1000, Loss: 0.4069995582103729
INFO:root:Epoch 397/1000, Loss: 0.3985798954963684
INFO:root:Epoch 398/1000, Loss: 0.39143437147140503
INFO:root:Epoch 399/1000, Loss: 0.3805723190307617
INFO:root:Epoch 400/1000, Loss: 0.3720165491104126
INFO:root:Epoch 401/1000, Loss: 0.3533680737018585
INFO:root:Epoch 402/1000, Loss: 0.402493953704834
INFO:root:Epoch 403/1000, Loss: 0.4088262915611267
INFO:root:Epoch 404/1000, Loss: 0.3858323395252228
INFO:root:Epoch 405/1000, Loss: 0.36930051445961
INFO:root:Epoch 406/1000, Loss: 0.40846726298332214
INFO:root:Epoch 407/1000, Loss: 0.4055587649345398
INFO:root:Epoch 408/1000, Loss: 0.3511839509010315
INFO:root:Epoch 409/1000, Loss: 0.36532318592071533
INFO:root:Epoch 410/1000, Loss: 0.3378143906593323
INFO:root:Epoch 411/1000, Loss: 0.4009457230567932
INFO:root:Epoch 412/1000, Loss: 0.4130857288837433
INFO:root:Epoch 413/1000, Loss: 0.4065503776073456
INFO:root:Epoch 414/1000, Loss: 0.3626280128955841
INFO:root:Epoch 415/1000, Loss: 0.38711419701576233
INFO:root:Epoch 416/1000, Loss: 0.3552633821964264
INFO:root:Epoch 417/1000, Loss: 0.37408190965652466
INFO:root:Epoch 418/1000, Loss: 0.3597608506679535
INFO:root:Epoch 419/1000, Loss: 0.39050883054733276
INFO:root:Epoch 420/1000, Loss: 0.3840298652648926
INFO:root:Epoch 421/1000, Loss: 0.4122411012649536
INFO:root:Epoch 422/1000, Loss: 0.3359212577342987
INFO:root:Epoch 423/1000, Loss: 0.37718573212623596
INFO:root:Epoch 424/1000, Loss: 0.3793000876903534
INFO:root:Epoch 425/1000, Loss: 0.37640291452407837
INFO:root:Epoch 426/1000, Loss: 0.3654923439025879
INFO:root:Epoch 427/1000, Loss: 0.4394892156124115
INFO:root:Epoch 428/1000, Loss: 0.363014817237854
INFO:root:Epoch 429/1000, Loss: 0.4209321141242981
INFO:root:Epoch 430/1000, Loss: 0.43393459916114807
INFO:root:Epoch 431/1000, Loss: 0.43463173508644104
INFO:root:Epoch 432/1000, Loss: 0.4127906858921051
INFO:root:Epoch 433/1000, Loss: 0.37259575724601746
INFO:root:Epoch 434/1000, Loss: 0.36318734288215637
INFO:root:Epoch 435/1000, Loss: 0.3897891342639923
INFO:root:Epoch 436/1000, Loss: 0.40090543031692505
INFO:root:Epoch 437/1000, Loss: 0.3531402051448822
INFO:root:Epoch 438/1000, Loss: 0.3490584194660187
INFO:root:Epoch 439/1000, Loss: 0.38314566016197205
INFO:root:Epoch 440/1000, Loss: 0.4098140001296997
INFO:root:Epoch 441/1000, Loss: 0.3719762861728668
INFO:root:Epoch 442/1000, Loss: 0.4949125349521637
INFO:root:Epoch 443/1000, Loss: 0.3725472688674927
INFO:root:Epoch 444/1000, Loss: 0.30268189311027527
INFO:root:Epoch 445/1000, Loss: 0.37412187457084656
INFO:root:Epoch 446/1000, Loss: 0.4452838897705078
INFO:root:Epoch 447/1000, Loss: 0.33411142230033875
INFO:root:Epoch 448/1000, Loss: 0.3967220187187195
INFO:root:Epoch 449/1000, Loss: 0.33940908312797546
INFO:root:Epoch 450/1000, Loss: 0.38087084889411926
INFO:root:Epoch 451/1000, Loss: 0.37016862630844116
INFO:root:Epoch 452/1000, Loss: 0.3699791133403778
INFO:root:Epoch 453/1000, Loss: 0.3763335645198822
INFO:root:Epoch 454/1000, Loss: 0.39495182037353516
INFO:root:Epoch 455/1000, Loss: 0.37627315521240234
INFO:root:Epoch 456/1000, Loss: 0.3927064538002014
INFO:root:Epoch 457/1000, Loss: 0.393942654132843
INFO:root:Epoch 458/1000, Loss: 0.3421955704689026
INFO:root:Epoch 459/1000, Loss: 0.36775338649749756
INFO:root:Epoch 460/1000, Loss: 0.39727431535720825
INFO:root:Epoch 461/1000, Loss: 0.4028381407260895
INFO:root:Epoch 462/1000, Loss: 0.37983328104019165
INFO:root:Epoch 463/1000, Loss: 0.35244929790496826
INFO:root:Epoch 464/1000, Loss: 0.35242098569869995
INFO:root:Epoch 465/1000, Loss: 0.4794696271419525
INFO:root:Epoch 466/1000, Loss: 0.36891260743141174
INFO:root:Epoch 467/1000, Loss: 0.3690665066242218
INFO:root:Epoch 468/1000, Loss: 0.42292866110801697
INFO:root:Epoch 469/1000, Loss: 0.3314591646194458
INFO:root:Epoch 470/1000, Loss: 0.3964996933937073
INFO:root:Epoch 471/1000, Loss: 0.3658490777015686
INFO:root:Epoch 472/1000, Loss: 0.3709917664527893
INFO:root:Epoch 473/1000, Loss: 0.4206066131591797
INFO:root:Epoch 474/1000, Loss: 0.39440780878067017
INFO:root:Epoch 475/1000, Loss: 0.45797303318977356
INFO:root:Epoch 476/1000, Loss: 0.430318146944046
INFO:root:Epoch 477/1000, Loss: 0.3437929153442383
INFO:root:Epoch 478/1000, Loss: 0.34612587094306946
INFO:root:Epoch 479/1000, Loss: 0.36161625385284424
INFO:root:Epoch 480/1000, Loss: 0.3808116912841797
INFO:root:Epoch 481/1000, Loss: 0.3648647665977478
INFO:root:Epoch 482/1000, Loss: 0.36485621333122253
INFO:root:Epoch 483/1000, Loss: 0.35073068737983704
INFO:root:Epoch 484/1000, Loss: 0.36569973826408386
INFO:root:Epoch 485/1000, Loss: 0.37131306529045105
INFO:root:Epoch 486/1000, Loss: 0.3961503207683563
INFO:root:Epoch 487/1000, Loss: 0.37011247873306274
INFO:root:Epoch 488/1000, Loss: 0.35742443799972534
INFO:root:Epoch 489/1000, Loss: 0.43123185634613037
INFO:root:Epoch 490/1000, Loss: 0.3704998791217804
INFO:root:Epoch 491/1000, Loss: 0.36851686239242554
INFO:root:Epoch 492/1000, Loss: 0.33590710163116455
INFO:root:Epoch 493/1000, Loss: 0.3817874789237976
INFO:root:Epoch 494/1000, Loss: 0.3983214795589447
INFO:root:Epoch 495/1000, Loss: 0.36072567105293274
INFO:root:Epoch 496/1000, Loss: 0.3918086886405945
INFO:root:Epoch 497/1000, Loss: 0.39636799693107605
INFO:root:Epoch 498/1000, Loss: 0.39451441168785095
INFO:root:Epoch 499/1000, Loss: 0.3987126648426056
INFO:root:Epoch 500/1000, Loss: 0.3743213713169098
INFO:root:Epoch 501/1000, Loss: 0.4286104738712311
INFO:root:Epoch 502/1000, Loss: 0.4559424817562103
INFO:root:Epoch 503/1000, Loss: 0.3808097839355469
INFO:root:Epoch 504/1000, Loss: 0.44160589575767517
INFO:root:Epoch 505/1000, Loss: 0.3618226945400238
INFO:root:Epoch 506/1000, Loss: 0.43035510182380676
INFO:root:Epoch 507/1000, Loss: 0.3974913954734802
INFO:root:Epoch 508/1000, Loss: 0.32845214009284973
INFO:root:Epoch 509/1000, Loss: 0.3839262127876282
INFO:root:Epoch 510/1000, Loss: 0.35160624980926514
INFO:root:Epoch 511/1000, Loss: 0.35245281457901
INFO:root:Epoch 512/1000, Loss: 0.3874181807041168
INFO:root:Epoch 513/1000, Loss: 0.4059641659259796
INFO:root:Epoch 514/1000, Loss: 0.39763596653938293
INFO:root:Epoch 515/1000, Loss: 0.3894781768321991
INFO:root:Epoch 516/1000, Loss: 0.33662351965904236
INFO:root:Epoch 517/1000, Loss: 0.3815837502479553
INFO:root:Epoch 518/1000, Loss: 0.3688589632511139
INFO:root:Epoch 519/1000, Loss: 0.3372994661331177
INFO:root:Epoch 520/1000, Loss: 0.3551856279373169
INFO:root:Epoch 521/1000, Loss: 0.37475913763046265
INFO:root:Epoch 522/1000, Loss: 0.34794965386390686
INFO:root:Epoch 523/1000, Loss: 0.3782401382923126
INFO:root:Epoch 524/1000, Loss: 0.41158121824264526
INFO:root:Epoch 525/1000, Loss: 0.35564905405044556
INFO:root:Epoch 526/1000, Loss: 0.4227971136569977
INFO:root:Epoch 527/1000, Loss: 0.41273874044418335
INFO:root:Epoch 528/1000, Loss: 0.3849409818649292
INFO:root:Epoch 529/1000, Loss: 0.4024062752723694
INFO:root:Epoch 530/1000, Loss: 0.39037764072418213
INFO:root:Epoch 531/1000, Loss: 0.4297957122325897
INFO:root:Epoch 532/1000, Loss: 0.3880322277545929
INFO:root:Epoch 533/1000, Loss: 0.33831512928009033
INFO:root:Epoch 534/1000, Loss: 0.38881397247314453
INFO:root:Epoch 535/1000, Loss: 0.41380608081817627
INFO:root:Epoch 536/1000, Loss: 0.409076988697052
INFO:root:Epoch 537/1000, Loss: 0.35119521617889404
INFO:root:Epoch 538/1000, Loss: 0.41748735308647156
INFO:root:Epoch 539/1000, Loss: 0.3714671730995178
INFO:root:Epoch 540/1000, Loss: 0.36788591742515564
INFO:root:Epoch 541/1000, Loss: 0.37439146637916565
INFO:root:Epoch 542/1000, Loss: 0.3701423108577728
INFO:root:Epoch 543/1000, Loss: 0.3774145245552063
INFO:root:Epoch 544/1000, Loss: 0.42038819193840027
INFO:root:Epoch 545/1000, Loss: 0.395784854888916
INFO:root:Epoch 546/1000, Loss: 0.3761114180088043
INFO:root:Epoch 547/1000, Loss: 0.3435637354850769
INFO:root:Epoch 548/1000, Loss: 0.3831135630607605
INFO:root:Epoch 549/1000, Loss: 0.38457217812538147
INFO:root:Epoch 550/1000, Loss: 0.3728817403316498
INFO:root:Epoch 551/1000, Loss: 0.40118327736854553
INFO:root:Epoch 552/1000, Loss: 0.37428516149520874
INFO:root:Epoch 553/1000, Loss: 0.38321104645729065
INFO:root:Epoch 554/1000, Loss: 0.3581708073616028
INFO:root:Epoch 555/1000, Loss: 0.364546000957489
INFO:root:Epoch 556/1000, Loss: 0.3792504668235779
INFO:root:Epoch 557/1000, Loss: 0.39689263701438904
INFO:root:Epoch 558/1000, Loss: 0.3987598121166229
INFO:root:Epoch 559/1000, Loss: 0.37619632482528687
INFO:root:Epoch 560/1000, Loss: 0.3170551359653473
INFO:root:Epoch 561/1000, Loss: 0.33103877305984497
INFO:root:Epoch 562/1000, Loss: 0.38763466477394104
INFO:root:Epoch 563/1000, Loss: 0.37163498997688293
INFO:root:Epoch 564/1000, Loss: 0.38519200682640076
INFO:root:Epoch 565/1000, Loss: 0.41998395323753357
INFO:root:Epoch 566/1000, Loss: 0.38146939873695374
INFO:root:Epoch 567/1000, Loss: 0.4062257707118988
INFO:root:Epoch 568/1000, Loss: 0.31922560930252075
INFO:root:Epoch 569/1000, Loss: 0.35887792706489563
INFO:root:Epoch 570/1000, Loss: 0.3514070212841034
INFO:root:Epoch 571/1000, Loss: 0.3693660795688629
INFO:root:Epoch 572/1000, Loss: 0.3956799805164337
INFO:root:Epoch 573/1000, Loss: 0.4136417508125305
INFO:root:Epoch 574/1000, Loss: 0.37841084599494934
INFO:root:Epoch 575/1000, Loss: 0.37185102701187134
INFO:root:Epoch 576/1000, Loss: 0.33926922082901
INFO:root:Epoch 577/1000, Loss: 0.3909965455532074
INFO:root:Epoch 578/1000, Loss: 0.35414886474609375
INFO:root:Epoch 579/1000, Loss: 0.39576947689056396
INFO:root:Epoch 580/1000, Loss: 0.33705759048461914
INFO:root:Epoch 581/1000, Loss: 0.41065821051597595
INFO:root:Epoch 582/1000, Loss: 0.4029112160205841
INFO:root:Epoch 583/1000, Loss: 0.3911130130290985
INFO:root:Epoch 584/1000, Loss: 0.37839099764823914
INFO:root:Epoch 585/1000, Loss: 0.3998011648654938
INFO:root:Epoch 586/1000, Loss: 0.3698927164077759
INFO:root:Epoch 587/1000, Loss: 0.414363294839859
INFO:root:Epoch 588/1000, Loss: 0.35660552978515625
INFO:root:Epoch 589/1000, Loss: 0.40353915095329285
INFO:root:Epoch 590/1000, Loss: 0.35711368918418884
INFO:root:Epoch 591/1000, Loss: 0.4007302224636078
INFO:root:Epoch 592/1000, Loss: 0.34306517243385315
INFO:root:Epoch 593/1000, Loss: 0.39796432852745056
INFO:root:Epoch 594/1000, Loss: 0.3391862213611603
INFO:root:Epoch 595/1000, Loss: 0.39611321687698364
INFO:root:Epoch 596/1000, Loss: 0.3994874954223633
INFO:root:Epoch 597/1000, Loss: 0.34511470794677734
INFO:root:Epoch 598/1000, Loss: 0.3419457972049713
INFO:root:Epoch 599/1000, Loss: 0.3720819652080536
INFO:root:Epoch 600/1000, Loss: 0.3927658796310425
INFO:root:Epoch 601/1000, Loss: 0.3956528902053833
INFO:root:Epoch 602/1000, Loss: 0.3151906430721283
INFO:root:Epoch 603/1000, Loss: 0.3909045159816742
INFO:root:Epoch 604/1000, Loss: 0.41414907574653625
INFO:root:Epoch 605/1000, Loss: 0.4186496436595917
INFO:root:Epoch 606/1000, Loss: 0.4062126874923706
INFO:root:Epoch 607/1000, Loss: 0.38989001512527466
INFO:root:Epoch 608/1000, Loss: 0.3852290213108063
INFO:root:Epoch 609/1000, Loss: 0.3782588243484497
INFO:root:Epoch 610/1000, Loss: 0.33392706513404846
INFO:root:Epoch 611/1000, Loss: 0.3933772146701813
INFO:root:Epoch 612/1000, Loss: 0.4193136990070343
INFO:root:Epoch 613/1000, Loss: 0.3730425238609314
INFO:root:Epoch 614/1000, Loss: 0.42775434255599976
INFO:root:Epoch 615/1000, Loss: 0.37090378999710083
INFO:root:Epoch 616/1000, Loss: 0.4133484661579132
INFO:root:Epoch 617/1000, Loss: 0.3475915491580963
INFO:root:Epoch 618/1000, Loss: 0.3459908366203308
INFO:root:Epoch 619/1000, Loss: 0.3842301070690155
INFO:root:Epoch 620/1000, Loss: 0.40104788541793823
INFO:root:Epoch 621/1000, Loss: 0.36398443579673767
INFO:root:Epoch 622/1000, Loss: 0.36704960465431213
INFO:root:Epoch 623/1000, Loss: 0.3791868984699249
INFO:root:Epoch 624/1000, Loss: 0.3995744585990906
INFO:root:Epoch 625/1000, Loss: 0.39211177825927734
INFO:root:Epoch 626/1000, Loss: 0.3805203437805176
INFO:root:Epoch 627/1000, Loss: 0.3933904767036438
INFO:root:Epoch 628/1000, Loss: 0.42039987444877625
INFO:root:Epoch 629/1000, Loss: 0.3773772120475769
INFO:root:Epoch 630/1000, Loss: 0.39887112379074097
INFO:root:Epoch 631/1000, Loss: 0.40981340408325195
INFO:root:Epoch 632/1000, Loss: 0.3980855643749237
INFO:root:Epoch 633/1000, Loss: 0.40015217661857605
INFO:root:Epoch 634/1000, Loss: 0.4179828464984894
INFO:root:Epoch 635/1000, Loss: 0.3679712414741516
INFO:root:Epoch 636/1000, Loss: 0.3977294862270355
INFO:root:Epoch 637/1000, Loss: 0.3993064761161804
INFO:root:Epoch 638/1000, Loss: 0.37895333766937256
INFO:root:Epoch 639/1000, Loss: 0.3677592873573303
INFO:root:Epoch 640/1000, Loss: 0.38734832406044006
INFO:root:Epoch 641/1000, Loss: 0.39011847972869873
INFO:root:Epoch 642/1000, Loss: 0.3774711489677429
INFO:root:Epoch 643/1000, Loss: 0.34665408730506897
INFO:root:Epoch 644/1000, Loss: 0.3686821162700653
INFO:root:Epoch 645/1000, Loss: 0.3687115013599396
INFO:root:Epoch 646/1000, Loss: 0.4277862310409546
INFO:root:Epoch 647/1000, Loss: 0.4477115273475647
INFO:root:Epoch 648/1000, Loss: 0.40506070852279663
INFO:root:Epoch 649/1000, Loss: 0.3205247223377228
INFO:root:Epoch 650/1000, Loss: 0.40504807233810425
INFO:root:Epoch 651/1000, Loss: 0.41867315769195557
INFO:root:Epoch 652/1000, Loss: 0.38057810068130493
INFO:root:Epoch 653/1000, Loss: 0.37772130966186523
INFO:root:Epoch 654/1000, Loss: 0.3262571692466736
INFO:root:Epoch 655/1000, Loss: 0.4179355800151825
INFO:root:Epoch 656/1000, Loss: 0.3894732892513275
INFO:root:Epoch 657/1000, Loss: 0.3806241452693939
INFO:root:Epoch 658/1000, Loss: 0.35136935114860535
INFO:root:Epoch 659/1000, Loss: 0.3592294454574585
INFO:root:Epoch 660/1000, Loss: 0.38398197293281555
INFO:root:Epoch 661/1000, Loss: 0.384752094745636
INFO:root:Epoch 662/1000, Loss: 0.41060855984687805
INFO:root:Epoch 663/1000, Loss: 0.35007619857788086
INFO:root:Epoch 664/1000, Loss: 0.42867642641067505
INFO:root:Epoch 665/1000, Loss: 0.38718417286872864
INFO:root:Epoch 666/1000, Loss: 0.3614649474620819
INFO:root:Epoch 667/1000, Loss: 0.369575560092926
INFO:root:Epoch 668/1000, Loss: 0.40259161591529846
INFO:root:Epoch 669/1000, Loss: 0.3449304401874542
INFO:root:Epoch 670/1000, Loss: 0.33699554204940796
INFO:root:Epoch 671/1000, Loss: 0.35034289956092834
INFO:root:Epoch 672/1000, Loss: 0.3800269067287445
INFO:root:Epoch 673/1000, Loss: 0.33648350834846497
INFO:root:Epoch 674/1000, Loss: 0.3675153851509094
INFO:root:Epoch 675/1000, Loss: 0.36356493830680847
INFO:root:Epoch 676/1000, Loss: 0.3730544447898865
INFO:root:Epoch 677/1000, Loss: 0.3603151738643646
INFO:root:Epoch 678/1000, Loss: 0.3437260389328003
INFO:root:Epoch 679/1000, Loss: 0.37956878542900085
INFO:root:Epoch 680/1000, Loss: 0.36811572313308716
INFO:root:Epoch 681/1000, Loss: 0.36561545729637146
INFO:root:Epoch 682/1000, Loss: 0.420463889837265
INFO:root:Epoch 683/1000, Loss: 0.4054884910583496
INFO:root:Epoch 684/1000, Loss: 0.43788960576057434
INFO:root:Epoch 685/1000, Loss: 0.36318787932395935
INFO:root:Epoch 686/1000, Loss: 0.3957124650478363
INFO:root:Epoch 687/1000, Loss: 0.39233115315437317
INFO:root:Epoch 688/1000, Loss: 0.4417344033718109
INFO:root:Epoch 689/1000, Loss: 0.38936468958854675
INFO:root:Epoch 690/1000, Loss: 0.38434380292892456
INFO:root:Epoch 691/1000, Loss: 0.3677965998649597
INFO:root:Epoch 692/1000, Loss: 0.3799901008605957
INFO:root:Epoch 693/1000, Loss: 0.36039304733276367
INFO:root:Epoch 694/1000, Loss: 0.44579508900642395
INFO:root:Epoch 695/1000, Loss: 0.40548086166381836
INFO:root:Epoch 696/1000, Loss: 0.348894327878952
INFO:root:Epoch 697/1000, Loss: 0.3786272704601288
INFO:root:Epoch 698/1000, Loss: 0.35599860548973083
INFO:root:Epoch 699/1000, Loss: 0.3978104889392853
INFO:root:Epoch 700/1000, Loss: 0.4216463267803192
INFO:root:Epoch 701/1000, Loss: 0.39270347356796265
INFO:root:Epoch 702/1000, Loss: 0.38895541429519653
INFO:root:Epoch 703/1000, Loss: 0.3706025183200836
INFO:root:Epoch 704/1000, Loss: 0.4211466610431671
INFO:root:Epoch 705/1000, Loss: 0.3471946716308594
INFO:root:Epoch 706/1000, Loss: 0.34372246265411377
INFO:root:Epoch 707/1000, Loss: 0.42035582661628723
INFO:root:Epoch 708/1000, Loss: 0.42610296607017517
INFO:root:Epoch 709/1000, Loss: 0.3981555998325348
INFO:root:Epoch 710/1000, Loss: 0.3935416638851166
INFO:root:Epoch 711/1000, Loss: 0.39267095923423767
INFO:root:Epoch 712/1000, Loss: 0.359077125787735
INFO:root:Epoch 713/1000, Loss: 0.39448103308677673
INFO:root:Epoch 714/1000, Loss: 0.39263686537742615
INFO:root:Epoch 715/1000, Loss: 0.38303473591804504
INFO:root:Epoch 716/1000, Loss: 0.40898406505584717
INFO:root:Epoch 717/1000, Loss: 0.4136371910572052
INFO:root:Epoch 718/1000, Loss: 0.38335180282592773
INFO:root:Epoch 719/1000, Loss: 0.36073848605155945
INFO:root:Epoch 720/1000, Loss: 0.3768254220485687
INFO:root:Epoch 721/1000, Loss: 0.38356420397758484
INFO:root:Epoch 722/1000, Loss: 0.39193078875541687
INFO:root:Epoch 723/1000, Loss: 0.36519095301628113
INFO:root:Epoch 724/1000, Loss: 0.3540581464767456
INFO:root:Epoch 725/1000, Loss: 0.3940548002719879
INFO:root:Epoch 726/1000, Loss: 0.3896346092224121
INFO:root:Epoch 727/1000, Loss: 0.37494367361068726
INFO:root:Epoch 728/1000, Loss: 0.3491753339767456
INFO:root:Epoch 729/1000, Loss: 0.35906893014907837
INFO:root:Epoch 730/1000, Loss: 0.3721897006034851
INFO:root:Epoch 731/1000, Loss: 0.41790488362312317
INFO:root:Epoch 732/1000, Loss: 0.4089573919773102
INFO:root:Epoch 733/1000, Loss: 0.3844775855541229
INFO:root:Epoch 734/1000, Loss: 0.3808499574661255
INFO:root:Epoch 735/1000, Loss: 0.3737073838710785
INFO:root:Epoch 736/1000, Loss: 0.3632785677909851
INFO:root:Epoch 737/1000, Loss: 0.3937014043331146
INFO:root:Epoch 738/1000, Loss: 0.4000486433506012
INFO:root:Epoch 739/1000, Loss: 0.38573262095451355
INFO:root:Epoch 740/1000, Loss: 0.3784202039241791
INFO:root:Epoch 741/1000, Loss: 0.401886522769928
INFO:root:Epoch 742/1000, Loss: 0.402059406042099
INFO:root:Epoch 743/1000, Loss: 0.3437862992286682
INFO:root:Epoch 744/1000, Loss: 0.41263195872306824
INFO:root:Epoch 745/1000, Loss: 0.3834894299507141
INFO:root:Epoch 746/1000, Loss: 0.4319738745689392
INFO:root:Epoch 747/1000, Loss: 0.36541441082954407
INFO:root:Epoch 748/1000, Loss: 0.3827100396156311
INFO:root:Epoch 749/1000, Loss: 0.3886108100414276
INFO:root:Epoch 750/1000, Loss: 0.36584171652793884
INFO:root:Epoch 751/1000, Loss: 0.34732526540756226
INFO:root:Epoch 752/1000, Loss: 0.3499757647514343
INFO:root:Epoch 753/1000, Loss: 0.34526821970939636
INFO:root:Epoch 754/1000, Loss: 0.3617824912071228
INFO:root:Epoch 755/1000, Loss: 0.36023762822151184
INFO:root:Epoch 756/1000, Loss: 0.34362173080444336
INFO:root:Epoch 757/1000, Loss: 0.4083513021469116
INFO:root:Epoch 758/1000, Loss: 0.392981618642807
INFO:root:Epoch 759/1000, Loss: 0.37298068404197693
INFO:root:Epoch 760/1000, Loss: 0.3633144795894623
INFO:root:Epoch 761/1000, Loss: 0.4000031650066376
INFO:root:Epoch 762/1000, Loss: 0.39250513911247253
INFO:root:Epoch 763/1000, Loss: 0.4284936189651489
INFO:root:Epoch 764/1000, Loss: 0.39767616987228394
INFO:root:Epoch 765/1000, Loss: 0.36744847893714905
INFO:root:Epoch 766/1000, Loss: 0.43421703577041626
INFO:root:Epoch 767/1000, Loss: 0.3274984359741211
INFO:root:Epoch 768/1000, Loss: 0.404510498046875
INFO:root:Epoch 769/1000, Loss: 0.390440434217453
INFO:root:Epoch 770/1000, Loss: 0.38673117756843567
INFO:root:Epoch 771/1000, Loss: 0.35698074102401733
INFO:root:Epoch 772/1000, Loss: 0.3489699363708496
INFO:root:Epoch 773/1000, Loss: 0.40574875473976135
INFO:root:Epoch 774/1000, Loss: 0.3927570879459381
INFO:root:Epoch 775/1000, Loss: 0.41325825452804565
INFO:root:Epoch 776/1000, Loss: 0.3502489924430847
INFO:root:Epoch 777/1000, Loss: 0.38879820704460144
INFO:root:Epoch 778/1000, Loss: 0.3646109402179718
INFO:root:Epoch 779/1000, Loss: 0.38490164279937744
INFO:root:Epoch 780/1000, Loss: 0.36100509762763977
INFO:root:Epoch 781/1000, Loss: 0.3882518708705902
INFO:root:Epoch 782/1000, Loss: 0.3282782733440399
INFO:root:Epoch 783/1000, Loss: 0.3661295473575592
INFO:root:Epoch 784/1000, Loss: 0.39725419878959656
INFO:root:Epoch 785/1000, Loss: 0.3985751271247864
INFO:root:Epoch 786/1000, Loss: 0.3406268060207367
INFO:root:Epoch 787/1000, Loss: 0.33222585916519165
INFO:root:Epoch 788/1000, Loss: 0.3496786057949066
INFO:root:Epoch 789/1000, Loss: 0.3452345132827759
INFO:root:Epoch 790/1000, Loss: 0.4288402795791626
INFO:root:Epoch 791/1000, Loss: 0.4011645019054413
INFO:root:Epoch 792/1000, Loss: 0.3677479326725006
INFO:root:Epoch 793/1000, Loss: 0.37353092432022095
INFO:root:Epoch 794/1000, Loss: 0.4035564661026001
INFO:root:Epoch 795/1000, Loss: 0.3755180239677429
INFO:root:Epoch 796/1000, Loss: 0.3686408996582031
INFO:root:Epoch 797/1000, Loss: 0.4222370684146881
INFO:root:Epoch 798/1000, Loss: 0.375515878200531
INFO:root:Epoch 799/1000, Loss: 0.38687971234321594
INFO:root:Epoch 800/1000, Loss: 0.3843584358692169
INFO:root:Epoch 801/1000, Loss: 0.35522109270095825
INFO:root:Epoch 802/1000, Loss: 0.38841402530670166
INFO:root:Epoch 803/1000, Loss: 0.3653326630592346
INFO:root:Epoch 804/1000, Loss: 0.3659537434577942
INFO:root:Epoch 805/1000, Loss: 0.40453746914863586
INFO:root:Epoch 806/1000, Loss: 0.4180503785610199
INFO:root:Epoch 807/1000, Loss: 0.36530351638793945
INFO:root:Epoch 808/1000, Loss: 0.3702456057071686
INFO:root:Epoch 809/1000, Loss: 0.345152884721756
INFO:root:Epoch 810/1000, Loss: 0.3858761787414551
INFO:root:Epoch 811/1000, Loss: 0.3528936207294464
INFO:root:Epoch 812/1000, Loss: 0.35132065415382385
INFO:root:Epoch 813/1000, Loss: 0.39158540964126587
INFO:root:Epoch 814/1000, Loss: 0.36137959361076355
INFO:root:Epoch 815/1000, Loss: 0.33265945315361023
INFO:root:Epoch 816/1000, Loss: 0.379203736782074
INFO:root:Epoch 817/1000, Loss: 0.3640584349632263
INFO:root:Epoch 818/1000, Loss: 0.4302772581577301
INFO:root:Epoch 819/1000, Loss: 0.4050413966178894
INFO:root:Epoch 820/1000, Loss: 0.40492942929267883
INFO:root:Epoch 821/1000, Loss: 0.4060301184654236
INFO:root:Epoch 822/1000, Loss: 0.36620935797691345
INFO:root:Epoch 823/1000, Loss: 0.38312822580337524
INFO:root:Epoch 824/1000, Loss: 0.3699823319911957
INFO:root:Epoch 825/1000, Loss: 0.3199629783630371
INFO:root:Epoch 826/1000, Loss: 0.3838807940483093
INFO:root:Epoch 827/1000, Loss: 0.3718695640563965
INFO:root:Epoch 828/1000, Loss: 0.42508822679519653
INFO:root:Epoch 829/1000, Loss: 0.3253004252910614
INFO:root:Epoch 830/1000, Loss: 0.38527292013168335
INFO:root:Epoch 831/1000, Loss: 0.38370704650878906
INFO:root:Epoch 832/1000, Loss: 0.35137084126472473
INFO:root:Epoch 833/1000, Loss: 0.41227877140045166
INFO:root:Epoch 834/1000, Loss: 0.3550671935081482
INFO:root:Epoch 835/1000, Loss: 0.3726782202720642
INFO:root:Epoch 836/1000, Loss: 0.3788378834724426
INFO:root:Epoch 837/1000, Loss: 0.3975234925746918
INFO:root:Epoch 838/1000, Loss: 0.34817156195640564
INFO:root:Epoch 839/1000, Loss: 0.36885035037994385
INFO:root:Epoch 840/1000, Loss: 0.34787386655807495
INFO:root:Epoch 841/1000, Loss: 0.4550805687904358
INFO:root:Epoch 842/1000, Loss: 0.3961334228515625
INFO:root:Epoch 843/1000, Loss: 0.37231048941612244
INFO:root:Epoch 844/1000, Loss: 0.39062389731407166
INFO:root:Epoch 845/1000, Loss: 0.3939807116985321
INFO:root:Epoch 846/1000, Loss: 0.40194472670555115
INFO:root:Epoch 847/1000, Loss: 0.369789183139801
INFO:root:Epoch 848/1000, Loss: 0.34199684858322144
INFO:root:Epoch 849/1000, Loss: 0.3366636633872986
INFO:root:Epoch 850/1000, Loss: 0.36739665269851685
INFO:root:Epoch 851/1000, Loss: 0.36022382974624634
INFO:root:Epoch 852/1000, Loss: 0.43671825528144836
INFO:root:Epoch 853/1000, Loss: 0.3572152256965637
INFO:root:Epoch 854/1000, Loss: 0.3905288875102997
INFO:root:Epoch 855/1000, Loss: 0.40188026428222656
INFO:root:Epoch 856/1000, Loss: 0.37151917815208435
INFO:root:Epoch 857/1000, Loss: 0.3990801274776459
INFO:root:Epoch 858/1000, Loss: 0.3911522626876831
INFO:root:Epoch 859/1000, Loss: 0.38408857583999634
INFO:root:Epoch 860/1000, Loss: 0.35666176676750183
INFO:root:Epoch 861/1000, Loss: 0.39020034670829773
INFO:root:Epoch 862/1000, Loss: 0.3661467134952545
INFO:root:Epoch 863/1000, Loss: 0.39034903049468994
INFO:root:Epoch 864/1000, Loss: 0.3472309708595276
INFO:root:Epoch 865/1000, Loss: 0.38049113750457764
INFO:root:Epoch 866/1000, Loss: 0.4021350145339966
INFO:root:Epoch 867/1000, Loss: 0.4161372482776642
INFO:root:Epoch 868/1000, Loss: 0.38721901178359985
INFO:root:Epoch 869/1000, Loss: 0.375675767660141
INFO:root:Epoch 870/1000, Loss: 0.3411198556423187
INFO:root:Epoch 871/1000, Loss: 0.4100075662136078
INFO:root:Epoch 872/1000, Loss: 0.34894880652427673
INFO:root:Epoch 873/1000, Loss: 0.37760818004608154
INFO:root:Epoch 874/1000, Loss: 0.3905656635761261
INFO:root:Epoch 875/1000, Loss: 0.3141176998615265
INFO:root:Epoch 876/1000, Loss: 0.3936840891838074
INFO:root:Epoch 877/1000, Loss: 0.385360985994339
INFO:root:Epoch 878/1000, Loss: 0.42559993267059326
INFO:root:Epoch 879/1000, Loss: 0.34792575240135193
INFO:root:Epoch 880/1000, Loss: 0.38456669449806213
INFO:root:Epoch 881/1000, Loss: 0.3757252097129822
INFO:root:Epoch 882/1000, Loss: 0.38386422395706177
INFO:root:Epoch 883/1000, Loss: 0.3504033088684082
INFO:root:Epoch 884/1000, Loss: 0.38452383875846863
INFO:root:Epoch 885/1000, Loss: 0.3651639521121979
INFO:root:Epoch 886/1000, Loss: 0.36369210481643677
INFO:root:Epoch 887/1000, Loss: 0.3816423714160919
INFO:root:Epoch 888/1000, Loss: 0.3776283860206604
INFO:root:Epoch 889/1000, Loss: 0.36882153153419495
INFO:root:Epoch 890/1000, Loss: 0.35596024990081787
INFO:root:Epoch 891/1000, Loss: 0.3276093304157257
INFO:root:Epoch 892/1000, Loss: 0.3753023147583008
INFO:root:Epoch 893/1000, Loss: 0.3906712532043457
INFO:root:Epoch 894/1000, Loss: 0.3518218696117401
INFO:root:Epoch 895/1000, Loss: 0.3769596517086029
INFO:root:Epoch 896/1000, Loss: 0.4134674370288849
INFO:root:Epoch 897/1000, Loss: 0.39783337712287903
INFO:root:Epoch 898/1000, Loss: 0.39205679297447205
INFO:root:Epoch 899/1000, Loss: 0.3902941048145294
INFO:root:Epoch 900/1000, Loss: 0.3567482829093933
INFO:root:Epoch 901/1000, Loss: 0.37392833828926086
INFO:root:Epoch 902/1000, Loss: 0.38272008299827576
INFO:root:Epoch 903/1000, Loss: 0.38626185059547424
INFO:root:Epoch 904/1000, Loss: 0.3923753798007965
INFO:root:Epoch 905/1000, Loss: 0.3901830017566681
INFO:root:Epoch 906/1000, Loss: 0.40293073654174805
INFO:root:Epoch 907/1000, Loss: 0.3942791223526001
INFO:root:Epoch 908/1000, Loss: 0.3495882451534271
INFO:root:Epoch 909/1000, Loss: 0.37482553720474243
INFO:root:Epoch 910/1000, Loss: 0.345430850982666
INFO:root:Epoch 911/1000, Loss: 0.3834596574306488
INFO:root:Epoch 912/1000, Loss: 0.3892171084880829
INFO:root:Epoch 913/1000, Loss: 0.385030597448349
INFO:root:Epoch 914/1000, Loss: 0.3806948959827423
INFO:root:Epoch 915/1000, Loss: 0.3703593313694
INFO:root:Epoch 916/1000, Loss: 0.39549344778060913
INFO:root:Epoch 917/1000, Loss: 0.40208956599235535
INFO:root:Epoch 918/1000, Loss: 0.363491952419281
INFO:root:Epoch 919/1000, Loss: 0.34939882159233093
INFO:root:Epoch 920/1000, Loss: 0.3866420090198517
INFO:root:Epoch 921/1000, Loss: 0.37825262546539307
INFO:root:Epoch 922/1000, Loss: 0.3457447588443756
INFO:root:Epoch 923/1000, Loss: 0.35170117020606995
INFO:root:Epoch 924/1000, Loss: 0.40284109115600586
INFO:root:Epoch 925/1000, Loss: 0.3816036880016327
INFO:root:Epoch 926/1000, Loss: 0.34124284982681274
INFO:root:Epoch 927/1000, Loss: 0.4297666847705841
INFO:root:Epoch 928/1000, Loss: 0.3464631736278534
INFO:root:Epoch 929/1000, Loss: 0.37038561701774597
INFO:root:Epoch 930/1000, Loss: 0.3692907989025116
INFO:root:Epoch 931/1000, Loss: 0.4185550808906555
INFO:root:Epoch 932/1000, Loss: 0.37744981050491333
INFO:root:Epoch 933/1000, Loss: 0.3586496114730835
INFO:root:Epoch 934/1000, Loss: 0.3811701536178589
INFO:root:Epoch 935/1000, Loss: 0.3566302955150604
INFO:root:Epoch 936/1000, Loss: 0.34205082058906555
INFO:root:Epoch 937/1000, Loss: 0.3428986668586731
INFO:root:Epoch 938/1000, Loss: 0.3817029893398285
INFO:root:Epoch 939/1000, Loss: 0.3908381164073944
INFO:root:Epoch 940/1000, Loss: 0.4216921031475067
INFO:root:Epoch 941/1000, Loss: 0.37806278467178345
INFO:root:Epoch 942/1000, Loss: 0.40930086374282837
INFO:root:Epoch 943/1000, Loss: 0.376095175743103
INFO:root:Epoch 944/1000, Loss: 0.39021724462509155
INFO:root:Epoch 945/1000, Loss: 0.3604898750782013
INFO:root:Epoch 946/1000, Loss: 0.3960331380367279
INFO:root:Epoch 947/1000, Loss: 0.3412539064884186
INFO:root:Epoch 948/1000, Loss: 0.35883384943008423
INFO:root:Epoch 949/1000, Loss: 0.3918357789516449
INFO:root:Epoch 950/1000, Loss: 0.41676560044288635
INFO:root:Epoch 951/1000, Loss: 0.3621883690357208
INFO:root:Epoch 952/1000, Loss: 0.36568358540534973
INFO:root:Epoch 953/1000, Loss: 0.38885968923568726
INFO:root:Epoch 954/1000, Loss: 0.34857672452926636
INFO:root:Epoch 955/1000, Loss: 0.35992833971977234
INFO:root:Epoch 956/1000, Loss: 0.40192490816116333
INFO:root:Epoch 957/1000, Loss: 0.35661259293556213
INFO:root:Epoch 958/1000, Loss: 0.4103489816188812
INFO:root:Epoch 959/1000, Loss: 0.38373157382011414
INFO:root:Epoch 960/1000, Loss: 0.39977094531059265
INFO:root:Epoch 961/1000, Loss: 0.40910017490386963
INFO:root:Epoch 962/1000, Loss: 0.38761478662490845
INFO:root:Epoch 963/1000, Loss: 0.4116124212741852
INFO:root:Epoch 964/1000, Loss: 0.3806353807449341
INFO:root:Epoch 965/1000, Loss: 0.3684147298336029
INFO:root:Epoch 966/1000, Loss: 0.4038659334182739
INFO:root:Epoch 967/1000, Loss: 0.34731295704841614
INFO:root:Epoch 968/1000, Loss: 0.3818969428539276
INFO:root:Epoch 969/1000, Loss: 0.40268194675445557
INFO:root:Epoch 970/1000, Loss: 0.40503522753715515
INFO:root:Epoch 971/1000, Loss: 0.38600441813468933
INFO:root:Epoch 972/1000, Loss: 0.35912519693374634
INFO:root:Epoch 973/1000, Loss: 0.3737926185131073
INFO:root:Epoch 974/1000, Loss: 0.36905914545059204
INFO:root:Epoch 975/1000, Loss: 0.3652632534503937
INFO:root:Epoch 976/1000, Loss: 0.3784210979938507
INFO:root:Epoch 977/1000, Loss: 0.31612443923950195
INFO:root:Epoch 978/1000, Loss: 0.35792025923728943
INFO:root:Epoch 979/1000, Loss: 0.4053410589694977
INFO:root:Epoch 980/1000, Loss: 0.37037375569343567
INFO:root:Epoch 981/1000, Loss: 0.3545367121696472
INFO:root:Epoch 982/1000, Loss: 0.37002480030059814
INFO:root:Epoch 983/1000, Loss: 0.3753510117530823
INFO:root:Epoch 984/1000, Loss: 0.3670911192893982
INFO:root:Epoch 985/1000, Loss: 0.3719393312931061
INFO:root:Epoch 986/1000, Loss: 0.43365123867988586
INFO:root:Epoch 987/1000, Loss: 0.37930867075920105
INFO:root:Epoch 988/1000, Loss: 0.3913891613483429
INFO:root:Epoch 989/1000, Loss: 0.37428343296051025
INFO:root:Epoch 990/1000, Loss: 0.39171484112739563
INFO:root:Epoch 991/1000, Loss: 0.36933231353759766
INFO:root:Epoch 992/1000, Loss: 0.3759426772594452
INFO:root:Epoch 993/1000, Loss: 0.3607978820800781
INFO:root:Epoch 994/1000, Loss: 0.3970746099948883
INFO:root:Epoch 995/1000, Loss: 0.3681250810623169
INFO:root:Epoch 996/1000, Loss: 0.3935171365737915
INFO:root:Epoch 997/1000, Loss: 0.39221638441085815
INFO:root:Epoch 998/1000, Loss: 0.35630980134010315
INFO:root:Epoch 999/1000, Loss: 0.35302072763442993
INFO:root:Epoch 1000/1000, Loss: 0.3957369029521942
INFO:root:Training time: 111.91294503211975 seconds
