INFO:root:Configs: {'lr': 0.01, 'epochs': 800, 'batch_size': 64, 'seed': 42, 'device': 'cpu', 'optimizer': Adam (
Parameter Group 0
    amsgrad: False
    betas: (0.9, 0.999)
    capturable: False
    differentiable: False
    eps: 1e-08
    foreach: None
    fused: None
    lr: 0.01
    maximize: False
    weight_decay: 0
), 'equation': <equation.EuropeanBasketOptionCall object at 0x000001BEF7C8A300>, 'net': Net4Y(
  (input_layer): Linear(in_features=5, out_features=64, bias=True)
  (output_layer): Linear(in_features=64, out_features=5, bias=True)
  (relu): ReLU()
  (net): Net4Z(
    (input_layer): Linear(in_features=5, out_features=64, bias=True)
    (output_layer): Linear(in_features=64, out_features=5, bias=True)
    (relu): ReLU()
  )
), 'train_iter': <torch.utils.data.dataloader.DataLoader object at 0x000001BEF7F95D90>}
INFO:root:Epoch 1/800, Loss: 0.9704710245132446
INFO:root:Epoch 2/800, Loss: 0.8941693305969238
INFO:root:Epoch 3/800, Loss: 0.8308192491531372
INFO:root:Epoch 4/800, Loss: 0.7772971987724304
INFO:root:Epoch 5/800, Loss: 0.7316223382949829
INFO:root:Epoch 6/800, Loss: 0.6946267485618591
INFO:root:Epoch 7/800, Loss: 0.6690099835395813
INFO:root:Epoch 8/800, Loss: 0.6558586955070496
INFO:root:Epoch 9/800, Loss: 0.6526055335998535
INFO:root:Epoch 10/800, Loss: 0.6536657810211182
INFO:root:Epoch 11/800, Loss: 0.6556978821754456
INFO:root:Epoch 12/800, Loss: 0.657096803188324
INFO:root:Epoch 13/800, Loss: 0.6563929915428162
INFO:root:Epoch 14/800, Loss: 0.652902364730835
INFO:root:Epoch 15/800, Loss: 0.6464950442314148
INFO:root:Epoch 16/800, Loss: 0.6388068199157715
INFO:root:Epoch 17/800, Loss: 0.6309394836425781
INFO:root:Epoch 18/800, Loss: 0.6237413287162781
INFO:root:Epoch 19/800, Loss: 0.6174118518829346
INFO:root:Epoch 20/800, Loss: 0.6126666069030762
INFO:root:Epoch 21/800, Loss: 0.6084815859794617
INFO:root:Epoch 22/800, Loss: 0.6049440503120422
INFO:root:Epoch 23/800, Loss: 0.6021118760108948
INFO:root:Epoch 24/800, Loss: 0.59993577003479
INFO:root:Epoch 25/800, Loss: 0.5978240370750427
INFO:root:Epoch 26/800, Loss: 0.5957226753234863
INFO:root:Epoch 27/800, Loss: 0.5935435891151428
INFO:root:Epoch 28/800, Loss: 0.5912346243858337
INFO:root:Epoch 29/800, Loss: 0.589052140712738
INFO:root:Epoch 30/800, Loss: 0.5863084197044373
INFO:root:Epoch 31/800, Loss: 0.582917332649231
INFO:root:Epoch 32/800, Loss: 0.5802526473999023
INFO:root:Epoch 33/800, Loss: 0.5775353312492371
INFO:root:Epoch 34/800, Loss: 0.575752317905426
INFO:root:Epoch 35/800, Loss: 0.5740900635719299
INFO:root:Epoch 36/800, Loss: 0.5726161599159241
INFO:root:Epoch 37/800, Loss: 0.5710931420326233
INFO:root:Epoch 38/800, Loss: 0.5695858597755432
INFO:root:Epoch 39/800, Loss: 0.567840576171875
INFO:root:Epoch 40/800, Loss: 0.5660189986228943
INFO:root:Epoch 41/800, Loss: 0.5643710494041443
INFO:root:Epoch 42/800, Loss: 0.5625835657119751
INFO:root:Epoch 43/800, Loss: 0.5613733530044556
INFO:root:Epoch 44/800, Loss: 0.5600020885467529
INFO:root:Epoch 45/800, Loss: 0.558390736579895
INFO:root:Epoch 46/800, Loss: 0.5565910339355469
INFO:root:Epoch 47/800, Loss: 0.5551449656486511
INFO:root:Epoch 48/800, Loss: 0.5545419454574585
INFO:root:Epoch 49/800, Loss: 0.5537269115447998
INFO:root:Epoch 50/800, Loss: 0.5525291562080383
INFO:root:Epoch 51/800, Loss: 0.5515704154968262
INFO:root:Epoch 52/800, Loss: 0.5505802035331726
INFO:root:Epoch 53/800, Loss: 0.5497921109199524
INFO:root:Epoch 54/800, Loss: 0.5489039421081543
INFO:root:Epoch 55/800, Loss: 0.5480797290802002
INFO:root:Epoch 56/800, Loss: 0.5473464727401733
INFO:root:Epoch 57/800, Loss: 0.5464417934417725
INFO:root:Epoch 58/800, Loss: 0.5457199215888977
INFO:root:Epoch 59/800, Loss: 0.5450503826141357
INFO:root:Epoch 60/800, Loss: 0.5443515777587891
INFO:root:Epoch 61/800, Loss: 0.543653666973114
INFO:root:Epoch 62/800, Loss: 0.5429881811141968
INFO:root:Epoch 63/800, Loss: 0.5423891544342041
INFO:root:Epoch 64/800, Loss: 0.5418503880500793
INFO:root:Epoch 65/800, Loss: 0.5413101315498352
INFO:root:Epoch 66/800, Loss: 0.5406534075737
INFO:root:Epoch 67/800, Loss: 0.5400146245956421
INFO:root:Epoch 68/800, Loss: 0.5394087433815002
INFO:root:Epoch 69/800, Loss: 0.538709819316864
INFO:root:Epoch 70/800, Loss: 0.5382208824157715
INFO:root:Epoch 71/800, Loss: 0.5375604033470154
INFO:root:Epoch 72/800, Loss: 0.5369925498962402
INFO:root:Epoch 73/800, Loss: 0.5364128947257996
INFO:root:Epoch 74/800, Loss: 0.5356900095939636
INFO:root:Epoch 75/800, Loss: 0.5351361632347107
INFO:root:Epoch 76/800, Loss: 0.5345677733421326
INFO:root:Epoch 77/800, Loss: 0.5339371562004089
INFO:root:Epoch 78/800, Loss: 0.5332853198051453
INFO:root:Epoch 79/800, Loss: 0.5327045321464539
INFO:root:Epoch 80/800, Loss: 0.5319837331771851
INFO:root:Epoch 81/800, Loss: 0.5313332676887512
INFO:root:Epoch 82/800, Loss: 0.5306849479675293
INFO:root:Epoch 83/800, Loss: 0.5300975441932678
INFO:root:Epoch 84/800, Loss: 0.5293700695037842
INFO:root:Epoch 85/800, Loss: 0.5287183523178101
INFO:root:Epoch 86/800, Loss: 0.5279194712638855
INFO:root:Epoch 87/800, Loss: 0.5275653004646301
INFO:root:Epoch 88/800, Loss: 0.526687502861023
INFO:root:Epoch 89/800, Loss: 0.5260671973228455
INFO:root:Epoch 90/800, Loss: 0.5255248546600342
INFO:root:Epoch 91/800, Loss: 0.5244805216789246
INFO:root:Epoch 92/800, Loss: 0.5238433480262756
INFO:root:Epoch 93/800, Loss: 0.5230987668037415
INFO:root:Epoch 94/800, Loss: 0.5221009254455566
INFO:root:Epoch 95/800, Loss: 0.5215957760810852
INFO:root:Epoch 96/800, Loss: 0.5204617977142334
INFO:root:Epoch 97/800, Loss: 0.5198721289634705
INFO:root:Epoch 98/800, Loss: 0.5189334154129028
INFO:root:Epoch 99/800, Loss: 0.5181236863136292
INFO:root:Epoch 100/800, Loss: 0.5174199938774109
INFO:root:Epoch 101/800, Loss: 0.5163095593452454
INFO:root:Epoch 102/800, Loss: 0.5157473087310791
INFO:root:Epoch 103/800, Loss: 0.5147216320037842
INFO:root:Epoch 104/800, Loss: 0.5140072107315063
INFO:root:Epoch 105/800, Loss: 0.5129667520523071
INFO:root:Epoch 106/800, Loss: 0.5122244358062744
INFO:root:Epoch 107/800, Loss: 0.5113637447357178
INFO:root:Epoch 108/800, Loss: 0.5103280544281006
INFO:root:Epoch 109/800, Loss: 0.5097173452377319
INFO:root:Epoch 110/800, Loss: 0.5088509321212769
INFO:root:Epoch 111/800, Loss: 0.5078883171081543
INFO:root:Epoch 112/800, Loss: 0.5069373846054077
INFO:root:Epoch 113/800, Loss: 0.5060920119285583
INFO:root:Epoch 114/800, Loss: 0.5051052570343018
INFO:root:Epoch 115/800, Loss: 0.5042449831962585
INFO:root:Epoch 116/800, Loss: 0.5032524466514587
INFO:root:Epoch 117/800, Loss: 0.5022727847099304
INFO:root:Epoch 118/800, Loss: 0.5013386011123657
INFO:root:Epoch 119/800, Loss: 0.5004332065582275
INFO:root:Epoch 120/800, Loss: 0.4994274377822876
INFO:root:Epoch 121/800, Loss: 0.49842047691345215
INFO:root:Epoch 122/800, Loss: 0.49737221002578735
INFO:root:Epoch 123/800, Loss: 0.49633166193962097
INFO:root:Epoch 124/800, Loss: 0.495093435049057
INFO:root:Epoch 125/800, Loss: 0.49397894740104675
INFO:root:Epoch 126/800, Loss: 0.49285688996315
INFO:root:Epoch 127/800, Loss: 0.4917176067829132
INFO:root:Epoch 128/800, Loss: 0.49071505665779114
INFO:root:Epoch 129/800, Loss: 0.48941534757614136
INFO:root:Epoch 130/800, Loss: 0.4882477819919586
INFO:root:Epoch 131/800, Loss: 0.4870106875896454
INFO:root:Epoch 132/800, Loss: 0.4858359396457672
INFO:root:Epoch 133/800, Loss: 0.4846945106983185
INFO:root:Epoch 134/800, Loss: 0.4833642244338989
INFO:root:Epoch 135/800, Loss: 0.48213204741477966
INFO:root:Epoch 136/800, Loss: 0.4809415340423584
INFO:root:Epoch 137/800, Loss: 0.4797176718711853
INFO:root:Epoch 138/800, Loss: 0.47845134139060974
INFO:root:Epoch 139/800, Loss: 0.4772433042526245
INFO:root:Epoch 140/800, Loss: 0.4759090542793274
INFO:root:Epoch 141/800, Loss: 0.47461917996406555
INFO:root:Epoch 142/800, Loss: 0.4734148383140564
INFO:root:Epoch 143/800, Loss: 0.47209545969963074
INFO:root:Epoch 144/800, Loss: 0.47058621048927307
INFO:root:Epoch 145/800, Loss: 0.4693394601345062
INFO:root:Epoch 146/800, Loss: 0.46789100766181946
INFO:root:Epoch 147/800, Loss: 0.4664982557296753
INFO:root:Epoch 148/800, Loss: 0.4652763307094574
INFO:root:Epoch 149/800, Loss: 0.4638936519622803
INFO:root:Epoch 150/800, Loss: 0.4627339839935303
INFO:root:Epoch 151/800, Loss: 0.4613379240036011
INFO:root:Epoch 152/800, Loss: 0.4599051773548126
INFO:root:Epoch 153/800, Loss: 0.4588022232055664
INFO:root:Epoch 154/800, Loss: 0.45739614963531494
INFO:root:Epoch 155/800, Loss: 0.4561319649219513
INFO:root:Epoch 156/800, Loss: 0.45461925864219666
INFO:root:Epoch 157/800, Loss: 0.4535008370876312
INFO:root:Epoch 158/800, Loss: 0.4520243704319
INFO:root:Epoch 159/800, Loss: 0.4505607485771179
INFO:root:Epoch 160/800, Loss: 0.4491351842880249
INFO:root:Epoch 161/800, Loss: 0.44782981276512146
INFO:root:Epoch 162/800, Loss: 0.446257084608078
INFO:root:Epoch 163/800, Loss: 0.44506344199180603
INFO:root:Epoch 164/800, Loss: 0.44346293807029724
INFO:root:Epoch 165/800, Loss: 0.4421224594116211
INFO:root:Epoch 166/800, Loss: 0.4406541883945465
INFO:root:Epoch 167/800, Loss: 0.4394311010837555
INFO:root:Epoch 168/800, Loss: 0.4380764067173004
INFO:root:Epoch 169/800, Loss: 0.4365939795970917
INFO:root:Epoch 170/800, Loss: 0.4355272650718689
INFO:root:Epoch 171/800, Loss: 0.4338199496269226
INFO:root:Epoch 172/800, Loss: 0.4325515627861023
INFO:root:Epoch 173/800, Loss: 0.4311840832233429
INFO:root:Epoch 174/800, Loss: 0.42934074997901917
INFO:root:Epoch 175/800, Loss: 0.42811083793640137
INFO:root:Epoch 176/800, Loss: 0.4266808331012726
INFO:root:Epoch 177/800, Loss: 0.4249894320964813
INFO:root:Epoch 178/800, Loss: 0.4236413538455963
INFO:root:Epoch 179/800, Loss: 0.4221663177013397
INFO:root:Epoch 180/800, Loss: 0.42076942324638367
INFO:root:Epoch 181/800, Loss: 0.41966918110847473
INFO:root:Epoch 182/800, Loss: 0.41811031103134155
INFO:root:Epoch 183/800, Loss: 0.41680365800857544
INFO:root:Epoch 184/800, Loss: 0.4155457317829132
INFO:root:Epoch 185/800, Loss: 0.4141668975353241
INFO:root:Epoch 186/800, Loss: 0.4129442274570465
INFO:root:Epoch 187/800, Loss: 0.41140511631965637
INFO:root:Epoch 188/800, Loss: 0.41009485721588135
INFO:root:Epoch 189/800, Loss: 0.4089723527431488
INFO:root:Epoch 190/800, Loss: 0.4076278805732727
INFO:root:Epoch 191/800, Loss: 0.4061918258666992
INFO:root:Epoch 192/800, Loss: 0.4048970937728882
INFO:root:Epoch 193/800, Loss: 0.40380945801734924
INFO:root:Epoch 194/800, Loss: 0.40242260694503784
INFO:root:Epoch 195/800, Loss: 0.4012923538684845
INFO:root:Epoch 196/800, Loss: 0.4001084864139557
INFO:root:Epoch 197/800, Loss: 0.3989284932613373
INFO:root:Epoch 198/800, Loss: 0.3981260359287262
INFO:root:Epoch 199/800, Loss: 0.39686158299446106
INFO:root:Epoch 200/800, Loss: 0.39579764008522034
INFO:root:Epoch 201/800, Loss: 0.39448726177215576
INFO:root:Epoch 202/800, Loss: 0.393962025642395
INFO:root:Epoch 203/800, Loss: 0.3928423225879669
INFO:root:Epoch 204/800, Loss: 0.39136847853660583
INFO:root:Epoch 205/800, Loss: 0.39038336277008057
INFO:root:Epoch 206/800, Loss: 0.39002037048339844
INFO:root:Epoch 207/800, Loss: 0.388803094625473
INFO:root:Epoch 208/800, Loss: 0.3879437744617462
INFO:root:Epoch 209/800, Loss: 0.38688281178474426
INFO:root:Epoch 210/800, Loss: 0.38583269715309143
INFO:root:Epoch 211/800, Loss: 0.384475439786911
INFO:root:Epoch 212/800, Loss: 0.3836508095264435
INFO:root:Epoch 213/800, Loss: 0.382674902677536
INFO:root:Epoch 214/800, Loss: 0.38169723749160767
INFO:root:Epoch 215/800, Loss: 0.38106727600097656
INFO:root:Epoch 216/800, Loss: 0.37979447841644287
INFO:root:Epoch 217/800, Loss: 0.379508376121521
INFO:root:Epoch 218/800, Loss: 0.37819263339042664
INFO:root:Epoch 219/800, Loss: 0.37754711508750916
INFO:root:Epoch 220/800, Loss: 0.37643325328826904
INFO:root:Epoch 221/800, Loss: 0.37548887729644775
INFO:root:Epoch 222/800, Loss: 0.3746930658817291
INFO:root:Epoch 223/800, Loss: 0.37421345710754395
INFO:root:Epoch 224/800, Loss: 0.37340256571769714
INFO:root:Epoch 225/800, Loss: 0.3727151155471802
INFO:root:Epoch 226/800, Loss: 0.37148475646972656
INFO:root:Epoch 227/800, Loss: 0.3708837032318115
INFO:root:Epoch 228/800, Loss: 0.3701632618904114
INFO:root:Epoch 229/800, Loss: 0.3696717321872711
INFO:root:Epoch 230/800, Loss: 0.36891892552375793
INFO:root:Epoch 231/800, Loss: 0.36799392104148865
INFO:root:Epoch 232/800, Loss: 0.3671053349971771
INFO:root:Epoch 233/800, Loss: 0.36598944664001465
INFO:root:Epoch 234/800, Loss: 0.3657929301261902
INFO:root:Epoch 235/800, Loss: 0.3651762902736664
INFO:root:Epoch 236/800, Loss: 0.3640296161174774
INFO:root:Epoch 237/800, Loss: 0.3634156882762909
INFO:root:Epoch 238/800, Loss: 0.36274755001068115
INFO:root:Epoch 239/800, Loss: 0.36205142736434937
INFO:root:Epoch 240/800, Loss: 0.3608875274658203
INFO:root:Epoch 241/800, Loss: 0.36015334725379944
INFO:root:Epoch 242/800, Loss: 0.35929083824157715
INFO:root:Epoch 243/800, Loss: 0.3586597442626953
INFO:root:Epoch 244/800, Loss: 0.3579082787036896
INFO:root:Epoch 245/800, Loss: 0.35699501633644104
INFO:root:Epoch 246/800, Loss: 0.35588034987449646
INFO:root:Epoch 247/800, Loss: 0.355300635099411
INFO:root:Epoch 248/800, Loss: 0.35498368740081787
INFO:root:Epoch 249/800, Loss: 0.35393252968788147
INFO:root:Epoch 250/800, Loss: 0.35314372181892395
INFO:root:Epoch 251/800, Loss: 0.35261958837509155
INFO:root:Epoch 252/800, Loss: 0.3522702157497406
INFO:root:Epoch 253/800, Loss: 0.3512924909591675
INFO:root:Epoch 254/800, Loss: 0.3507072925567627
INFO:root:Epoch 255/800, Loss: 0.349481463432312
INFO:root:Epoch 256/800, Loss: 0.3494434654712677
INFO:root:Epoch 257/800, Loss: 0.3484334647655487
INFO:root:Epoch 258/800, Loss: 0.3478911519050598
INFO:root:Epoch 259/800, Loss: 0.3467554748058319
INFO:root:Epoch 260/800, Loss: 0.34659743309020996
INFO:root:Epoch 261/800, Loss: 0.34589484333992004
INFO:root:Epoch 262/800, Loss: 0.3451371490955353
INFO:root:Epoch 263/800, Loss: 0.3447945713996887
INFO:root:Epoch 264/800, Loss: 0.34354206919670105
INFO:root:Epoch 265/800, Loss: 0.3429057002067566
INFO:root:Epoch 266/800, Loss: 0.34211277961730957
INFO:root:Epoch 267/800, Loss: 0.3424434959888458
INFO:root:Epoch 268/800, Loss: 0.3415464758872986
INFO:root:Epoch 269/800, Loss: 0.3406141698360443
INFO:root:Epoch 270/800, Loss: 0.34002572298049927
INFO:root:Epoch 271/800, Loss: 0.3389025032520294
INFO:root:Epoch 272/800, Loss: 0.33921313285827637
INFO:root:Epoch 273/800, Loss: 0.33845943212509155
INFO:root:Epoch 274/800, Loss: 0.33724144101142883
INFO:root:Epoch 275/800, Loss: 0.3362962305545807
INFO:root:Epoch 276/800, Loss: 0.33590903878211975
INFO:root:Epoch 277/800, Loss: 0.3355020582675934
INFO:root:Epoch 278/800, Loss: 0.3345862329006195
INFO:root:Epoch 279/800, Loss: 0.3338853120803833
INFO:root:Epoch 280/800, Loss: 0.33333396911621094
INFO:root:Epoch 281/800, Loss: 0.33292290568351746
INFO:root:Epoch 282/800, Loss: 0.33205729722976685
INFO:root:Epoch 283/800, Loss: 0.33207589387893677
INFO:root:Epoch 284/800, Loss: 0.33070847392082214
INFO:root:Epoch 285/800, Loss: 0.33036577701568604
INFO:root:Epoch 286/800, Loss: 0.32952773571014404
INFO:root:Epoch 287/800, Loss: 0.3291296362876892
INFO:root:Epoch 288/800, Loss: 0.3282572031021118
INFO:root:Epoch 289/800, Loss: 0.3274712860584259
INFO:root:Epoch 290/800, Loss: 0.32713180780410767
INFO:root:Epoch 291/800, Loss: 0.32664984464645386
INFO:root:Epoch 292/800, Loss: 0.3258395791053772
INFO:root:Epoch 293/800, Loss: 0.3251684904098511
INFO:root:Epoch 294/800, Loss: 0.324965238571167
INFO:root:Epoch 295/800, Loss: 0.325406938791275
INFO:root:Epoch 296/800, Loss: 0.3251034915447235
INFO:root:Epoch 297/800, Loss: 0.32356736063957214
INFO:root:Epoch 298/800, Loss: 0.32414671778678894
INFO:root:Epoch 299/800, Loss: 0.32428085803985596
INFO:root:Epoch 300/800, Loss: 0.3233864903450012
INFO:root:Epoch 301/800, Loss: 0.32197096943855286
INFO:root:Epoch 302/800, Loss: 0.32200101017951965
INFO:root:Epoch 303/800, Loss: 0.3206077814102173
INFO:root:Epoch 304/800, Loss: 0.3204040825366974
INFO:root:Epoch 305/800, Loss: 0.31938207149505615
INFO:root:Epoch 306/800, Loss: 0.3195516765117645
INFO:root:Epoch 307/800, Loss: 0.3187769055366516
INFO:root:Epoch 308/800, Loss: 0.3179766535758972
INFO:root:Epoch 309/800, Loss: 0.31758955121040344
INFO:root:Epoch 310/800, Loss: 0.31736278533935547
INFO:root:Epoch 311/800, Loss: 0.31689953804016113
INFO:root:Epoch 312/800, Loss: 0.3162122964859009
INFO:root:Epoch 313/800, Loss: 0.31533682346343994
INFO:root:Epoch 314/800, Loss: 0.31577953696250916
INFO:root:Epoch 315/800, Loss: 0.31530308723449707
INFO:root:Epoch 316/800, Loss: 0.3146721124649048
INFO:root:Epoch 317/800, Loss: 0.31305426359176636
INFO:root:Epoch 318/800, Loss: 0.31372591853141785
INFO:root:Epoch 319/800, Loss: 0.3124115467071533
INFO:root:Epoch 320/800, Loss: 0.31234070658683777
INFO:root:Epoch 321/800, Loss: 0.3119683265686035
INFO:root:Epoch 322/800, Loss: 0.3109748959541321
INFO:root:Epoch 323/800, Loss: 0.31098446249961853
INFO:root:Epoch 324/800, Loss: 0.31009846925735474
INFO:root:Epoch 325/800, Loss: 0.3100253641605377
INFO:root:Epoch 326/800, Loss: 0.3091678321361542
INFO:root:Epoch 327/800, Loss: 0.3094366788864136
INFO:root:Epoch 328/800, Loss: 0.3087674677371979
INFO:root:Epoch 329/800, Loss: 0.3083229064941406
INFO:root:Epoch 330/800, Loss: 0.30754202604293823
INFO:root:Epoch 331/800, Loss: 0.3071046769618988
INFO:root:Epoch 332/800, Loss: 0.30667561292648315
INFO:root:Epoch 333/800, Loss: 0.30626732110977173
INFO:root:Epoch 334/800, Loss: 0.30599117279052734
INFO:root:Epoch 335/800, Loss: 0.3052571415901184
INFO:root:Epoch 336/800, Loss: 0.3054147958755493
INFO:root:Epoch 337/800, Loss: 0.30484023690223694
INFO:root:Epoch 338/800, Loss: 0.30392763018608093
INFO:root:Epoch 339/800, Loss: 0.30356407165527344
INFO:root:Epoch 340/800, Loss: 0.30367133021354675
INFO:root:Epoch 341/800, Loss: 0.3034820258617401
INFO:root:Epoch 342/800, Loss: 0.3025459349155426
INFO:root:Epoch 343/800, Loss: 0.30143576860427856
INFO:root:Epoch 344/800, Loss: 0.3015439510345459
INFO:root:Epoch 345/800, Loss: 0.3010544180870056
INFO:root:Epoch 346/800, Loss: 0.3007264733314514
INFO:root:Epoch 347/800, Loss: 0.30013853311538696
INFO:root:Epoch 348/800, Loss: 0.29929661750793457
INFO:root:Epoch 349/800, Loss: 0.29889488220214844
INFO:root:Epoch 350/800, Loss: 0.29916074872016907
INFO:root:Epoch 351/800, Loss: 0.29949596524238586
INFO:root:Epoch 352/800, Loss: 0.29857388138771057
INFO:root:Epoch 353/800, Loss: 0.29774412512779236
INFO:root:Epoch 354/800, Loss: 0.29778969287872314
INFO:root:Epoch 355/800, Loss: 0.2977443337440491
INFO:root:Epoch 356/800, Loss: 0.29651060700416565
INFO:root:Epoch 357/800, Loss: 0.29633939266204834
INFO:root:Epoch 358/800, Loss: 0.29535457491874695
INFO:root:Epoch 359/800, Loss: 0.2955832779407501
INFO:root:Epoch 360/800, Loss: 0.2948903739452362
INFO:root:Epoch 361/800, Loss: 0.29514747858047485
INFO:root:Epoch 362/800, Loss: 0.29466551542282104
INFO:root:Epoch 363/800, Loss: 0.294756144285202
INFO:root:Epoch 364/800, Loss: 0.2936837673187256
INFO:root:Epoch 365/800, Loss: 0.29315507411956787
INFO:root:Epoch 366/800, Loss: 0.29285183548927307
INFO:root:Epoch 367/800, Loss: 0.29251354932785034
INFO:root:Epoch 368/800, Loss: 0.2914489507675171
INFO:root:Epoch 369/800, Loss: 0.2914387583732605
INFO:root:Epoch 370/800, Loss: 0.29119470715522766
INFO:root:Epoch 371/800, Loss: 0.29068607091903687
INFO:root:Epoch 372/800, Loss: 0.2900242507457733
INFO:root:Epoch 373/800, Loss: 0.2892899513244629
INFO:root:Epoch 374/800, Loss: 0.28920912742614746
INFO:root:Epoch 375/800, Loss: 0.2890942096710205
INFO:root:Epoch 376/800, Loss: 0.2883898615837097
INFO:root:Epoch 377/800, Loss: 0.2874366044998169
INFO:root:Epoch 378/800, Loss: 0.2870541214942932
INFO:root:Epoch 379/800, Loss: 0.28731682896614075
INFO:root:Epoch 380/800, Loss: 0.28677356243133545
INFO:root:Epoch 381/800, Loss: 0.28605639934539795
INFO:root:Epoch 382/800, Loss: 0.28573811054229736
INFO:root:Epoch 383/800, Loss: 0.2854539155960083
INFO:root:Epoch 384/800, Loss: 0.2850843369960785
INFO:root:Epoch 385/800, Loss: 0.2843668460845947
INFO:root:Epoch 386/800, Loss: 0.2842986583709717
INFO:root:Epoch 387/800, Loss: 0.28321635723114014
INFO:root:Epoch 388/800, Loss: 0.28344762325286865
INFO:root:Epoch 389/800, Loss: 0.28291481733322144
INFO:root:Epoch 390/800, Loss: 0.2821413576602936
INFO:root:Epoch 391/800, Loss: 0.28217244148254395
INFO:root:Epoch 392/800, Loss: 0.28158900141716003
INFO:root:Epoch 393/800, Loss: 0.2819042503833771
INFO:root:Epoch 394/800, Loss: 0.28110170364379883
INFO:root:Epoch 395/800, Loss: 0.2803986370563507
INFO:root:Epoch 396/800, Loss: 0.28046175837516785
INFO:root:Epoch 397/800, Loss: 0.2804185152053833
INFO:root:Epoch 398/800, Loss: 0.28017979860305786
INFO:root:Epoch 399/800, Loss: 0.2787468433380127
INFO:root:Epoch 400/800, Loss: 0.27834194898605347
INFO:root:Epoch 401/800, Loss: 0.2774515151977539
INFO:root:Epoch 402/800, Loss: 0.27697083353996277
INFO:root:Epoch 403/800, Loss: 0.2770936191082001
INFO:root:Epoch 404/800, Loss: 0.27649542689323425
INFO:root:Epoch 405/800, Loss: 0.2758546769618988
INFO:root:Epoch 406/800, Loss: 0.27538520097732544
INFO:root:Epoch 407/800, Loss: 0.27482661604881287
INFO:root:Epoch 408/800, Loss: 0.2744411826133728
INFO:root:Epoch 409/800, Loss: 0.2739722728729248
INFO:root:Epoch 410/800, Loss: 0.27373549342155457
INFO:root:Epoch 411/800, Loss: 0.27338168025016785
INFO:root:Epoch 412/800, Loss: 0.27347806096076965
INFO:root:Epoch 413/800, Loss: 0.2723579406738281
INFO:root:Epoch 414/800, Loss: 0.2730099558830261
INFO:root:Epoch 415/800, Loss: 0.2717350721359253
INFO:root:Epoch 416/800, Loss: 0.27137473225593567
INFO:root:Epoch 417/800, Loss: 0.2708157002925873
INFO:root:Epoch 418/800, Loss: 0.27074551582336426
INFO:root:Epoch 419/800, Loss: 0.2703486382961273
INFO:root:Epoch 420/800, Loss: 0.2705191969871521
INFO:root:Epoch 421/800, Loss: 0.2713235318660736
INFO:root:Epoch 422/800, Loss: 0.2709454894065857
INFO:root:Epoch 423/800, Loss: 0.26870763301849365
INFO:root:Epoch 424/800, Loss: 0.26818224787712097
INFO:root:Epoch 425/800, Loss: 0.26869937777519226
INFO:root:Epoch 426/800, Loss: 0.26822224259376526
INFO:root:Epoch 427/800, Loss: 0.267538845539093
INFO:root:Epoch 428/800, Loss: 0.2668629586696625
INFO:root:Epoch 429/800, Loss: 0.26614272594451904
INFO:root:Epoch 430/800, Loss: 0.2662319839000702
INFO:root:Epoch 431/800, Loss: 0.26605331897735596
INFO:root:Epoch 432/800, Loss: 0.2649904489517212
INFO:root:Epoch 433/800, Loss: 0.2657015025615692
INFO:root:Epoch 434/800, Loss: 0.26440632343292236
INFO:root:Epoch 435/800, Loss: 0.2652477025985718
INFO:root:Epoch 436/800, Loss: 0.26572275161743164
INFO:root:Epoch 437/800, Loss: 0.2647842466831207
INFO:root:Epoch 438/800, Loss: 0.26336249709129333
INFO:root:Epoch 439/800, Loss: 0.26314204931259155
INFO:root:Epoch 440/800, Loss: 0.2627485394477844
INFO:root:Epoch 441/800, Loss: 0.26278311014175415
INFO:root:Epoch 442/800, Loss: 0.2620129883289337
INFO:root:Epoch 443/800, Loss: 0.2618643641471863
INFO:root:Epoch 444/800, Loss: 0.26087021827697754
INFO:root:Epoch 445/800, Loss: 0.26167258620262146
INFO:root:Epoch 446/800, Loss: 0.2602488398551941
INFO:root:Epoch 447/800, Loss: 0.2606790065765381
INFO:root:Epoch 448/800, Loss: 0.2593158781528473
INFO:root:Epoch 449/800, Loss: 0.25937533378601074
INFO:root:Epoch 450/800, Loss: 0.2589460611343384
INFO:root:Epoch 451/800, Loss: 0.2591080367565155
INFO:root:Epoch 452/800, Loss: 0.2580190598964691
INFO:root:Epoch 453/800, Loss: 0.25747406482696533
INFO:root:Epoch 454/800, Loss: 0.2570253610610962
INFO:root:Epoch 455/800, Loss: 0.2564314305782318
INFO:root:Epoch 456/800, Loss: 0.2560158967971802
INFO:root:Epoch 457/800, Loss: 0.2558954954147339
INFO:root:Epoch 458/800, Loss: 0.2559848129749298
INFO:root:Epoch 459/800, Loss: 0.256413072347641
INFO:root:Epoch 460/800, Loss: 0.25504398345947266
INFO:root:Epoch 461/800, Loss: 0.25417596101760864
INFO:root:Epoch 462/800, Loss: 0.25520002841949463
INFO:root:Epoch 463/800, Loss: 0.25680866837501526
INFO:root:Epoch 464/800, Loss: 0.2544688880443573
INFO:root:Epoch 465/800, Loss: 0.25280582904815674
INFO:root:Epoch 466/800, Loss: 0.2548331618309021
INFO:root:Epoch 467/800, Loss: 0.25407731533050537
INFO:root:Epoch 468/800, Loss: 0.2523537576198578
INFO:root:Epoch 469/800, Loss: 0.2516935169696808
INFO:root:Epoch 470/800, Loss: 0.25218451023101807
INFO:root:Epoch 471/800, Loss: 0.25218379497528076
INFO:root:Epoch 472/800, Loss: 0.25120431184768677
INFO:root:Epoch 473/800, Loss: 0.24964876472949982
INFO:root:Epoch 474/800, Loss: 0.250013530254364
INFO:root:Epoch 475/800, Loss: 0.2511729896068573
INFO:root:Epoch 476/800, Loss: 0.2515530586242676
INFO:root:Epoch 477/800, Loss: 0.24939292669296265
INFO:root:Epoch 478/800, Loss: 0.2488444298505783
INFO:root:Epoch 479/800, Loss: 0.24909132719039917
INFO:root:Epoch 480/800, Loss: 0.24912184476852417
INFO:root:Epoch 481/800, Loss: 0.24779842793941498
INFO:root:Epoch 482/800, Loss: 0.24751818180084229
INFO:root:Epoch 483/800, Loss: 0.2458973377943039
INFO:root:Epoch 484/800, Loss: 0.24642278254032135
INFO:root:Epoch 485/800, Loss: 0.24621014297008514
INFO:root:Epoch 486/800, Loss: 0.2460314929485321
INFO:root:Epoch 487/800, Loss: 0.24487216770648956
INFO:root:Epoch 488/800, Loss: 0.24405471980571747
INFO:root:Epoch 489/800, Loss: 0.24449478089809418
INFO:root:Epoch 490/800, Loss: 0.24382495880126953
INFO:root:Epoch 491/800, Loss: 0.24282515048980713
INFO:root:Epoch 492/800, Loss: 0.24201856553554535
INFO:root:Epoch 493/800, Loss: 0.24226467311382294
INFO:root:Epoch 494/800, Loss: 0.24191398918628693
INFO:root:Epoch 495/800, Loss: 0.24122551083564758
INFO:root:Epoch 496/800, Loss: 0.24091491103172302
INFO:root:Epoch 497/800, Loss: 0.23995108902454376
INFO:root:Epoch 498/800, Loss: 0.2396974116563797
INFO:root:Epoch 499/800, Loss: 0.2391926646232605
INFO:root:Epoch 500/800, Loss: 0.2384776622056961
INFO:root:Epoch 501/800, Loss: 0.23844043910503387
INFO:root:Epoch 502/800, Loss: 0.23828011751174927
INFO:root:Epoch 503/800, Loss: 0.23768121004104614
INFO:root:Epoch 504/800, Loss: 0.23755986988544464
INFO:root:Epoch 505/800, Loss: 0.23666033148765564
INFO:root:Epoch 506/800, Loss: 0.23655618727207184
INFO:root:Epoch 507/800, Loss: 0.23606429994106293
INFO:root:Epoch 508/800, Loss: 0.23577110469341278
INFO:root:Epoch 509/800, Loss: 0.23531948029994965
INFO:root:Epoch 510/800, Loss: 0.23587343096733093
INFO:root:Epoch 511/800, Loss: 0.2350684404373169
INFO:root:Epoch 512/800, Loss: 0.23527881503105164
INFO:root:Epoch 513/800, Loss: 0.23422613739967346
INFO:root:Epoch 514/800, Loss: 0.23433467745780945
INFO:root:Epoch 515/800, Loss: 0.23389047384262085
INFO:root:Epoch 516/800, Loss: 0.2330392301082611
INFO:root:Epoch 517/800, Loss: 0.2332090139389038
INFO:root:Epoch 518/800, Loss: 0.23304423689842224
INFO:root:Epoch 519/800, Loss: 0.2318289428949356
INFO:root:Epoch 520/800, Loss: 0.23213034868240356
INFO:root:Epoch 521/800, Loss: 0.23187780380249023
INFO:root:Epoch 522/800, Loss: 0.23215806484222412
INFO:root:Epoch 523/800, Loss: 0.2322169840335846
INFO:root:Epoch 524/800, Loss: 0.23028607666492462
INFO:root:Epoch 525/800, Loss: 0.23106372356414795
INFO:root:Epoch 526/800, Loss: 0.23115362226963043
INFO:root:Epoch 527/800, Loss: 0.23122349381446838
INFO:root:Epoch 528/800, Loss: 0.2291099727153778
INFO:root:Epoch 529/800, Loss: 0.2283269464969635
INFO:root:Epoch 530/800, Loss: 0.22796905040740967
INFO:root:Epoch 531/800, Loss: 0.22825506329536438
INFO:root:Epoch 532/800, Loss: 0.22829239070415497
INFO:root:Epoch 533/800, Loss: 0.22725798189640045
INFO:root:Epoch 534/800, Loss: 0.2262369692325592
INFO:root:Epoch 535/800, Loss: 0.2257460206747055
INFO:root:Epoch 536/800, Loss: 0.2262788712978363
INFO:root:Epoch 537/800, Loss: 0.2261163741350174
INFO:root:Epoch 538/800, Loss: 0.22559520602226257
INFO:root:Epoch 539/800, Loss: 0.22469951212406158
INFO:root:Epoch 540/800, Loss: 0.2241823971271515
INFO:root:Epoch 541/800, Loss: 0.22463837265968323
INFO:root:Epoch 542/800, Loss: 0.2249182164669037
INFO:root:Epoch 543/800, Loss: 0.22389821708202362
INFO:root:Epoch 544/800, Loss: 0.2231011837720871
INFO:root:Epoch 545/800, Loss: 0.22262513637542725
INFO:root:Epoch 546/800, Loss: 0.2229623943567276
INFO:root:Epoch 547/800, Loss: 0.2236187607049942
INFO:root:Epoch 548/800, Loss: 0.2226409763097763
INFO:root:Epoch 549/800, Loss: 0.22160623967647552
INFO:root:Epoch 550/800, Loss: 0.2211207151412964
INFO:root:Epoch 551/800, Loss: 0.22083288431167603
INFO:root:Epoch 552/800, Loss: 0.2208501398563385
INFO:root:Epoch 553/800, Loss: 0.22019046545028687
INFO:root:Epoch 554/800, Loss: 0.2199573516845703
INFO:root:Epoch 555/800, Loss: 0.21903759241104126
INFO:root:Epoch 556/800, Loss: 0.21914558112621307
INFO:root:Epoch 557/800, Loss: 0.21933090686798096
INFO:root:Epoch 558/800, Loss: 0.21867123246192932
INFO:root:Epoch 559/800, Loss: 0.21838751435279846
INFO:root:Epoch 560/800, Loss: 0.2177072912454605
INFO:root:Epoch 561/800, Loss: 0.21730585396289825
INFO:root:Epoch 562/800, Loss: 0.21726812422275543
INFO:root:Epoch 563/800, Loss: 0.2163964807987213
INFO:root:Epoch 564/800, Loss: 0.21631206572055817
INFO:root:Epoch 565/800, Loss: 0.21592773497104645
INFO:root:Epoch 566/800, Loss: 0.2155970335006714
INFO:root:Epoch 567/800, Loss: 0.21596717834472656
INFO:root:Epoch 568/800, Loss: 0.2159280925989151
INFO:root:Epoch 569/800, Loss: 0.21550071239471436
INFO:root:Epoch 570/800, Loss: 0.2143775224685669
INFO:root:Epoch 571/800, Loss: 0.21410499513149261
INFO:root:Epoch 572/800, Loss: 0.214629665017128
INFO:root:Epoch 573/800, Loss: 0.21534791588783264
INFO:root:Epoch 574/800, Loss: 0.21561744809150696
INFO:root:Epoch 575/800, Loss: 0.2133253812789917
INFO:root:Epoch 576/800, Loss: 0.21237018704414368
INFO:root:Epoch 577/800, Loss: 0.21326595544815063
INFO:root:Epoch 578/800, Loss: 0.2148372232913971
INFO:root:Epoch 579/800, Loss: 0.21272338926792145
INFO:root:Epoch 580/800, Loss: 0.2113753706216812
INFO:root:Epoch 581/800, Loss: 0.2118913233280182
INFO:root:Epoch 582/800, Loss: 0.2115911841392517
INFO:root:Epoch 583/800, Loss: 0.21084941923618317
INFO:root:Epoch 584/800, Loss: 0.21014522016048431
INFO:root:Epoch 585/800, Loss: 0.21072116494178772
INFO:root:Epoch 586/800, Loss: 0.2118929922580719
INFO:root:Epoch 587/800, Loss: 0.21058350801467896
INFO:root:Epoch 588/800, Loss: 0.20992259681224823
INFO:root:Epoch 589/800, Loss: 0.20841515064239502
INFO:root:Epoch 590/800, Loss: 0.2097174972295761
INFO:root:Epoch 591/800, Loss: 0.2088385373353958
INFO:root:Epoch 592/800, Loss: 0.2078162580728531
INFO:root:Epoch 593/800, Loss: 0.20691606402397156
INFO:root:Epoch 594/800, Loss: 0.2075967639684677
INFO:root:Epoch 595/800, Loss: 0.2078159749507904
INFO:root:Epoch 596/800, Loss: 0.20675064623355865
INFO:root:Epoch 597/800, Loss: 0.205516055226326
INFO:root:Epoch 598/800, Loss: 0.20560795068740845
INFO:root:Epoch 599/800, Loss: 0.20613859593868256
INFO:root:Epoch 600/800, Loss: 0.2058425098657608
INFO:root:Epoch 601/800, Loss: 0.20474499464035034
INFO:root:Epoch 602/800, Loss: 0.20385871827602386
INFO:root:Epoch 603/800, Loss: 0.20343118906021118
INFO:root:Epoch 604/800, Loss: 0.20338574051856995
INFO:root:Epoch 605/800, Loss: 0.20391356945037842
INFO:root:Epoch 606/800, Loss: 0.20333316922187805
INFO:root:Epoch 607/800, Loss: 0.20275110006332397
INFO:root:Epoch 608/800, Loss: 0.20229487121105194
INFO:root:Epoch 609/800, Loss: 0.20225606858730316
INFO:root:Epoch 610/800, Loss: 0.20155452191829681
INFO:root:Epoch 611/800, Loss: 0.20126157999038696
INFO:root:Epoch 612/800, Loss: 0.20149223506450653
INFO:root:Epoch 613/800, Loss: 0.20121486485004425
INFO:root:Epoch 614/800, Loss: 0.20113231241703033
INFO:root:Epoch 615/800, Loss: 0.20010274648666382
INFO:root:Epoch 616/800, Loss: 0.19997911155223846
INFO:root:Epoch 617/800, Loss: 0.19941112399101257
INFO:root:Epoch 618/800, Loss: 0.19846193492412567
INFO:root:Epoch 619/800, Loss: 0.19815129041671753
INFO:root:Epoch 620/800, Loss: 0.19804979860782623
INFO:root:Epoch 621/800, Loss: 0.19744426012039185
INFO:root:Epoch 622/800, Loss: 0.19716937839984894
INFO:root:Epoch 623/800, Loss: 0.1968889683485031
INFO:root:Epoch 624/800, Loss: 0.19673492014408112
INFO:root:Epoch 625/800, Loss: 0.19624871015548706
INFO:root:Epoch 626/800, Loss: 0.19567668437957764
INFO:root:Epoch 627/800, Loss: 0.19695179164409637
INFO:root:Epoch 628/800, Loss: 0.1968587338924408
INFO:root:Epoch 629/800, Loss: 0.19550928473472595
INFO:root:Epoch 630/800, Loss: 0.19471769034862518
INFO:root:Epoch 631/800, Loss: 0.19446994364261627
INFO:root:Epoch 632/800, Loss: 0.19408592581748962
INFO:root:Epoch 633/800, Loss: 0.19463041424751282
INFO:root:Epoch 634/800, Loss: 0.19428220391273499
INFO:root:Epoch 635/800, Loss: 0.19341053068637848
INFO:root:Epoch 636/800, Loss: 0.19242246448993683
INFO:root:Epoch 637/800, Loss: 0.1920090913772583
INFO:root:Epoch 638/800, Loss: 0.19197483360767365
INFO:root:Epoch 639/800, Loss: 0.1922602653503418
INFO:root:Epoch 640/800, Loss: 0.19158881902694702
INFO:root:Epoch 641/800, Loss: 0.1914665251970291
INFO:root:Epoch 642/800, Loss: 0.1903420388698578
INFO:root:Epoch 643/800, Loss: 0.18939895927906036
INFO:root:Epoch 644/800, Loss: 0.18986305594444275
INFO:root:Epoch 645/800, Loss: 0.19039298593997955
INFO:root:Epoch 646/800, Loss: 0.18983590602874756
INFO:root:Epoch 647/800, Loss: 0.18809157609939575
INFO:root:Epoch 648/800, Loss: 0.18805158138275146
INFO:root:Epoch 649/800, Loss: 0.18813608586788177
INFO:root:Epoch 650/800, Loss: 0.1880692094564438
INFO:root:Epoch 651/800, Loss: 0.18771271407604218
INFO:root:Epoch 652/800, Loss: 0.18633031845092773
INFO:root:Epoch 653/800, Loss: 0.18619048595428467
INFO:root:Epoch 654/800, Loss: 0.18710073828697205
INFO:root:Epoch 655/800, Loss: 0.18659494817256927
INFO:root:Epoch 656/800, Loss: 0.18580570816993713
INFO:root:Epoch 657/800, Loss: 0.18497128784656525
INFO:root:Epoch 658/800, Loss: 0.18486888706684113
INFO:root:Epoch 659/800, Loss: 0.18533265590667725
INFO:root:Epoch 660/800, Loss: 0.18492427468299866
INFO:root:Epoch 661/800, Loss: 0.1837843358516693
INFO:root:Epoch 662/800, Loss: 0.183116152882576
INFO:root:Epoch 663/800, Loss: 0.18358837068080902
INFO:root:Epoch 664/800, Loss: 0.18431209027767181
INFO:root:Epoch 665/800, Loss: 0.18242044746875763
INFO:root:Epoch 666/800, Loss: 0.18210147321224213
INFO:root:Epoch 667/800, Loss: 0.18182659149169922
INFO:root:Epoch 668/800, Loss: 0.18246278166770935
INFO:root:Epoch 669/800, Loss: 0.18132330477237701
INFO:root:Epoch 670/800, Loss: 0.17908048629760742
INFO:root:Epoch 671/800, Loss: 0.1794155091047287
INFO:root:Epoch 672/800, Loss: 0.1801864206790924
INFO:root:Epoch 673/800, Loss: 0.18117500841617584
INFO:root:Epoch 674/800, Loss: 0.17904776334762573
INFO:root:Epoch 675/800, Loss: 0.17700016498565674
INFO:root:Epoch 676/800, Loss: 0.176401749253273
INFO:root:Epoch 677/800, Loss: 0.17618431150913239
INFO:root:Epoch 678/800, Loss: 0.17610964179039001
INFO:root:Epoch 679/800, Loss: 0.17597714066505432
INFO:root:Epoch 680/800, Loss: 0.17517772316932678
INFO:root:Epoch 681/800, Loss: 0.17442725598812103
INFO:root:Epoch 682/800, Loss: 0.1742015779018402
INFO:root:Epoch 683/800, Loss: 0.17386512458324432
INFO:root:Epoch 684/800, Loss: 0.1735239177942276
INFO:root:Epoch 685/800, Loss: 0.17288896441459656
INFO:root:Epoch 686/800, Loss: 0.17267921566963196
INFO:root:Epoch 687/800, Loss: 0.1721009612083435
INFO:root:Epoch 688/800, Loss: 0.17196346819400787
INFO:root:Epoch 689/800, Loss: 0.17163556814193726
INFO:root:Epoch 690/800, Loss: 0.17179064452648163
INFO:root:Epoch 691/800, Loss: 0.1719757467508316
INFO:root:Epoch 692/800, Loss: 0.17104190587997437
INFO:root:Epoch 693/800, Loss: 0.17032437026500702
INFO:root:Epoch 694/800, Loss: 0.1699100136756897
INFO:root:Epoch 695/800, Loss: 0.16966962814331055
INFO:root:Epoch 696/800, Loss: 0.16882732510566711
INFO:root:Epoch 697/800, Loss: 0.16863957047462463
INFO:root:Epoch 698/800, Loss: 0.1687975376844406
INFO:root:Epoch 699/800, Loss: 0.16927915811538696
INFO:root:Epoch 700/800, Loss: 0.16896574199199677
INFO:root:Epoch 701/800, Loss: 0.16833004355430603
INFO:root:Epoch 702/800, Loss: 0.1676385998725891
INFO:root:Epoch 703/800, Loss: 0.16721244156360626
INFO:root:Epoch 704/800, Loss: 0.1659969687461853
INFO:root:Epoch 705/800, Loss: 0.1663273572921753
INFO:root:Epoch 706/800, Loss: 0.16587623953819275
INFO:root:Epoch 707/800, Loss: 0.16600041091442108
INFO:root:Epoch 708/800, Loss: 0.1652710735797882
INFO:root:Epoch 709/800, Loss: 0.16449303925037384
INFO:root:Epoch 710/800, Loss: 0.16367074847221375
INFO:root:Epoch 711/800, Loss: 0.16380058228969574
INFO:root:Epoch 712/800, Loss: 0.16300278902053833
INFO:root:Epoch 713/800, Loss: 0.16302332282066345
INFO:root:Epoch 714/800, Loss: 0.1625111699104309
INFO:root:Epoch 715/800, Loss: 0.1625458002090454
INFO:root:Epoch 716/800, Loss: 0.16290418803691864
INFO:root:Epoch 717/800, Loss: 0.16266031563282013
INFO:root:Epoch 718/800, Loss: 0.16232164204120636
INFO:root:Epoch 719/800, Loss: 0.1613285392522812
INFO:root:Epoch 720/800, Loss: 0.1608446091413498
INFO:root:Epoch 721/800, Loss: 0.15996500849723816
INFO:root:Epoch 722/800, Loss: 0.15991559624671936
INFO:root:Epoch 723/800, Loss: 0.15922169387340546
INFO:root:Epoch 724/800, Loss: 0.15941904485225677
INFO:root:Epoch 725/800, Loss: 0.15935736894607544
INFO:root:Epoch 726/800, Loss: 0.15929748117923737
INFO:root:Epoch 727/800, Loss: 0.1594851315021515
INFO:root:Epoch 728/800, Loss: 0.1583230048418045
INFO:root:Epoch 729/800, Loss: 0.1574120670557022
INFO:root:Epoch 730/800, Loss: 0.15767306089401245
INFO:root:Epoch 731/800, Loss: 0.15733188390731812
INFO:root:Epoch 732/800, Loss: 0.1594942808151245
INFO:root:Epoch 733/800, Loss: 0.15942393243312836
INFO:root:Epoch 734/800, Loss: 0.156588613986969
INFO:root:Epoch 735/800, Loss: 0.15613242983818054
INFO:root:Epoch 736/800, Loss: 0.1589728593826294
INFO:root:Epoch 737/800, Loss: 0.15905113518238068
INFO:root:Epoch 738/800, Loss: 0.15666767954826355
INFO:root:Epoch 739/800, Loss: 0.15489666163921356
INFO:root:Epoch 740/800, Loss: 0.1568102091550827
INFO:root:Epoch 741/800, Loss: 0.15917420387268066
INFO:root:Epoch 742/800, Loss: 0.15593686699867249
INFO:root:Epoch 743/800, Loss: 0.15289458632469177
INFO:root:Epoch 744/800, Loss: 0.15459027886390686
INFO:root:Epoch 745/800, Loss: 0.15509094297885895
INFO:root:Epoch 746/800, Loss: 0.15336549282073975
INFO:root:Epoch 747/800, Loss: 0.15175974369049072
INFO:root:Epoch 748/800, Loss: 0.15233930945396423
INFO:root:Epoch 749/800, Loss: 0.15382298827171326
INFO:root:Epoch 750/800, Loss: 0.15170127153396606
INFO:root:Epoch 751/800, Loss: 0.1499529927968979
INFO:root:Epoch 752/800, Loss: 0.15095987915992737
INFO:root:Epoch 753/800, Loss: 0.15022140741348267
INFO:root:Epoch 754/800, Loss: 0.1495504081249237
INFO:root:Epoch 755/800, Loss: 0.1485987901687622
INFO:root:Epoch 756/800, Loss: 0.14823240041732788
INFO:root:Epoch 757/800, Loss: 0.1485227644443512
INFO:root:Epoch 758/800, Loss: 0.14796915650367737
INFO:root:Epoch 759/800, Loss: 0.1469307839870453
INFO:root:Epoch 760/800, Loss: 0.1472194790840149
INFO:root:Epoch 761/800, Loss: 0.1461959034204483
INFO:root:Epoch 762/800, Loss: 0.14609557390213013
INFO:root:Epoch 763/800, Loss: 0.14567387104034424
INFO:root:Epoch 764/800, Loss: 0.14552949368953705
INFO:root:Epoch 765/800, Loss: 0.14577701687812805
INFO:root:Epoch 766/800, Loss: 0.14475339651107788
INFO:root:Epoch 767/800, Loss: 0.1443134844303131
INFO:root:Epoch 768/800, Loss: 0.14596082270145416
INFO:root:Epoch 769/800, Loss: 0.14604900777339935
INFO:root:Epoch 770/800, Loss: 0.1453869789838791
INFO:root:Epoch 771/800, Loss: 0.1437256783246994
INFO:root:Epoch 772/800, Loss: 0.1441871076822281
INFO:root:Epoch 773/800, Loss: 0.1458427906036377
INFO:root:Epoch 774/800, Loss: 0.14294952154159546
INFO:root:Epoch 775/800, Loss: 0.14205504953861237
INFO:root:Epoch 776/800, Loss: 0.14200811088085175
INFO:root:Epoch 777/800, Loss: 0.14120948314666748
INFO:root:Epoch 778/800, Loss: 0.14084289968013763
INFO:root:Epoch 779/800, Loss: 0.14043429493904114
INFO:root:Epoch 780/800, Loss: 0.14033091068267822
INFO:root:Epoch 781/800, Loss: 0.14038829505443573
INFO:root:Epoch 782/800, Loss: 0.13959525525569916
INFO:root:Epoch 783/800, Loss: 0.13897891342639923
INFO:root:Epoch 784/800, Loss: 0.13919080793857574
INFO:root:Epoch 785/800, Loss: 0.1384364515542984
INFO:root:Epoch 786/800, Loss: 0.13855747878551483
INFO:root:Epoch 787/800, Loss: 0.1378369778394699
INFO:root:Epoch 788/800, Loss: 0.1376517415046692
INFO:root:Epoch 789/800, Loss: 0.13781583309173584
INFO:root:Epoch 790/800, Loss: 0.1378808170557022
INFO:root:Epoch 791/800, Loss: 0.13707707822322845
INFO:root:Epoch 792/800, Loss: 0.13620144128799438
INFO:root:Epoch 793/800, Loss: 0.13714878261089325
INFO:root:Epoch 794/800, Loss: 0.13830441236495972
INFO:root:Epoch 795/800, Loss: 0.138048455119133
INFO:root:Epoch 796/800, Loss: 0.1363687366247177
INFO:root:Epoch 797/800, Loss: 0.13562485575675964
INFO:root:Epoch 798/800, Loss: 0.13663174211978912
INFO:root:Epoch 799/800, Loss: 0.13666075468063354
INFO:root:Epoch 800/800, Loss: 0.13520856201648712
INFO:root:Training time: 36.929773807525635 seconds
