INFO:root:Configs: {'lr': 0.001, 'epochs': 1000, 'batch_size': 64, 'seed': 42, 'device': 'cpu', 'optimizer': SGD (
Parameter Group 0
    dampening: 0
    differentiable: False
    foreach: None
    fused: None
    lr: 0.001
    maximize: False
    momentum: 0
    nesterov: False
    weight_decay: 0
), 'equation': <equation.EuropeanBasketOptionCall object at 0x00000186A7EBB1D0>, 'net': Net4Y(
  (input_layer): Linear(in_features=5, out_features=64, bias=True)
  (output_layer): Linear(in_features=64, out_features=5, bias=True)
  (relu): ReLU()
  (net): Net4Z(
    (input_layer): Linear(in_features=5, out_features=64, bias=True)
    (output_layer): Linear(in_features=64, out_features=5, bias=True)
    (relu): ReLU()
  )
), 'train_iter': <torch.utils.data.dataloader.DataLoader object at 0x00000186CB32E2D0>}
INFO:root:Epoch 1/1000, Loss: 0.8942190408706665
INFO:root:Epoch 2/1000, Loss: 0.8901751637458801
INFO:root:Epoch 3/1000, Loss: 0.8988790512084961
INFO:root:Epoch 4/1000, Loss: 0.8945862650871277
INFO:root:Epoch 5/1000, Loss: 0.8882795572280884
INFO:root:Epoch 6/1000, Loss: 0.9001479148864746
INFO:root:Epoch 7/1000, Loss: 0.892254650592804
INFO:root:Epoch 8/1000, Loss: 0.8905709981918335
INFO:root:Epoch 9/1000, Loss: 0.8980256915092468
INFO:root:Epoch 10/1000, Loss: 0.8711082339286804
INFO:root:Epoch 11/1000, Loss: 0.8889009356498718
INFO:root:Epoch 12/1000, Loss: 0.8888652920722961
INFO:root:Epoch 13/1000, Loss: 0.8986427187919617
INFO:root:Epoch 14/1000, Loss: 0.8595525026321411
INFO:root:Epoch 15/1000, Loss: 0.8662555813789368
INFO:root:Epoch 16/1000, Loss: 0.8792116045951843
INFO:root:Epoch 17/1000, Loss: 0.8907214999198914
INFO:root:Epoch 18/1000, Loss: 0.8876705169677734
INFO:root:Epoch 19/1000, Loss: 0.8869150280952454
INFO:root:Epoch 20/1000, Loss: 0.8916243314743042
INFO:root:Epoch 21/1000, Loss: 0.8835676908493042
INFO:root:Epoch 22/1000, Loss: 0.8793719410896301
INFO:root:Epoch 23/1000, Loss: 0.869759202003479
INFO:root:Epoch 24/1000, Loss: 0.8734418749809265
INFO:root:Epoch 25/1000, Loss: 0.8631315231323242
INFO:root:Epoch 26/1000, Loss: 0.8858121633529663
INFO:root:Epoch 27/1000, Loss: 0.8753215670585632
INFO:root:Epoch 28/1000, Loss: 0.8755512237548828
INFO:root:Epoch 29/1000, Loss: 0.8806716203689575
INFO:root:Epoch 30/1000, Loss: 0.8685919642448425
INFO:root:Epoch 31/1000, Loss: 0.8708235621452332
INFO:root:Epoch 32/1000, Loss: 0.8525599241256714
INFO:root:Epoch 33/1000, Loss: 0.8499116897583008
INFO:root:Epoch 34/1000, Loss: 0.8323312997817993
INFO:root:Epoch 35/1000, Loss: 0.8541408777236938
INFO:root:Epoch 36/1000, Loss: 0.8457334637641907
INFO:root:Epoch 37/1000, Loss: 0.8420575857162476
INFO:root:Epoch 38/1000, Loss: 0.8316243290901184
INFO:root:Epoch 39/1000, Loss: 0.8119910359382629
INFO:root:Epoch 40/1000, Loss: 0.8350162506103516
INFO:root:Epoch 41/1000, Loss: 0.8319982290267944
INFO:root:Epoch 42/1000, Loss: 0.8265906572341919
INFO:root:Epoch 43/1000, Loss: 0.8138497471809387
INFO:root:Epoch 44/1000, Loss: 0.8102729916572571
INFO:root:Epoch 45/1000, Loss: 0.8171988725662231
INFO:root:Epoch 46/1000, Loss: 0.8010860681533813
INFO:root:Epoch 47/1000, Loss: 0.8056008219718933
INFO:root:Epoch 48/1000, Loss: 0.7933840751647949
INFO:root:Epoch 49/1000, Loss: 0.7936486005783081
INFO:root:Epoch 50/1000, Loss: 0.7913597226142883
INFO:root:Epoch 51/1000, Loss: 0.778978705406189
INFO:root:Epoch 52/1000, Loss: 0.789223313331604
INFO:root:Epoch 53/1000, Loss: 0.7753190994262695
INFO:root:Epoch 54/1000, Loss: 0.7637153267860413
INFO:root:Epoch 55/1000, Loss: 0.7486613392829895
INFO:root:Epoch 56/1000, Loss: 0.776054859161377
INFO:root:Epoch 57/1000, Loss: 0.7641854286193848
INFO:root:Epoch 58/1000, Loss: 0.7706155776977539
INFO:root:Epoch 59/1000, Loss: 0.7517372965812683
INFO:root:Epoch 60/1000, Loss: 0.7471505403518677
INFO:root:Epoch 61/1000, Loss: 0.7371503710746765
INFO:root:Epoch 62/1000, Loss: 0.7509750127792358
INFO:root:Epoch 63/1000, Loss: 0.7237447500228882
INFO:root:Epoch 64/1000, Loss: 0.7453265190124512
INFO:root:Epoch 65/1000, Loss: 0.7503783702850342
INFO:root:Epoch 66/1000, Loss: 0.7253082990646362
INFO:root:Epoch 67/1000, Loss: 0.7486528158187866
INFO:root:Epoch 68/1000, Loss: 0.740814208984375
INFO:root:Epoch 69/1000, Loss: 0.7257208824157715
INFO:root:Epoch 70/1000, Loss: 0.7205871939659119
INFO:root:Epoch 71/1000, Loss: 0.7372919917106628
INFO:root:Epoch 72/1000, Loss: 0.698403000831604
INFO:root:Epoch 73/1000, Loss: 0.7243148684501648
INFO:root:Epoch 74/1000, Loss: 0.7266737818717957
INFO:root:Epoch 75/1000, Loss: 0.7291480302810669
INFO:root:Epoch 76/1000, Loss: 0.718177855014801
INFO:root:Epoch 77/1000, Loss: 0.7175335884094238
INFO:root:Epoch 78/1000, Loss: 0.7022539973258972
INFO:root:Epoch 79/1000, Loss: 0.7185083627700806
INFO:root:Epoch 80/1000, Loss: 0.7068662643432617
INFO:root:Epoch 81/1000, Loss: 0.713253915309906
INFO:root:Epoch 82/1000, Loss: 0.6921733021736145
INFO:root:Epoch 83/1000, Loss: 0.6828944087028503
INFO:root:Epoch 84/1000, Loss: 0.6968176960945129
INFO:root:Epoch 85/1000, Loss: 0.6927710771560669
INFO:root:Epoch 86/1000, Loss: 0.6964184045791626
INFO:root:Epoch 87/1000, Loss: 0.684313952922821
INFO:root:Epoch 88/1000, Loss: 0.68192058801651
INFO:root:Epoch 89/1000, Loss: 0.6883801221847534
INFO:root:Epoch 90/1000, Loss: 0.686298668384552
INFO:root:Epoch 91/1000, Loss: 0.6757513880729675
INFO:root:Epoch 92/1000, Loss: 0.6586309671401978
INFO:root:Epoch 93/1000, Loss: 0.669906497001648
INFO:root:Epoch 94/1000, Loss: 0.6750773191452026
INFO:root:Epoch 95/1000, Loss: 0.6668109893798828
INFO:root:Epoch 96/1000, Loss: 0.6553698182106018
INFO:root:Epoch 97/1000, Loss: 0.6559897661209106
INFO:root:Epoch 98/1000, Loss: 0.6737402677536011
INFO:root:Epoch 99/1000, Loss: 0.661056399345398
INFO:root:Epoch 100/1000, Loss: 0.6644692420959473
INFO:root:Epoch 101/1000, Loss: 0.6557472944259644
INFO:root:Epoch 102/1000, Loss: 0.6665545701980591
INFO:root:Epoch 103/1000, Loss: 0.6534040570259094
INFO:root:Epoch 104/1000, Loss: 0.6505793333053589
INFO:root:Epoch 105/1000, Loss: 0.6375857591629028
INFO:root:Epoch 106/1000, Loss: 0.63564532995224
INFO:root:Epoch 107/1000, Loss: 0.6540802121162415
INFO:root:Epoch 108/1000, Loss: 0.6315382719039917
INFO:root:Epoch 109/1000, Loss: 0.6450766324996948
INFO:root:Epoch 110/1000, Loss: 0.6182695627212524
INFO:root:Epoch 111/1000, Loss: 0.6373690962791443
INFO:root:Epoch 112/1000, Loss: 0.6173459887504578
INFO:root:Epoch 113/1000, Loss: 0.6290649175643921
INFO:root:Epoch 114/1000, Loss: 0.6213556528091431
INFO:root:Epoch 115/1000, Loss: 0.6051800847053528
INFO:root:Epoch 116/1000, Loss: 0.6263800263404846
INFO:root:Epoch 117/1000, Loss: 0.6124653816223145
INFO:root:Epoch 118/1000, Loss: 0.6257280111312866
INFO:root:Epoch 119/1000, Loss: 0.600683867931366
INFO:root:Epoch 120/1000, Loss: 0.614517331123352
INFO:root:Epoch 121/1000, Loss: 0.6043968796730042
INFO:root:Epoch 122/1000, Loss: 0.5871846675872803
INFO:root:Epoch 123/1000, Loss: 0.6220448613166809
INFO:root:Epoch 124/1000, Loss: 0.6149638295173645
INFO:root:Epoch 125/1000, Loss: 0.6007433533668518
INFO:root:Epoch 126/1000, Loss: 0.6146447062492371
INFO:root:Epoch 127/1000, Loss: 0.5930964350700378
INFO:root:Epoch 128/1000, Loss: 0.5992912650108337
INFO:root:Epoch 129/1000, Loss: 0.6014280915260315
INFO:root:Epoch 130/1000, Loss: 0.5940324664115906
INFO:root:Epoch 131/1000, Loss: 0.6014216542243958
INFO:root:Epoch 132/1000, Loss: 0.5877487063407898
INFO:root:Epoch 133/1000, Loss: 0.5897616147994995
INFO:root:Epoch 134/1000, Loss: 0.5961910486221313
INFO:root:Epoch 135/1000, Loss: 0.5621492862701416
INFO:root:Epoch 136/1000, Loss: 0.5706884860992432
INFO:root:Epoch 137/1000, Loss: 0.584269642829895
INFO:root:Epoch 138/1000, Loss: 0.5645549893379211
INFO:root:Epoch 139/1000, Loss: 0.5779271721839905
INFO:root:Epoch 140/1000, Loss: 0.5688743591308594
INFO:root:Epoch 141/1000, Loss: 0.5860062837600708
INFO:root:Epoch 142/1000, Loss: 0.5830121636390686
INFO:root:Epoch 143/1000, Loss: 0.5603182315826416
INFO:root:Epoch 144/1000, Loss: 0.5596489310264587
INFO:root:Epoch 145/1000, Loss: 0.5765171051025391
INFO:root:Epoch 146/1000, Loss: 0.5646501779556274
INFO:root:Epoch 147/1000, Loss: 0.5657864212989807
INFO:root:Epoch 148/1000, Loss: 0.5664436221122742
INFO:root:Epoch 149/1000, Loss: 0.5583668351173401
INFO:root:Epoch 150/1000, Loss: 0.56488436460495
INFO:root:Epoch 151/1000, Loss: 0.5632940530776978
INFO:root:Epoch 152/1000, Loss: 0.5658285617828369
INFO:root:Epoch 153/1000, Loss: 0.5600644946098328
INFO:root:Epoch 154/1000, Loss: 0.5503023862838745
INFO:root:Epoch 155/1000, Loss: 0.5577226877212524
INFO:root:Epoch 156/1000, Loss: 0.5525833368301392
INFO:root:Epoch 157/1000, Loss: 0.5473982095718384
INFO:root:Epoch 158/1000, Loss: 0.5440678000450134
INFO:root:Epoch 159/1000, Loss: 0.5515439510345459
INFO:root:Epoch 160/1000, Loss: 0.5542443990707397
INFO:root:Epoch 161/1000, Loss: 0.5443531274795532
INFO:root:Epoch 162/1000, Loss: 0.5503286123275757
INFO:root:Epoch 163/1000, Loss: 0.5385400056838989
INFO:root:Epoch 164/1000, Loss: 0.5408403277397156
INFO:root:Epoch 165/1000, Loss: 0.5337222218513489
INFO:root:Epoch 166/1000, Loss: 0.5405913591384888
INFO:root:Epoch 167/1000, Loss: 0.5195099115371704
INFO:root:Epoch 168/1000, Loss: 0.534033477306366
INFO:root:Epoch 169/1000, Loss: 0.5328754186630249
INFO:root:Epoch 170/1000, Loss: 0.5338269472122192
INFO:root:Epoch 171/1000, Loss: 0.5185812711715698
INFO:root:Epoch 172/1000, Loss: 0.5239446759223938
INFO:root:Epoch 173/1000, Loss: 0.5257524251937866
INFO:root:Epoch 174/1000, Loss: 0.5168988108634949
INFO:root:Epoch 175/1000, Loss: 0.5229988098144531
INFO:root:Epoch 176/1000, Loss: 0.531394362449646
INFO:root:Epoch 177/1000, Loss: 0.519701361656189
INFO:root:Epoch 178/1000, Loss: 0.5349821448326111
INFO:root:Epoch 179/1000, Loss: 0.5105892419815063
INFO:root:Epoch 180/1000, Loss: 0.5135084986686707
INFO:root:Epoch 181/1000, Loss: 0.4977887272834778
INFO:root:Epoch 182/1000, Loss: 0.516106903553009
INFO:root:Epoch 183/1000, Loss: 0.5125835537910461
INFO:root:Epoch 184/1000, Loss: 0.5165852308273315
INFO:root:Epoch 185/1000, Loss: 0.506256639957428
INFO:root:Epoch 186/1000, Loss: 0.5087746381759644
INFO:root:Epoch 187/1000, Loss: 0.5128079652786255
INFO:root:Epoch 188/1000, Loss: 0.5032202005386353
INFO:root:Epoch 189/1000, Loss: 0.5019875168800354
INFO:root:Epoch 190/1000, Loss: 0.5153564214706421
INFO:root:Epoch 191/1000, Loss: 0.48531264066696167
INFO:root:Epoch 192/1000, Loss: 0.505393385887146
INFO:root:Epoch 193/1000, Loss: 0.5090134143829346
INFO:root:Epoch 194/1000, Loss: 0.49850398302078247
INFO:root:Epoch 195/1000, Loss: 0.5095721483230591
INFO:root:Epoch 196/1000, Loss: 0.4970969259738922
INFO:root:Epoch 197/1000, Loss: 0.4933667778968811
INFO:root:Epoch 198/1000, Loss: 0.47946232557296753
INFO:root:Epoch 199/1000, Loss: 0.5025347471237183
INFO:root:Epoch 200/1000, Loss: 0.490378201007843
INFO:root:Epoch 201/1000, Loss: 0.5073712468147278
INFO:root:Epoch 202/1000, Loss: 0.4760471284389496
INFO:root:Epoch 203/1000, Loss: 0.4829663634300232
INFO:root:Epoch 204/1000, Loss: 0.49411192536354065
INFO:root:Epoch 205/1000, Loss: 0.49337610602378845
INFO:root:Epoch 206/1000, Loss: 0.4904636740684509
INFO:root:Epoch 207/1000, Loss: 0.48871707916259766
INFO:root:Epoch 208/1000, Loss: 0.5007882118225098
INFO:root:Epoch 209/1000, Loss: 0.47508811950683594
INFO:root:Epoch 210/1000, Loss: 0.499279260635376
INFO:root:Epoch 211/1000, Loss: 0.4846208989620209
INFO:root:Epoch 212/1000, Loss: 0.4654931426048279
INFO:root:Epoch 213/1000, Loss: 0.48296746611595154
INFO:root:Epoch 214/1000, Loss: 0.4800589978694916
INFO:root:Epoch 215/1000, Loss: 0.4776642918586731
INFO:root:Epoch 216/1000, Loss: 0.4614245891571045
INFO:root:Epoch 217/1000, Loss: 0.4801855981349945
INFO:root:Epoch 218/1000, Loss: 0.4822186529636383
INFO:root:Epoch 219/1000, Loss: 0.47515496611595154
INFO:root:Epoch 220/1000, Loss: 0.4595556855201721
INFO:root:Epoch 221/1000, Loss: 0.4710558354854584
INFO:root:Epoch 222/1000, Loss: 0.44941750168800354
INFO:root:Epoch 223/1000, Loss: 0.46041423082351685
INFO:root:Epoch 224/1000, Loss: 0.46898651123046875
INFO:root:Epoch 225/1000, Loss: 0.4655451774597168
INFO:root:Epoch 226/1000, Loss: 0.46751293540000916
INFO:root:Epoch 227/1000, Loss: 0.46039074659347534
INFO:root:Epoch 228/1000, Loss: 0.4623781144618988
INFO:root:Epoch 229/1000, Loss: 0.4610275626182556
INFO:root:Epoch 230/1000, Loss: 0.47059154510498047
INFO:root:Epoch 231/1000, Loss: 0.46751880645751953
INFO:root:Epoch 232/1000, Loss: 0.4632682204246521
INFO:root:Epoch 233/1000, Loss: 0.4644109308719635
INFO:root:Epoch 234/1000, Loss: 0.4443526864051819
INFO:root:Epoch 235/1000, Loss: 0.4594908356666565
INFO:root:Epoch 236/1000, Loss: 0.45489224791526794
INFO:root:Epoch 237/1000, Loss: 0.46646928787231445
INFO:root:Epoch 238/1000, Loss: 0.45424342155456543
INFO:root:Epoch 239/1000, Loss: 0.4554814398288727
INFO:root:Epoch 240/1000, Loss: 0.45854997634887695
INFO:root:Epoch 241/1000, Loss: 0.4555877149105072
INFO:root:Epoch 242/1000, Loss: 0.4512332081794739
INFO:root:Epoch 243/1000, Loss: 0.45591822266578674
INFO:root:Epoch 244/1000, Loss: 0.4512360692024231
INFO:root:Epoch 245/1000, Loss: 0.46601638197898865
INFO:root:Epoch 246/1000, Loss: 0.4412555694580078
INFO:root:Epoch 247/1000, Loss: 0.4459189474582672
INFO:root:Epoch 248/1000, Loss: 0.45195508003234863
INFO:root:Epoch 249/1000, Loss: 0.4508315920829773
INFO:root:Epoch 250/1000, Loss: 0.4414191246032715
INFO:root:Epoch 251/1000, Loss: 0.4341258406639099
INFO:root:Epoch 252/1000, Loss: 0.43696919083595276
INFO:root:Epoch 253/1000, Loss: 0.4301266670227051
INFO:root:Epoch 254/1000, Loss: 0.4323726296424866
INFO:root:Epoch 255/1000, Loss: 0.42666712403297424
INFO:root:Epoch 256/1000, Loss: 0.44335880875587463
INFO:root:Epoch 257/1000, Loss: 0.4396280348300934
INFO:root:Epoch 258/1000, Loss: 0.43509888648986816
INFO:root:Epoch 259/1000, Loss: 0.44574490189552307
INFO:root:Epoch 260/1000, Loss: 0.4465116560459137
INFO:root:Epoch 261/1000, Loss: 0.4434426426887512
INFO:root:Epoch 262/1000, Loss: 0.43574079871177673
INFO:root:Epoch 263/1000, Loss: 0.4415857791900635
INFO:root:Epoch 264/1000, Loss: 0.4399573802947998
INFO:root:Epoch 265/1000, Loss: 0.4337143898010254
INFO:root:Epoch 266/1000, Loss: 0.43559303879737854
INFO:root:Epoch 267/1000, Loss: 0.42716431617736816
INFO:root:Epoch 268/1000, Loss: 0.4188081622123718
INFO:root:Epoch 269/1000, Loss: 0.44778671860694885
INFO:root:Epoch 270/1000, Loss: 0.43431147933006287
INFO:root:Epoch 271/1000, Loss: 0.4285973012447357
INFO:root:Epoch 272/1000, Loss: 0.44494709372520447
INFO:root:Epoch 273/1000, Loss: 0.4205477833747864
INFO:root:Epoch 274/1000, Loss: 0.40842270851135254
INFO:root:Epoch 275/1000, Loss: 0.41922178864479065
INFO:root:Epoch 276/1000, Loss: 0.42865753173828125
INFO:root:Epoch 277/1000, Loss: 0.42931920289993286
INFO:root:Epoch 278/1000, Loss: 0.42526811361312866
INFO:root:Epoch 279/1000, Loss: 0.4172353148460388
INFO:root:Epoch 280/1000, Loss: 0.4247015118598938
INFO:root:Epoch 281/1000, Loss: 0.42059749364852905
INFO:root:Epoch 282/1000, Loss: 0.40227633714675903
INFO:root:Epoch 283/1000, Loss: 0.4118512272834778
INFO:root:Epoch 284/1000, Loss: 0.4167082905769348
INFO:root:Epoch 285/1000, Loss: 0.407935231924057
INFO:root:Epoch 286/1000, Loss: 0.4315012991428375
INFO:root:Epoch 287/1000, Loss: 0.40412360429763794
INFO:root:Epoch 288/1000, Loss: 0.4353468418121338
INFO:root:Epoch 289/1000, Loss: 0.4050365388393402
INFO:root:Epoch 290/1000, Loss: 0.43414536118507385
INFO:root:Epoch 291/1000, Loss: 0.4141879081726074
INFO:root:Epoch 292/1000, Loss: 0.40259814262390137
INFO:root:Epoch 293/1000, Loss: 0.41479843854904175
INFO:root:Epoch 294/1000, Loss: 0.40734022855758667
INFO:root:Epoch 295/1000, Loss: 0.42034417390823364
INFO:root:Epoch 296/1000, Loss: 0.4162377417087555
INFO:root:Epoch 297/1000, Loss: 0.4024795889854431
INFO:root:Epoch 298/1000, Loss: 0.40922099351882935
INFO:root:Epoch 299/1000, Loss: 0.4106823801994324
INFO:root:Epoch 300/1000, Loss: 0.414262056350708
INFO:root:Epoch 301/1000, Loss: 0.4188721776008606
INFO:root:Epoch 302/1000, Loss: 0.41596564650535583
INFO:root:Epoch 303/1000, Loss: 0.4191020429134369
INFO:root:Epoch 304/1000, Loss: 0.4113687574863434
INFO:root:Epoch 305/1000, Loss: 0.41080203652381897
INFO:root:Epoch 306/1000, Loss: 0.40676966309547424
INFO:root:Epoch 307/1000, Loss: 0.40952834486961365
INFO:root:Epoch 308/1000, Loss: 0.39364296197891235
INFO:root:Epoch 309/1000, Loss: 0.3937109112739563
INFO:root:Epoch 310/1000, Loss: 0.4044646620750427
INFO:root:Epoch 311/1000, Loss: 0.4089911878108978
INFO:root:Epoch 312/1000, Loss: 0.3975715935230255
INFO:root:Epoch 313/1000, Loss: 0.3890779912471771
INFO:root:Epoch 314/1000, Loss: 0.3992127478122711
INFO:root:Epoch 315/1000, Loss: 0.40016406774520874
INFO:root:Epoch 316/1000, Loss: 0.41050225496292114
INFO:root:Epoch 317/1000, Loss: 0.4091048240661621
INFO:root:Epoch 318/1000, Loss: 0.4035426080226898
INFO:root:Epoch 319/1000, Loss: 0.40749865770339966
INFO:root:Epoch 320/1000, Loss: 0.4176902770996094
INFO:root:Epoch 321/1000, Loss: 0.40166860818862915
INFO:root:Epoch 322/1000, Loss: 0.39718127250671387
INFO:root:Epoch 323/1000, Loss: 0.4008578658103943
INFO:root:Epoch 324/1000, Loss: 0.3859449028968811
INFO:root:Epoch 325/1000, Loss: 0.39058929681777954
INFO:root:Epoch 326/1000, Loss: 0.39366045594215393
INFO:root:Epoch 327/1000, Loss: 0.3962211608886719
INFO:root:Epoch 328/1000, Loss: 0.3983844220638275
INFO:root:Epoch 329/1000, Loss: 0.39220669865608215
INFO:root:Epoch 330/1000, Loss: 0.38514605164527893
INFO:root:Epoch 331/1000, Loss: 0.3941520154476166
INFO:root:Epoch 332/1000, Loss: 0.39839306473731995
INFO:root:Epoch 333/1000, Loss: 0.40657058358192444
INFO:root:Epoch 334/1000, Loss: 0.3912919759750366
INFO:root:Epoch 335/1000, Loss: 0.407215416431427
INFO:root:Epoch 336/1000, Loss: 0.3915840983390808
INFO:root:Epoch 337/1000, Loss: 0.3783799111843109
INFO:root:Epoch 338/1000, Loss: 0.38358989357948303
INFO:root:Epoch 339/1000, Loss: 0.38794657588005066
INFO:root:Epoch 340/1000, Loss: 0.390094518661499
INFO:root:Epoch 341/1000, Loss: 0.3853934407234192
INFO:root:Epoch 342/1000, Loss: 0.39211758971214294
INFO:root:Epoch 343/1000, Loss: 0.372295081615448
INFO:root:Epoch 344/1000, Loss: 0.37676700949668884
INFO:root:Epoch 345/1000, Loss: 0.38061124086380005
INFO:root:Epoch 346/1000, Loss: 0.380842387676239
INFO:root:Epoch 347/1000, Loss: 0.38714033365249634
INFO:root:Epoch 348/1000, Loss: 0.39160794019699097
INFO:root:Epoch 349/1000, Loss: 0.380254328250885
INFO:root:Epoch 350/1000, Loss: 0.38821035623550415
INFO:root:Epoch 351/1000, Loss: 0.38228699564933777
INFO:root:Epoch 352/1000, Loss: 0.397663950920105
INFO:root:Epoch 353/1000, Loss: 0.3874762952327728
INFO:root:Epoch 354/1000, Loss: 0.3713591694831848
INFO:root:Epoch 355/1000, Loss: 0.3820614218711853
INFO:root:Epoch 356/1000, Loss: 0.3920908570289612
INFO:root:Epoch 357/1000, Loss: 0.37733766436576843
INFO:root:Epoch 358/1000, Loss: 0.3842056393623352
INFO:root:Epoch 359/1000, Loss: 0.383783757686615
INFO:root:Epoch 360/1000, Loss: 0.3790223300457001
INFO:root:Epoch 361/1000, Loss: 0.38101547956466675
INFO:root:Epoch 362/1000, Loss: 0.3834182620048523
INFO:root:Epoch 363/1000, Loss: 0.3837130665779114
INFO:root:Epoch 364/1000, Loss: 0.37410661578178406
INFO:root:Epoch 365/1000, Loss: 0.3758317828178406
INFO:root:Epoch 366/1000, Loss: 0.38788801431655884
INFO:root:Epoch 367/1000, Loss: 0.3675662577152252
INFO:root:Epoch 368/1000, Loss: 0.37842053174972534
INFO:root:Epoch 369/1000, Loss: 0.384971022605896
INFO:root:Epoch 370/1000, Loss: 0.36117830872535706
INFO:root:Epoch 371/1000, Loss: 0.38054996728897095
INFO:root:Epoch 372/1000, Loss: 0.36966201663017273
INFO:root:Epoch 373/1000, Loss: 0.3900178074836731
INFO:root:Epoch 374/1000, Loss: 0.3744197487831116
INFO:root:Epoch 375/1000, Loss: 0.37724465131759644
INFO:root:Epoch 376/1000, Loss: 0.3620336651802063
INFO:root:Epoch 377/1000, Loss: 0.38217973709106445
INFO:root:Epoch 378/1000, Loss: 0.37144604325294495
INFO:root:Epoch 379/1000, Loss: 0.3579126000404358
INFO:root:Epoch 380/1000, Loss: 0.37921473383903503
INFO:root:Epoch 381/1000, Loss: 0.377390593290329
INFO:root:Epoch 382/1000, Loss: 0.3739277124404907
INFO:root:Epoch 383/1000, Loss: 0.3704078495502472
INFO:root:Epoch 384/1000, Loss: 0.3746151328086853
INFO:root:Epoch 385/1000, Loss: 0.37050944566726685
INFO:root:Epoch 386/1000, Loss: 0.3813569247722626
INFO:root:Epoch 387/1000, Loss: 0.3787843585014343
INFO:root:Epoch 388/1000, Loss: 0.3645175099372864
INFO:root:Epoch 389/1000, Loss: 0.3781554698944092
INFO:root:Epoch 390/1000, Loss: 0.36976203322410583
INFO:root:Epoch 391/1000, Loss: 0.38972556591033936
INFO:root:Epoch 392/1000, Loss: 0.3673228919506073
INFO:root:Epoch 393/1000, Loss: 0.3677109181880951
INFO:root:Epoch 394/1000, Loss: 0.36547431349754333
INFO:root:Epoch 395/1000, Loss: 0.37321847677230835
INFO:root:Epoch 396/1000, Loss: 0.3555971086025238
INFO:root:Epoch 397/1000, Loss: 0.3724706470966339
INFO:root:Epoch 398/1000, Loss: 0.36773863434791565
INFO:root:Epoch 399/1000, Loss: 0.3782667815685272
INFO:root:Epoch 400/1000, Loss: 0.36265483498573303
INFO:root:Epoch 401/1000, Loss: 0.35710006952285767
INFO:root:Epoch 402/1000, Loss: 0.38088297843933105
INFO:root:Epoch 403/1000, Loss: 0.3590239882469177
INFO:root:Epoch 404/1000, Loss: 0.36627253890037537
INFO:root:Epoch 405/1000, Loss: 0.37225717306137085
INFO:root:Epoch 406/1000, Loss: 0.36705857515335083
INFO:root:Epoch 407/1000, Loss: 0.3643577992916107
INFO:root:Epoch 408/1000, Loss: 0.36635667085647583
INFO:root:Epoch 409/1000, Loss: 0.3795025050640106
INFO:root:Epoch 410/1000, Loss: 0.369108647108078
INFO:root:Epoch 411/1000, Loss: 0.3768499493598938
INFO:root:Epoch 412/1000, Loss: 0.3629310727119446
INFO:root:Epoch 413/1000, Loss: 0.3525177538394928
INFO:root:Epoch 414/1000, Loss: 0.3725473880767822
INFO:root:Epoch 415/1000, Loss: 0.3477990925312042
INFO:root:Epoch 416/1000, Loss: 0.3718237280845642
INFO:root:Epoch 417/1000, Loss: 0.35846930742263794
INFO:root:Epoch 418/1000, Loss: 0.36648568511009216
INFO:root:Epoch 419/1000, Loss: 0.37801551818847656
INFO:root:Epoch 420/1000, Loss: 0.35601577162742615
INFO:root:Epoch 421/1000, Loss: 0.37192511558532715
INFO:root:Epoch 422/1000, Loss: 0.3516980707645416
INFO:root:Epoch 423/1000, Loss: 0.38146787881851196
INFO:root:Epoch 424/1000, Loss: 0.3583632707595825
INFO:root:Epoch 425/1000, Loss: 0.3636900782585144
INFO:root:Epoch 426/1000, Loss: 0.3529275059700012
INFO:root:Epoch 427/1000, Loss: 0.3602767884731293
INFO:root:Epoch 428/1000, Loss: 0.3668555021286011
INFO:root:Epoch 429/1000, Loss: 0.36171990633010864
INFO:root:Epoch 430/1000, Loss: 0.3537437319755554
INFO:root:Epoch 431/1000, Loss: 0.34451231360435486
INFO:root:Epoch 432/1000, Loss: 0.3530375063419342
INFO:root:Epoch 433/1000, Loss: 0.3612002730369568
INFO:root:Epoch 434/1000, Loss: 0.35826462507247925
INFO:root:Epoch 435/1000, Loss: 0.35803094506263733
INFO:root:Epoch 436/1000, Loss: 0.3513457477092743
INFO:root:Epoch 437/1000, Loss: 0.35449719429016113
INFO:root:Epoch 438/1000, Loss: 0.36121469736099243
INFO:root:Epoch 439/1000, Loss: 0.3608950078487396
INFO:root:Epoch 440/1000, Loss: 0.36407557129859924
INFO:root:Epoch 441/1000, Loss: 0.35156816244125366
INFO:root:Epoch 442/1000, Loss: 0.3592955470085144
INFO:root:Epoch 443/1000, Loss: 0.3562018573284149
INFO:root:Epoch 444/1000, Loss: 0.34173184633255005
INFO:root:Epoch 445/1000, Loss: 0.348487913608551
INFO:root:Epoch 446/1000, Loss: 0.3542388081550598
INFO:root:Epoch 447/1000, Loss: 0.3495696783065796
INFO:root:Epoch 448/1000, Loss: 0.371528297662735
INFO:root:Epoch 449/1000, Loss: 0.34185945987701416
INFO:root:Epoch 450/1000, Loss: 0.3574996888637543
INFO:root:Epoch 451/1000, Loss: 0.36781585216522217
INFO:root:Epoch 452/1000, Loss: 0.3641871511936188
INFO:root:Epoch 453/1000, Loss: 0.35105961561203003
INFO:root:Epoch 454/1000, Loss: 0.3508569598197937
INFO:root:Epoch 455/1000, Loss: 0.3692108988761902
INFO:root:Epoch 456/1000, Loss: 0.3511863052845001
INFO:root:Epoch 457/1000, Loss: 0.34947508573532104
INFO:root:Epoch 458/1000, Loss: 0.349703311920166
INFO:root:Epoch 459/1000, Loss: 0.3532845973968506
INFO:root:Epoch 460/1000, Loss: 0.34638309478759766
INFO:root:Epoch 461/1000, Loss: 0.35612115263938904
INFO:root:Epoch 462/1000, Loss: 0.3555736541748047
INFO:root:Epoch 463/1000, Loss: 0.3448100984096527
INFO:root:Epoch 464/1000, Loss: 0.3370208144187927
INFO:root:Epoch 465/1000, Loss: 0.3637872636318207
INFO:root:Epoch 466/1000, Loss: 0.35598912835121155
INFO:root:Epoch 467/1000, Loss: 0.3550705909729004
INFO:root:Epoch 468/1000, Loss: 0.3613744378089905
INFO:root:Epoch 469/1000, Loss: 0.3397969603538513
INFO:root:Epoch 470/1000, Loss: 0.35098204016685486
INFO:root:Epoch 471/1000, Loss: 0.34437018632888794
INFO:root:Epoch 472/1000, Loss: 0.3476831018924713
INFO:root:Epoch 473/1000, Loss: 0.3598138391971588
INFO:root:Epoch 474/1000, Loss: 0.3363136053085327
INFO:root:Epoch 475/1000, Loss: 0.3436829447746277
INFO:root:Epoch 476/1000, Loss: 0.34694838523864746
INFO:root:Epoch 477/1000, Loss: 0.33873099088668823
INFO:root:Epoch 478/1000, Loss: 0.3703192174434662
INFO:root:Epoch 479/1000, Loss: 0.3580513894557953
INFO:root:Epoch 480/1000, Loss: 0.3529503047466278
INFO:root:Epoch 481/1000, Loss: 0.34067636728286743
INFO:root:Epoch 482/1000, Loss: 0.35290002822875977
INFO:root:Epoch 483/1000, Loss: 0.3583294749259949
INFO:root:Epoch 484/1000, Loss: 0.34613171219825745
INFO:root:Epoch 485/1000, Loss: 0.35792237520217896
INFO:root:Epoch 486/1000, Loss: 0.34792712330818176
INFO:root:Epoch 487/1000, Loss: 0.34565138816833496
INFO:root:Epoch 488/1000, Loss: 0.3472417891025543
INFO:root:Epoch 489/1000, Loss: 0.36128494143486023
INFO:root:Epoch 490/1000, Loss: 0.33885031938552856
INFO:root:Epoch 491/1000, Loss: 0.3496460020542145
INFO:root:Epoch 492/1000, Loss: 0.3419628143310547
INFO:root:Epoch 493/1000, Loss: 0.3436736464500427
INFO:root:Epoch 494/1000, Loss: 0.3682471811771393
INFO:root:Epoch 495/1000, Loss: 0.34131863713264465
INFO:root:Epoch 496/1000, Loss: 0.3539965748786926
INFO:root:Epoch 497/1000, Loss: 0.35616394877433777
INFO:root:Epoch 498/1000, Loss: 0.3439308702945709
INFO:root:Epoch 499/1000, Loss: 0.3619632422924042
INFO:root:Epoch 500/1000, Loss: 0.3399093747138977
INFO:root:Epoch 501/1000, Loss: 0.33725517988204956
INFO:root:Epoch 502/1000, Loss: 0.3452928364276886
INFO:root:Epoch 503/1000, Loss: 0.36107179522514343
INFO:root:Epoch 504/1000, Loss: 0.351468950510025
INFO:root:Epoch 505/1000, Loss: 0.3607943654060364
INFO:root:Epoch 506/1000, Loss: 0.3660476803779602
INFO:root:Epoch 507/1000, Loss: 0.35064977407455444
INFO:root:Epoch 508/1000, Loss: 0.35697656869888306
INFO:root:Epoch 509/1000, Loss: 0.3515583872795105
INFO:root:Epoch 510/1000, Loss: 0.33787479996681213
INFO:root:Epoch 511/1000, Loss: 0.34627431631088257
INFO:root:Epoch 512/1000, Loss: 0.34546685218811035
INFO:root:Epoch 513/1000, Loss: 0.33814817667007446
INFO:root:Epoch 514/1000, Loss: 0.3577825427055359
INFO:root:Epoch 515/1000, Loss: 0.3461402952671051
INFO:root:Epoch 516/1000, Loss: 0.33487048745155334
INFO:root:Epoch 517/1000, Loss: 0.34798938035964966
INFO:root:Epoch 518/1000, Loss: 0.33863261342048645
INFO:root:Epoch 519/1000, Loss: 0.34529227018356323
INFO:root:Epoch 520/1000, Loss: 0.36415809392929077
INFO:root:Epoch 521/1000, Loss: 0.33731570839881897
INFO:root:Epoch 522/1000, Loss: 0.33986878395080566
INFO:root:Epoch 523/1000, Loss: 0.34394899010658264
INFO:root:Epoch 524/1000, Loss: 0.344077467918396
INFO:root:Epoch 525/1000, Loss: 0.34656012058258057
INFO:root:Epoch 526/1000, Loss: 0.3413752019405365
INFO:root:Epoch 527/1000, Loss: 0.33458924293518066
INFO:root:Epoch 528/1000, Loss: 0.3315381705760956
INFO:root:Epoch 529/1000, Loss: 0.3354586064815521
INFO:root:Epoch 530/1000, Loss: 0.3478517532348633
INFO:root:Epoch 531/1000, Loss: 0.35079115629196167
INFO:root:Epoch 532/1000, Loss: 0.34238123893737793
INFO:root:Epoch 533/1000, Loss: 0.3516783118247986
INFO:root:Epoch 534/1000, Loss: 0.3624258041381836
INFO:root:Epoch 535/1000, Loss: 0.35238558053970337
INFO:root:Epoch 536/1000, Loss: 0.34713664650917053
INFO:root:Epoch 537/1000, Loss: 0.3510605990886688
INFO:root:Epoch 538/1000, Loss: 0.33983442187309265
INFO:root:Epoch 539/1000, Loss: 0.35323160886764526
INFO:root:Epoch 540/1000, Loss: 0.329760879278183
INFO:root:Epoch 541/1000, Loss: 0.351593554019928
INFO:root:Epoch 542/1000, Loss: 0.3416323661804199
INFO:root:Epoch 543/1000, Loss: 0.3284054398536682
INFO:root:Epoch 544/1000, Loss: 0.3371484577655792
INFO:root:Epoch 545/1000, Loss: 0.3511967658996582
INFO:root:Epoch 546/1000, Loss: 0.3388710618019104
INFO:root:Epoch 547/1000, Loss: 0.3322894275188446
INFO:root:Epoch 548/1000, Loss: 0.340809166431427
INFO:root:Epoch 549/1000, Loss: 0.33469194173812866
INFO:root:Epoch 550/1000, Loss: 0.32555991411209106
INFO:root:Epoch 551/1000, Loss: 0.34116625785827637
INFO:root:Epoch 552/1000, Loss: 0.33767110109329224
INFO:root:Epoch 553/1000, Loss: 0.3286292850971222
INFO:root:Epoch 554/1000, Loss: 0.34059038758277893
INFO:root:Epoch 555/1000, Loss: 0.3432503640651703
INFO:root:Epoch 556/1000, Loss: 0.33959779143333435
INFO:root:Epoch 557/1000, Loss: 0.3453981876373291
INFO:root:Epoch 558/1000, Loss: 0.3284435570240021
INFO:root:Epoch 559/1000, Loss: 0.33754751086235046
INFO:root:Epoch 560/1000, Loss: 0.33742755651474
INFO:root:Epoch 561/1000, Loss: 0.3351505994796753
INFO:root:Epoch 562/1000, Loss: 0.34152546525001526
INFO:root:Epoch 563/1000, Loss: 0.34009137749671936
INFO:root:Epoch 564/1000, Loss: 0.33094340562820435
INFO:root:Epoch 565/1000, Loss: 0.3505735695362091
INFO:root:Epoch 566/1000, Loss: 0.33164337277412415
INFO:root:Epoch 567/1000, Loss: 0.33401328325271606
INFO:root:Epoch 568/1000, Loss: 0.3441970944404602
INFO:root:Epoch 569/1000, Loss: 0.3534870743751526
INFO:root:Epoch 570/1000, Loss: 0.3306196630001068
INFO:root:Epoch 571/1000, Loss: 0.3356347680091858
INFO:root:Epoch 572/1000, Loss: 0.33875006437301636
INFO:root:Epoch 573/1000, Loss: 0.3476637005805969
INFO:root:Epoch 574/1000, Loss: 0.33315393328666687
INFO:root:Epoch 575/1000, Loss: 0.3402058482170105
INFO:root:Epoch 576/1000, Loss: 0.3402771055698395
INFO:root:Epoch 577/1000, Loss: 0.347365140914917
INFO:root:Epoch 578/1000, Loss: 0.3531026244163513
INFO:root:Epoch 579/1000, Loss: 0.3362070620059967
INFO:root:Epoch 580/1000, Loss: 0.34973540902137756
INFO:root:Epoch 581/1000, Loss: 0.325668066740036
INFO:root:Epoch 582/1000, Loss: 0.3514523208141327
INFO:root:Epoch 583/1000, Loss: 0.34164538979530334
INFO:root:Epoch 584/1000, Loss: 0.34941554069519043
INFO:root:Epoch 585/1000, Loss: 0.34121447801589966
INFO:root:Epoch 586/1000, Loss: 0.33000829815864563
INFO:root:Epoch 587/1000, Loss: 0.33333662152290344
INFO:root:Epoch 588/1000, Loss: 0.33542388677597046
INFO:root:Epoch 589/1000, Loss: 0.3279721140861511
INFO:root:Epoch 590/1000, Loss: 0.3310468792915344
INFO:root:Epoch 591/1000, Loss: 0.32875919342041016
INFO:root:Epoch 592/1000, Loss: 0.33604055643081665
INFO:root:Epoch 593/1000, Loss: 0.33283179998397827
INFO:root:Epoch 594/1000, Loss: 0.3274914026260376
INFO:root:Epoch 595/1000, Loss: 0.32920050621032715
INFO:root:Epoch 596/1000, Loss: 0.3349398076534271
INFO:root:Epoch 597/1000, Loss: 0.3360990285873413
INFO:root:Epoch 598/1000, Loss: 0.3523150086402893
INFO:root:Epoch 599/1000, Loss: 0.35007601976394653
INFO:root:Epoch 600/1000, Loss: 0.3311106562614441
INFO:root:Epoch 601/1000, Loss: 0.32769569754600525
INFO:root:Epoch 602/1000, Loss: 0.33304184675216675
INFO:root:Epoch 603/1000, Loss: 0.33066409826278687
INFO:root:Epoch 604/1000, Loss: 0.3350145220756531
INFO:root:Epoch 605/1000, Loss: 0.33115044236183167
INFO:root:Epoch 606/1000, Loss: 0.33745256066322327
INFO:root:Epoch 607/1000, Loss: 0.3396090865135193
INFO:root:Epoch 608/1000, Loss: 0.325726717710495
INFO:root:Epoch 609/1000, Loss: 0.3270619511604309
INFO:root:Epoch 610/1000, Loss: 0.32621386647224426
INFO:root:Epoch 611/1000, Loss: 0.3255084156990051
INFO:root:Epoch 612/1000, Loss: 0.34060993790626526
INFO:root:Epoch 613/1000, Loss: 0.3387669622898102
INFO:root:Epoch 614/1000, Loss: 0.33679983019828796
INFO:root:Epoch 615/1000, Loss: 0.333259254693985
INFO:root:Epoch 616/1000, Loss: 0.3356475234031677
INFO:root:Epoch 617/1000, Loss: 0.32619598507881165
INFO:root:Epoch 618/1000, Loss: 0.3250046968460083
INFO:root:Epoch 619/1000, Loss: 0.3318604826927185
INFO:root:Epoch 620/1000, Loss: 0.3219645619392395
INFO:root:Epoch 621/1000, Loss: 0.3362677991390228
INFO:root:Epoch 622/1000, Loss: 0.3460819125175476
INFO:root:Epoch 623/1000, Loss: 0.3262902796268463
INFO:root:Epoch 624/1000, Loss: 0.34738224744796753
INFO:root:Epoch 625/1000, Loss: 0.334625244140625
INFO:root:Epoch 626/1000, Loss: 0.34731143712997437
INFO:root:Epoch 627/1000, Loss: 0.34430333971977234
INFO:root:Epoch 628/1000, Loss: 0.32030731439590454
INFO:root:Epoch 629/1000, Loss: 0.3295600712299347
INFO:root:Epoch 630/1000, Loss: 0.33777159452438354
INFO:root:Epoch 631/1000, Loss: 0.3300328850746155
INFO:root:Epoch 632/1000, Loss: 0.3345295488834381
INFO:root:Epoch 633/1000, Loss: 0.31774187088012695
INFO:root:Epoch 634/1000, Loss: 0.34428176283836365
INFO:root:Epoch 635/1000, Loss: 0.33114010095596313
INFO:root:Epoch 636/1000, Loss: 0.3342638611793518
INFO:root:Epoch 637/1000, Loss: 0.3457261323928833
INFO:root:Epoch 638/1000, Loss: 0.33094343543052673
INFO:root:Epoch 639/1000, Loss: 0.33370110392570496
INFO:root:Epoch 640/1000, Loss: 0.3234773576259613
INFO:root:Epoch 641/1000, Loss: 0.3347451388835907
INFO:root:Epoch 642/1000, Loss: 0.3252153992652893
INFO:root:Epoch 643/1000, Loss: 0.3364643156528473
INFO:root:Epoch 644/1000, Loss: 0.34371280670166016
INFO:root:Epoch 645/1000, Loss: 0.3208485245704651
INFO:root:Epoch 646/1000, Loss: 0.33136245608329773
INFO:root:Epoch 647/1000, Loss: 0.3312838673591614
INFO:root:Epoch 648/1000, Loss: 0.3345359265804291
INFO:root:Epoch 649/1000, Loss: 0.3475838303565979
INFO:root:Epoch 650/1000, Loss: 0.3369123041629791
INFO:root:Epoch 651/1000, Loss: 0.3252323567867279
INFO:root:Epoch 652/1000, Loss: 0.33585140109062195
INFO:root:Epoch 653/1000, Loss: 0.33093175292015076
INFO:root:Epoch 654/1000, Loss: 0.33180326223373413
INFO:root:Epoch 655/1000, Loss: 0.32799819111824036
INFO:root:Epoch 656/1000, Loss: 0.3198464512825012
INFO:root:Epoch 657/1000, Loss: 0.3294089436531067
INFO:root:Epoch 658/1000, Loss: 0.34174591302871704
INFO:root:Epoch 659/1000, Loss: 0.3368372917175293
INFO:root:Epoch 660/1000, Loss: 0.31951257586479187
INFO:root:Epoch 661/1000, Loss: 0.3337000906467438
INFO:root:Epoch 662/1000, Loss: 0.3238294720649719
INFO:root:Epoch 663/1000, Loss: 0.34232020378112793
INFO:root:Epoch 664/1000, Loss: 0.34420761466026306
INFO:root:Epoch 665/1000, Loss: 0.3219955563545227
INFO:root:Epoch 666/1000, Loss: 0.33784157037734985
INFO:root:Epoch 667/1000, Loss: 0.32483547925949097
INFO:root:Epoch 668/1000, Loss: 0.33540433645248413
INFO:root:Epoch 669/1000, Loss: 0.331912636756897
INFO:root:Epoch 670/1000, Loss: 0.3254857361316681
INFO:root:Epoch 671/1000, Loss: 0.32969826459884644
INFO:root:Epoch 672/1000, Loss: 0.34225496649742126
INFO:root:Epoch 673/1000, Loss: 0.33511215448379517
INFO:root:Epoch 674/1000, Loss: 0.3411051630973816
INFO:root:Epoch 675/1000, Loss: 0.3274214565753937
INFO:root:Epoch 676/1000, Loss: 0.3189787268638611
INFO:root:Epoch 677/1000, Loss: 0.33318397402763367
INFO:root:Epoch 678/1000, Loss: 0.33711332082748413
INFO:root:Epoch 679/1000, Loss: 0.32657235860824585
INFO:root:Epoch 680/1000, Loss: 0.3312608599662781
INFO:root:Epoch 681/1000, Loss: 0.3325614333152771
INFO:root:Epoch 682/1000, Loss: 0.32153454422950745
INFO:root:Epoch 683/1000, Loss: 0.33084821701049805
INFO:root:Epoch 684/1000, Loss: 0.3293752074241638
INFO:root:Epoch 685/1000, Loss: 0.33074259757995605
INFO:root:Epoch 686/1000, Loss: 0.3358004093170166
INFO:root:Epoch 687/1000, Loss: 0.3347260057926178
INFO:root:Epoch 688/1000, Loss: 0.33568698167800903
INFO:root:Epoch 689/1000, Loss: 0.32089754939079285
INFO:root:Epoch 690/1000, Loss: 0.33399859070777893
INFO:root:Epoch 691/1000, Loss: 0.322285920381546
INFO:root:Epoch 692/1000, Loss: 0.32689952850341797
INFO:root:Epoch 693/1000, Loss: 0.32296502590179443
INFO:root:Epoch 694/1000, Loss: 0.3289063572883606
INFO:root:Epoch 695/1000, Loss: 0.3361382484436035
INFO:root:Epoch 696/1000, Loss: 0.3207871913909912
INFO:root:Epoch 697/1000, Loss: 0.33309540152549744
INFO:root:Epoch 698/1000, Loss: 0.34124258160591125
INFO:root:Epoch 699/1000, Loss: 0.33941859006881714
INFO:root:Epoch 700/1000, Loss: 0.3472413420677185
INFO:root:Epoch 701/1000, Loss: 0.3282652497291565
INFO:root:Epoch 702/1000, Loss: 0.33010727167129517
INFO:root:Epoch 703/1000, Loss: 0.3312411606311798
INFO:root:Epoch 704/1000, Loss: 0.32423537969589233
INFO:root:Epoch 705/1000, Loss: 0.3395160138607025
INFO:root:Epoch 706/1000, Loss: 0.32342082262039185
INFO:root:Epoch 707/1000, Loss: 0.3317420780658722
INFO:root:Epoch 708/1000, Loss: 0.3497665226459503
INFO:root:Epoch 709/1000, Loss: 0.3340292274951935
INFO:root:Epoch 710/1000, Loss: 0.3450121283531189
INFO:root:Epoch 711/1000, Loss: 0.34863102436065674
INFO:root:Epoch 712/1000, Loss: 0.3309215009212494
INFO:root:Epoch 713/1000, Loss: 0.3233155608177185
INFO:root:Epoch 714/1000, Loss: 0.33245378732681274
INFO:root:Epoch 715/1000, Loss: 0.3351081311702728
INFO:root:Epoch 716/1000, Loss: 0.3239135146141052
INFO:root:Epoch 717/1000, Loss: 0.31585341691970825
INFO:root:Epoch 718/1000, Loss: 0.32127004861831665
INFO:root:Epoch 719/1000, Loss: 0.3275865912437439
INFO:root:Epoch 720/1000, Loss: 0.3208543658256531
INFO:root:Epoch 721/1000, Loss: 0.3163577616214752
INFO:root:Epoch 722/1000, Loss: 0.33192095160484314
INFO:root:Epoch 723/1000, Loss: 0.32118988037109375
INFO:root:Epoch 724/1000, Loss: 0.3251191973686218
INFO:root:Epoch 725/1000, Loss: 0.327143132686615
INFO:root:Epoch 726/1000, Loss: 0.3407551646232605
INFO:root:Epoch 727/1000, Loss: 0.3407191038131714
INFO:root:Epoch 728/1000, Loss: 0.32808440923690796
INFO:root:Epoch 729/1000, Loss: 0.329934298992157
INFO:root:Epoch 730/1000, Loss: 0.31920769810676575
INFO:root:Epoch 731/1000, Loss: 0.32245969772338867
INFO:root:Epoch 732/1000, Loss: 0.3229288160800934
INFO:root:Epoch 733/1000, Loss: 0.32494381070137024
INFO:root:Epoch 734/1000, Loss: 0.3267548680305481
INFO:root:Epoch 735/1000, Loss: 0.3297109007835388
INFO:root:Epoch 736/1000, Loss: 0.3200905919075012
INFO:root:Epoch 737/1000, Loss: 0.3319023549556732
INFO:root:Epoch 738/1000, Loss: 0.32470402121543884
INFO:root:Epoch 739/1000, Loss: 0.3326028883457184
INFO:root:Epoch 740/1000, Loss: 0.3294876515865326
INFO:root:Epoch 741/1000, Loss: 0.32203900814056396
INFO:root:Epoch 742/1000, Loss: 0.3320860266685486
INFO:root:Epoch 743/1000, Loss: 0.3294845521450043
INFO:root:Epoch 744/1000, Loss: 0.3263186514377594
INFO:root:Epoch 745/1000, Loss: 0.3134521543979645
INFO:root:Epoch 746/1000, Loss: 0.31672006845474243
INFO:root:Epoch 747/1000, Loss: 0.32931607961654663
INFO:root:Epoch 748/1000, Loss: 0.3216412663459778
INFO:root:Epoch 749/1000, Loss: 0.3325365483760834
INFO:root:Epoch 750/1000, Loss: 0.32787784934043884
INFO:root:Epoch 751/1000, Loss: 0.3307148218154907
INFO:root:Epoch 752/1000, Loss: 0.33264046907424927
INFO:root:Epoch 753/1000, Loss: 0.3259600102901459
INFO:root:Epoch 754/1000, Loss: 0.3321487009525299
INFO:root:Epoch 755/1000, Loss: 0.3144199252128601
INFO:root:Epoch 756/1000, Loss: 0.3230690658092499
INFO:root:Epoch 757/1000, Loss: 0.3190462589263916
INFO:root:Epoch 758/1000, Loss: 0.32596445083618164
INFO:root:Epoch 759/1000, Loss: 0.34373965859413147
INFO:root:Epoch 760/1000, Loss: 0.3296573758125305
INFO:root:Epoch 761/1000, Loss: 0.32205551862716675
INFO:root:Epoch 762/1000, Loss: 0.32103174924850464
INFO:root:Epoch 763/1000, Loss: 0.3292863965034485
INFO:root:Epoch 764/1000, Loss: 0.33153802156448364
INFO:root:Epoch 765/1000, Loss: 0.3476256728172302
INFO:root:Epoch 766/1000, Loss: 0.3214277923107147
INFO:root:Epoch 767/1000, Loss: 0.3240897059440613
INFO:root:Epoch 768/1000, Loss: 0.31909608840942383
INFO:root:Epoch 769/1000, Loss: 0.3174014091491699
INFO:root:Epoch 770/1000, Loss: 0.32073092460632324
INFO:root:Epoch 771/1000, Loss: 0.3252447247505188
INFO:root:Epoch 772/1000, Loss: 0.32584166526794434
INFO:root:Epoch 773/1000, Loss: 0.32865872979164124
INFO:root:Epoch 774/1000, Loss: 0.32315242290496826
INFO:root:Epoch 775/1000, Loss: 0.325311541557312
INFO:root:Epoch 776/1000, Loss: 0.3227543830871582
INFO:root:Epoch 777/1000, Loss: 0.3148958683013916
INFO:root:Epoch 778/1000, Loss: 0.32965052127838135
INFO:root:Epoch 779/1000, Loss: 0.3214075565338135
INFO:root:Epoch 780/1000, Loss: 0.3289039134979248
INFO:root:Epoch 781/1000, Loss: 0.32543638348579407
INFO:root:Epoch 782/1000, Loss: 0.32986292243003845
INFO:root:Epoch 783/1000, Loss: 0.3147872984409332
INFO:root:Epoch 784/1000, Loss: 0.3258247971534729
INFO:root:Epoch 785/1000, Loss: 0.3181105852127075
INFO:root:Epoch 786/1000, Loss: 0.31685325503349304
INFO:root:Epoch 787/1000, Loss: 0.32384970784187317
INFO:root:Epoch 788/1000, Loss: 0.34210309386253357
INFO:root:Epoch 789/1000, Loss: 0.32637420296669006
INFO:root:Epoch 790/1000, Loss: 0.32465100288391113
INFO:root:Epoch 791/1000, Loss: 0.32821837067604065
INFO:root:Epoch 792/1000, Loss: 0.33111244440078735
INFO:root:Epoch 793/1000, Loss: 0.3310758173465729
INFO:root:Epoch 794/1000, Loss: 0.32727956771850586
INFO:root:Epoch 795/1000, Loss: 0.3134308457374573
INFO:root:Epoch 796/1000, Loss: 0.31982409954071045
INFO:root:Epoch 797/1000, Loss: 0.32799991965293884
INFO:root:Epoch 798/1000, Loss: 0.3282616138458252
INFO:root:Epoch 799/1000, Loss: 0.31804490089416504
INFO:root:Epoch 800/1000, Loss: 0.321707159280777
INFO:root:Epoch 801/1000, Loss: 0.31633076071739197
INFO:root:Epoch 802/1000, Loss: 0.32176682353019714
INFO:root:Epoch 803/1000, Loss: 0.3179287314414978
INFO:root:Epoch 804/1000, Loss: 0.3360638916492462
INFO:root:Epoch 805/1000, Loss: 0.32050880789756775
INFO:root:Epoch 806/1000, Loss: 0.3296685218811035
INFO:root:Epoch 807/1000, Loss: 0.32704830169677734
INFO:root:Epoch 808/1000, Loss: 0.3133540749549866
INFO:root:Epoch 809/1000, Loss: 0.32688888907432556
INFO:root:Epoch 810/1000, Loss: 0.3227275311946869
INFO:root:Epoch 811/1000, Loss: 0.3358724117279053
INFO:root:Epoch 812/1000, Loss: 0.3392064571380615
INFO:root:Epoch 813/1000, Loss: 0.3162457048892975
INFO:root:Epoch 814/1000, Loss: 0.3207634389400482
INFO:root:Epoch 815/1000, Loss: 0.32783761620521545
INFO:root:Epoch 816/1000, Loss: 0.3195941746234894
INFO:root:Epoch 817/1000, Loss: 0.3377076983451843
INFO:root:Epoch 818/1000, Loss: 0.3356875777244568
INFO:root:Epoch 819/1000, Loss: 0.3210349977016449
INFO:root:Epoch 820/1000, Loss: 0.31084707379341125
INFO:root:Epoch 821/1000, Loss: 0.31955593824386597
INFO:root:Epoch 822/1000, Loss: 0.3238922953605652
INFO:root:Epoch 823/1000, Loss: 0.33542585372924805
INFO:root:Epoch 824/1000, Loss: 0.317171186208725
INFO:root:Epoch 825/1000, Loss: 0.32687413692474365
INFO:root:Epoch 826/1000, Loss: 0.3203389048576355
INFO:root:Epoch 827/1000, Loss: 0.3191222548484802
INFO:root:Epoch 828/1000, Loss: 0.32074448466300964
INFO:root:Epoch 829/1000, Loss: 0.3168989419937134
INFO:root:Epoch 830/1000, Loss: 0.3389103412628174
INFO:root:Epoch 831/1000, Loss: 0.31992173194885254
INFO:root:Epoch 832/1000, Loss: 0.3185044229030609
INFO:root:Epoch 833/1000, Loss: 0.3167574405670166
INFO:root:Epoch 834/1000, Loss: 0.32179850339889526
INFO:root:Epoch 835/1000, Loss: 0.3233712315559387
INFO:root:Epoch 836/1000, Loss: 0.32188355922698975
INFO:root:Epoch 837/1000, Loss: 0.3167775273323059
INFO:root:Epoch 838/1000, Loss: 0.31213489174842834
INFO:root:Epoch 839/1000, Loss: 0.3205568194389343
INFO:root:Epoch 840/1000, Loss: 0.3254016637802124
INFO:root:Epoch 841/1000, Loss: 0.3186779022216797
INFO:root:Epoch 842/1000, Loss: 0.32751384377479553
INFO:root:Epoch 843/1000, Loss: 0.31790703535079956
INFO:root:Epoch 844/1000, Loss: 0.34130820631980896
INFO:root:Epoch 845/1000, Loss: 0.32901883125305176
INFO:root:Epoch 846/1000, Loss: 0.3245587944984436
INFO:root:Epoch 847/1000, Loss: 0.32022079825401306
INFO:root:Epoch 848/1000, Loss: 0.3233977258205414
INFO:root:Epoch 849/1000, Loss: 0.32336828112602234
INFO:root:Epoch 850/1000, Loss: 0.3212236166000366
INFO:root:Epoch 851/1000, Loss: 0.3201039433479309
INFO:root:Epoch 852/1000, Loss: 0.3102140426635742
INFO:root:Epoch 853/1000, Loss: 0.34386327862739563
INFO:root:Epoch 854/1000, Loss: 0.32620877027511597
INFO:root:Epoch 855/1000, Loss: 0.3444509208202362
INFO:root:Epoch 856/1000, Loss: 0.33739691972732544
INFO:root:Epoch 857/1000, Loss: 0.3161691725254059
INFO:root:Epoch 858/1000, Loss: 0.3206389844417572
INFO:root:Epoch 859/1000, Loss: 0.3160887658596039
INFO:root:Epoch 860/1000, Loss: 0.32466891407966614
INFO:root:Epoch 861/1000, Loss: 0.3223668038845062
INFO:root:Epoch 862/1000, Loss: 0.3252227306365967
INFO:root:Epoch 863/1000, Loss: 0.33428439497947693
INFO:root:Epoch 864/1000, Loss: 0.3344520032405853
INFO:root:Epoch 865/1000, Loss: 0.30813902616500854
INFO:root:Epoch 866/1000, Loss: 0.31804388761520386
INFO:root:Epoch 867/1000, Loss: 0.31123092770576477
INFO:root:Epoch 868/1000, Loss: 0.32080110907554626
INFO:root:Epoch 869/1000, Loss: 0.31821709871292114
INFO:root:Epoch 870/1000, Loss: 0.3272877633571625
INFO:root:Epoch 871/1000, Loss: 0.33697590231895447
INFO:root:Epoch 872/1000, Loss: 0.3114616870880127
INFO:root:Epoch 873/1000, Loss: 0.3259771466255188
INFO:root:Epoch 874/1000, Loss: 0.31582528352737427
INFO:root:Epoch 875/1000, Loss: 0.33412426710128784
INFO:root:Epoch 876/1000, Loss: 0.3242345452308655
INFO:root:Epoch 877/1000, Loss: 0.3155311942100525
INFO:root:Epoch 878/1000, Loss: 0.31701213121414185
INFO:root:Epoch 879/1000, Loss: 0.3389643430709839
INFO:root:Epoch 880/1000, Loss: 0.30911609530448914
INFO:root:Epoch 881/1000, Loss: 0.3264932334423065
INFO:root:Epoch 882/1000, Loss: 0.3208869993686676
INFO:root:Epoch 883/1000, Loss: 0.3436727225780487
INFO:root:Epoch 884/1000, Loss: 0.3191987872123718
INFO:root:Epoch 885/1000, Loss: 0.3247239887714386
INFO:root:Epoch 886/1000, Loss: 0.3118802011013031
INFO:root:Epoch 887/1000, Loss: 0.32011646032333374
INFO:root:Epoch 888/1000, Loss: 0.31911998987197876
INFO:root:Epoch 889/1000, Loss: 0.32611697912216187
INFO:root:Epoch 890/1000, Loss: 0.32152846455574036
INFO:root:Epoch 891/1000, Loss: 0.3401262164115906
INFO:root:Epoch 892/1000, Loss: 0.33865565061569214
INFO:root:Epoch 893/1000, Loss: 0.32440683245658875
INFO:root:Epoch 894/1000, Loss: 0.31664907932281494
INFO:root:Epoch 895/1000, Loss: 0.3215775191783905
INFO:root:Epoch 896/1000, Loss: 0.32441073656082153
INFO:root:Epoch 897/1000, Loss: 0.31406277418136597
INFO:root:Epoch 898/1000, Loss: 0.3189099431037903
INFO:root:Epoch 899/1000, Loss: 0.3242562413215637
INFO:root:Epoch 900/1000, Loss: 0.32363495230674744
INFO:root:Epoch 901/1000, Loss: 0.3180076479911804
INFO:root:Epoch 902/1000, Loss: 0.3347693383693695
INFO:root:Epoch 903/1000, Loss: 0.31805500388145447
INFO:root:Epoch 904/1000, Loss: 0.32049059867858887
INFO:root:Epoch 905/1000, Loss: 0.3150623142719269
INFO:root:Epoch 906/1000, Loss: 0.31638726592063904
INFO:root:Epoch 907/1000, Loss: 0.33345431089401245
INFO:root:Epoch 908/1000, Loss: 0.32105153799057007
INFO:root:Epoch 909/1000, Loss: 0.316325843334198
INFO:root:Epoch 910/1000, Loss: 0.3235567510128021
INFO:root:Epoch 911/1000, Loss: 0.31784945726394653
INFO:root:Epoch 912/1000, Loss: 0.3143618702888489
INFO:root:Epoch 913/1000, Loss: 0.32556116580963135
INFO:root:Epoch 914/1000, Loss: 0.34331411123275757
INFO:root:Epoch 915/1000, Loss: 0.33343786001205444
INFO:root:Epoch 916/1000, Loss: 0.3171444535255432
INFO:root:Epoch 917/1000, Loss: 0.31900468468666077
INFO:root:Epoch 918/1000, Loss: 0.3201643228530884
INFO:root:Epoch 919/1000, Loss: 0.32192713022232056
INFO:root:Epoch 920/1000, Loss: 0.32121309638023376
INFO:root:Epoch 921/1000, Loss: 0.3068186640739441
INFO:root:Epoch 922/1000, Loss: 0.31830930709838867
INFO:root:Epoch 923/1000, Loss: 0.3247343897819519
INFO:root:Epoch 924/1000, Loss: 0.34305527806282043
INFO:root:Epoch 925/1000, Loss: 0.3208085000514984
INFO:root:Epoch 926/1000, Loss: 0.3212014138698578
INFO:root:Epoch 927/1000, Loss: 0.3346925377845764
INFO:root:Epoch 928/1000, Loss: 0.3258384168148041
INFO:root:Epoch 929/1000, Loss: 0.3231270909309387
INFO:root:Epoch 930/1000, Loss: 0.30990251898765564
INFO:root:Epoch 931/1000, Loss: 0.33311110734939575
INFO:root:Epoch 932/1000, Loss: 0.3142806887626648
INFO:root:Epoch 933/1000, Loss: 0.325722873210907
INFO:root:Epoch 934/1000, Loss: 0.33560502529144287
INFO:root:Epoch 935/1000, Loss: 0.3250431716442108
INFO:root:Epoch 936/1000, Loss: 0.3132356107234955
INFO:root:Epoch 937/1000, Loss: 0.3329044580459595
INFO:root:Epoch 938/1000, Loss: 0.32657086849212646
INFO:root:Epoch 939/1000, Loss: 0.3142198920249939
INFO:root:Epoch 940/1000, Loss: 0.31367117166519165
INFO:root:Epoch 941/1000, Loss: 0.3205157220363617
INFO:root:Epoch 942/1000, Loss: 0.3136628568172455
INFO:root:Epoch 943/1000, Loss: 0.3417162299156189
INFO:root:Epoch 944/1000, Loss: 0.33371502161026
INFO:root:Epoch 945/1000, Loss: 0.324977308511734
INFO:root:Epoch 946/1000, Loss: 0.3153351843357086
INFO:root:Epoch 947/1000, Loss: 0.31696009635925293
INFO:root:Epoch 948/1000, Loss: 0.32467085123062134
INFO:root:Epoch 949/1000, Loss: 0.3226907551288605
INFO:root:Epoch 950/1000, Loss: 0.3262520134449005
INFO:root:Epoch 951/1000, Loss: 0.3373754620552063
INFO:root:Epoch 952/1000, Loss: 0.3204275071620941
INFO:root:Epoch 953/1000, Loss: 0.3167543411254883
INFO:root:Epoch 954/1000, Loss: 0.3061167597770691
INFO:root:Epoch 955/1000, Loss: 0.34240978956222534
INFO:root:Epoch 956/1000, Loss: 0.3181114196777344
INFO:root:Epoch 957/1000, Loss: 0.31400686502456665
INFO:root:Epoch 958/1000, Loss: 0.30947786569595337
INFO:root:Epoch 959/1000, Loss: 0.3132427930831909
INFO:root:Epoch 960/1000, Loss: 0.3325199484825134
INFO:root:Epoch 961/1000, Loss: 0.30724284052848816
INFO:root:Epoch 962/1000, Loss: 0.31087809801101685
INFO:root:Epoch 963/1000, Loss: 0.3174487054347992
INFO:root:Epoch 964/1000, Loss: 0.338641494512558
INFO:root:Epoch 965/1000, Loss: 0.32436373829841614
INFO:root:Epoch 966/1000, Loss: 0.31875479221343994
INFO:root:Epoch 967/1000, Loss: 0.3258931338787079
INFO:root:Epoch 968/1000, Loss: 0.31607022881507874
INFO:root:Epoch 969/1000, Loss: 0.31741833686828613
INFO:root:Epoch 970/1000, Loss: 0.3137626051902771
INFO:root:Epoch 971/1000, Loss: 0.3228902220726013
INFO:root:Epoch 972/1000, Loss: 0.32256513833999634
INFO:root:Epoch 973/1000, Loss: 0.3125068247318268
INFO:root:Epoch 974/1000, Loss: 0.32153064012527466
INFO:root:Epoch 975/1000, Loss: 0.3225002884864807
INFO:root:Epoch 976/1000, Loss: 0.33562034368515015
INFO:root:Epoch 977/1000, Loss: 0.31290072202682495
INFO:root:Epoch 978/1000, Loss: 0.3330404758453369
INFO:root:Epoch 979/1000, Loss: 0.31163832545280457
INFO:root:Epoch 980/1000, Loss: 0.3162083029747009
INFO:root:Epoch 981/1000, Loss: 0.3196537494659424
INFO:root:Epoch 982/1000, Loss: 0.32315346598625183
INFO:root:Epoch 983/1000, Loss: 0.32216358184814453
INFO:root:Epoch 984/1000, Loss: 0.33803972601890564
INFO:root:Epoch 985/1000, Loss: 0.31997647881507874
INFO:root:Epoch 986/1000, Loss: 0.31041407585144043
INFO:root:Epoch 987/1000, Loss: 0.3250890374183655
INFO:root:Epoch 988/1000, Loss: 0.3130486309528351
INFO:root:Epoch 989/1000, Loss: 0.33506375551223755
INFO:root:Epoch 990/1000, Loss: 0.315650075674057
INFO:root:Epoch 991/1000, Loss: 0.3237150311470032
INFO:root:Epoch 992/1000, Loss: 0.34164541959762573
INFO:root:Epoch 993/1000, Loss: 0.3378661572933197
INFO:root:Epoch 994/1000, Loss: 0.30870717763900757
INFO:root:Epoch 995/1000, Loss: 0.3195703625679016
INFO:root:Epoch 996/1000, Loss: 0.32434648275375366
INFO:root:Epoch 997/1000, Loss: 0.31933289766311646
INFO:root:Epoch 998/1000, Loss: 0.31581342220306396
INFO:root:Epoch 999/1000, Loss: 0.31281837821006775
INFO:root:Epoch 1000/1000, Loss: 0.31321704387664795
INFO:root:Training time: 49.21246314048767 seconds
