INFO:root:Configs: {'lr': 0.01, 'epochs': 300, 'batch_size': 128, 'seed': 42, 'device': 'cpu', 'optimizer': Adam (
Parameter Group 0
    amsgrad: False
    betas: (0.9, 0.999)
    capturable: False
    differentiable: False
    eps: 1e-08
    foreach: None
    fused: None
    lr: 0.01
    maximize: False
    weight_decay: 0
), 'equation': <equation.EuropeanBasketOptionCall object at 0x17edc2a50>, 'net': Net4Y(
  (net): Net4Z(
    (hidden_layers): Sequential(
      (0): BatchNorm1d(256, eps=1e-05, momentum=0.1, affine=True, track_running_stats=True)
      (1): ReLU()
      (2): Linear(in_features=256, out_features=256, bias=True)
      (3): BatchNorm1d(256, eps=1e-05, momentum=0.1, affine=True, track_running_stats=True)
      (4): ReLU()
      (5): ReLU()
      (6): Linear(in_features=256, out_features=256, bias=True)
      (7): BatchNorm1d(256, eps=1e-05, momentum=0.1, affine=True, track_running_stats=True)
      (8): ReLU()
    )
    (input_layer): Linear(in_features=5, out_features=256, bias=True)
    (output_layer): Linear(in_features=256, out_features=5, bias=True)
    (relu): ReLU()
  )
), 'train_iter': <sampler.Sampler object at 0x17e85f290>}
INFO:root:Epoch 1/300, Loss: 87.46783335022101, Y0: 9.990000000005804
INFO:root:Epoch 2/300, Loss: 73.44556190673686, Y0: 9.98000639945818
INFO:root:Epoch 3/300, Loss: 70.10746126075878, Y0: 9.970033280654848
INFO:root:Epoch 4/300, Loss: 76.02776021679162, Y0: 9.96004235114711
INFO:root:Epoch 5/300, Loss: 76.04107199472972, Y0: 9.950045681378276
INFO:root:Epoch 6/300, Loss: 75.88317107832194, Y0: 9.940037956353544
INFO:root:Epoch 7/300, Loss: 72.2017300473338, Y0: 9.930037388066397
INFO:root:Epoch 8/300, Loss: 74.2135436691716, Y0: 9.920038986118389
INFO:root:Epoch 9/300, Loss: 76.65410195267923, Y0: 9.910030371758214
INFO:root:Epoch 10/300, Loss: 67.4971700926117, Y0: 9.900038097513347
INFO:root:Epoch 11/300, Loss: 68.9025746174427, Y0: 9.890055078020447
INFO:root:Epoch 12/300, Loss: 67.68154287445448, Y0: 9.880092754751043
INFO:root:Epoch 13/300, Loss: 70.16727424132822, Y0: 9.870138892810493
INFO:root:Epoch 14/300, Loss: 74.59191544111789, Y0: 9.860173643482511
INFO:root:Epoch 15/300, Loss: 73.12762870572348, Y0: 9.850205070667831
INFO:root:Epoch 16/300, Loss: 74.94113653682933, Y0: 9.840221207514077
INFO:root:Epoch 17/300, Loss: 68.04053219766661, Y0: 9.830259263757684
INFO:root:Epoch 18/300, Loss: 66.75002502342514, Y0: 9.820313192526074
INFO:root:Epoch 19/300, Loss: 70.10374584245542, Y0: 9.810369707803874
INFO:root:Epoch 20/300, Loss: 73.42663480338105, Y0: 9.800410255517646
INFO:root:Epoch 21/300, Loss: 64.99571528141988, Y0: 9.790477711087586
INFO:root:Epoch 22/300, Loss: 65.67722177657855, Y0: 9.78056448067478
INFO:root:Epoch 23/300, Loss: 75.0857153517108, Y0: 9.770628227963549
INFO:root:Epoch 24/300, Loss: 75.66120812863035, Y0: 9.760666735833636
INFO:root:Epoch 25/300, Loss: 75.40938744798936, Y0: 9.750683745828068
INFO:root:Epoch 26/300, Loss: 66.98493049404232, Y0: 9.740733043178254
INFO:root:Epoch 27/300, Loss: 66.92965815392553, Y0: 9.730796000064322
INFO:root:Epoch 28/300, Loss: 70.32049266158684, Y0: 9.720848859134831
INFO:root:Epoch 29/300, Loss: 63.98743504276014, Y0: 9.710928866867
INFO:root:Epoch 30/300, Loss: 69.52298546062386, Y0: 9.701004632955959
INFO:root:Epoch 31/300, Loss: 68.42511328814695, Y0: 9.691084092272474
INFO:root:Epoch 32/300, Loss: 63.61819296090872, Y0: 9.681194669964322
INFO:root:Epoch 33/300, Loss: 67.20172204153204, Y0: 9.671307522178601
INFO:root:Epoch 34/300, Loss: 67.60425354401606, Y0: 9.661430066853605
INFO:root:Epoch 35/300, Loss: 66.79135585654255, Y0: 9.651559775237999
INFO:root:Epoch 36/300, Loss: 67.10234065054102, Y0: 9.641699192263324
INFO:root:Epoch 37/300, Loss: 72.31782824048773, Y0: 9.631815760505878
INFO:root:Epoch 38/300, Loss: 60.91711954017756, Y0: 9.621980139633658
INFO:root:Epoch 39/300, Loss: 68.85765012634778, Y0: 9.612133271799863
INFO:root:Epoch 40/300, Loss: 64.95588615812055, Y0: 9.602304584773393
INFO:root:Epoch 41/300, Loss: 62.92331134040198, Y0: 9.5924991394925
INFO:root:Epoch 42/300, Loss: 63.99317657260954, Y0: 9.582705315985523
INFO:root:Epoch 43/300, Loss: 60.23562262151157, Y0: 9.572937609390435
INFO:root:Epoch 44/300, Loss: 68.23837116263755, Y0: 9.563149870852728
INFO:root:Epoch 45/300, Loss: 65.70172185342034, Y0: 9.553358866967177
INFO:root:Epoch 46/300, Loss: 68.39516999202871, Y0: 9.543552453589848
INFO:root:Epoch 47/300, Loss: 64.76845007546268, Y0: 9.533750648279868
INFO:root:Epoch 48/300, Loss: 60.67719524649598, Y0: 9.523981008100845
INFO:root:Epoch 49/300, Loss: 65.65589090238325, Y0: 9.514202832890051
INFO:root:Epoch 50/300, Loss: 59.99365291540302, Y0: 9.504450019035813
INFO:root:Epoch 51/300, Loss: 60.48306296942173, Y0: 9.494712968040885
INFO:root:Epoch 52/300, Loss: 65.41086426820117, Y0: 9.484967081260615
INFO:root:Epoch 53/300, Loss: 63.166581022512915, Y0: 9.475232687729946
INFO:root:Epoch 54/300, Loss: 62.81498197989145, Y0: 9.465503130741983
INFO:root:Epoch 55/300, Loss: 65.49173193491208, Y0: 9.455759111782108
INFO:root:Epoch 56/300, Loss: 61.136376058727855, Y0: 9.446031422071023
INFO:root:Epoch 57/300, Loss: 62.33589734675028, Y0: 9.436308057416486
INFO:root:Epoch 58/300, Loss: 63.94525930007383, Y0: 9.42658206730279
INFO:root:Epoch 59/300, Loss: 60.79746249580951, Y0: 9.41686793785805
INFO:root:Epoch 60/300, Loss: 61.47983778532943, Y0: 9.407158257922163
INFO:root:Epoch 61/300, Loss: 58.716172996276974, Y0: 9.397474915973294
INFO:root:Epoch 62/300, Loss: 61.68223391020385, Y0: 9.38779217238519
INFO:root:Epoch 63/300, Loss: 64.16996296255222, Y0: 9.37809163169622
INFO:root:Epoch 64/300, Loss: 62.7580230954289, Y0: 9.368380254461036
INFO:root:Epoch 65/300, Loss: 60.40827753571177, Y0: 9.358674285616326
INFO:root:Epoch 66/300, Loss: 66.49652193706721, Y0: 9.348936680113358
INFO:root:Epoch 67/300, Loss: 54.642936234705445, Y0: 9.339253368056733
INFO:root:Epoch 68/300, Loss: 63.58631156667137, Y0: 9.32955669090922
INFO:root:Epoch 69/300, Loss: 63.200567831396675, Y0: 9.319860354601296
INFO:root:Epoch 70/300, Loss: 61.61365211364537, Y0: 9.31017155974217
INFO:root:Epoch 71/300, Loss: 65.08086247960772, Y0: 9.300485214817892
INFO:root:Epoch 72/300, Loss: 62.69207285073604, Y0: 9.290790724653265
INFO:root:Epoch 73/300, Loss: 60.97601978541853, Y0: 9.281094914992922
INFO:root:Epoch 74/300, Loss: 59.89210937399794, Y0: 9.271409369479873
INFO:root:Epoch 75/300, Loss: 64.1377410208006, Y0: 9.261699387375996
INFO:root:Epoch 76/300, Loss: 58.845601658003304, Y0: 9.252001851502266
INFO:root:Epoch 77/300, Loss: 58.49861514201443, Y0: 9.242323720661084
INFO:root:Epoch 78/300, Loss: 62.43512817265651, Y0: 9.232628199152215
INFO:root:Epoch 79/300, Loss: 59.23190775642996, Y0: 9.222946176081177
INFO:root:Epoch 80/300, Loss: 60.6012335124374, Y0: 9.213261329218595
INFO:root:Epoch 81/300, Loss: 57.30070076466554, Y0: 9.203599783747082
INFO:root:Epoch 82/300, Loss: 58.3240257265317, Y0: 9.193954597606801
INFO:root:Epoch 83/300, Loss: 57.48269842174893, Y0: 9.184336044476483
INFO:root:Epoch 84/300, Loss: 59.962999956452634, Y0: 9.174707497062332
INFO:root:Epoch 85/300, Loss: 59.37971841218699, Y0: 9.165085104397226
INFO:root:Epoch 86/300, Loss: 54.10411858042521, Y0: 9.15550063539784
INFO:root:Epoch 87/300, Loss: 62.554564682782335, Y0: 9.145890644844545
INFO:root:Epoch 88/300, Loss: 58.62447306468121, Y0: 9.136281370054768
INFO:root:Epoch 89/300, Loss: 56.288120548055524, Y0: 9.12669051309179
INFO:root:Epoch 90/300, Loss: 52.898851688982994, Y0: 9.117142883056529
INFO:root:Epoch 91/300, Loss: 53.438645022575194, Y0: 9.107633148421936
INFO:root:Epoch 92/300, Loss: 56.105642751147364, Y0: 9.098144421285568
INFO:root:Epoch 93/300, Loss: 55.46456673313506, Y0: 9.088670187588372
INFO:root:Epoch 94/300, Loss: 54.810516431782524, Y0: 9.07921671376983
INFO:root:Epoch 95/300, Loss: 60.15450344717047, Y0: 9.069741788536577
INFO:root:Epoch 96/300, Loss: 60.01273728022833, Y0: 9.060253018567582
INFO:root:Epoch 97/300, Loss: 60.48266117360909, Y0: 9.050737816418973
INFO:root:Epoch 98/300, Loss: 56.915088998449406, Y0: 9.041224050906635
INFO:root:Epoch 99/300, Loss: 53.80464148476966, Y0: 9.031737887221619
INFO:root:Epoch 100/300, Loss: 56.02774928979892, Y0: 9.022258457204783
INFO:root:Epoch 101/300, Loss: 52.64441217293725, Y0: 9.01280232927756
INFO:root:Epoch 102/300, Loss: 56.27208041150115, Y0: 9.00333882503338
INFO:root:Epoch 103/300, Loss: 52.70337187508628, Y0: 8.993900139934995
INFO:root:Epoch 104/300, Loss: 56.21446610068732, Y0: 8.984448501363909
INFO:root:Epoch 105/300, Loss: 57.839382557471225, Y0: 8.974979880165964
INFO:root:Epoch 106/300, Loss: 53.72365680208459, Y0: 8.965524079369494
INFO:root:Epoch 107/300, Loss: 53.63130091709263, Y0: 8.956083718664082
INFO:root:Epoch 108/300, Loss: 55.967240404846784, Y0: 8.94663861115448
INFO:root:Epoch 109/300, Loss: 52.346513452848185, Y0: 8.937217377901824
INFO:root:Epoch 110/300, Loss: 55.032938352036425, Y0: 8.927792872029494
INFO:root:Epoch 111/300, Loss: 51.73775805777939, Y0: 8.918385554318904
INFO:root:Epoch 112/300, Loss: 58.168695568786205, Y0: 8.908949705573873
INFO:root:Epoch 113/300, Loss: 53.9998950839763, Y0: 8.899519637809231
INFO:root:Epoch 114/300, Loss: 51.43802377972433, Y0: 8.890115416374273
INFO:root:Epoch 115/300, Loss: 54.794747799645435, Y0: 8.880710897064333
INFO:root:Epoch 116/300, Loss: 58.50749406372667, Y0: 8.871272691799092
INFO:root:Epoch 117/300, Loss: 52.2078866323961, Y0: 8.861855573064805
INFO:root:Epoch 118/300, Loss: 51.555493766393006, Y0: 8.852464097974423
INFO:root:Epoch 119/300, Loss: 53.10326172899941, Y0: 8.843076736414849
INFO:root:Epoch 120/300, Loss: 54.07316970874271, Y0: 8.833687505606267
INFO:root:Epoch 121/300, Loss: 51.29901432389783, Y0: 8.82431931126279
INFO:root:Epoch 122/300, Loss: 54.977879510814276, Y0: 8.814935343023674
INFO:root:Epoch 123/300, Loss: 50.556851708230056, Y0: 8.805575821241487
INFO:root:Epoch 124/300, Loss: 55.007834736143835, Y0: 8.796198957569096
INFO:root:Epoch 125/300, Loss: 55.40985528131524, Y0: 8.786802896341955
INFO:root:Epoch 126/300, Loss: 50.50513475777972, Y0: 8.777435265866767
INFO:root:Epoch 127/300, Loss: 49.04400958014403, Y0: 8.768116752752539
INFO:root:Epoch 128/300, Loss: 50.34544886818402, Y0: 8.758814700169518
INFO:root:Epoch 129/300, Loss: 56.033960825344636, Y0: 8.74948290390209
INFO:root:Epoch 130/300, Loss: 51.48911667779804, Y0: 8.740161837921658
INFO:root:Epoch 131/300, Loss: 52.01782268235269, Y0: 8.730843189700314
INFO:root:Epoch 132/300, Loss: 51.82220899642631, Y0: 8.721527814228997
INFO:root:Epoch 133/300, Loss: 49.90807462552969, Y0: 8.712233654855781
INFO:root:Epoch 134/300, Loss: 51.18518651233788, Y0: 8.702939510304365
INFO:root:Epoch 135/300, Loss: 48.71669590118168, Y0: 8.693665598558452
INFO:root:Epoch 136/300, Loss: 51.078592635974246, Y0: 8.684388097169427
INFO:root:Epoch 137/300, Loss: 50.20451774367003, Y0: 8.675113208753835
INFO:root:Epoch 138/300, Loss: 52.90524097695931, Y0: 8.665819039625438
INFO:root:Epoch 139/300, Loss: 49.13364171191383, Y0: 8.656536566646105
INFO:root:Epoch 140/300, Loss: 50.025845206566764, Y0: 8.647259508741465
INFO:root:Epoch 141/300, Loss: 49.31284762993684, Y0: 8.637997873622611
INFO:root:Epoch 142/300, Loss: 50.36304600307383, Y0: 8.628739177320348
INFO:root:Epoch 143/300, Loss: 51.69520346948831, Y0: 8.619469044480146
INFO:root:Epoch 144/300, Loss: 48.85492359604271, Y0: 8.610212025524559
INFO:root:Epoch 145/300, Loss: 49.08695784086635, Y0: 8.60096555821596
INFO:root:Epoch 146/300, Loss: 49.14920591652746, Y0: 8.591725954617342
INFO:root:Epoch 147/300, Loss: 47.161221940606815, Y0: 8.582505331049353
INFO:root:Epoch 148/300, Loss: 45.82924397163461, Y0: 8.57332037474501
INFO:root:Epoch 149/300, Loss: 46.63354496207795, Y0: 8.564162587954485
INFO:root:Epoch 150/300, Loss: 47.224928622600515, Y0: 8.555022303281895
INFO:root:Epoch 151/300, Loss: 49.645647698313034, Y0: 8.545868739355496
INFO:root:Epoch 152/300, Loss: 48.1566935912241, Y0: 8.536720262440783
INFO:root:Epoch 153/300, Loss: 48.729514343821094, Y0: 8.527576145401982
INFO:root:Epoch 154/300, Loss: 45.3367313046794, Y0: 8.518467872727014
INFO:root:Epoch 155/300, Loss: 49.54220913205498, Y0: 8.509344113874166
INFO:root:Epoch 156/300, Loss: 48.86108211499323, Y0: 8.500212294208545
INFO:root:Epoch 157/300, Loss: 46.40370547329104, Y0: 8.491096456491002
INFO:root:Epoch 158/300, Loss: 46.552513610151415, Y0: 8.481993405201369
INFO:root:Epoch 159/300, Loss: 46.09252419547589, Y0: 8.472916348312202
INFO:root:Epoch 160/300, Loss: 46.60590426703445, Y0: 8.463851293559257
INFO:root:Epoch 161/300, Loss: 45.55732323083294, Y0: 8.454811931349747
INFO:root:Epoch 162/300, Loss: 45.80714453147183, Y0: 8.445783127747882
INFO:root:Epoch 163/300, Loss: 46.53451368890122, Y0: 8.436755366585936
INFO:root:Epoch 164/300, Loss: 44.901130999680475, Y0: 8.427746874083947
INFO:root:Epoch 165/300, Loss: 45.221919435891174, Y0: 8.418747084288482
INFO:root:Epoch 166/300, Loss: 48.152970780571906, Y0: 8.409734162997154
INFO:root:Epoch 167/300, Loss: 45.96595114860022, Y0: 8.400721720539925
INFO:root:Epoch 168/300, Loss: 47.723271347950345, Y0: 8.391703214849455
INFO:root:Epoch 169/300, Loss: 44.05995981257179, Y0: 8.382708837455365
INFO:root:Epoch 170/300, Loss: 46.677126295085856, Y0: 8.373708871140343
INFO:root:Epoch 171/300, Loss: 49.52260366606754, Y0: 8.364675162121282
INFO:root:Epoch 172/300, Loss: 50.68563077086462, Y0: 8.355619364453021
INFO:root:Epoch 173/300, Loss: 46.86130855624076, Y0: 8.346568819146624
INFO:root:Epoch 174/300, Loss: 44.474471870035046, Y0: 8.337536115222358
INFO:root:Epoch 175/300, Loss: 44.21885158516531, Y0: 8.328519360866123
INFO:root:Epoch 176/300, Loss: 45.11831179163249, Y0: 8.319508546743942
INFO:root:Epoch 177/300, Loss: 46.60334386313549, Y0: 8.310487064322533
INFO:root:Epoch 178/300, Loss: 46.93646297751357, Y0: 8.301452690974847
INFO:root:Epoch 179/300, Loss: 46.34374689188921, Y0: 8.292417051168863
INFO:root:Epoch 180/300, Loss: 46.16775292040994, Y0: 8.283374131413254
INFO:root:Epoch 181/300, Loss: 44.844658438250775, Y0: 8.274339992883984
INFO:root:Epoch 182/300, Loss: 44.2475042091908, Y0: 8.265320446724914
INFO:root:Epoch 183/300, Loss: 44.14379628208593, Y0: 8.256314027465528
INFO:root:Epoch 184/300, Loss: 42.42893381548509, Y0: 8.247338012136694
INFO:root:Epoch 185/300, Loss: 46.620775733110335, Y0: 8.238343447255815
INFO:root:Epoch 186/300, Loss: 43.91172924467935, Y0: 8.229361147933718
INFO:root:Epoch 187/300, Loss: 43.41444600262153, Y0: 8.220392663892692
INFO:root:Epoch 188/300, Loss: 44.04694027503601, Y0: 8.211438071442029
INFO:root:Epoch 189/300, Loss: 42.988291037614005, Y0: 8.202500520290595
INFO:root:Epoch 190/300, Loss: 42.94163169219181, Y0: 8.193575324163207
INFO:root:Epoch 191/300, Loss: 39.969672068567405, Y0: 8.184694959483787
INFO:root:Epoch 192/300, Loss: 43.74263889685563, Y0: 8.175806950549635
INFO:root:Epoch 193/300, Loss: 41.753606656706324, Y0: 8.166935422375015
INFO:root:Epoch 194/300, Loss: 42.89102697886558, Y0: 8.158070286093054
INFO:root:Epoch 195/300, Loss: 40.59005087191862, Y0: 8.14923049218113
INFO:root:Epoch 196/300, Loss: 42.08625846765515, Y0: 8.14040410140242
INFO:root:Epoch 197/300, Loss: 42.59792983776791, Y0: 8.131581881098631
INFO:root:Epoch 198/300, Loss: 42.79373446575923, Y0: 8.122757163647677
INFO:root:Epoch 199/300, Loss: 39.72800013474624, Y0: 8.113959487964788
INFO:root:Epoch 200/300, Loss: 41.11139425678127, Y0: 8.105171546241003
INFO:root:Epoch 201/300, Loss: 37.837656321280775, Y0: 8.09642524324461
INFO:root:Epoch 202/300, Loss: 43.04384328775714, Y0: 8.087663672619925
INFO:root:Epoch 203/300, Loss: 41.60967358349987, Y0: 8.078901535124162
INFO:root:Epoch 204/300, Loss: 41.70519193461318, Y0: 8.070139791589268
INFO:root:Epoch 205/300, Loss: 39.419091507278495, Y0: 8.06139544729639
INFO:root:Epoch 206/300, Loss: 39.85114924277555, Y0: 8.052665129976367
INFO:root:Epoch 207/300, Loss: 41.54473950620507, Y0: 8.043931576354566
INFO:root:Epoch 208/300, Loss: 40.510799371955144, Y0: 8.035204503289329
INFO:root:Epoch 209/300, Loss: 41.165427446298324, Y0: 8.026475953553161
INFO:root:Epoch 210/300, Loss: 41.72397208885167, Y0: 8.017737192947537
INFO:root:Epoch 211/300, Loss: 42.190078287406195, Y0: 8.0089825402058
INFO:root:Epoch 212/300, Loss: 43.20291651413968, Y0: 8.000208424101702
INFO:root:Epoch 213/300, Loss: 40.00814939138328, Y0: 7.991441640704295
INFO:root:Epoch 214/300, Loss: 39.515366924194, Y0: 7.982689993270742
INFO:root:Epoch 215/300, Loss: 39.87109925715114, Y0: 7.973945447396135
INFO:root:Epoch 216/300, Loss: 40.47462125377143, Y0: 7.965203207956872
INFO:root:Epoch 217/300, Loss: 39.49642850520165, Y0: 7.956468336936688
INFO:root:Epoch 218/300, Loss: 37.89228539027266, Y0: 7.947771143757641
INFO:root:Epoch 219/300, Loss: 38.579715989648946, Y0: 7.939091815610774
INFO:root:Epoch 220/300, Loss: 39.81673344542138, Y0: 7.93041398806477
INFO:root:Epoch 221/300, Loss: 39.923778712289234, Y0: 7.921733790840427
INFO:root:Epoch 222/300, Loss: 41.59010441980074, Y0: 7.913033558799021
INFO:root:Epoch 223/300, Loss: 39.799111462728185, Y0: 7.904336413275879
INFO:root:Epoch 224/300, Loss: 39.951308642549066, Y0: 7.895639971633946
INFO:root:Epoch 225/300, Loss: 39.678109477888285, Y0: 7.886947744415012
INFO:root:Epoch 226/300, Loss: 37.144181203367914, Y0: 7.878286798634378
INFO:root:Epoch 227/300, Loss: 39.38734997469839, Y0: 7.869628550401338
INFO:root:Epoch 228/300, Loss: 38.54400510047367, Y0: 7.860979893324076
INFO:root:Epoch 229/300, Loss: 39.65671662302218, Y0: 7.852328851384524
INFO:root:Epoch 230/300, Loss: 38.841609778870605, Y0: 7.843682153147086
INFO:root:Epoch 231/300, Loss: 37.63062516362231, Y0: 7.835053269890439
INFO:root:Epoch 232/300, Loss: 39.39744939779076, Y0: 7.826417335013929
INFO:root:Epoch 233/300, Loss: 38.02900396562207, Y0: 7.817797788510981
INFO:root:Epoch 234/300, Loss: 39.05788187089966, Y0: 7.809178814751666
INFO:root:Epoch 235/300, Loss: 37.94073856147285, Y0: 7.800570872158869
INFO:root:Epoch 236/300, Loss: 36.85728410009075, Y0: 7.791982716350604
INFO:root:Epoch 237/300, Loss: 41.32041743967952, Y0: 7.783368354954705
INFO:root:Epoch 238/300, Loss: 37.3992241445298, Y0: 7.774776771840757
INFO:root:Epoch 239/300, Loss: 37.51067026663196, Y0: 7.766197571822932
INFO:root:Epoch 240/300, Loss: 40.9025768683801, Y0: 7.7575896693262125
INFO:root:Epoch 241/300, Loss: 38.43411990431133, Y0: 7.748977901927454
INFO:root:Epoch 242/300, Loss: 40.700902942795075, Y0: 7.740338614203168
INFO:root:Epoch 243/300, Loss: 35.69393465736998, Y0: 7.731731857489765
INFO:root:Epoch 244/300, Loss: 37.40512653466437, Y0: 7.72313638390438
INFO:root:Epoch 245/300, Loss: 37.23970009542341, Y0: 7.714548474542647
INFO:root:Epoch 246/300, Loss: 36.05663827652444, Y0: 7.705982606492846
INFO:root:Epoch 247/300, Loss: 35.56908199222415, Y0: 7.697435741716453
INFO:root:Epoch 248/300, Loss: 36.29149523431763, Y0: 7.688909280081438
INFO:root:Epoch 249/300, Loss: 37.58241742852424, Y0: 7.680374281521169
INFO:root:Epoch 250/300, Loss: 35.16844829695329, Y0: 7.67185927419413
INFO:root:Epoch 251/300, Loss: 35.86619987783932, Y0: 7.663356870301931
INFO:root:Epoch 252/300, Loss: 36.60487453408784, Y0: 7.654854706876788
INFO:root:Epoch 253/300, Loss: 37.71327496465397, Y0: 7.646345106662123
INFO:root:Epoch 254/300, Loss: 36.2378368480955, Y0: 7.637838676080557
INFO:root:Epoch 255/300, Loss: 36.42150157897733, Y0: 7.62933682708895
INFO:root:Epoch 256/300, Loss: 37.02176329270222, Y0: 7.620832619547955
INFO:root:Epoch 257/300, Loss: 34.6817638919141, Y0: 7.612349109059034
INFO:root:Epoch 258/300, Loss: 37.85798735154825, Y0: 7.603844130617127
INFO:root:Epoch 259/300, Loss: 36.48301780321218, Y0: 7.595338593243971
INFO:root:Epoch 260/300, Loss: 35.43365033788484, Y0: 7.586843437378112
INFO:root:Epoch 261/300, Loss: 34.43034464723291, Y0: 7.5783709744874175
INFO:root:Epoch 262/300, Loss: 35.571346668595275, Y0: 7.569902305558468
INFO:root:Epoch 263/300, Loss: 35.4536989837059, Y0: 7.561440215611106
INFO:root:Epoch 264/300, Loss: 34.01029942305687, Y0: 7.553001891458683
INFO:root:Epoch 265/300, Loss: 35.50876154990921, Y0: 7.544560811610074
INFO:root:Epoch 266/300, Loss: 33.42868121439436, Y0: 7.536145428304139
INFO:root:Epoch 267/300, Loss: 34.724934484432694, Y0: 7.527735423212655
INFO:root:Epoch 268/300, Loss: 34.0584632883282, Y0: 7.51934917346642
INFO:root:Epoch 269/300, Loss: 33.917749240942044, Y0: 7.510973683320944
INFO:root:Epoch 270/300, Loss: 35.50122863358105, Y0: 7.502595735948265
INFO:root:Epoch 271/300, Loss: 33.67666963865757, Y0: 7.494243111165959
INFO:root:Epoch 272/300, Loss: 35.34453561361475, Y0: 7.485882163009316
INFO:root:Epoch 273/300, Loss: 34.7928141538369, Y0: 7.477516926415204
INFO:root:Epoch 274/300, Loss: 36.2149648856215, Y0: 7.469129523882989
INFO:root:Epoch 275/300, Loss: 35.20131845034149, Y0: 7.460734194021255
INFO:root:Epoch 276/300, Loss: 33.74412667337698, Y0: 7.45235131476739
INFO:root:Epoch 277/300, Loss: 33.302631129848876, Y0: 7.44398194993646
INFO:root:Epoch 278/300, Loss: 34.186094969071874, Y0: 7.435611269134219
INFO:root:Epoch 279/300, Loss: 32.7622839417801, Y0: 7.427261120519809
INFO:root:Epoch 280/300, Loss: 35.561831688719984, Y0: 7.41889323142493
INFO:root:Epoch 281/300, Loss: 34.582322188254246, Y0: 7.410519397353708
INFO:root:Epoch 282/300, Loss: 33.335850500859706, Y0: 7.402154303359216
INFO:root:Epoch 283/300, Loss: 32.7419815099143, Y0: 7.393803060795865
INFO:root:Epoch 284/300, Loss: 33.76105880950559, Y0: 7.385451516646377
INFO:root:Epoch 285/300, Loss: 31.765319416550987, Y0: 7.377130971919159
INFO:root:Epoch 286/300, Loss: 32.93990325724057, Y0: 7.368817843385505
INFO:root:Epoch 287/300, Loss: 30.279351656202195, Y0: 7.360556270214159
INFO:root:Epoch 288/300, Loss: 32.88862985993829, Y0: 7.352296003884
INFO:root:Epoch 289/300, Loss: 32.87198890081217, Y0: 7.344040899996663
INFO:root:Epoch 290/300, Loss: 32.791096010634206, Y0: 7.335786629249151
INFO:root:Epoch 291/300, Loss: 32.047211942218055, Y0: 7.327542241545813
INFO:root:Epoch 292/300, Loss: 32.62894010329555, Y0: 7.319303428194668
INFO:root:Epoch 293/300, Loss: 33.02277861843919, Y0: 7.311063896109411
INFO:root:Epoch 294/300, Loss: 32.84407619276303, Y0: 7.302821871526996
INFO:root:Epoch 295/300, Loss: 31.77837423240676, Y0: 7.294592260358741
INFO:root:Epoch 296/300, Loss: 32.13102221781237, Y0: 7.286367280898843
INFO:root:Epoch 297/300, Loss: 30.988820527994697, Y0: 7.278160005273403
INFO:root:Epoch 298/300, Loss: 32.224073347371665, Y0: 7.269953842974567
INFO:root:Epoch 299/300, Loss: 31.521458205686624, Y0: 7.261757904784243
INFO:root:Epoch 300/300, Loss: 32.47875705549801, Y0: 7.253556150037665
INFO:root:Training time: 27.120774030685425 seconds
