INFO:root:Configs: {'lr': 0.01, 'epochs': 800, 'batch_size': 64, 'seed': 42, 'device': 'cpu', 'optimizer': Adam (
Parameter Group 0
    amsgrad: False
    betas: (0.9, 0.999)
    capturable: False
    differentiable: False
    eps: 1e-08
    foreach: None
    fused: None
    lr: 0.01
    maximize: False
    weight_decay: 0
), 'equation': <equation.EuropeanBasketOptionCall object at 0x000001837F960AD0>, 'net': Net4Y(
  (input_layer): Linear(in_features=5, out_features=64, bias=True)
  (output_layer): Linear(in_features=64, out_features=5, bias=True)
  (relu): ReLU()
  (net): Net4Z(
    (input_layer): Linear(in_features=5, out_features=64, bias=True)
    (output_layer): Linear(in_features=64, out_features=5, bias=True)
    (relu): ReLU()
  )
), 'train_iter': <torch.utils.data.dataloader.DataLoader object at 0x000001837F1E0EC0>}
INFO:root:Epoch 1/800, Loss: 0.895953357219696
INFO:root:Epoch 2/800, Loss: 0.8034396171569824
INFO:root:Epoch 3/800, Loss: 0.7457356452941895
INFO:root:Epoch 4/800, Loss: 0.7215818762779236
INFO:root:Epoch 5/800, Loss: 0.7212766408920288
INFO:root:Epoch 6/800, Loss: 0.7247599959373474
INFO:root:Epoch 7/800, Loss: 0.7212260365486145
INFO:root:Epoch 8/800, Loss: 0.7119739055633545
INFO:root:Epoch 9/800, Loss: 0.7010244131088257
INFO:root:Epoch 10/800, Loss: 0.6921626925468445
INFO:root:Epoch 11/800, Loss: 0.6863929033279419
INFO:root:Epoch 12/800, Loss: 0.6834777593612671
INFO:root:Epoch 13/800, Loss: 0.6830779314041138
INFO:root:Epoch 14/800, Loss: 0.6837948560714722
INFO:root:Epoch 15/800, Loss: 0.6837937831878662
INFO:root:Epoch 16/800, Loss: 0.6826338768005371
INFO:root:Epoch 17/800, Loss: 0.680012047290802
INFO:root:Epoch 18/800, Loss: 0.6763482093811035
INFO:root:Epoch 19/800, Loss: 0.6726306676864624
INFO:root:Epoch 20/800, Loss: 0.6696033477783203
INFO:root:Epoch 21/800, Loss: 0.6669613718986511
INFO:root:Epoch 22/800, Loss: 0.6647924780845642
INFO:root:Epoch 23/800, Loss: 0.6624538898468018
INFO:root:Epoch 24/800, Loss: 0.6602035760879517
INFO:root:Epoch 25/800, Loss: 0.6578338146209717
INFO:root:Epoch 26/800, Loss: 0.6554789543151855
INFO:root:Epoch 27/800, Loss: 0.6534367203712463
INFO:root:Epoch 28/800, Loss: 0.6519758701324463
INFO:root:Epoch 29/800, Loss: 0.650745153427124
INFO:root:Epoch 30/800, Loss: 0.6494032144546509
INFO:root:Epoch 31/800, Loss: 0.6480090618133545
INFO:root:Epoch 32/800, Loss: 0.6467792391777039
INFO:root:Epoch 33/800, Loss: 0.6454266905784607
INFO:root:Epoch 34/800, Loss: 0.6441296339035034
INFO:root:Epoch 35/800, Loss: 0.6429697275161743
INFO:root:Epoch 36/800, Loss: 0.6417511105537415
INFO:root:Epoch 37/800, Loss: 0.640750527381897
INFO:root:Epoch 38/800, Loss: 0.6396442651748657
INFO:root:Epoch 39/800, Loss: 0.6386370658874512
INFO:root:Epoch 40/800, Loss: 0.6377072930335999
INFO:root:Epoch 41/800, Loss: 0.6368629932403564
INFO:root:Epoch 42/800, Loss: 0.6359149813652039
INFO:root:Epoch 43/800, Loss: 0.6349856853485107
INFO:root:Epoch 44/800, Loss: 0.6340131163597107
INFO:root:Epoch 45/800, Loss: 0.6332144141197205
INFO:root:Epoch 46/800, Loss: 0.6324197053909302
INFO:root:Epoch 47/800, Loss: 0.6315527558326721
INFO:root:Epoch 48/800, Loss: 0.6306200623512268
INFO:root:Epoch 49/800, Loss: 0.629610538482666
INFO:root:Epoch 50/800, Loss: 0.6286038160324097
INFO:root:Epoch 51/800, Loss: 0.6276167631149292
INFO:root:Epoch 52/800, Loss: 0.6265993118286133
INFO:root:Epoch 53/800, Loss: 0.6257033348083496
INFO:root:Epoch 54/800, Loss: 0.6245860457420349
INFO:root:Epoch 55/800, Loss: 0.6235154867172241
INFO:root:Epoch 56/800, Loss: 0.6226378679275513
INFO:root:Epoch 57/800, Loss: 0.6216413378715515
INFO:root:Epoch 58/800, Loss: 0.6205050945281982
INFO:root:Epoch 59/800, Loss: 0.6194818019866943
INFO:root:Epoch 60/800, Loss: 0.6187081336975098
INFO:root:Epoch 61/800, Loss: 0.6174806356430054
INFO:root:Epoch 62/800, Loss: 0.6163254380226135
INFO:root:Epoch 63/800, Loss: 0.6152822971343994
INFO:root:Epoch 64/800, Loss: 0.6142261028289795
INFO:root:Epoch 65/800, Loss: 0.6131554245948792
INFO:root:Epoch 66/800, Loss: 0.6121366024017334
INFO:root:Epoch 67/800, Loss: 0.6110604405403137
INFO:root:Epoch 68/800, Loss: 0.6098546385765076
INFO:root:Epoch 69/800, Loss: 0.6087580323219299
INFO:root:Epoch 70/800, Loss: 0.6075860261917114
INFO:root:Epoch 71/800, Loss: 0.6067104935646057
INFO:root:Epoch 72/800, Loss: 0.6054609417915344
INFO:root:Epoch 73/800, Loss: 0.6045858263969421
INFO:root:Epoch 74/800, Loss: 0.6035577654838562
INFO:root:Epoch 75/800, Loss: 0.6022366285324097
INFO:root:Epoch 76/800, Loss: 0.6010800004005432
INFO:root:Epoch 77/800, Loss: 0.6000125408172607
INFO:root:Epoch 78/800, Loss: 0.5989237427711487
INFO:root:Epoch 79/800, Loss: 0.597663938999176
INFO:root:Epoch 80/800, Loss: 0.596569299697876
INFO:root:Epoch 81/800, Loss: 0.5954599976539612
INFO:root:Epoch 82/800, Loss: 0.5941619873046875
INFO:root:Epoch 83/800, Loss: 0.5928899645805359
INFO:root:Epoch 84/800, Loss: 0.5917636752128601
INFO:root:Epoch 85/800, Loss: 0.5906244516372681
INFO:root:Epoch 86/800, Loss: 0.5896328687667847
INFO:root:Epoch 87/800, Loss: 0.5881461501121521
INFO:root:Epoch 88/800, Loss: 0.5869436860084534
INFO:root:Epoch 89/800, Loss: 0.5856549739837646
INFO:root:Epoch 90/800, Loss: 0.5842376947402954
INFO:root:Epoch 91/800, Loss: 0.5835619568824768
INFO:root:Epoch 92/800, Loss: 0.5822440981864929
INFO:root:Epoch 93/800, Loss: 0.5808671712875366
INFO:root:Epoch 94/800, Loss: 0.5797029137611389
INFO:root:Epoch 95/800, Loss: 0.5786459445953369
INFO:root:Epoch 96/800, Loss: 0.5767348408699036
INFO:root:Epoch 97/800, Loss: 0.5758678317070007
INFO:root:Epoch 98/800, Loss: 0.5744569301605225
INFO:root:Epoch 99/800, Loss: 0.5730278491973877
INFO:root:Epoch 100/800, Loss: 0.571693480014801
INFO:root:Epoch 101/800, Loss: 0.570468544960022
INFO:root:Epoch 102/800, Loss: 0.5689428448677063
INFO:root:Epoch 103/800, Loss: 0.5674530267715454
INFO:root:Epoch 104/800, Loss: 0.5661085844039917
INFO:root:Epoch 105/800, Loss: 0.5644960403442383
INFO:root:Epoch 106/800, Loss: 0.5630402565002441
INFO:root:Epoch 107/800, Loss: 0.5616983771324158
INFO:root:Epoch 108/800, Loss: 0.5600176453590393
INFO:root:Epoch 109/800, Loss: 0.5588914752006531
INFO:root:Epoch 110/800, Loss: 0.5573791861534119
INFO:root:Epoch 111/800, Loss: 0.5560325384140015
INFO:root:Epoch 112/800, Loss: 0.5549147725105286
INFO:root:Epoch 113/800, Loss: 0.5535159111022949
INFO:root:Epoch 114/800, Loss: 0.5520385503768921
INFO:root:Epoch 115/800, Loss: 0.550602912902832
INFO:root:Epoch 116/800, Loss: 0.5490899085998535
INFO:root:Epoch 117/800, Loss: 0.5481038689613342
INFO:root:Epoch 118/800, Loss: 0.5463916659355164
INFO:root:Epoch 119/800, Loss: 0.5452566146850586
INFO:root:Epoch 120/800, Loss: 0.5433458089828491
INFO:root:Epoch 121/800, Loss: 0.542056143283844
INFO:root:Epoch 122/800, Loss: 0.5410252809524536
INFO:root:Epoch 123/800, Loss: 0.5395607352256775
INFO:root:Epoch 124/800, Loss: 0.5377343893051147
INFO:root:Epoch 125/800, Loss: 0.536301851272583
INFO:root:Epoch 126/800, Loss: 0.5348652601242065
INFO:root:Epoch 127/800, Loss: 0.5333393812179565
INFO:root:Epoch 128/800, Loss: 0.5320562720298767
INFO:root:Epoch 129/800, Loss: 0.5302553772926331
INFO:root:Epoch 130/800, Loss: 0.5289744734764099
INFO:root:Epoch 131/800, Loss: 0.5272063612937927
INFO:root:Epoch 132/800, Loss: 0.5259412527084351
INFO:root:Epoch 133/800, Loss: 0.5246529579162598
INFO:root:Epoch 134/800, Loss: 0.5229948163032532
INFO:root:Epoch 135/800, Loss: 0.5214142799377441
INFO:root:Epoch 136/800, Loss: 0.5199307203292847
INFO:root:Epoch 137/800, Loss: 0.5186585187911987
INFO:root:Epoch 138/800, Loss: 0.5173980593681335
INFO:root:Epoch 139/800, Loss: 0.5156475901603699
INFO:root:Epoch 140/800, Loss: 0.5141890048980713
INFO:root:Epoch 141/800, Loss: 0.5126366019248962
INFO:root:Epoch 142/800, Loss: 0.5111284852027893
INFO:root:Epoch 143/800, Loss: 0.509426474571228
INFO:root:Epoch 144/800, Loss: 0.5086650252342224
INFO:root:Epoch 145/800, Loss: 0.5065395832061768
INFO:root:Epoch 146/800, Loss: 0.5051100254058838
INFO:root:Epoch 147/800, Loss: 0.5036656856536865
INFO:root:Epoch 148/800, Loss: 0.5018530488014221
INFO:root:Epoch 149/800, Loss: 0.5002846121788025
INFO:root:Epoch 150/800, Loss: 0.4987456500530243
INFO:root:Epoch 151/800, Loss: 0.49730876088142395
INFO:root:Epoch 152/800, Loss: 0.49641644954681396
INFO:root:Epoch 153/800, Loss: 0.49453315138816833
INFO:root:Epoch 154/800, Loss: 0.4933363199234009
INFO:root:Epoch 155/800, Loss: 0.49218741059303284
INFO:root:Epoch 156/800, Loss: 0.4906825125217438
INFO:root:Epoch 157/800, Loss: 0.48884230852127075
INFO:root:Epoch 158/800, Loss: 0.48754119873046875
INFO:root:Epoch 159/800, Loss: 0.4863694906234741
INFO:root:Epoch 160/800, Loss: 0.48465991020202637
INFO:root:Epoch 161/800, Loss: 0.4836024343967438
INFO:root:Epoch 162/800, Loss: 0.4823712408542633
INFO:root:Epoch 163/800, Loss: 0.48097923398017883
INFO:root:Epoch 164/800, Loss: 0.47960442304611206
INFO:root:Epoch 165/800, Loss: 0.4788036644458771
INFO:root:Epoch 166/800, Loss: 0.47711899876594543
INFO:root:Epoch 167/800, Loss: 0.47584524750709534
INFO:root:Epoch 168/800, Loss: 0.474404513835907
INFO:root:Epoch 169/800, Loss: 0.4733988046646118
INFO:root:Epoch 170/800, Loss: 0.4728976786136627
INFO:root:Epoch 171/800, Loss: 0.4719398617744446
INFO:root:Epoch 172/800, Loss: 0.47038978338241577
INFO:root:Epoch 173/800, Loss: 0.4699305593967438
INFO:root:Epoch 174/800, Loss: 0.4692791998386383
INFO:root:Epoch 175/800, Loss: 0.46794113516807556
INFO:root:Epoch 176/800, Loss: 0.46722275018692017
INFO:root:Epoch 177/800, Loss: 0.46572089195251465
INFO:root:Epoch 178/800, Loss: 0.4651208817958832
INFO:root:Epoch 179/800, Loss: 0.4639779329299927
INFO:root:Epoch 180/800, Loss: 0.46282118558883667
INFO:root:Epoch 181/800, Loss: 0.4613625407218933
INFO:root:Epoch 182/800, Loss: 0.4604594111442566
INFO:root:Epoch 183/800, Loss: 0.4592331051826477
INFO:root:Epoch 184/800, Loss: 0.4586876332759857
INFO:root:Epoch 185/800, Loss: 0.4580226242542267
INFO:root:Epoch 186/800, Loss: 0.4568299949169159
INFO:root:Epoch 187/800, Loss: 0.45620834827423096
INFO:root:Epoch 188/800, Loss: 0.4543601870536804
INFO:root:Epoch 189/800, Loss: 0.45456841588020325
INFO:root:Epoch 190/800, Loss: 0.45200568437576294
INFO:root:Epoch 191/800, Loss: 0.45156487822532654
INFO:root:Epoch 192/800, Loss: 0.4518301486968994
INFO:root:Epoch 193/800, Loss: 0.4489840567111969
INFO:root:Epoch 194/800, Loss: 0.4495871663093567
INFO:root:Epoch 195/800, Loss: 0.4474295675754547
INFO:root:Epoch 196/800, Loss: 0.44716042280197144
INFO:root:Epoch 197/800, Loss: 0.4453940689563751
INFO:root:Epoch 198/800, Loss: 0.444454550743103
INFO:root:Epoch 199/800, Loss: 0.4437410235404968
INFO:root:Epoch 200/800, Loss: 0.4418148100376129
INFO:root:Epoch 201/800, Loss: 0.4420112371444702
INFO:root:Epoch 202/800, Loss: 0.4415724575519562
INFO:root:Epoch 203/800, Loss: 0.43943387269973755
INFO:root:Epoch 204/800, Loss: 0.4391201138496399
INFO:root:Epoch 205/800, Loss: 0.43724051117897034
INFO:root:Epoch 206/800, Loss: 0.43814486265182495
INFO:root:Epoch 207/800, Loss: 0.4357064366340637
INFO:root:Epoch 208/800, Loss: 0.4355964958667755
INFO:root:Epoch 209/800, Loss: 0.4347987473011017
INFO:root:Epoch 210/800, Loss: 0.43368738889694214
INFO:root:Epoch 211/800, Loss: 0.4327769875526428
INFO:root:Epoch 212/800, Loss: 0.43174129724502563
INFO:root:Epoch 213/800, Loss: 0.43090784549713135
INFO:root:Epoch 214/800, Loss: 0.42848631739616394
INFO:root:Epoch 215/800, Loss: 0.4285639524459839
INFO:root:Epoch 216/800, Loss: 0.42686575651168823
INFO:root:Epoch 217/800, Loss: 0.4269076883792877
INFO:root:Epoch 218/800, Loss: 0.42459163069725037
INFO:root:Epoch 219/800, Loss: 0.42420899868011475
INFO:root:Epoch 220/800, Loss: 0.42287957668304443
INFO:root:Epoch 221/800, Loss: 0.42132797837257385
INFO:root:Epoch 222/800, Loss: 0.4207954406738281
INFO:root:Epoch 223/800, Loss: 0.41954994201660156
INFO:root:Epoch 224/800, Loss: 0.41963183879852295
INFO:root:Epoch 225/800, Loss: 0.41715213656425476
INFO:root:Epoch 226/800, Loss: 0.416520893573761
INFO:root:Epoch 227/800, Loss: 0.4155616760253906
INFO:root:Epoch 228/800, Loss: 0.4152365028858185
INFO:root:Epoch 229/800, Loss: 0.41442105174064636
INFO:root:Epoch 230/800, Loss: 0.4128984212875366
INFO:root:Epoch 231/800, Loss: 0.41268622875213623
INFO:root:Epoch 232/800, Loss: 0.4116009473800659
INFO:root:Epoch 233/800, Loss: 0.4106495976448059
INFO:root:Epoch 234/800, Loss: 0.40937530994415283
INFO:root:Epoch 235/800, Loss: 0.4085389971733093
INFO:root:Epoch 236/800, Loss: 0.40822044014930725
INFO:root:Epoch 237/800, Loss: 0.40703487396240234
INFO:root:Epoch 238/800, Loss: 0.4061395227909088
INFO:root:Epoch 239/800, Loss: 0.4059109389781952
INFO:root:Epoch 240/800, Loss: 0.4049726724624634
INFO:root:Epoch 241/800, Loss: 0.40397804975509644
INFO:root:Epoch 242/800, Loss: 0.403450608253479
INFO:root:Epoch 243/800, Loss: 0.40250343084335327
INFO:root:Epoch 244/800, Loss: 0.40166404843330383
INFO:root:Epoch 245/800, Loss: 0.4007842540740967
INFO:root:Epoch 246/800, Loss: 0.40002405643463135
INFO:root:Epoch 247/800, Loss: 0.3992975354194641
INFO:root:Epoch 248/800, Loss: 0.3989793360233307
INFO:root:Epoch 249/800, Loss: 0.3979358673095703
INFO:root:Epoch 250/800, Loss: 0.3972434103488922
INFO:root:Epoch 251/800, Loss: 0.3965868353843689
INFO:root:Epoch 252/800, Loss: 0.3958298861980438
INFO:root:Epoch 253/800, Loss: 0.39495354890823364
INFO:root:Epoch 254/800, Loss: 0.39427050948143005
INFO:root:Epoch 255/800, Loss: 0.39381587505340576
INFO:root:Epoch 256/800, Loss: 0.3932688534259796
INFO:root:Epoch 257/800, Loss: 0.392323762178421
INFO:root:Epoch 258/800, Loss: 0.39208847284317017
INFO:root:Epoch 259/800, Loss: 0.39149704575538635
INFO:root:Epoch 260/800, Loss: 0.390960156917572
INFO:root:Epoch 261/800, Loss: 0.39026373624801636
INFO:root:Epoch 262/800, Loss: 0.389835387468338
INFO:root:Epoch 263/800, Loss: 0.38881638646125793
INFO:root:Epoch 264/800, Loss: 0.38910239934921265
INFO:root:Epoch 265/800, Loss: 0.3878042697906494
INFO:root:Epoch 266/800, Loss: 0.3875889182090759
INFO:root:Epoch 267/800, Loss: 0.38627538084983826
INFO:root:Epoch 268/800, Loss: 0.38600093126296997
INFO:root:Epoch 269/800, Loss: 0.38547322154045105
INFO:root:Epoch 270/800, Loss: 0.3847588300704956
INFO:root:Epoch 271/800, Loss: 0.38410472869873047
INFO:root:Epoch 272/800, Loss: 0.38302963972091675
INFO:root:Epoch 273/800, Loss: 0.3830573260784149
INFO:root:Epoch 274/800, Loss: 0.38312751054763794
INFO:root:Epoch 275/800, Loss: 0.38175174593925476
INFO:root:Epoch 276/800, Loss: 0.3818197250366211
INFO:root:Epoch 277/800, Loss: 0.38017794489860535
INFO:root:Epoch 278/800, Loss: 0.38066303730010986
INFO:root:Epoch 279/800, Loss: 0.3800203204154968
INFO:root:Epoch 280/800, Loss: 0.37958335876464844
INFO:root:Epoch 281/800, Loss: 0.3792732357978821
INFO:root:Epoch 282/800, Loss: 0.37742459774017334
INFO:root:Epoch 283/800, Loss: 0.37859612703323364
INFO:root:Epoch 284/800, Loss: 0.376682311296463
INFO:root:Epoch 285/800, Loss: 0.37624165415763855
INFO:root:Epoch 286/800, Loss: 0.3772272765636444
INFO:root:Epoch 287/800, Loss: 0.3760581314563751
INFO:root:Epoch 288/800, Loss: 0.3752281069755554
INFO:root:Epoch 289/800, Loss: 0.3773075044155121
INFO:root:Epoch 290/800, Loss: 0.37598860263824463
INFO:root:Epoch 291/800, Loss: 0.3747504949569702
INFO:root:Epoch 292/800, Loss: 0.37367182970046997
INFO:root:Epoch 293/800, Loss: 0.37339478731155396
INFO:root:Epoch 294/800, Loss: 0.3712928891181946
INFO:root:Epoch 295/800, Loss: 0.3727438449859619
INFO:root:Epoch 296/800, Loss: 0.370758980512619
INFO:root:Epoch 297/800, Loss: 0.37111586332321167
INFO:root:Epoch 298/800, Loss: 0.36981117725372314
INFO:root:Epoch 299/800, Loss: 0.368664026260376
INFO:root:Epoch 300/800, Loss: 0.36945754289627075
INFO:root:Epoch 301/800, Loss: 0.3688341975212097
INFO:root:Epoch 302/800, Loss: 0.3668876886367798
INFO:root:Epoch 303/800, Loss: 0.36836516857147217
INFO:root:Epoch 304/800, Loss: 0.36642903089523315
INFO:root:Epoch 305/800, Loss: 0.365575909614563
INFO:root:Epoch 306/800, Loss: 0.3661113381385803
INFO:root:Epoch 307/800, Loss: 0.3650560677051544
INFO:root:Epoch 308/800, Loss: 0.36456242203712463
INFO:root:Epoch 309/800, Loss: 0.3646383583545685
INFO:root:Epoch 310/800, Loss: 0.3636322319507599
INFO:root:Epoch 311/800, Loss: 0.3639978766441345
INFO:root:Epoch 312/800, Loss: 0.36232897639274597
INFO:root:Epoch 313/800, Loss: 0.3620131313800812
INFO:root:Epoch 314/800, Loss: 0.36179211735725403
INFO:root:Epoch 315/800, Loss: 0.3607061803340912
INFO:root:Epoch 316/800, Loss: 0.3604195713996887
INFO:root:Epoch 317/800, Loss: 0.3602575659751892
INFO:root:Epoch 318/800, Loss: 0.3596210181713104
INFO:root:Epoch 319/800, Loss: 0.3590996265411377
INFO:root:Epoch 320/800, Loss: 0.35895678400993347
INFO:root:Epoch 321/800, Loss: 0.3576081097126007
INFO:root:Epoch 322/800, Loss: 0.35708606243133545
INFO:root:Epoch 323/800, Loss: 0.3576241433620453
INFO:root:Epoch 324/800, Loss: 0.3568183481693268
INFO:root:Epoch 325/800, Loss: 0.35562369227409363
INFO:root:Epoch 326/800, Loss: 0.3556011915206909
INFO:root:Epoch 327/800, Loss: 0.35517680644989014
INFO:root:Epoch 328/800, Loss: 0.3543778955936432
INFO:root:Epoch 329/800, Loss: 0.3537660837173462
INFO:root:Epoch 330/800, Loss: 0.35465267300605774
INFO:root:Epoch 331/800, Loss: 0.3528393805027008
INFO:root:Epoch 332/800, Loss: 0.35382702946662903
INFO:root:Epoch 333/800, Loss: 0.35300692915916443
INFO:root:Epoch 334/800, Loss: 0.3523106873035431
INFO:root:Epoch 335/800, Loss: 0.35181382298469543
INFO:root:Epoch 336/800, Loss: 0.35147830843925476
INFO:root:Epoch 337/800, Loss: 0.35043853521347046
INFO:root:Epoch 338/800, Loss: 0.35194578766822815
INFO:root:Epoch 339/800, Loss: 0.3514087200164795
INFO:root:Epoch 340/800, Loss: 0.3507911264896393
INFO:root:Epoch 341/800, Loss: 0.35131901502609253
INFO:root:Epoch 342/800, Loss: 0.3486407399177551
INFO:root:Epoch 343/800, Loss: 0.34954312443733215
INFO:root:Epoch 344/800, Loss: 0.3484680652618408
INFO:root:Epoch 345/800, Loss: 0.34791016578674316
INFO:root:Epoch 346/800, Loss: 0.3474889397621155
INFO:root:Epoch 347/800, Loss: 0.34692203998565674
INFO:root:Epoch 348/800, Loss: 0.34663933515548706
INFO:root:Epoch 349/800, Loss: 0.34529751539230347
INFO:root:Epoch 350/800, Loss: 0.3451535105705261
INFO:root:Epoch 351/800, Loss: 0.34447258710861206
INFO:root:Epoch 352/800, Loss: 0.3443765342235565
INFO:root:Epoch 353/800, Loss: 0.34412965178489685
INFO:root:Epoch 354/800, Loss: 0.34437766671180725
INFO:root:Epoch 355/800, Loss: 0.34307706356048584
INFO:root:Epoch 356/800, Loss: 0.3426847457885742
INFO:root:Epoch 357/800, Loss: 0.3423365652561188
INFO:root:Epoch 358/800, Loss: 0.34205079078674316
INFO:root:Epoch 359/800, Loss: 0.3415614068508148
INFO:root:Epoch 360/800, Loss: 0.3405885398387909
INFO:root:Epoch 361/800, Loss: 0.34092429280281067
INFO:root:Epoch 362/800, Loss: 0.33996373414993286
INFO:root:Epoch 363/800, Loss: 0.33958521485328674
INFO:root:Epoch 364/800, Loss: 0.33925721049308777
INFO:root:Epoch 365/800, Loss: 0.3384604752063751
INFO:root:Epoch 366/800, Loss: 0.338504433631897
INFO:root:Epoch 367/800, Loss: 0.3379586935043335
INFO:root:Epoch 368/800, Loss: 0.3377480208873749
INFO:root:Epoch 369/800, Loss: 0.3371630907058716
INFO:root:Epoch 370/800, Loss: 0.337057888507843
INFO:root:Epoch 371/800, Loss: 0.3359197974205017
INFO:root:Epoch 372/800, Loss: 0.33568963408470154
INFO:root:Epoch 373/800, Loss: 0.3345595896244049
INFO:root:Epoch 374/800, Loss: 0.3342188894748688
INFO:root:Epoch 375/800, Loss: 0.33402737975120544
INFO:root:Epoch 376/800, Loss: 0.33311083912849426
INFO:root:Epoch 377/800, Loss: 0.33268776535987854
INFO:root:Epoch 378/800, Loss: 0.33209067583084106
INFO:root:Epoch 379/800, Loss: 0.33177947998046875
INFO:root:Epoch 380/800, Loss: 0.33175715804100037
INFO:root:Epoch 381/800, Loss: 0.3310137987136841
INFO:root:Epoch 382/800, Loss: 0.330861896276474
INFO:root:Epoch 383/800, Loss: 0.3304809629917145
INFO:root:Epoch 384/800, Loss: 0.33070632815361023
INFO:root:Epoch 385/800, Loss: 0.32965824007987976
INFO:root:Epoch 386/800, Loss: 0.3292559087276459
INFO:root:Epoch 387/800, Loss: 0.3292272984981537
INFO:root:Epoch 388/800, Loss: 0.32930129766464233
INFO:root:Epoch 389/800, Loss: 0.32799088954925537
INFO:root:Epoch 390/800, Loss: 0.3278839588165283
INFO:root:Epoch 391/800, Loss: 0.32744911313056946
INFO:root:Epoch 392/800, Loss: 0.32746899127960205
INFO:root:Epoch 393/800, Loss: 0.32650241255760193
INFO:root:Epoch 394/800, Loss: 0.3259431719779968
INFO:root:Epoch 395/800, Loss: 0.32620853185653687
INFO:root:Epoch 396/800, Loss: 0.32554107904434204
INFO:root:Epoch 397/800, Loss: 0.32547152042388916
INFO:root:Epoch 398/800, Loss: 0.32517632842063904
INFO:root:Epoch 399/800, Loss: 0.3243694305419922
INFO:root:Epoch 400/800, Loss: 0.32408949732780457
INFO:root:Epoch 401/800, Loss: 0.3241253197193146
INFO:root:Epoch 402/800, Loss: 0.3235380947589874
INFO:root:Epoch 403/800, Loss: 0.3228808641433716
INFO:root:Epoch 404/800, Loss: 0.3228083550930023
INFO:root:Epoch 405/800, Loss: 0.32268115878105164
INFO:root:Epoch 406/800, Loss: 0.3217739164829254
INFO:root:Epoch 407/800, Loss: 0.32150471210479736
INFO:root:Epoch 408/800, Loss: 0.32070907950401306
INFO:root:Epoch 409/800, Loss: 0.3208288848400116
INFO:root:Epoch 410/800, Loss: 0.3201393485069275
INFO:root:Epoch 411/800, Loss: 0.3194168508052826
INFO:root:Epoch 412/800, Loss: 0.31954723596572876
INFO:root:Epoch 413/800, Loss: 0.3192773759365082
INFO:root:Epoch 414/800, Loss: 0.3186183273792267
INFO:root:Epoch 415/800, Loss: 0.31881430745124817
INFO:root:Epoch 416/800, Loss: 0.31831443309783936
INFO:root:Epoch 417/800, Loss: 0.31799811124801636
INFO:root:Epoch 418/800, Loss: 0.31780996918678284
INFO:root:Epoch 419/800, Loss: 0.3169807195663452
INFO:root:Epoch 420/800, Loss: 0.3172096610069275
INFO:root:Epoch 421/800, Loss: 0.31771671772003174
INFO:root:Epoch 422/800, Loss: 0.317421019077301
INFO:root:Epoch 423/800, Loss: 0.316061407327652
INFO:root:Epoch 424/800, Loss: 0.3151393532752991
INFO:root:Epoch 425/800, Loss: 0.31601762771606445
INFO:root:Epoch 426/800, Loss: 0.31459707021713257
INFO:root:Epoch 427/800, Loss: 0.31368809938430786
INFO:root:Epoch 428/800, Loss: 0.31404027342796326
INFO:root:Epoch 429/800, Loss: 0.31352460384368896
INFO:root:Epoch 430/800, Loss: 0.3121926486492157
INFO:root:Epoch 431/800, Loss: 0.31313177943229675
INFO:root:Epoch 432/800, Loss: 0.3123422861099243
INFO:root:Epoch 433/800, Loss: 0.3125893473625183
INFO:root:Epoch 434/800, Loss: 0.3119460940361023
INFO:root:Epoch 435/800, Loss: 0.3103812634944916
INFO:root:Epoch 436/800, Loss: 0.31032127141952515
INFO:root:Epoch 437/800, Loss: 0.3116568326950073
INFO:root:Epoch 438/800, Loss: 0.3099287450313568
INFO:root:Epoch 439/800, Loss: 0.30869942903518677
INFO:root:Epoch 440/800, Loss: 0.30802327394485474
INFO:root:Epoch 441/800, Loss: 0.308765709400177
INFO:root:Epoch 442/800, Loss: 0.3086548447608948
INFO:root:Epoch 443/800, Loss: 0.30620503425598145
INFO:root:Epoch 444/800, Loss: 0.30650344491004944
INFO:root:Epoch 445/800, Loss: 0.30723440647125244
INFO:root:Epoch 446/800, Loss: 0.3061765730381012
INFO:root:Epoch 447/800, Loss: 0.30454006791114807
INFO:root:Epoch 448/800, Loss: 0.3051236569881439
INFO:root:Epoch 449/800, Loss: 0.30498552322387695
INFO:root:Epoch 450/800, Loss: 0.3039553463459015
INFO:root:Epoch 451/800, Loss: 0.30316153168678284
INFO:root:Epoch 452/800, Loss: 0.3026584982872009
INFO:root:Epoch 453/800, Loss: 0.30255401134490967
INFO:root:Epoch 454/800, Loss: 0.30245983600616455
INFO:root:Epoch 455/800, Loss: 0.3026624023914337
INFO:root:Epoch 456/800, Loss: 0.3010637164115906
INFO:root:Epoch 457/800, Loss: 0.3006301820278168
INFO:root:Epoch 458/800, Loss: 0.30159497261047363
INFO:root:Epoch 459/800, Loss: 0.3013617992401123
INFO:root:Epoch 460/800, Loss: 0.29946622252464294
INFO:root:Epoch 461/800, Loss: 0.29925841093063354
INFO:root:Epoch 462/800, Loss: 0.2989735007286072
INFO:root:Epoch 463/800, Loss: 0.29867762327194214
INFO:root:Epoch 464/800, Loss: 0.29787352681159973
INFO:root:Epoch 465/800, Loss: 0.2970507740974426
INFO:root:Epoch 466/800, Loss: 0.2973508834838867
INFO:root:Epoch 467/800, Loss: 0.2960604727268219
INFO:root:Epoch 468/800, Loss: 0.29559722542762756
INFO:root:Epoch 469/800, Loss: 0.2958460748195648
INFO:root:Epoch 470/800, Loss: 0.29600730538368225
INFO:root:Epoch 471/800, Loss: 0.29524895548820496
INFO:root:Epoch 472/800, Loss: 0.2951086461544037
INFO:root:Epoch 473/800, Loss: 0.2941441237926483
INFO:root:Epoch 474/800, Loss: 0.2935093641281128
INFO:root:Epoch 475/800, Loss: 0.29357630014419556
INFO:root:Epoch 476/800, Loss: 0.2928884029388428
INFO:root:Epoch 477/800, Loss: 0.2927996814250946
INFO:root:Epoch 478/800, Loss: 0.29214194416999817
INFO:root:Epoch 479/800, Loss: 0.29173365235328674
INFO:root:Epoch 480/800, Loss: 0.2909667491912842
INFO:root:Epoch 481/800, Loss: 0.2908965051174164
INFO:root:Epoch 482/800, Loss: 0.29118749499320984
INFO:root:Epoch 483/800, Loss: 0.29091304540634155
INFO:root:Epoch 484/800, Loss: 0.289752721786499
INFO:root:Epoch 485/800, Loss: 0.28899630904197693
INFO:root:Epoch 486/800, Loss: 0.2891521751880646
INFO:root:Epoch 487/800, Loss: 0.28796589374542236
INFO:root:Epoch 488/800, Loss: 0.28776076436042786
INFO:root:Epoch 489/800, Loss: 0.28756630420684814
INFO:root:Epoch 490/800, Loss: 0.2868672311306
INFO:root:Epoch 491/800, Loss: 0.2864850163459778
INFO:root:Epoch 492/800, Loss: 0.28657859563827515
INFO:root:Epoch 493/800, Loss: 0.28641006350517273
INFO:root:Epoch 494/800, Loss: 0.28682324290275574
INFO:root:Epoch 495/800, Loss: 0.2853280305862427
INFO:root:Epoch 496/800, Loss: 0.2844665050506592
INFO:root:Epoch 497/800, Loss: 0.2844787836074829
INFO:root:Epoch 498/800, Loss: 0.2848099172115326
INFO:root:Epoch 499/800, Loss: 0.2850559949874878
INFO:root:Epoch 500/800, Loss: 0.2841060161590576
INFO:root:Epoch 501/800, Loss: 0.2834378778934479
INFO:root:Epoch 502/800, Loss: 0.2825464606285095
INFO:root:Epoch 503/800, Loss: 0.2827233374118805
INFO:root:Epoch 504/800, Loss: 0.28261786699295044
INFO:root:Epoch 505/800, Loss: 0.281866192817688
INFO:root:Epoch 506/800, Loss: 0.2814943194389343
INFO:root:Epoch 507/800, Loss: 0.28094038367271423
INFO:root:Epoch 508/800, Loss: 0.2801817059516907
INFO:root:Epoch 509/800, Loss: 0.2794896066188812
INFO:root:Epoch 510/800, Loss: 0.2795338034629822
INFO:root:Epoch 511/800, Loss: 0.279114305973053
INFO:root:Epoch 512/800, Loss: 0.27928873896598816
INFO:root:Epoch 513/800, Loss: 0.27942803502082825
INFO:root:Epoch 514/800, Loss: 0.27980855107307434
INFO:root:Epoch 515/800, Loss: 0.28002750873565674
INFO:root:Epoch 516/800, Loss: 0.2787434756755829
INFO:root:Epoch 517/800, Loss: 0.27786117792129517
INFO:root:Epoch 518/800, Loss: 0.2763887643814087
INFO:root:Epoch 519/800, Loss: 0.27573490142822266
INFO:root:Epoch 520/800, Loss: 0.2759808301925659
INFO:root:Epoch 521/800, Loss: 0.2758758068084717
INFO:root:Epoch 522/800, Loss: 0.27580440044403076
INFO:root:Epoch 523/800, Loss: 0.27531567215919495
INFO:root:Epoch 524/800, Loss: 0.27426591515541077
INFO:root:Epoch 525/800, Loss: 0.27424290776252747
INFO:root:Epoch 526/800, Loss: 0.2739238440990448
INFO:root:Epoch 527/800, Loss: 0.27306920289993286
INFO:root:Epoch 528/800, Loss: 0.27359291911125183
INFO:root:Epoch 529/800, Loss: 0.2725011706352234
INFO:root:Epoch 530/800, Loss: 0.2730766534805298
INFO:root:Epoch 531/800, Loss: 0.27278149127960205
INFO:root:Epoch 532/800, Loss: 0.27268898487091064
INFO:root:Epoch 533/800, Loss: 0.2736915051937103
INFO:root:Epoch 534/800, Loss: 0.2731577455997467
INFO:root:Epoch 535/800, Loss: 0.27282238006591797
INFO:root:Epoch 536/800, Loss: 0.27229273319244385
INFO:root:Epoch 537/800, Loss: 0.27110034227371216
INFO:root:Epoch 538/800, Loss: 0.27025771141052246
INFO:root:Epoch 539/800, Loss: 0.2695980966091156
INFO:root:Epoch 540/800, Loss: 0.2692151963710785
INFO:root:Epoch 541/800, Loss: 0.2720769941806793
INFO:root:Epoch 542/800, Loss: 0.2708401083946228
INFO:root:Epoch 543/800, Loss: 0.2696765661239624
INFO:root:Epoch 544/800, Loss: 0.2706802785396576
INFO:root:Epoch 545/800, Loss: 0.26667505502700806
INFO:root:Epoch 546/800, Loss: 0.2685716450214386
INFO:root:Epoch 547/800, Loss: 0.2714498043060303
INFO:root:Epoch 548/800, Loss: 0.26965081691741943
INFO:root:Epoch 549/800, Loss: 0.2693914473056793
INFO:root:Epoch 550/800, Loss: 0.26663917303085327
INFO:root:Epoch 551/800, Loss: 0.26603835821151733
INFO:root:Epoch 552/800, Loss: 0.26859843730926514
INFO:root:Epoch 553/800, Loss: 0.26735031604766846
INFO:root:Epoch 554/800, Loss: 0.26357409358024597
INFO:root:Epoch 555/800, Loss: 0.2650776207447052
INFO:root:Epoch 556/800, Loss: 0.26554733514785767
INFO:root:Epoch 557/800, Loss: 0.2641437351703644
INFO:root:Epoch 558/800, Loss: 0.26194503903388977
INFO:root:Epoch 559/800, Loss: 0.2620043456554413
INFO:root:Epoch 560/800, Loss: 0.26268938183784485
INFO:root:Epoch 561/800, Loss: 0.2616437077522278
INFO:root:Epoch 562/800, Loss: 0.2607099115848541
INFO:root:Epoch 563/800, Loss: 0.2601260840892792
INFO:root:Epoch 564/800, Loss: 0.2604452073574066
INFO:root:Epoch 565/800, Loss: 0.25975537300109863
INFO:root:Epoch 566/800, Loss: 0.2589757442474365
INFO:root:Epoch 567/800, Loss: 0.2580229640007019
INFO:root:Epoch 568/800, Loss: 0.2584801912307739
INFO:root:Epoch 569/800, Loss: 0.2588827311992645
INFO:root:Epoch 570/800, Loss: 0.25815287232398987
INFO:root:Epoch 571/800, Loss: 0.258001446723938
INFO:root:Epoch 572/800, Loss: 0.2570651173591614
INFO:root:Epoch 573/800, Loss: 0.2561422288417816
INFO:root:Epoch 574/800, Loss: 0.2560400068759918
INFO:root:Epoch 575/800, Loss: 0.25562551617622375
INFO:root:Epoch 576/800, Loss: 0.2562316060066223
INFO:root:Epoch 577/800, Loss: 0.255550742149353
INFO:root:Epoch 578/800, Loss: 0.25482675433158875
INFO:root:Epoch 579/800, Loss: 0.2544895112514496
INFO:root:Epoch 580/800, Loss: 0.2537931799888611
INFO:root:Epoch 581/800, Loss: 0.254469633102417
INFO:root:Epoch 582/800, Loss: 0.2543984353542328
INFO:root:Epoch 583/800, Loss: 0.25469115376472473
INFO:root:Epoch 584/800, Loss: 0.25460466742515564
INFO:root:Epoch 585/800, Loss: 0.25264278054237366
INFO:root:Epoch 586/800, Loss: 0.25234219431877136
INFO:root:Epoch 587/800, Loss: 0.25288307666778564
INFO:root:Epoch 588/800, Loss: 0.2546365559101105
INFO:root:Epoch 589/800, Loss: 0.2523009777069092
INFO:root:Epoch 590/800, Loss: 0.2532939016819
INFO:root:Epoch 591/800, Loss: 0.25013789534568787
INFO:root:Epoch 592/800, Loss: 0.2506830096244812
INFO:root:Epoch 593/800, Loss: 0.2503645420074463
INFO:root:Epoch 594/800, Loss: 0.2510022521018982
INFO:root:Epoch 595/800, Loss: 0.24918599426746368
INFO:root:Epoch 596/800, Loss: 0.24887780845165253
INFO:root:Epoch 597/800, Loss: 0.2482566088438034
INFO:root:Epoch 598/800, Loss: 0.2490949034690857
INFO:root:Epoch 599/800, Loss: 0.24850532412528992
INFO:root:Epoch 600/800, Loss: 0.24713125824928284
INFO:root:Epoch 601/800, Loss: 0.24684780836105347
INFO:root:Epoch 602/800, Loss: 0.24629241228103638
INFO:root:Epoch 603/800, Loss: 0.24636909365653992
INFO:root:Epoch 604/800, Loss: 0.2458064705133438
INFO:root:Epoch 605/800, Loss: 0.2460721731185913
INFO:root:Epoch 606/800, Loss: 0.24565723538398743
INFO:root:Epoch 607/800, Loss: 0.24611622095108032
INFO:root:Epoch 608/800, Loss: 0.24588032066822052
INFO:root:Epoch 609/800, Loss: 0.24517160654067993
INFO:root:Epoch 610/800, Loss: 0.24492910504341125
INFO:root:Epoch 611/800, Loss: 0.2441265732049942
INFO:root:Epoch 612/800, Loss: 0.24536263942718506
INFO:root:Epoch 613/800, Loss: 0.2454405277967453
INFO:root:Epoch 614/800, Loss: 0.24758726358413696
INFO:root:Epoch 615/800, Loss: 0.24689167737960815
INFO:root:Epoch 616/800, Loss: 0.2453865110874176
INFO:root:Epoch 617/800, Loss: 0.24271316826343536
INFO:root:Epoch 618/800, Loss: 0.24258673191070557
INFO:root:Epoch 619/800, Loss: 0.2423286885023117
INFO:root:Epoch 620/800, Loss: 0.243606299161911
INFO:root:Epoch 621/800, Loss: 0.24172978103160858
INFO:root:Epoch 622/800, Loss: 0.24139803647994995
INFO:root:Epoch 623/800, Loss: 0.24031740427017212
INFO:root:Epoch 624/800, Loss: 0.2408408224582672
INFO:root:Epoch 625/800, Loss: 0.23991592228412628
INFO:root:Epoch 626/800, Loss: 0.241679847240448
INFO:root:Epoch 627/800, Loss: 0.2422579973936081
INFO:root:Epoch 628/800, Loss: 0.2413797527551651
INFO:root:Epoch 629/800, Loss: 0.2406999170780182
INFO:root:Epoch 630/800, Loss: 0.24137122929096222
INFO:root:Epoch 631/800, Loss: 0.2417898178100586
INFO:root:Epoch 632/800, Loss: 0.24125437438488007
INFO:root:Epoch 633/800, Loss: 0.23727525770664215
INFO:root:Epoch 634/800, Loss: 0.24066026508808136
INFO:root:Epoch 635/800, Loss: 0.24252773821353912
INFO:root:Epoch 636/800, Loss: 0.2380276471376419
INFO:root:Epoch 637/800, Loss: 0.2395218312740326
INFO:root:Epoch 638/800, Loss: 0.2431015968322754
INFO:root:Epoch 639/800, Loss: 0.24068094789981842
INFO:root:Epoch 640/800, Loss: 0.2369859367609024
INFO:root:Epoch 641/800, Loss: 0.23625463247299194
INFO:root:Epoch 642/800, Loss: 0.24190467596054077
INFO:root:Epoch 643/800, Loss: 0.23650386929512024
INFO:root:Epoch 644/800, Loss: 0.2359352856874466
INFO:root:Epoch 645/800, Loss: 0.2344786524772644
INFO:root:Epoch 646/800, Loss: 0.23525618016719818
INFO:root:Epoch 647/800, Loss: 0.23639145493507385
INFO:root:Epoch 648/800, Loss: 0.23333972692489624
INFO:root:Epoch 649/800, Loss: 0.2329729050397873
INFO:root:Epoch 650/800, Loss: 0.2334519624710083
INFO:root:Epoch 651/800, Loss: 0.23470699787139893
INFO:root:Epoch 652/800, Loss: 0.2333216816186905
INFO:root:Epoch 653/800, Loss: 0.23050998151302338
INFO:root:Epoch 654/800, Loss: 0.23228107392787933
INFO:root:Epoch 655/800, Loss: 0.23247046768665314
INFO:root:Epoch 656/800, Loss: 0.2317724972963333
INFO:root:Epoch 657/800, Loss: 0.23065419495105743
INFO:root:Epoch 658/800, Loss: 0.22879661619663239
INFO:root:Epoch 659/800, Loss: 0.23072774708271027
INFO:root:Epoch 660/800, Loss: 0.22921833395957947
INFO:root:Epoch 661/800, Loss: 0.22833369672298431
INFO:root:Epoch 662/800, Loss: 0.2281808704137802
INFO:root:Epoch 663/800, Loss: 0.22782820463180542
INFO:root:Epoch 664/800, Loss: 0.22798776626586914
INFO:root:Epoch 665/800, Loss: 0.22678761184215546
INFO:root:Epoch 666/800, Loss: 0.22670765221118927
INFO:root:Epoch 667/800, Loss: 0.22711694240570068
INFO:root:Epoch 668/800, Loss: 0.22646057605743408
INFO:root:Epoch 669/800, Loss: 0.22555337846279144
INFO:root:Epoch 670/800, Loss: 0.2252618670463562
INFO:root:Epoch 671/800, Loss: 0.22526970505714417
INFO:root:Epoch 672/800, Loss: 0.22557567059993744
INFO:root:Epoch 673/800, Loss: 0.2251904159784317
INFO:root:Epoch 674/800, Loss: 0.22409330308437347
INFO:root:Epoch 675/800, Loss: 0.22380828857421875
INFO:root:Epoch 676/800, Loss: 0.22363953292369843
INFO:root:Epoch 677/800, Loss: 0.2239229530096054
INFO:root:Epoch 678/800, Loss: 0.22331194579601288
INFO:root:Epoch 679/800, Loss: 0.22292818129062653
INFO:root:Epoch 680/800, Loss: 0.22234944999217987
INFO:root:Epoch 681/800, Loss: 0.22165024280548096
INFO:root:Epoch 682/800, Loss: 0.22173629701137543
INFO:root:Epoch 683/800, Loss: 0.22137649357318878
INFO:root:Epoch 684/800, Loss: 0.22092494368553162
INFO:root:Epoch 685/800, Loss: 0.22128424048423767
INFO:root:Epoch 686/800, Loss: 0.22011800110340118
INFO:root:Epoch 687/800, Loss: 0.22062252461910248
INFO:root:Epoch 688/800, Loss: 0.22024275362491608
INFO:root:Epoch 689/800, Loss: 0.21996615827083588
INFO:root:Epoch 690/800, Loss: 0.2198442816734314
INFO:root:Epoch 691/800, Loss: 0.21908509731292725
INFO:root:Epoch 692/800, Loss: 0.21901170909404755
INFO:root:Epoch 693/800, Loss: 0.21941834688186646
INFO:root:Epoch 694/800, Loss: 0.21878103911876678
INFO:root:Epoch 695/800, Loss: 0.21868854761123657
INFO:root:Epoch 696/800, Loss: 0.21782907843589783
INFO:root:Epoch 697/800, Loss: 0.21745257079601288
INFO:root:Epoch 698/800, Loss: 0.21786415576934814
INFO:root:Epoch 699/800, Loss: 0.21777114272117615
INFO:root:Epoch 700/800, Loss: 0.21689367294311523
INFO:root:Epoch 701/800, Loss: 0.21725770831108093
INFO:root:Epoch 702/800, Loss: 0.21642976999282837
INFO:root:Epoch 703/800, Loss: 0.2157534807920456
INFO:root:Epoch 704/800, Loss: 0.2161048948764801
INFO:root:Epoch 705/800, Loss: 0.2152826488018036
INFO:root:Epoch 706/800, Loss: 0.21648414433002472
INFO:root:Epoch 707/800, Loss: 0.21671193838119507
INFO:root:Epoch 708/800, Loss: 0.21758435666561127
INFO:root:Epoch 709/800, Loss: 0.21583428978919983
INFO:root:Epoch 710/800, Loss: 0.21424904465675354
INFO:root:Epoch 711/800, Loss: 0.2136707901954651
INFO:root:Epoch 712/800, Loss: 0.21489518880844116
INFO:root:Epoch 713/800, Loss: 0.2173745483160019
INFO:root:Epoch 714/800, Loss: 0.2177772969007492
INFO:root:Epoch 715/800, Loss: 0.214883953332901
INFO:root:Epoch 716/800, Loss: 0.21281318366527557
INFO:root:Epoch 717/800, Loss: 0.21373113989830017
INFO:root:Epoch 718/800, Loss: 0.21481043100357056
INFO:root:Epoch 719/800, Loss: 0.21376201510429382
INFO:root:Epoch 720/800, Loss: 0.21201884746551514
INFO:root:Epoch 721/800, Loss: 0.21183381974697113
INFO:root:Epoch 722/800, Loss: 0.21194402873516083
INFO:root:Epoch 723/800, Loss: 0.2120571881532669
INFO:root:Epoch 724/800, Loss: 0.2115679234266281
INFO:root:Epoch 725/800, Loss: 0.2101813107728958
INFO:root:Epoch 726/800, Loss: 0.21006834506988525
INFO:root:Epoch 727/800, Loss: 0.21025757491588593
INFO:root:Epoch 728/800, Loss: 0.20958028733730316
INFO:root:Epoch 729/800, Loss: 0.21027816832065582
INFO:root:Epoch 730/800, Loss: 0.21042299270629883
INFO:root:Epoch 731/800, Loss: 0.2088754028081894
INFO:root:Epoch 732/800, Loss: 0.20879921317100525
INFO:root:Epoch 733/800, Loss: 0.20802512764930725
INFO:root:Epoch 734/800, Loss: 0.20751827955245972
INFO:root:Epoch 735/800, Loss: 0.2078811079263687
INFO:root:Epoch 736/800, Loss: 0.20688794553279877
INFO:root:Epoch 737/800, Loss: 0.20654918253421783
INFO:root:Epoch 738/800, Loss: 0.20623283088207245
INFO:root:Epoch 739/800, Loss: 0.2057965099811554
INFO:root:Epoch 740/800, Loss: 0.20536921918392181
INFO:root:Epoch 741/800, Loss: 0.20523710548877716
INFO:root:Epoch 742/800, Loss: 0.20472392439842224
INFO:root:Epoch 743/800, Loss: 0.20445403456687927
INFO:root:Epoch 744/800, Loss: 0.20395821332931519
INFO:root:Epoch 745/800, Loss: 0.20381981134414673
INFO:root:Epoch 746/800, Loss: 0.2038915753364563
INFO:root:Epoch 747/800, Loss: 0.20433472096920013
INFO:root:Epoch 748/800, Loss: 0.20378240942955017
INFO:root:Epoch 749/800, Loss: 0.20321857929229736
INFO:root:Epoch 750/800, Loss: 0.2029832899570465
INFO:root:Epoch 751/800, Loss: 0.2024870663881302
INFO:root:Epoch 752/800, Loss: 0.2024557739496231
INFO:root:Epoch 753/800, Loss: 0.20232738554477692
INFO:root:Epoch 754/800, Loss: 0.20185792446136475
INFO:root:Epoch 755/800, Loss: 0.20110702514648438
INFO:root:Epoch 756/800, Loss: 0.20060798525810242
INFO:root:Epoch 757/800, Loss: 0.20120656490325928
INFO:root:Epoch 758/800, Loss: 0.20159365236759186
INFO:root:Epoch 759/800, Loss: 0.2031010240316391
INFO:root:Epoch 760/800, Loss: 0.20258483290672302
INFO:root:Epoch 761/800, Loss: 0.20086859166622162
INFO:root:Epoch 762/800, Loss: 0.2002571076154709
INFO:root:Epoch 763/800, Loss: 0.19864006340503693
INFO:root:Epoch 764/800, Loss: 0.19910037517547607
INFO:root:Epoch 765/800, Loss: 0.19912490248680115
INFO:root:Epoch 766/800, Loss: 0.19912604987621307
INFO:root:Epoch 767/800, Loss: 0.20033782720565796
INFO:root:Epoch 768/800, Loss: 0.19966277480125427
INFO:root:Epoch 769/800, Loss: 0.19906938076019287
INFO:root:Epoch 770/800, Loss: 0.19854353368282318
INFO:root:Epoch 771/800, Loss: 0.1972411721944809
INFO:root:Epoch 772/800, Loss: 0.19677318632602692
INFO:root:Epoch 773/800, Loss: 0.19676360487937927
INFO:root:Epoch 774/800, Loss: 0.1959337592124939
INFO:root:Epoch 775/800, Loss: 0.1958114057779312
INFO:root:Epoch 776/800, Loss: 0.1957625150680542
INFO:root:Epoch 777/800, Loss: 0.19626499712467194
INFO:root:Epoch 778/800, Loss: 0.19727708399295807
INFO:root:Epoch 779/800, Loss: 0.19892658293247223
INFO:root:Epoch 780/800, Loss: 0.19981785118579865
INFO:root:Epoch 781/800, Loss: 0.20105354487895966
INFO:root:Epoch 782/800, Loss: 0.19524936378002167
INFO:root:Epoch 783/800, Loss: 0.1953435093164444
INFO:root:Epoch 784/800, Loss: 0.1974043846130371
INFO:root:Epoch 785/800, Loss: 0.19715508818626404
INFO:root:Epoch 786/800, Loss: 0.19536326825618744
INFO:root:Epoch 787/800, Loss: 0.19332531094551086
INFO:root:Epoch 788/800, Loss: 0.19383077323436737
INFO:root:Epoch 789/800, Loss: 0.19331440329551697
INFO:root:Epoch 790/800, Loss: 0.19266578555107117
INFO:root:Epoch 791/800, Loss: 0.1927778124809265
INFO:root:Epoch 792/800, Loss: 0.19208446145057678
INFO:root:Epoch 793/800, Loss: 0.19165615737438202
INFO:root:Epoch 794/800, Loss: 0.1922449916601181
INFO:root:Epoch 795/800, Loss: 0.1913750022649765
INFO:root:Epoch 796/800, Loss: 0.19231761991977692
INFO:root:Epoch 797/800, Loss: 0.1912565678358078
INFO:root:Epoch 798/800, Loss: 0.19100947678089142
INFO:root:Epoch 799/800, Loss: 0.19017477333545685
INFO:root:Epoch 800/800, Loss: 0.18990324437618256
INFO:root:Training time: 36.43772077560425 seconds
