INFO:root:Configs: {'lr': 0.01, 'epochs': 1000, 'batch_size': 30, 'seed': 42, 'device': 'cpu', 'optimizer': Adam (
Parameter Group 0
    amsgrad: False
    betas: (0.9, 0.999)
    capturable: False
    differentiable: False
    eps: 1e-08
    foreach: None
    fused: None
    lr: 0.01
    maximize: False
    weight_decay: 0
), 'equation': <equation.EuropeanBasketOptionCall object at 0x0000022A4A000CE0>, 'net': Net4Y(
  (hidden_layers): Sequential(
    (0): BatchNorm1d(64, eps=1e-05, momentum=0.1, affine=True, track_running_stats=True)
    (1): ReLU()
    (2): Linear(in_features=64, out_features=128, bias=True)
    (3): BatchNorm1d(128, eps=1e-05, momentum=0.1, affine=True, track_running_stats=True)
    (4): ReLU()
    (5): ReLU()
    (6): Linear(in_features=128, out_features=64, bias=True)
    (7): BatchNorm1d(64, eps=1e-05, momentum=0.1, affine=True, track_running_stats=True)
    (8): ReLU()
  )
  (input_layer): Linear(in_features=5, out_features=64, bias=True)
  (output_layer): Linear(in_features=64, out_features=5, bias=True)
  (relu): ReLU()
  (net): Net4Z(
    (hidden_layers): Sequential(
      (0): BatchNorm1d(64, eps=1e-05, momentum=0.1, affine=True, track_running_stats=True)
      (1): ReLU()
      (2): Linear(in_features=64, out_features=128, bias=True)
      (3): BatchNorm1d(128, eps=1e-05, momentum=0.1, affine=True, track_running_stats=True)
      (4): ReLU()
      (5): ReLU()
      (6): Linear(in_features=128, out_features=64, bias=True)
      (7): BatchNorm1d(64, eps=1e-05, momentum=0.1, affine=True, track_running_stats=True)
      (8): ReLU()
    )
    (input_layer): Linear(in_features=5, out_features=64, bias=True)
    (output_layer): Linear(in_features=64, out_features=5, bias=True)
    (relu): ReLU()
  )
), 'train_iter': <torch.utils.data.dataloader.DataLoader object at 0x0000022A2E9B3F80>}
INFO:root:Epoch 1/1000, Loss: 0.6616599559783936, Y0: 0.9900000095367432
INFO:root:Epoch 2/1000, Loss: 0.9003776907920837, Y0: 0.9799903035163879
INFO:root:Epoch 3/1000, Loss: 0.6248340606689453, Y0: 0.9700766205787659
INFO:root:Epoch 4/1000, Loss: 0.5917519927024841, Y0: 0.9602269530296326
INFO:root:Epoch 5/1000, Loss: 0.3774797022342682, Y0: 0.9503676891326904
INFO:root:Epoch 6/1000, Loss: 0.6737738251686096, Y0: 0.9404162764549255
INFO:root:Epoch 7/1000, Loss: 0.6024639010429382, Y0: 0.930406391620636
INFO:root:Epoch 8/1000, Loss: 0.45897597074508667, Y0: 0.9204242825508118
INFO:root:Epoch 9/1000, Loss: 0.4909421503543854, Y0: 0.9105076193809509
INFO:root:Epoch 10/1000, Loss: 0.3042604625225067, Y0: 0.9006023406982422
INFO:root:Epoch 11/1000, Loss: 0.4396021068096161, Y0: 0.8906276822090149
INFO:root:Epoch 12/1000, Loss: 0.47355595231056213, Y0: 0.8806495070457458
INFO:root:Epoch 13/1000, Loss: 0.44559988379478455, Y0: 0.870735764503479
INFO:root:Epoch 14/1000, Loss: 0.3250729739665985, Y0: 0.8608480095863342
INFO:root:Epoch 15/1000, Loss: 0.4550227224826813, Y0: 0.8508882522583008
INFO:root:Epoch 16/1000, Loss: 0.3325669467449188, Y0: 0.8409605026245117
INFO:root:Epoch 17/1000, Loss: 0.3381805419921875, Y0: 0.8310559988021851
INFO:root:Epoch 18/1000, Loss: 0.3430406153202057, Y0: 0.8211930990219116
INFO:root:Epoch 19/1000, Loss: 0.24869102239608765, Y0: 0.8113004565238953
INFO:root:Epoch 20/1000, Loss: 0.37115395069122314, Y0: 0.8013609051704407
INFO:root:Epoch 21/1000, Loss: 0.3054141402244568, Y0: 0.7914812564849854
INFO:root:Epoch 22/1000, Loss: 0.35633715987205505, Y0: 0.7816274166107178
INFO:root:Epoch 23/1000, Loss: 0.4072112441062927, Y0: 0.7718274593353271
INFO:root:Epoch 24/1000, Loss: 0.3783354163169861, Y0: 0.7620174288749695
INFO:root:Epoch 25/1000, Loss: 0.3986615836620331, Y0: 0.7522458434104919
INFO:root:Epoch 26/1000, Loss: 0.27001890540122986, Y0: 0.7424653768539429
INFO:root:Epoch 27/1000, Loss: 0.31816941499710083, Y0: 0.73265540599823
INFO:root:Epoch 28/1000, Loss: 0.24876636266708374, Y0: 0.7230107188224792
INFO:root:Epoch 29/1000, Loss: 0.17940957844257355, Y0: 0.7134969234466553
INFO:root:Epoch 30/1000, Loss: 0.1856958419084549, Y0: 0.7040517926216125
INFO:root:Epoch 31/1000, Loss: 0.17372553050518036, Y0: 0.6947558522224426
INFO:root:Epoch 32/1000, Loss: 0.1348915845155716, Y0: 0.6855820417404175
INFO:root:Epoch 33/1000, Loss: 0.22074683010578156, Y0: 0.6765036582946777
INFO:root:Epoch 34/1000, Loss: 0.23991473019123077, Y0: 0.6674294471740723
INFO:root:Epoch 35/1000, Loss: 0.12988032400608063, Y0: 0.658524215221405
INFO:root:Epoch 36/1000, Loss: 0.2621023952960968, Y0: 0.6496050357818604
INFO:root:Epoch 37/1000, Loss: 0.1528937816619873, Y0: 0.6408830285072327
INFO:root:Epoch 38/1000, Loss: 0.19488106667995453, Y0: 0.6322115659713745
INFO:root:Epoch 39/1000, Loss: 0.14597971737384796, Y0: 0.6236465573310852
INFO:root:Epoch 40/1000, Loss: 0.21402865648269653, Y0: 0.6151963472366333
INFO:root:Epoch 41/1000, Loss: 0.1784636676311493, Y0: 0.6066864132881165
INFO:root:Epoch 42/1000, Loss: 0.2537670433521271, Y0: 0.5980666875839233
INFO:root:Epoch 43/1000, Loss: 0.21414592862129211, Y0: 0.5895180106163025
INFO:root:Epoch 44/1000, Loss: 0.18395154178142548, Y0: 0.5809497833251953
INFO:root:Epoch 45/1000, Loss: 0.13158078491687775, Y0: 0.5724257230758667
INFO:root:Epoch 46/1000, Loss: 0.1297992318868637, Y0: 0.5639496445655823
INFO:root:Epoch 47/1000, Loss: 0.1348840892314911, Y0: 0.5554777979850769
INFO:root:Epoch 48/1000, Loss: 0.11966278403997421, Y0: 0.5471137166023254
INFO:root:Epoch 49/1000, Loss: 0.07003513723611832, Y0: 0.5389993786811829
INFO:root:Epoch 50/1000, Loss: 0.15874187648296356, Y0: 0.5309022665023804
INFO:root:Epoch 51/1000, Loss: 0.11370312422513962, Y0: 0.5228275656700134
INFO:root:Epoch 52/1000, Loss: 0.10833632946014404, Y0: 0.5149564743041992
INFO:root:Epoch 53/1000, Loss: 0.1317054182291031, Y0: 0.507061779499054
INFO:root:Epoch 54/1000, Loss: 0.10571642965078354, Y0: 0.49925824999809265
INFO:root:Epoch 55/1000, Loss: 0.09142201393842697, Y0: 0.49156707525253296
INFO:root:Epoch 56/1000, Loss: 0.08853218704462051, Y0: 0.4840225577354431
INFO:root:Epoch 57/1000, Loss: 0.09515587240457535, Y0: 0.47651609778404236
INFO:root:Epoch 58/1000, Loss: 0.08958680927753448, Y0: 0.4690808057785034
INFO:root:Epoch 59/1000, Loss: 0.07064618915319443, Y0: 0.46177783608436584
INFO:root:Epoch 60/1000, Loss: 0.09425751119852066, Y0: 0.45448341965675354
INFO:root:Epoch 61/1000, Loss: 0.07755672931671143, Y0: 0.44730013608932495
INFO:root:Epoch 62/1000, Loss: 0.13636183738708496, Y0: 0.44007885456085205
INFO:root:Epoch 63/1000, Loss: 0.07166421413421631, Y0: 0.43297022581100464
INFO:root:Epoch 64/1000, Loss: 0.05822796747088432, Y0: 0.4260180592536926
INFO:root:Epoch 65/1000, Loss: 0.048878517001867294, Y0: 0.4192439019680023
INFO:root:Epoch 66/1000, Loss: 0.0630798488855362, Y0: 0.4125646948814392
INFO:root:Epoch 67/1000, Loss: 0.04980360344052315, Y0: 0.4059956967830658
INFO:root:Epoch 68/1000, Loss: 0.0726831778883934, Y0: 0.39945173263549805
INFO:root:Epoch 69/1000, Loss: 0.03206261992454529, Y0: 0.39309486746788025
INFO:root:Epoch 70/1000, Loss: 0.030353950336575508, Y0: 0.3869410455226898
INFO:root:Epoch 71/1000, Loss: 0.05736153945326805, Y0: 0.380805104970932
INFO:root:Epoch 72/1000, Loss: 0.02927735261619091, Y0: 0.3748209476470947
INFO:root:Epoch 73/1000, Loss: 0.07123086601495743, Y0: 0.36885419487953186
INFO:root:Epoch 74/1000, Loss: 0.0352342315018177, Y0: 0.3630925118923187
INFO:root:Epoch 75/1000, Loss: 0.04176097735762596, Y0: 0.357412189245224
INFO:root:Epoch 76/1000, Loss: 0.02641531638801098, Y0: 0.3518807590007782
INFO:root:Epoch 77/1000, Loss: 0.04818292334675789, Y0: 0.34635666012763977
INFO:root:Epoch 78/1000, Loss: 0.027694741263985634, Y0: 0.3409947156906128
INFO:root:Epoch 79/1000, Loss: 0.03119909204542637, Y0: 0.3357347846031189
INFO:root:Epoch 80/1000, Loss: 0.044037364423274994, Y0: 0.33054086565971375
INFO:root:Epoch 81/1000, Loss: 0.03139835223555565, Y0: 0.32546597719192505
INFO:root:Epoch 82/1000, Loss: 0.035335320979356766, Y0: 0.32043442130088806
INFO:root:Epoch 83/1000, Loss: 0.01886455900967121, Y0: 0.3155668377876282
INFO:root:Epoch 84/1000, Loss: 0.041157182306051254, Y0: 0.3108781576156616
INFO:root:Epoch 85/1000, Loss: 0.021762074902653694, Y0: 0.3063036799430847
INFO:root:Epoch 86/1000, Loss: 0.015897899866104126, Y0: 0.30183953046798706
INFO:root:Epoch 87/1000, Loss: 0.0169178806245327, Y0: 0.29746198654174805
INFO:root:Epoch 88/1000, Loss: 0.012352959252893925, Y0: 0.2932352125644684
INFO:root:Epoch 89/1000, Loss: 0.016837017610669136, Y0: 0.2891228199005127
INFO:root:Epoch 90/1000, Loss: 0.020365213975310326, Y0: 0.2850417494773865
INFO:root:Epoch 91/1000, Loss: 0.012046786956489086, Y0: 0.2811332941055298
INFO:root:Epoch 92/1000, Loss: 0.01732625812292099, Y0: 0.27741679549217224
INFO:root:Epoch 93/1000, Loss: 0.0443737618625164, Y0: 0.2736513614654541
INFO:root:Epoch 94/1000, Loss: 0.03422921523451805, Y0: 0.2699304223060608
INFO:root:Epoch 95/1000, Loss: 0.015961291268467903, Y0: 0.26633530855178833
INFO:root:Epoch 96/1000, Loss: 0.016410810872912407, Y0: 0.2629053294658661
INFO:root:Epoch 97/1000, Loss: 0.026394136250019073, Y0: 0.25946879386901855
INFO:root:Epoch 98/1000, Loss: 0.011842895299196243, Y0: 0.256093293428421
INFO:root:Epoch 99/1000, Loss: 0.013821694999933243, Y0: 0.252754807472229
INFO:root:Epoch 100/1000, Loss: 0.013483569957315922, Y0: 0.24952472746372223
INFO:root:Epoch 101/1000, Loss: 0.025656884536147118, Y0: 0.2464265376329422
INFO:root:Epoch 102/1000, Loss: 0.016808995977044106, Y0: 0.2433432787656784
INFO:root:Epoch 103/1000, Loss: 0.014603990130126476, Y0: 0.24036581814289093
INFO:root:Epoch 104/1000, Loss: 0.043263621628284454, Y0: 0.23738059401512146
INFO:root:Epoch 105/1000, Loss: 0.00927851814776659, Y0: 0.23451127111911774
INFO:root:Epoch 106/1000, Loss: 0.014155969955027103, Y0: 0.23171058297157288
INFO:root:Epoch 107/1000, Loss: 0.008681491017341614, Y0: 0.229016974568367
INFO:root:Epoch 108/1000, Loss: 0.011441699229180813, Y0: 0.22638197243213654
INFO:root:Epoch 109/1000, Loss: 0.005921571981161833, Y0: 0.22384847700595856
INFO:root:Epoch 110/1000, Loss: 0.012135583907365799, Y0: 0.2213423103094101
INFO:root:Epoch 111/1000, Loss: 0.0072483038529753685, Y0: 0.21896664798259735
INFO:root:Epoch 112/1000, Loss: 0.008947878144681454, Y0: 0.21667246520519257
INFO:root:Epoch 113/1000, Loss: 0.017912527546286583, Y0: 0.2144104242324829
INFO:root:Epoch 114/1000, Loss: 0.010976332239806652, Y0: 0.21216075122356415
INFO:root:Epoch 115/1000, Loss: 0.015197502449154854, Y0: 0.20993727445602417
INFO:root:Epoch 116/1000, Loss: 0.00764455134049058, Y0: 0.20788796246051788
INFO:root:Epoch 117/1000, Loss: 0.006137080490589142, Y0: 0.20585915446281433
INFO:root:Epoch 118/1000, Loss: 0.005134927574545145, Y0: 0.2038840353488922
INFO:root:Epoch 119/1000, Loss: 0.008357695303857327, Y0: 0.2019653171300888
INFO:root:Epoch 120/1000, Loss: 0.009087968617677689, Y0: 0.20000554621219635
INFO:root:Epoch 121/1000, Loss: 0.006883337162435055, Y0: 0.19809994101524353
INFO:root:Epoch 122/1000, Loss: 0.01987665519118309, Y0: 0.1963290423154831
INFO:root:Epoch 123/1000, Loss: 0.014513115398585796, Y0: 0.1946164071559906
INFO:root:Epoch 124/1000, Loss: 0.008607457391917706, Y0: 0.1930137723684311
INFO:root:Epoch 125/1000, Loss: 0.013969385996460915, Y0: 0.19138239324092865
INFO:root:Epoch 126/1000, Loss: 0.0059314328245818615, Y0: 0.18976908922195435
INFO:root:Epoch 127/1000, Loss: 0.008939886465668678, Y0: 0.18810983002185822
INFO:root:Epoch 128/1000, Loss: 0.0022606016136705875, Y0: 0.18658806383609772
INFO:root:Epoch 129/1000, Loss: 0.006815379951149225, Y0: 0.18511609733104706
INFO:root:Epoch 130/1000, Loss: 0.0056244791485369205, Y0: 0.18366719782352448
INFO:root:Epoch 131/1000, Loss: 0.00987232942134142, Y0: 0.1822001338005066
INFO:root:Epoch 132/1000, Loss: 0.004585601855069399, Y0: 0.18081063032150269
INFO:root:Epoch 133/1000, Loss: 0.005096441134810448, Y0: 0.17946270108222961
INFO:root:Epoch 134/1000, Loss: 0.014060288667678833, Y0: 0.17819277942180634
INFO:root:Epoch 135/1000, Loss: 0.00239440705627203, Y0: 0.17698946595191956
INFO:root:Epoch 136/1000, Loss: 0.010886901058256626, Y0: 0.17588309943675995
INFO:root:Epoch 137/1000, Loss: 0.002801473019644618, Y0: 0.1748049110174179
INFO:root:Epoch 138/1000, Loss: 0.003722719382494688, Y0: 0.17377285659313202
INFO:root:Epoch 139/1000, Loss: 0.009990338236093521, Y0: 0.17272303998470306
INFO:root:Epoch 140/1000, Loss: 0.008090212009847164, Y0: 0.17163191735744476
INFO:root:Epoch 141/1000, Loss: 0.005903922952711582, Y0: 0.17051391303539276
INFO:root:Epoch 142/1000, Loss: 0.006655034143477678, Y0: 0.16942086815834045
INFO:root:Epoch 143/1000, Loss: 0.00573600921779871, Y0: 0.16828685998916626
INFO:root:Epoch 144/1000, Loss: 0.005975459236651659, Y0: 0.16722160577774048
INFO:root:Epoch 145/1000, Loss: 0.008213309571146965, Y0: 0.16616402566432953
INFO:root:Epoch 146/1000, Loss: 0.01136721856892109, Y0: 0.16507476568222046
INFO:root:Epoch 147/1000, Loss: 0.004956072196364403, Y0: 0.16408391296863556
INFO:root:Epoch 148/1000, Loss: 0.005658310372382402, Y0: 0.16313323378562927
INFO:root:Epoch 149/1000, Loss: 0.0038865928072482347, Y0: 0.16214220225811005
INFO:root:Epoch 150/1000, Loss: 0.0019653751514852047, Y0: 0.1612333506345749
INFO:root:Epoch 151/1000, Loss: 0.004727722145617008, Y0: 0.16026762127876282
INFO:root:Epoch 152/1000, Loss: 0.004186863545328379, Y0: 0.15926824510097504
INFO:root:Epoch 153/1000, Loss: 0.005731114186346531, Y0: 0.15822698175907135
INFO:root:Epoch 154/1000, Loss: 0.00490281917154789, Y0: 0.1572372019290924
INFO:root:Epoch 155/1000, Loss: 0.010044028982520103, Y0: 0.15625327825546265
INFO:root:Epoch 156/1000, Loss: 0.0048102568835020065, Y0: 0.1552695780992508
INFO:root:Epoch 157/1000, Loss: 0.005513353738933802, Y0: 0.15421660244464874
INFO:root:Epoch 158/1000, Loss: 0.0029116745572537184, Y0: 0.1532394289970398
INFO:root:Epoch 159/1000, Loss: 0.00289227650500834, Y0: 0.15227359533309937
INFO:root:Epoch 160/1000, Loss: 0.0016004855278879404, Y0: 0.1514195054769516
INFO:root:Epoch 161/1000, Loss: 0.003596201539039612, Y0: 0.15057197213172913
INFO:root:Epoch 162/1000, Loss: 0.004145002458244562, Y0: 0.14968854188919067
INFO:root:Epoch 163/1000, Loss: 0.0033150736708194017, Y0: 0.14880052208900452
INFO:root:Epoch 164/1000, Loss: 0.003132218262180686, Y0: 0.14792655408382416
INFO:root:Epoch 165/1000, Loss: 0.004520905204117298, Y0: 0.14711491763591766
INFO:root:Epoch 166/1000, Loss: 0.004046330694109201, Y0: 0.14623922109603882
INFO:root:Epoch 167/1000, Loss: 0.0035465748514980078, Y0: 0.14545905590057373
INFO:root:Epoch 168/1000, Loss: 0.00541474437341094, Y0: 0.14478930830955505
INFO:root:Epoch 169/1000, Loss: 0.0020295740105211735, Y0: 0.14411140978336334
INFO:root:Epoch 170/1000, Loss: 0.0017760900082066655, Y0: 0.1434813141822815
INFO:root:Epoch 171/1000, Loss: 0.0012903327587991953, Y0: 0.14292225241661072
INFO:root:Epoch 172/1000, Loss: 0.008291343227028847, Y0: 0.14245618879795074
INFO:root:Epoch 173/1000, Loss: 0.008559640496969223, Y0: 0.1419631689786911
INFO:root:Epoch 174/1000, Loss: 0.00768695492297411, Y0: 0.14161820709705353
INFO:root:Epoch 175/1000, Loss: 0.0023493776097893715, Y0: 0.14123006165027618
INFO:root:Epoch 176/1000, Loss: 0.003238942241296172, Y0: 0.14081043004989624
INFO:root:Epoch 177/1000, Loss: 0.010941791348159313, Y0: 0.14029349386692047
INFO:root:Epoch 178/1000, Loss: 0.017104199156165123, Y0: 0.13965590298175812
INFO:root:Epoch 179/1000, Loss: 0.015313220210373402, Y0: 0.13883250951766968
INFO:root:Epoch 180/1000, Loss: 0.003902283264324069, Y0: 0.13796138763427734
INFO:root:Epoch 181/1000, Loss: 0.015062741003930569, Y0: 0.1371314972639084
INFO:root:Epoch 182/1000, Loss: 0.01659170165657997, Y0: 0.13645711541175842
INFO:root:Epoch 183/1000, Loss: 0.08074919134378433, Y0: 0.13599854707717896
INFO:root:Epoch 184/1000, Loss: 0.009549400769174099, Y0: 0.1354391723871231
INFO:root:Epoch 185/1000, Loss: 0.02023979090154171, Y0: 0.13479986786842346
INFO:root:Epoch 186/1000, Loss: 0.01100916974246502, Y0: 0.134004145860672
INFO:root:Epoch 187/1000, Loss: 0.013767717406153679, Y0: 0.13322658836841583
INFO:root:Epoch 188/1000, Loss: 0.012848147191107273, Y0: 0.1324031502008438
INFO:root:Epoch 189/1000, Loss: 0.020917236804962158, Y0: 0.13139106333255768
INFO:root:Epoch 190/1000, Loss: 0.0092585738748312, Y0: 0.1303904801607132
INFO:root:Epoch 191/1000, Loss: 0.00603606877848506, Y0: 0.1295004040002823
INFO:root:Epoch 192/1000, Loss: 0.004213991574943066, Y0: 0.12857334315776825
INFO:root:Epoch 193/1000, Loss: 0.007359774317592382, Y0: 0.12776368856430054
INFO:root:Epoch 194/1000, Loss: 0.01211057510226965, Y0: 0.1269495040178299
INFO:root:Epoch 195/1000, Loss: 0.010995612479746342, Y0: 0.12610763311386108
INFO:root:Epoch 196/1000, Loss: 0.023808518424630165, Y0: 0.12522462010383606
INFO:root:Epoch 197/1000, Loss: 0.01590915210545063, Y0: 0.12463058531284332
INFO:root:Epoch 198/1000, Loss: 0.004625017289072275, Y0: 0.12404448539018631
INFO:root:Epoch 199/1000, Loss: 0.004869471304118633, Y0: 0.12347166240215302
INFO:root:Epoch 200/1000, Loss: 0.007012878078967333, Y0: 0.12302304059267044
INFO:root:Epoch 201/1000, Loss: 0.019179947674274445, Y0: 0.12248546630144119
INFO:root:Epoch 202/1000, Loss: 0.018866734579205513, Y0: 0.121871218085289
INFO:root:Epoch 203/1000, Loss: 0.009579475969076157, Y0: 0.12129238247871399
INFO:root:Epoch 204/1000, Loss: 0.003869511652737856, Y0: 0.12066702544689178
INFO:root:Epoch 205/1000, Loss: 0.002675950527191162, Y0: 0.1200234666466713
INFO:root:Epoch 206/1000, Loss: 0.007548964116722345, Y0: 0.11958617717027664
INFO:root:Epoch 207/1000, Loss: 0.004650950897485018, Y0: 0.11921236664056778
INFO:root:Epoch 208/1000, Loss: 0.004906631540507078, Y0: 0.11880739778280258
INFO:root:Epoch 209/1000, Loss: 0.006293109618127346, Y0: 0.11839884519577026
INFO:root:Epoch 210/1000, Loss: 0.0020099703688174486, Y0: 0.11803917586803436
INFO:root:Epoch 211/1000, Loss: 0.005448194220662117, Y0: 0.1176161989569664
INFO:root:Epoch 212/1000, Loss: 0.004302178975194693, Y0: 0.11704201251268387
INFO:root:Epoch 213/1000, Loss: 0.0025702628772705793, Y0: 0.11647727340459824
INFO:root:Epoch 214/1000, Loss: 0.0019819948356598616, Y0: 0.11592605710029602
INFO:root:Epoch 215/1000, Loss: 0.009174252860248089, Y0: 0.11532853543758392
INFO:root:Epoch 216/1000, Loss: 0.0027604415081441402, Y0: 0.11470986157655716
INFO:root:Epoch 217/1000, Loss: 0.003096722299233079, Y0: 0.11399119347333908
INFO:root:Epoch 218/1000, Loss: 0.003141316818073392, Y0: 0.11325046420097351
INFO:root:Epoch 219/1000, Loss: 0.007075231056660414, Y0: 0.11262913793325424
INFO:root:Epoch 220/1000, Loss: 0.0039876713417470455, Y0: 0.11210237443447113
INFO:root:Epoch 221/1000, Loss: 0.002996036084368825, Y0: 0.11151493340730667
INFO:root:Epoch 222/1000, Loss: 0.0034564693924039602, Y0: 0.11102160066366196
INFO:root:Epoch 223/1000, Loss: 0.010137141682207584, Y0: 0.1107245460152626
INFO:root:Epoch 224/1000, Loss: 0.004701885860413313, Y0: 0.11053008586168289
INFO:root:Epoch 225/1000, Loss: 0.002035519341006875, Y0: 0.1103111207485199
INFO:root:Epoch 226/1000, Loss: 0.0037630500737577677, Y0: 0.11008323729038239
INFO:root:Epoch 227/1000, Loss: 0.0049095298163592815, Y0: 0.10980435460805893
INFO:root:Epoch 228/1000, Loss: 0.002274919068440795, Y0: 0.10951424390077591
INFO:root:Epoch 229/1000, Loss: 0.0022275594528764486, Y0: 0.10925938934087753
INFO:root:Epoch 230/1000, Loss: 0.0032973019406199455, Y0: 0.1088816449046135
INFO:root:Epoch 231/1000, Loss: 0.009269114583730698, Y0: 0.10863818228244781
INFO:root:Epoch 232/1000, Loss: 0.004010970238596201, Y0: 0.10832588374614716
INFO:root:Epoch 233/1000, Loss: 0.002961902879178524, Y0: 0.1079714447259903
INFO:root:Epoch 234/1000, Loss: 0.002808961784467101, Y0: 0.10759580135345459
INFO:root:Epoch 235/1000, Loss: 0.007520497776567936, Y0: 0.10730431973934174
INFO:root:Epoch 236/1000, Loss: 0.005327722989022732, Y0: 0.10716289281845093
INFO:root:Epoch 237/1000, Loss: 0.0015202178619801998, Y0: 0.10700169950723648
INFO:root:Epoch 238/1000, Loss: 0.0036430477630347013, Y0: 0.10689693689346313
INFO:root:Epoch 239/1000, Loss: 0.005566413979977369, Y0: 0.10667091608047485
INFO:root:Epoch 240/1000, Loss: 0.002578966086730361, Y0: 0.106300950050354
INFO:root:Epoch 241/1000, Loss: 0.002476299414411187, Y0: 0.10588419437408447
INFO:root:Epoch 242/1000, Loss: 0.0026593459770083427, Y0: 0.10543787479400635
INFO:root:Epoch 243/1000, Loss: 0.0006723480182699859, Y0: 0.10499703884124756
INFO:root:Epoch 244/1000, Loss: 0.0005967427860014141, Y0: 0.104558564722538
INFO:root:Epoch 245/1000, Loss: 0.0008425297564826906, Y0: 0.10415029525756836
INFO:root:Epoch 246/1000, Loss: 0.004421034827828407, Y0: 0.10376011580228806
INFO:root:Epoch 247/1000, Loss: 0.003052101470530033, Y0: 0.10351643711328506
INFO:root:Epoch 248/1000, Loss: 0.0020273684058338404, Y0: 0.10320428013801575
INFO:root:Epoch 249/1000, Loss: 0.0025580418296158314, Y0: 0.10278552025556564
INFO:root:Epoch 250/1000, Loss: 0.0018362067639827728, Y0: 0.10234509408473969
INFO:root:Epoch 251/1000, Loss: 0.0023894214536994696, Y0: 0.1018696203827858
INFO:root:Epoch 252/1000, Loss: 0.004355025477707386, Y0: 0.10124941915273666
INFO:root:Epoch 253/1000, Loss: 0.002640588441863656, Y0: 0.10053717344999313
INFO:root:Epoch 254/1000, Loss: 0.0020190828945487738, Y0: 0.09986187517642975
INFO:root:Epoch 255/1000, Loss: 0.0013628860469907522, Y0: 0.09919724613428116
INFO:root:Epoch 256/1000, Loss: 0.0031479245517402887, Y0: 0.09860209375619888
INFO:root:Epoch 257/1000, Loss: 0.0027753186877816916, Y0: 0.09794888645410538
INFO:root:Epoch 258/1000, Loss: 0.01211550459265709, Y0: 0.09743178635835648
INFO:root:Epoch 259/1000, Loss: 0.004840331617742777, Y0: 0.09696829319000244
INFO:root:Epoch 260/1000, Loss: 0.0030057269614189863, Y0: 0.09653466194868088
INFO:root:Epoch 261/1000, Loss: 0.0020362099166959524, Y0: 0.09614410996437073
INFO:root:Epoch 262/1000, Loss: 0.0023329253308475018, Y0: 0.09586502611637115
INFO:root:Epoch 263/1000, Loss: 0.0017417350318282843, Y0: 0.09558926522731781
INFO:root:Epoch 264/1000, Loss: 0.003606759011745453, Y0: 0.09525664895772934
INFO:root:Epoch 265/1000, Loss: 0.0024361158721148968, Y0: 0.09487675130367279
INFO:root:Epoch 266/1000, Loss: 0.004201472736895084, Y0: 0.09463975578546524
INFO:root:Epoch 267/1000, Loss: 0.003173653269186616, Y0: 0.09436685591936111
INFO:root:Epoch 268/1000, Loss: 0.0018891410436481237, Y0: 0.09413811564445496
INFO:root:Epoch 269/1000, Loss: 0.00943137239664793, Y0: 0.09376274794340134
INFO:root:Epoch 270/1000, Loss: 0.006665633525699377, Y0: 0.09330566972494125
INFO:root:Epoch 271/1000, Loss: 0.002262311987578869, Y0: 0.09287421405315399
INFO:root:Epoch 272/1000, Loss: 0.011592081747949123, Y0: 0.0923985093832016
INFO:root:Epoch 273/1000, Loss: 0.008155877701938152, Y0: 0.09191711992025375
INFO:root:Epoch 274/1000, Loss: 0.004044092260301113, Y0: 0.0913623571395874
INFO:root:Epoch 275/1000, Loss: 0.011633100919425488, Y0: 0.09095742553472519
INFO:root:Epoch 276/1000, Loss: 0.0021318437065929174, Y0: 0.0906723290681839
INFO:root:Epoch 277/1000, Loss: 0.0029076042119413614, Y0: 0.09035682678222656
INFO:root:Epoch 278/1000, Loss: 0.010115762241184711, Y0: 0.0900651216506958
INFO:root:Epoch 279/1000, Loss: 0.002709293970838189, Y0: 0.0898834839463234
INFO:root:Epoch 280/1000, Loss: 0.0030759565997868776, Y0: 0.0896773412823677
INFO:root:Epoch 281/1000, Loss: 0.015839697793126106, Y0: 0.08949046581983566
INFO:root:Epoch 282/1000, Loss: 0.0017978338291868567, Y0: 0.08930205553770065
INFO:root:Epoch 283/1000, Loss: 0.004775764886289835, Y0: 0.08900091797113419
INFO:root:Epoch 284/1000, Loss: 0.007568738888949156, Y0: 0.08877307921648026
INFO:root:Epoch 285/1000, Loss: 0.007669202517718077, Y0: 0.08844011276960373
INFO:root:Epoch 286/1000, Loss: 0.005104263313114643, Y0: 0.0880221426486969
INFO:root:Epoch 287/1000, Loss: 0.00567182432860136, Y0: 0.08770833164453506
INFO:root:Epoch 288/1000, Loss: 0.00921220425516367, Y0: 0.08725897967815399
INFO:root:Epoch 289/1000, Loss: 0.004917478654533625, Y0: 0.0867035910487175
INFO:root:Epoch 290/1000, Loss: 0.0026369192637503147, Y0: 0.08611103892326355
INFO:root:Epoch 291/1000, Loss: 0.0064489045180380344, Y0: 0.08544149994850159
INFO:root:Epoch 292/1000, Loss: 0.006889544893056154, Y0: 0.08472871035337448
INFO:root:Epoch 293/1000, Loss: 0.0010167860891669989, Y0: 0.08402006328105927
INFO:root:Epoch 294/1000, Loss: 0.0019604836124926805, Y0: 0.08337593078613281
INFO:root:Epoch 295/1000, Loss: 0.006205710582435131, Y0: 0.08284342288970947
INFO:root:Epoch 296/1000, Loss: 0.001787174609489739, Y0: 0.08231823146343231
INFO:root:Epoch 297/1000, Loss: 0.014700167812407017, Y0: 0.08187223970890045
INFO:root:Epoch 298/1000, Loss: 0.011035776697099209, Y0: 0.08154180645942688
INFO:root:Epoch 299/1000, Loss: 0.014901747927069664, Y0: 0.08126340061426163
INFO:root:Epoch 300/1000, Loss: 0.004848438780754805, Y0: 0.08097328245639801
INFO:root:Epoch 301/1000, Loss: 0.002628237009048462, Y0: 0.08069350570440292
INFO:root:Epoch 302/1000, Loss: 0.006067887879908085, Y0: 0.08022809773683548
INFO:root:Epoch 303/1000, Loss: 0.003351368475705385, Y0: 0.07975348085165024
INFO:root:Epoch 304/1000, Loss: 0.014164996333420277, Y0: 0.07921554148197174
INFO:root:Epoch 305/1000, Loss: 0.010755611583590508, Y0: 0.07876809686422348
INFO:root:Epoch 306/1000, Loss: 0.00528742466121912, Y0: 0.07818253338336945
INFO:root:Epoch 307/1000, Loss: 0.008309434168040752, Y0: 0.0775798112154007
INFO:root:Epoch 308/1000, Loss: 0.005834284704178572, Y0: 0.07706902921199799
INFO:root:Epoch 309/1000, Loss: 0.004129699897021055, Y0: 0.07648614048957825
INFO:root:Epoch 310/1000, Loss: 0.0031688630115240812, Y0: 0.07583865523338318
INFO:root:Epoch 311/1000, Loss: 0.0012399727711454034, Y0: 0.0751488208770752
INFO:root:Epoch 312/1000, Loss: 0.001097996486350894, Y0: 0.07449892163276672
INFO:root:Epoch 313/1000, Loss: 0.010864322073757648, Y0: 0.07380728423595428
INFO:root:Epoch 314/1000, Loss: 0.007281246595084667, Y0: 0.07306243479251862
INFO:root:Epoch 315/1000, Loss: 0.008391855284571648, Y0: 0.07222825288772583
INFO:root:Epoch 316/1000, Loss: 0.0028236997313797474, Y0: 0.0713849738240242
INFO:root:Epoch 317/1000, Loss: 0.008121566846966743, Y0: 0.07091198116540909
INFO:root:Epoch 318/1000, Loss: 0.003956341650336981, Y0: 0.07054230570793152
INFO:root:Epoch 319/1000, Loss: 0.005895494017750025, Y0: 0.0703786239027977
INFO:root:Epoch 320/1000, Loss: 0.004951586481183767, Y0: 0.07014552503824234
INFO:root:Epoch 321/1000, Loss: 0.007818194106221199, Y0: 0.06999903172254562
INFO:root:Epoch 322/1000, Loss: 0.0022816993296146393, Y0: 0.069913849234581
INFO:root:Epoch 323/1000, Loss: 0.006662266328930855, Y0: 0.0699082612991333
INFO:root:Epoch 324/1000, Loss: 0.003685384290292859, Y0: 0.0699860230088234
INFO:root:Epoch 325/1000, Loss: 0.003991958685219288, Y0: 0.06998298317193985
INFO:root:Epoch 326/1000, Loss: 0.008641635999083519, Y0: 0.0698862075805664
INFO:root:Epoch 327/1000, Loss: 0.00988804455846548, Y0: 0.06965397298336029
INFO:root:Epoch 328/1000, Loss: 0.004449331201612949, Y0: 0.06930629163980484
INFO:root:Epoch 329/1000, Loss: 0.007221144624054432, Y0: 0.0688638761639595
INFO:root:Epoch 330/1000, Loss: 0.003209642833098769, Y0: 0.0683252289891243
INFO:root:Epoch 331/1000, Loss: 0.0009622040670365095, Y0: 0.06781257688999176
INFO:root:Epoch 332/1000, Loss: 0.008659358136355877, Y0: 0.06717745214700699
INFO:root:Epoch 333/1000, Loss: 0.003555076662451029, Y0: 0.06668855994939804
INFO:root:Epoch 334/1000, Loss: 0.009470072574913502, Y0: 0.06594297289848328
INFO:root:Epoch 335/1000, Loss: 0.019717920571565628, Y0: 0.06527290493249893
INFO:root:Epoch 336/1000, Loss: 0.001201103674247861, Y0: 0.06463092565536499
INFO:root:Epoch 337/1000, Loss: 0.031085653230547905, Y0: 0.06396074593067169
INFO:root:Epoch 338/1000, Loss: 0.002297788392752409, Y0: 0.0632857084274292
INFO:root:Epoch 339/1000, Loss: 0.00350266438908875, Y0: 0.06260642409324646
INFO:root:Epoch 340/1000, Loss: 0.023854443803429604, Y0: 0.062129128724336624
INFO:root:Epoch 341/1000, Loss: 0.008738568052649498, Y0: 0.061632558703422546
INFO:root:Epoch 342/1000, Loss: 0.0065696267411112785, Y0: 0.06126706674695015
INFO:root:Epoch 343/1000, Loss: 0.008594938553869724, Y0: 0.060936763882637024
INFO:root:Epoch 344/1000, Loss: 0.008567729964852333, Y0: 0.06048046797513962
INFO:root:Epoch 345/1000, Loss: 0.003536536358296871, Y0: 0.059997834265232086
INFO:root:Epoch 346/1000, Loss: 0.006709619425237179, Y0: 0.05952761694788933
INFO:root:Epoch 347/1000, Loss: 0.0019029235700145364, Y0: 0.058951444923877716
INFO:root:Epoch 348/1000, Loss: 0.006305547896772623, Y0: 0.058293674141168594
INFO:root:Epoch 349/1000, Loss: 0.0074900072067976, Y0: 0.05741642415523529
INFO:root:Epoch 350/1000, Loss: 0.0016623623669147491, Y0: 0.05654759332537651
INFO:root:Epoch 351/1000, Loss: 0.016362469643354416, Y0: 0.0556710846722126
INFO:root:Epoch 352/1000, Loss: 0.005670932121574879, Y0: 0.05463794991374016
INFO:root:Epoch 353/1000, Loss: 0.006055752746760845, Y0: 0.05378219112753868
INFO:root:Epoch 354/1000, Loss: 0.00529616791754961, Y0: 0.053042810410261154
INFO:root:Epoch 355/1000, Loss: 0.009892486967146397, Y0: 0.052388060837984085
INFO:root:Epoch 356/1000, Loss: 0.011976449750363827, Y0: 0.05200888216495514
INFO:root:Epoch 357/1000, Loss: 0.004305617418140173, Y0: 0.05170384794473648
INFO:root:Epoch 358/1000, Loss: 0.005840468220412731, Y0: 0.0514836348593235
INFO:root:Epoch 359/1000, Loss: 0.003139859763905406, Y0: 0.051464471966028214
INFO:root:Epoch 360/1000, Loss: 0.005984896328300238, Y0: 0.05128929018974304
INFO:root:Epoch 361/1000, Loss: 0.010161991231143475, Y0: 0.05113318935036659
INFO:root:Epoch 362/1000, Loss: 0.003814663738012314, Y0: 0.05079738795757294
INFO:root:Epoch 363/1000, Loss: 0.0038235073443502188, Y0: 0.05040470510721207
INFO:root:Epoch 364/1000, Loss: 0.005712800659239292, Y0: 0.04994361847639084
INFO:root:Epoch 365/1000, Loss: 0.0040525710210204124, Y0: 0.04938025027513504
INFO:root:Epoch 366/1000, Loss: 0.006725816521793604, Y0: 0.048879224807024
INFO:root:Epoch 367/1000, Loss: 0.004997955169528723, Y0: 0.04854594171047211
INFO:root:Epoch 368/1000, Loss: 0.019114075228571892, Y0: 0.04846492409706116
INFO:root:Epoch 369/1000, Loss: 0.002511021913960576, Y0: 0.04843798279762268
INFO:root:Epoch 370/1000, Loss: 0.007654503919184208, Y0: 0.04833809658885002
INFO:root:Epoch 371/1000, Loss: 0.009390359744429588, Y0: 0.04808034375309944
INFO:root:Epoch 372/1000, Loss: 0.006190096959471703, Y0: 0.04767035320401192
INFO:root:Epoch 373/1000, Loss: 0.009655020199716091, Y0: 0.0471356101334095
INFO:root:Epoch 374/1000, Loss: 0.015742363408207893, Y0: 0.04640565440058708
INFO:root:Epoch 375/1000, Loss: 0.04087026044726372, Y0: 0.04558548331260681
INFO:root:Epoch 376/1000, Loss: 0.015486284159123898, Y0: 0.0447656586766243
INFO:root:Epoch 377/1000, Loss: 0.011259508319199085, Y0: 0.043972983956336975
INFO:root:Epoch 378/1000, Loss: 0.017528971657156944, Y0: 0.04313300922513008
INFO:root:Epoch 379/1000, Loss: 0.010035993531346321, Y0: 0.04252773895859718
INFO:root:Epoch 380/1000, Loss: 0.0017670562956482172, Y0: 0.041984133422374725
INFO:root:Epoch 381/1000, Loss: 0.005659031681716442, Y0: 0.04164978861808777
INFO:root:Epoch 382/1000, Loss: 0.0022647520527243614, Y0: 0.041311103850603104
INFO:root:Epoch 383/1000, Loss: 0.002852651523426175, Y0: 0.04103701934218407
INFO:root:Epoch 384/1000, Loss: 0.01618701033294201, Y0: 0.04111741855740547
INFO:root:Epoch 385/1000, Loss: 0.007574981078505516, Y0: 0.04127627983689308
INFO:root:Epoch 386/1000, Loss: 0.005560135468840599, Y0: 0.041209422051906586
INFO:root:Epoch 387/1000, Loss: 0.005914526991546154, Y0: 0.041084080934524536
INFO:root:Epoch 388/1000, Loss: 0.003465398447588086, Y0: 0.04085750877857208
INFO:root:Epoch 389/1000, Loss: 0.003074967535212636, Y0: 0.04055960103869438
INFO:root:Epoch 390/1000, Loss: 0.002919599646702409, Y0: 0.040085338056087494
INFO:root:Epoch 391/1000, Loss: 0.004784010350704193, Y0: 0.03939691185951233
INFO:root:Epoch 392/1000, Loss: 0.004685732536017895, Y0: 0.038636401295661926
INFO:root:Epoch 393/1000, Loss: 0.0024751017335802317, Y0: 0.037817925214767456
INFO:root:Epoch 394/1000, Loss: 0.00230384455062449, Y0: 0.03707965090870857
INFO:root:Epoch 395/1000, Loss: 0.0015927633503451943, Y0: 0.036316562443971634
INFO:root:Epoch 396/1000, Loss: 0.0010533727472648025, Y0: 0.03562397509813309
INFO:root:Epoch 397/1000, Loss: 0.0015038626734167337, Y0: 0.03496667370200157
INFO:root:Epoch 398/1000, Loss: 0.005364170763641596, Y0: 0.034380603581666946
INFO:root:Epoch 399/1000, Loss: 0.0026921897660940886, Y0: 0.03390873223543167
INFO:root:Epoch 400/1000, Loss: 0.0019543815869838, Y0: 0.03347131609916687
INFO:root:Epoch 401/1000, Loss: 0.0008828513091430068, Y0: 0.033022187650203705
INFO:root:Epoch 402/1000, Loss: 0.0020548352040350437, Y0: 0.0325709693133831
INFO:root:Epoch 403/1000, Loss: 0.002755582332611084, Y0: 0.03225673362612724
INFO:root:Epoch 404/1000, Loss: 0.0014796938048675656, Y0: 0.03203984349966049
INFO:root:Epoch 405/1000, Loss: 0.0011909881141036749, Y0: 0.031839389353990555
INFO:root:Epoch 406/1000, Loss: 0.0016470110276713967, Y0: 0.03165409341454506
INFO:root:Epoch 407/1000, Loss: 0.0006604588124901056, Y0: 0.031503353267908096
INFO:root:Epoch 408/1000, Loss: 0.0024007728789001703, Y0: 0.031401269137859344
INFO:root:Epoch 409/1000, Loss: 0.03567490726709366, Y0: 0.03184233233332634
INFO:root:Epoch 410/1000, Loss: 0.002109920373186469, Y0: 0.03213905543088913
INFO:root:Epoch 411/1000, Loss: 0.0014594790991395712, Y0: 0.0323544517159462
INFO:root:Epoch 412/1000, Loss: 0.003792810719460249, Y0: 0.032769132405519485
INFO:root:Epoch 413/1000, Loss: 0.002786325989291072, Y0: 0.03310612216591835
INFO:root:Epoch 414/1000, Loss: 0.016155142337083817, Y0: 0.033121101558208466
INFO:root:Epoch 415/1000, Loss: 0.00455809710547328, Y0: 0.033013712614774704
INFO:root:Epoch 416/1000, Loss: 0.0034032484982162714, Y0: 0.0327795073390007
INFO:root:Epoch 417/1000, Loss: 0.0022080985363572836, Y0: 0.032470446079969406
INFO:root:Epoch 418/1000, Loss: 0.0019010115647688508, Y0: 0.032109975814819336
INFO:root:Epoch 419/1000, Loss: 0.01132536306977272, Y0: 0.03146592527627945
INFO:root:Epoch 420/1000, Loss: 0.006559072528034449, Y0: 0.030632387846708298
INFO:root:Epoch 421/1000, Loss: 0.001682232366874814, Y0: 0.029749877750873566
INFO:root:Epoch 422/1000, Loss: 0.0025033936835825443, Y0: 0.028873171657323837
INFO:root:Epoch 423/1000, Loss: 0.0010071463184431195, Y0: 0.028021657839417458
INFO:root:Epoch 424/1000, Loss: 0.014654580503702164, Y0: 0.02720930613577366
INFO:root:Epoch 425/1000, Loss: 0.0025631398893892765, Y0: 0.0264220479875803
INFO:root:Epoch 426/1000, Loss: 0.00385220255702734, Y0: 0.025811363011598587
INFO:root:Epoch 427/1000, Loss: 0.004680553451180458, Y0: 0.025360753759741783
INFO:root:Epoch 428/1000, Loss: 0.005707725416868925, Y0: 0.025190984830260277
INFO:root:Epoch 429/1000, Loss: 0.0037329159677028656, Y0: 0.02522234246134758
INFO:root:Epoch 430/1000, Loss: 0.006767319981008768, Y0: 0.02554081194102764
INFO:root:Epoch 431/1000, Loss: 0.0016389365773648024, Y0: 0.025901226326823235
INFO:root:Epoch 432/1000, Loss: 0.0008087747264653444, Y0: 0.02626982517540455
INFO:root:Epoch 433/1000, Loss: 0.0018866258906200528, Y0: 0.026632821187376976
INFO:root:Epoch 434/1000, Loss: 0.005447795148938894, Y0: 0.02714625373482704
INFO:root:Epoch 435/1000, Loss: 0.008419000543653965, Y0: 0.027814561501145363
INFO:root:Epoch 436/1000, Loss: 0.0029918646905571222, Y0: 0.02840147167444229
INFO:root:Epoch 437/1000, Loss: 0.0008564932504668832, Y0: 0.028899602591991425
INFO:root:Epoch 438/1000, Loss: 0.0011429841397330165, Y0: 0.02925824373960495
INFO:root:Epoch 439/1000, Loss: 0.00286099617369473, Y0: 0.029385000467300415
INFO:root:Epoch 440/1000, Loss: 0.0020704902708530426, Y0: 0.029321063309907913
INFO:root:Epoch 441/1000, Loss: 0.003487120848149061, Y0: 0.029081473127007484
INFO:root:Epoch 442/1000, Loss: 0.003949312958866358, Y0: 0.028652237728238106
INFO:root:Epoch 443/1000, Loss: 0.004470124840736389, Y0: 0.028022874146699905
INFO:root:Epoch 444/1000, Loss: 0.0011813532328233123, Y0: 0.027423983439803123
INFO:root:Epoch 445/1000, Loss: 0.0050012459978461266, Y0: 0.02670927532017231
INFO:root:Epoch 446/1000, Loss: 0.0015675516333431005, Y0: 0.026057912036776543
INFO:root:Epoch 447/1000, Loss: 0.0036903987638652325, Y0: 0.02543012797832489
INFO:root:Epoch 448/1000, Loss: 0.0010728223714977503, Y0: 0.024755535647273064
INFO:root:Epoch 449/1000, Loss: 0.0045087081380188465, Y0: 0.024278800934553146
INFO:root:Epoch 450/1000, Loss: 0.00229130988009274, Y0: 0.023933466523885727
INFO:root:Epoch 451/1000, Loss: 0.0012416379759088159, Y0: 0.023584716022014618
INFO:root:Epoch 452/1000, Loss: 0.002978735836222768, Y0: 0.02333328127861023
INFO:root:Epoch 453/1000, Loss: 0.0017472178442403674, Y0: 0.023225143551826477
INFO:root:Epoch 454/1000, Loss: 0.0014998747501522303, Y0: 0.02310033142566681
INFO:root:Epoch 455/1000, Loss: 0.0009430773206986487, Y0: 0.022929100319743156
INFO:root:Epoch 456/1000, Loss: 0.0023826935794204473, Y0: 0.022580834105610847
INFO:root:Epoch 457/1000, Loss: 0.001673210645094514, Y0: 0.022293543443083763
INFO:root:Epoch 458/1000, Loss: 0.0009260404040105641, Y0: 0.021995212882757187
INFO:root:Epoch 459/1000, Loss: 0.0004191668704152107, Y0: 0.021704435348510742
INFO:root:Epoch 460/1000, Loss: 0.0013903098879382014, Y0: 0.021529482677578926
INFO:root:Epoch 461/1000, Loss: 0.0038209932390600443, Y0: 0.02155279740691185
INFO:root:Epoch 462/1000, Loss: 0.001593777909874916, Y0: 0.021627509966492653
INFO:root:Epoch 463/1000, Loss: 0.0007111634477041662, Y0: 0.02162148430943489
INFO:root:Epoch 464/1000, Loss: 0.0009865586180239916, Y0: 0.021533643826842308
INFO:root:Epoch 465/1000, Loss: 0.001252999878488481, Y0: 0.021380312740802765
INFO:root:Epoch 466/1000, Loss: 0.001873843721114099, Y0: 0.021335817873477936
INFO:root:Epoch 467/1000, Loss: 0.0006419162382371724, Y0: 0.021350514143705368
INFO:root:Epoch 468/1000, Loss: 0.002055854769423604, Y0: 0.02131950482726097
INFO:root:Epoch 469/1000, Loss: 0.002135183662176132, Y0: 0.0213698111474514
INFO:root:Epoch 470/1000, Loss: 0.001354027888737619, Y0: 0.021375223994255066
INFO:root:Epoch 471/1000, Loss: 0.0012055636616423726, Y0: 0.021329399198293686
INFO:root:Epoch 472/1000, Loss: 0.0007995610940270126, Y0: 0.021314822137355804
INFO:root:Epoch 473/1000, Loss: 0.0016704339068382978, Y0: 0.021161815151572227
INFO:root:Epoch 474/1000, Loss: 0.0009973642881959677, Y0: 0.02106170728802681
INFO:root:Epoch 475/1000, Loss: 0.016738533973693848, Y0: 0.02118176966905594
INFO:root:Epoch 476/1000, Loss: 0.0011573523515835404, Y0: 0.02121027186512947
INFO:root:Epoch 477/1000, Loss: 0.004596265498548746, Y0: 0.020989472046494484
INFO:root:Epoch 478/1000, Loss: 0.002153578447178006, Y0: 0.020641010254621506
INFO:root:Epoch 479/1000, Loss: 0.007587851956486702, Y0: 0.02006557025015354
INFO:root:Epoch 480/1000, Loss: 0.001339420792646706, Y0: 0.019462034106254578
INFO:root:Epoch 481/1000, Loss: 0.008077832870185375, Y0: 0.018793141469359398
INFO:root:Epoch 482/1000, Loss: 0.003233689581975341, Y0: 0.018140127882361412
INFO:root:Epoch 483/1000, Loss: 0.0013521559303626418, Y0: 0.017598068341612816
INFO:root:Epoch 484/1000, Loss: 0.0011060547549277544, Y0: 0.017139611765742302
INFO:root:Epoch 485/1000, Loss: 0.002037972677499056, Y0: 0.016651954501867294
INFO:root:Epoch 486/1000, Loss: 0.003136266255751252, Y0: 0.01640278846025467
INFO:root:Epoch 487/1000, Loss: 0.0024888936895877123, Y0: 0.01634741760790348
INFO:root:Epoch 488/1000, Loss: 0.0007457502651959658, Y0: 0.016309676691889763
INFO:root:Epoch 489/1000, Loss: 0.0003343719581607729, Y0: 0.01626681536436081
INFO:root:Epoch 490/1000, Loss: 0.003523037536069751, Y0: 0.01637944020330906
INFO:root:Epoch 491/1000, Loss: 0.0006744619458913803, Y0: 0.01648278348147869
INFO:root:Epoch 492/1000, Loss: 0.002058750484138727, Y0: 0.016606474295258522
INFO:root:Epoch 493/1000, Loss: 0.0014497538795694709, Y0: 0.016621438786387444
INFO:root:Epoch 494/1000, Loss: 0.0018867843318730593, Y0: 0.01664845645427704
INFO:root:Epoch 495/1000, Loss: 0.003349139355123043, Y0: 0.016552776098251343
INFO:root:Epoch 496/1000, Loss: 0.0009558164747431874, Y0: 0.016448576003313065
INFO:root:Epoch 497/1000, Loss: 0.0007669590995647013, Y0: 0.01628958433866501
INFO:root:Epoch 498/1000, Loss: 0.0017338859615847468, Y0: 0.016138693317770958
INFO:root:Epoch 499/1000, Loss: 0.001492578536272049, Y0: 0.016037028282880783
INFO:root:Epoch 500/1000, Loss: 0.0003890741500072181, Y0: 0.01597057655453682
INFO:root:Epoch 501/1000, Loss: 0.0011124624870717525, Y0: 0.015806147828698158
INFO:root:Epoch 502/1000, Loss: 0.0022416061256080866, Y0: 0.01579228602349758
INFO:root:Epoch 503/1000, Loss: 0.0029799940530210733, Y0: 0.015830131247639656
INFO:root:Epoch 504/1000, Loss: 0.0018930960213765502, Y0: 0.01593666896224022
INFO:root:Epoch 505/1000, Loss: 0.001526484964415431, Y0: 0.01603851653635502
INFO:root:Epoch 506/1000, Loss: 0.0013196761719882488, Y0: 0.01618676260113716
INFO:root:Epoch 507/1000, Loss: 0.0011439460795372725, Y0: 0.01627633348107338
INFO:root:Epoch 508/1000, Loss: 0.005441097542643547, Y0: 0.016348326578736305
INFO:root:Epoch 509/1000, Loss: 0.00247794296592474, Y0: 0.01632642187178135
INFO:root:Epoch 510/1000, Loss: 0.003536052303388715, Y0: 0.016085097566246986
INFO:root:Epoch 511/1000, Loss: 0.0009678329224698246, Y0: 0.01577874645590782
INFO:root:Epoch 512/1000, Loss: 0.0020215364638715982, Y0: 0.015321949496865273
INFO:root:Epoch 513/1000, Loss: 0.0012054565595462918, Y0: 0.01488475315272808
INFO:root:Epoch 514/1000, Loss: 0.0012270286679267883, Y0: 0.01450207456946373
INFO:root:Epoch 515/1000, Loss: 0.0015096719143912196, Y0: 0.014220469631254673
INFO:root:Epoch 516/1000, Loss: 0.001468105474486947, Y0: 0.013994314707815647
INFO:root:Epoch 517/1000, Loss: 0.0014694021083414555, Y0: 0.013849599286913872
INFO:root:Epoch 518/1000, Loss: 0.001148357754573226, Y0: 0.013676533475518227
INFO:root:Epoch 519/1000, Loss: 0.0015430120984092355, Y0: 0.01359575241804123
INFO:root:Epoch 520/1000, Loss: 0.0008309513214044273, Y0: 0.013584372587502003
INFO:root:Epoch 521/1000, Loss: 0.0009791436605155468, Y0: 0.013624388724565506
INFO:root:Epoch 522/1000, Loss: 0.0008689924725331366, Y0: 0.013578810729086399
INFO:root:Epoch 523/1000, Loss: 0.0021286450792104006, Y0: 0.013585801236331463
INFO:root:Epoch 524/1000, Loss: 0.0008766058599576354, Y0: 0.01348782330751419
INFO:root:Epoch 525/1000, Loss: 0.0014323124196380377, Y0: 0.01331733725965023
INFO:root:Epoch 526/1000, Loss: 0.000890352763235569, Y0: 0.013219714164733887
INFO:root:Epoch 527/1000, Loss: 0.002161296783015132, Y0: 0.013197029009461403
INFO:root:Epoch 528/1000, Loss: 0.0008884150302037597, Y0: 0.013129680417478085
INFO:root:Epoch 529/1000, Loss: 0.0027445293962955475, Y0: 0.013178452849388123
INFO:root:Epoch 530/1000, Loss: 0.0032882338855415583, Y0: 0.013387401588261127
INFO:root:Epoch 531/1000, Loss: 0.0008591838413849473, Y0: 0.013545557856559753
INFO:root:Epoch 532/1000, Loss: 0.0014127485919743776, Y0: 0.013558690436184406
INFO:root:Epoch 533/1000, Loss: 0.0011939102550968528, Y0: 0.013591703958809376
INFO:root:Epoch 534/1000, Loss: 0.002205041004344821, Y0: 0.013404571451246738
INFO:root:Epoch 535/1000, Loss: 0.0026226367335766554, Y0: 0.013097984716296196
INFO:root:Epoch 536/1000, Loss: 0.0037131435237824917, Y0: 0.01258146669715643
INFO:root:Epoch 537/1000, Loss: 0.002052254742011428, Y0: 0.012005927041172981
INFO:root:Epoch 538/1000, Loss: 0.0019280071137472987, Y0: 0.011322185397148132
INFO:root:Epoch 539/1000, Loss: 0.001450929674319923, Y0: 0.010576515458524227
INFO:root:Epoch 540/1000, Loss: 0.0015618432080373168, Y0: 0.009969042614102364
INFO:root:Epoch 541/1000, Loss: 0.004246613942086697, Y0: 0.009641035459935665
INFO:root:Epoch 542/1000, Loss: 0.0016653575003147125, Y0: 0.009262824431061745
INFO:root:Epoch 543/1000, Loss: 0.0014639258151873946, Y0: 0.008898787200450897
INFO:root:Epoch 544/1000, Loss: 0.0021238315384835005, Y0: 0.008611157536506653
INFO:root:Epoch 545/1000, Loss: 0.0007600827375426888, Y0: 0.00841557141393423
INFO:root:Epoch 546/1000, Loss: 0.0011145137250423431, Y0: 0.008258595131337643
INFO:root:Epoch 547/1000, Loss: 0.0005538926925510168, Y0: 0.008089703507721424
INFO:root:Epoch 548/1000, Loss: 0.0013497017789632082, Y0: 0.007992219179868698
INFO:root:Epoch 549/1000, Loss: 0.001205348176881671, Y0: 0.007826118730008602
INFO:root:Epoch 550/1000, Loss: 0.0013949108542874455, Y0: 0.007733444683253765
INFO:root:Epoch 551/1000, Loss: 0.0020108504686504602, Y0: 0.007668547332286835
INFO:root:Epoch 552/1000, Loss: 0.001216506352648139, Y0: 0.0074546742253005505
INFO:root:Epoch 553/1000, Loss: 0.0009886560728773475, Y0: 0.007349626626819372
INFO:root:Epoch 554/1000, Loss: 0.0018055900000035763, Y0: 0.007222321350127459
INFO:root:Epoch 555/1000, Loss: 0.0007407028460875154, Y0: 0.007107843179255724
INFO:root:Epoch 556/1000, Loss: 0.0010926654795184731, Y0: 0.006872309371829033
INFO:root:Epoch 557/1000, Loss: 0.0010228793835267425, Y0: 0.006578147877007723
INFO:root:Epoch 558/1000, Loss: 0.001633894513361156, Y0: 0.006267045624554157
INFO:root:Epoch 559/1000, Loss: 0.0012283449759706855, Y0: 0.0059800283052027225
INFO:root:Epoch 560/1000, Loss: 0.002116695512086153, Y0: 0.0056804209016263485
INFO:root:Epoch 561/1000, Loss: 0.0004285906034056097, Y0: 0.005406184587627649
INFO:root:Epoch 562/1000, Loss: 0.0007987102726474404, Y0: 0.005169484298676252
INFO:root:Epoch 563/1000, Loss: 0.0030036235693842173, Y0: 0.0049908896908164024
INFO:root:Epoch 564/1000, Loss: 0.000525442766956985, Y0: 0.004836891777813435
INFO:root:Epoch 565/1000, Loss: 0.0005940326955169439, Y0: 0.004607233218848705
INFO:root:Epoch 566/1000, Loss: 0.0017160956049337983, Y0: 0.004326581954956055
INFO:root:Epoch 567/1000, Loss: 0.0026910153683274984, Y0: 0.0042275795713067055
INFO:root:Epoch 568/1000, Loss: 0.0005277380114421248, Y0: 0.004133938811719418
INFO:root:Epoch 569/1000, Loss: 0.000778467277996242, Y0: 0.004118831362575293
INFO:root:Epoch 570/1000, Loss: 0.008106645196676254, Y0: 0.00437554158270359
INFO:root:Epoch 571/1000, Loss: 0.001671516802161932, Y0: 0.004772582557052374
INFO:root:Epoch 572/1000, Loss: 0.002512681996449828, Y0: 0.004995962139219046
INFO:root:Epoch 573/1000, Loss: 0.0030302528757601976, Y0: 0.005222477950155735
INFO:root:Epoch 574/1000, Loss: 0.0005914760404266417, Y0: 0.0053342292085289955
INFO:root:Epoch 575/1000, Loss: 0.0011180404108017683, Y0: 0.005318988114595413
INFO:root:Epoch 576/1000, Loss: 0.002581718610599637, Y0: 0.005117005668580532
INFO:root:Epoch 577/1000, Loss: 0.0009853447554633021, Y0: 0.004821409936994314
INFO:root:Epoch 578/1000, Loss: 0.0008543981821276248, Y0: 0.00451689725741744
INFO:root:Epoch 579/1000, Loss: 0.004099361598491669, Y0: 0.004258112050592899
INFO:root:Epoch 580/1000, Loss: 0.0019041369669139385, Y0: 0.003976153675466776
INFO:root:Epoch 581/1000, Loss: 0.0022136233747005463, Y0: 0.0036062102299183607
INFO:root:Epoch 582/1000, Loss: 0.001890414161607623, Y0: 0.0031657940708100796
INFO:root:Epoch 583/1000, Loss: 0.002417962998151779, Y0: 0.0026713074184954166
INFO:root:Epoch 584/1000, Loss: 0.004931488540023565, Y0: 0.0021628825925290585
INFO:root:Epoch 585/1000, Loss: 0.001664722920395434, Y0: 0.0016938395565375686
INFO:root:Epoch 586/1000, Loss: 0.001685669762082398, Y0: 0.0011120473500341177
INFO:root:Epoch 587/1000, Loss: 0.0015909553039819002, Y0: 0.0006347955204546452
INFO:root:Epoch 588/1000, Loss: 0.0004690159112215042, Y0: 0.0001644451986066997
INFO:root:Epoch 589/1000, Loss: 0.0011273431591689587, Y0: -0.00023188660270534456
INFO:root:Epoch 590/1000, Loss: 0.0031430020462721586, Y0: -0.00041497554047964513
INFO:root:Epoch 591/1000, Loss: 0.0009417773690074682, Y0: -0.0005731671117246151
INFO:root:Epoch 592/1000, Loss: 0.0003090568061452359, Y0: -0.0007659286493435502
INFO:root:Epoch 593/1000, Loss: 0.0010368752991780639, Y0: -0.0010522960219532251
INFO:root:Epoch 594/1000, Loss: 0.0006778108072467148, Y0: -0.0013524843379855156
INFO:root:Epoch 595/1000, Loss: 0.0020031603053212166, Y0: -0.0015625613741576672
INFO:root:Epoch 596/1000, Loss: 0.0004603198613040149, Y0: -0.0017185783945024014
INFO:root:Epoch 597/1000, Loss: 0.0008433712646365166, Y0: -0.0018043689196929336
INFO:root:Epoch 598/1000, Loss: 0.0017964940052479506, Y0: -0.0017662410391494632
INFO:root:Epoch 599/1000, Loss: 0.0008008195436559618, Y0: -0.0017132807988673449
INFO:root:Epoch 600/1000, Loss: 0.008449039421975613, Y0: -0.0013732702936977148
INFO:root:Epoch 601/1000, Loss: 0.0023987407330423594, Y0: -0.001118011074140668
INFO:root:Epoch 602/1000, Loss: 0.0025746640749275684, Y0: -0.0008625583723187447
INFO:root:Epoch 603/1000, Loss: 0.002611573552712798, Y0: -0.0008664139313623309
INFO:root:Epoch 604/1000, Loss: 0.0011732479324564338, Y0: -0.0009883205639198422
INFO:root:Epoch 605/1000, Loss: 0.00047263220767490566, Y0: -0.001109953853301704
INFO:root:Epoch 606/1000, Loss: 0.00027714602765627205, Y0: -0.0012299164664000273
INFO:root:Epoch 607/1000, Loss: 0.0009390831110067666, Y0: -0.0014497005613520741
INFO:root:Epoch 608/1000, Loss: 0.0017893773037940264, Y0: -0.0017868103459477425
INFO:root:Epoch 609/1000, Loss: 0.002987685613334179, Y0: -0.0022430638782680035
INFO:root:Epoch 610/1000, Loss: 0.0020311863627284765, Y0: -0.0027230342384427786
INFO:root:Epoch 611/1000, Loss: 0.0024165029171854258, Y0: -0.0031373566016554832
INFO:root:Epoch 612/1000, Loss: 0.0018359592650085688, Y0: -0.0036488405894488096
INFO:root:Epoch 613/1000, Loss: 0.004501186311244965, Y0: -0.004037537612020969
INFO:root:Epoch 614/1000, Loss: 0.0017644198378548026, Y0: -0.004370088689029217
INFO:root:Epoch 615/1000, Loss: 0.0011770096607506275, Y0: -0.004757164511829615
INFO:root:Epoch 616/1000, Loss: 0.0009557752637192607, Y0: -0.005105305463075638
INFO:root:Epoch 617/1000, Loss: 0.0017979104304686189, Y0: -0.005517776124179363
INFO:root:Epoch 618/1000, Loss: 0.0011728097451850772, Y0: -0.005924493074417114
INFO:root:Epoch 619/1000, Loss: 0.0010921015636995435, Y0: -0.006357667502015829
INFO:root:Epoch 620/1000, Loss: 0.0008362385560758412, Y0: -0.006693701259791851
INFO:root:Epoch 621/1000, Loss: 0.0010564903495833278, Y0: -0.007036104332655668
INFO:root:Epoch 622/1000, Loss: 0.0017737492453306913, Y0: -0.0072419364005327225
INFO:root:Epoch 623/1000, Loss: 0.0018604994984343648, Y0: -0.007329145446419716
INFO:root:Epoch 624/1000, Loss: 0.0010614710627123713, Y0: -0.007510856259614229
INFO:root:Epoch 625/1000, Loss: 0.0011143827578052878, Y0: -0.007701084483414888
INFO:root:Epoch 626/1000, Loss: 0.0009715663618408144, Y0: -0.007822639308869839
INFO:root:Epoch 627/1000, Loss: 0.0005872071487829089, Y0: -0.007907874882221222
INFO:root:Epoch 628/1000, Loss: 0.006437364034354687, Y0: -0.007967108860611916
INFO:root:Epoch 629/1000, Loss: 0.002044027205556631, Y0: -0.008105873130261898
INFO:root:Epoch 630/1000, Loss: 0.0008897657389752567, Y0: -0.00835796631872654
INFO:root:Epoch 631/1000, Loss: 0.0004178442759439349, Y0: -0.008631853386759758
INFO:root:Epoch 632/1000, Loss: 0.0014951197663322091, Y0: -0.00893378909677267
INFO:root:Epoch 633/1000, Loss: 0.0032311317045241594, Y0: -0.009065515361726284
INFO:root:Epoch 634/1000, Loss: 0.0005663845804519951, Y0: -0.009245868772268295
INFO:root:Epoch 635/1000, Loss: 0.005015238653868437, Y0: -0.009559951722621918
INFO:root:Epoch 636/1000, Loss: 0.0011277946177870035, Y0: -0.009812116622924805
INFO:root:Epoch 637/1000, Loss: 0.0014213602989912033, Y0: -0.010112915188074112
INFO:root:Epoch 638/1000, Loss: 0.00031521142227575183, Y0: -0.01042803656309843
INFO:root:Epoch 639/1000, Loss: 0.0012188706314191222, Y0: -0.01062785368412733
INFO:root:Epoch 640/1000, Loss: 0.00030274788150563836, Y0: -0.010841059498488903
INFO:root:Epoch 641/1000, Loss: 0.002182918833568692, Y0: -0.011131259612739086
INFO:root:Epoch 642/1000, Loss: 0.0012615963350981474, Y0: -0.011451072059571743
INFO:root:Epoch 643/1000, Loss: 0.0010755490511655807, Y0: -0.011721341870725155
INFO:root:Epoch 644/1000, Loss: 0.0007995232590474188, Y0: -0.01188425812870264
INFO:root:Epoch 645/1000, Loss: 0.0034468895755708218, Y0: -0.011853904463350773
INFO:root:Epoch 646/1000, Loss: 0.0008862049435265362, Y0: -0.011873248033225536
INFO:root:Epoch 647/1000, Loss: 0.008387426845729351, Y0: -0.011743602342903614
INFO:root:Epoch 648/1000, Loss: 0.0016993217868730426, Y0: -0.011714735068380833
INFO:root:Epoch 649/1000, Loss: 0.0012364418944343925, Y0: -0.011799158528447151
INFO:root:Epoch 650/1000, Loss: 0.000441833573859185, Y0: -0.011942888610064983
INFO:root:Epoch 651/1000, Loss: 0.0011398360366001725, Y0: -0.012210396118462086
INFO:root:Epoch 652/1000, Loss: 0.0011431124294176698, Y0: -0.012455853633582592
INFO:root:Epoch 653/1000, Loss: 0.001402720925398171, Y0: -0.012644501402974129
INFO:root:Epoch 654/1000, Loss: 0.0029490040615200996, Y0: -0.013034687377512455
INFO:root:Epoch 655/1000, Loss: 0.0015819621039554477, Y0: -0.013503121212124825
INFO:root:Epoch 656/1000, Loss: 0.0008179277647286654, Y0: -0.014035581611096859
INFO:root:Epoch 657/1000, Loss: 0.0007996294880285859, Y0: -0.01452373806387186
INFO:root:Epoch 658/1000, Loss: 0.002321023028343916, Y0: -0.014874553307890892
INFO:root:Epoch 659/1000, Loss: 0.0008797880145721138, Y0: -0.015148207545280457
INFO:root:Epoch 660/1000, Loss: 0.0018495165277272463, Y0: -0.015319524332880974
INFO:root:Epoch 661/1000, Loss: 0.0012498877476900816, Y0: -0.015351253561675549
INFO:root:Epoch 662/1000, Loss: 0.0012529792729765177, Y0: -0.015335467644035816
INFO:root:Epoch 663/1000, Loss: 0.001487033092416823, Y0: -0.01536929327994585
INFO:root:Epoch 664/1000, Loss: 0.0016288667684420943, Y0: -0.015295106917619705
INFO:root:Epoch 665/1000, Loss: 0.0007870289264246821, Y0: -0.01533808559179306
INFO:root:Epoch 666/1000, Loss: 0.0007784089539200068, Y0: -0.015377761796116829
INFO:root:Epoch 667/1000, Loss: 0.0018462322186678648, Y0: -0.015511728823184967
INFO:root:Epoch 668/1000, Loss: 0.001832932117395103, Y0: -0.015516660176217556
INFO:root:Epoch 669/1000, Loss: 0.004051798488944769, Y0: -0.015283122658729553
INFO:root:Epoch 670/1000, Loss: 0.0036074258387088776, Y0: -0.01531064510345459
INFO:root:Epoch 671/1000, Loss: 0.002510383725166321, Y0: -0.01538353692740202
INFO:root:Epoch 672/1000, Loss: 0.000960557081270963, Y0: -0.015548143535852432
INFO:root:Epoch 673/1000, Loss: 0.001554948859848082, Y0: -0.015791932120919228
INFO:root:Epoch 674/1000, Loss: 0.0005272944690659642, Y0: -0.016087858006358147
INFO:root:Epoch 675/1000, Loss: 0.0011506644077599049, Y0: -0.016481129452586174
INFO:root:Epoch 676/1000, Loss: 0.000746667617931962, Y0: -0.016830872744321823
INFO:root:Epoch 677/1000, Loss: 0.0018999363528564572, Y0: -0.01725292205810547
INFO:root:Epoch 678/1000, Loss: 0.00036254970473237336, Y0: -0.017689784988760948
INFO:root:Epoch 679/1000, Loss: 0.0012319112429395318, Y0: -0.018234670162200928
INFO:root:Epoch 680/1000, Loss: 0.0007482395158149302, Y0: -0.018730470910668373
INFO:root:Epoch 681/1000, Loss: 0.002376413205638528, Y0: -0.019032860174775124
INFO:root:Epoch 682/1000, Loss: 0.012548577040433884, Y0: -0.019088393077254295
INFO:root:Epoch 683/1000, Loss: 0.0016458305763080716, Y0: -0.019110076129436493
INFO:root:Epoch 684/1000, Loss: 0.0006984670180827379, Y0: -0.019091468304395676
INFO:root:Epoch 685/1000, Loss: 0.001393952639773488, Y0: -0.019010266289114952
INFO:root:Epoch 686/1000, Loss: 0.0017894506454467773, Y0: -0.01894833892583847
INFO:root:Epoch 687/1000, Loss: 0.0031024529598653316, Y0: -0.018993429839611053
INFO:root:Epoch 688/1000, Loss: 0.0036298998165875673, Y0: -0.018969746306538582
INFO:root:Epoch 689/1000, Loss: 0.0007280824356712401, Y0: -0.01900779828429222
INFO:root:Epoch 690/1000, Loss: 0.010356233455240726, Y0: -0.019364764913916588
INFO:root:Epoch 691/1000, Loss: 0.013494133949279785, Y0: -0.020044991746544838
INFO:root:Epoch 692/1000, Loss: 0.0021916658151894808, Y0: -0.020677264779806137
INFO:root:Epoch 693/1000, Loss: 0.007368369027972221, Y0: -0.021493006497621536
INFO:root:Epoch 694/1000, Loss: 0.0010467581450939178, Y0: -0.02211439609527588
INFO:root:Epoch 695/1000, Loss: 0.007078154012560844, Y0: -0.022752130404114723
INFO:root:Epoch 696/1000, Loss: 0.002176674548536539, Y0: -0.02313348464667797
INFO:root:Epoch 697/1000, Loss: 0.0011647220235317945, Y0: -0.023436954244971275
INFO:root:Epoch 698/1000, Loss: 0.002018685219809413, Y0: -0.02373441308736801
INFO:root:Epoch 699/1000, Loss: 0.001005772384814918, Y0: -0.02393198199570179
INFO:root:Epoch 700/1000, Loss: 0.00308780325576663, Y0: -0.024002565070986748
INFO:root:Epoch 701/1000, Loss: 0.0019820332527160645, Y0: -0.024138091132044792
INFO:root:Epoch 702/1000, Loss: 0.0030296791810542345, Y0: -0.02425237186253071
INFO:root:Epoch 703/1000, Loss: 0.018342921510338783, Y0: -0.023829124867916107
INFO:root:Epoch 704/1000, Loss: 0.023927386850118637, Y0: -0.02304842323064804
INFO:root:Epoch 705/1000, Loss: 0.003800645237788558, Y0: -0.02236168086528778
INFO:root:Epoch 706/1000, Loss: 0.0017376095056533813, Y0: -0.02186783030629158
INFO:root:Epoch 707/1000, Loss: 0.006465619429945946, Y0: -0.021416964009404182
INFO:root:Epoch 708/1000, Loss: 0.0062827360816299915, Y0: -0.02133798785507679
INFO:root:Epoch 709/1000, Loss: 0.007474064826965332, Y0: -0.02109714411199093
INFO:root:Epoch 710/1000, Loss: 0.0033994740806519985, Y0: -0.020923353731632233
INFO:root:Epoch 711/1000, Loss: 0.003882747609168291, Y0: -0.02096298336982727
INFO:root:Epoch 712/1000, Loss: 0.002723308512941003, Y0: -0.021216202527284622
INFO:root:Epoch 713/1000, Loss: 0.006906936410814524, Y0: -0.021829387173056602
INFO:root:Epoch 714/1000, Loss: 0.00382444029673934, Y0: -0.022442232817411423
INFO:root:Epoch 715/1000, Loss: 0.0041090440936386585, Y0: -0.02310885675251484
INFO:root:Epoch 716/1000, Loss: 0.0033346309792250395, Y0: -0.023852670565247536
INFO:root:Epoch 717/1000, Loss: 0.008697890676558018, Y0: -0.024762386456131935
INFO:root:Epoch 718/1000, Loss: 0.004959253128618002, Y0: -0.025711163878440857
INFO:root:Epoch 719/1000, Loss: 0.006369088776409626, Y0: -0.026528527960181236
INFO:root:Epoch 720/1000, Loss: 0.002083879429847002, Y0: -0.027366215363144875
INFO:root:Epoch 721/1000, Loss: 0.004152349662035704, Y0: -0.02802509069442749
INFO:root:Epoch 722/1000, Loss: 0.013539863750338554, Y0: -0.028156355023384094
INFO:root:Epoch 723/1000, Loss: 0.0013435094151645899, Y0: -0.02821809984743595
INFO:root:Epoch 724/1000, Loss: 0.0027245136443525553, Y0: -0.02814008668065071
INFO:root:Epoch 725/1000, Loss: 0.0023238121066242456, Y0: -0.02814052253961563
INFO:root:Epoch 726/1000, Loss: 0.0030073279049247503, Y0: -0.028034932911396027
INFO:root:Epoch 727/1000, Loss: 0.004880988039076328, Y0: -0.028082720935344696
INFO:root:Epoch 728/1000, Loss: 0.004542924463748932, Y0: -0.027942107990384102
INFO:root:Epoch 729/1000, Loss: 0.0011619643773883581, Y0: -0.027788784354925156
INFO:root:Epoch 730/1000, Loss: 0.002269633812829852, Y0: -0.027705110609531403
INFO:root:Epoch 731/1000, Loss: 0.002003162167966366, Y0: -0.02774767018854618
INFO:root:Epoch 732/1000, Loss: 0.0018619414186105132, Y0: -0.027848780155181885
INFO:root:Epoch 733/1000, Loss: 0.0015405480517074466, Y0: -0.028118977323174477
INFO:root:Epoch 734/1000, Loss: 0.001647764234803617, Y0: -0.02847975678741932
INFO:root:Epoch 735/1000, Loss: 0.0025291359052062035, Y0: -0.028817560523748398
INFO:root:Epoch 736/1000, Loss: 0.0008991898503154516, Y0: -0.02910774201154709
INFO:root:Epoch 737/1000, Loss: 0.004444005433470011, Y0: -0.029354862868785858
INFO:root:Epoch 738/1000, Loss: 0.001980337779968977, Y0: -0.02972021885216236
INFO:root:Epoch 739/1000, Loss: 0.0022183202672749758, Y0: -0.030049975961446762
INFO:root:Epoch 740/1000, Loss: 0.0016344239702448249, Y0: -0.030263392254710197
INFO:root:Epoch 741/1000, Loss: 0.0004863157810177654, Y0: -0.030444461852312088
INFO:root:Epoch 742/1000, Loss: 0.0005284189828671515, Y0: -0.030617887154221535
INFO:root:Epoch 743/1000, Loss: 0.0015146556543186307, Y0: -0.030728528276085854
INFO:root:Epoch 744/1000, Loss: 0.0048332312144339085, Y0: -0.030718782916665077
INFO:root:Epoch 745/1000, Loss: 0.0015537014696747065, Y0: -0.03069651871919632
INFO:root:Epoch 746/1000, Loss: 0.0027523860335350037, Y0: -0.030416492372751236
INFO:root:Epoch 747/1000, Loss: 0.007242752704769373, Y0: -0.029965534806251526
INFO:root:Epoch 748/1000, Loss: 0.001094037783332169, Y0: -0.029676610603928566
INFO:root:Epoch 749/1000, Loss: 0.0012759697856381536, Y0: -0.029570220038294792
INFO:root:Epoch 750/1000, Loss: 0.005096334032714367, Y0: -0.029883353039622307
INFO:root:Epoch 751/1000, Loss: 0.0009986826917156577, Y0: -0.030228206887841225
INFO:root:Epoch 752/1000, Loss: 0.0014210009248927236, Y0: -0.030719488859176636
INFO:root:Epoch 753/1000, Loss: 0.0007169808377511799, Y0: -0.031219836324453354
INFO:root:Epoch 754/1000, Loss: 0.0009214830351993442, Y0: -0.03178810700774193
INFO:root:Epoch 755/1000, Loss: 0.00124402588699013, Y0: -0.03232681378722191
INFO:root:Epoch 756/1000, Loss: 0.0015583359636366367, Y0: -0.03293950855731964
INFO:root:Epoch 757/1000, Loss: 0.0012683294480666518, Y0: -0.033386241644620895
INFO:root:Epoch 758/1000, Loss: 0.0018580942414700985, Y0: -0.03396638482809067
INFO:root:Epoch 759/1000, Loss: 0.0010917409090325236, Y0: -0.03456383943557739
INFO:root:Epoch 760/1000, Loss: 0.0004354167322162539, Y0: -0.03517576679587364
INFO:root:Epoch 761/1000, Loss: 0.0010150481248274446, Y0: -0.0358072891831398
INFO:root:Epoch 762/1000, Loss: 0.0025965566746890545, Y0: -0.03631798177957535
INFO:root:Epoch 763/1000, Loss: 0.0010912430007010698, Y0: -0.03686390444636345
INFO:root:Epoch 764/1000, Loss: 0.0013996642082929611, Y0: -0.037372611463069916
INFO:root:Epoch 765/1000, Loss: 0.001146776950918138, Y0: -0.037715014070272446
INFO:root:Epoch 766/1000, Loss: 0.004835797473788261, Y0: -0.0376615934073925
INFO:root:Epoch 767/1000, Loss: 0.00015122296463232487, Y0: -0.03757702559232712
INFO:root:Epoch 768/1000, Loss: 0.0008019041852094233, Y0: -0.03742901608347893
INFO:root:Epoch 769/1000, Loss: 0.0006294271443039179, Y0: -0.03733832761645317
INFO:root:Epoch 770/1000, Loss: 0.00227838265709579, Y0: -0.037098195403814316
INFO:root:Epoch 771/1000, Loss: 0.0012665143003687263, Y0: -0.03684282675385475
INFO:root:Epoch 772/1000, Loss: 0.0017642021412029862, Y0: -0.036732904613018036
INFO:root:Epoch 773/1000, Loss: 0.001152343931607902, Y0: -0.03670962154865265
INFO:root:Epoch 774/1000, Loss: 0.0004891907447017729, Y0: -0.03678930923342705
INFO:root:Epoch 775/1000, Loss: 0.002096307696774602, Y0: -0.037057943642139435
INFO:root:Epoch 776/1000, Loss: 0.0010274613741785288, Y0: -0.037324391305446625
INFO:root:Epoch 777/1000, Loss: 0.0013099511852487922, Y0: -0.03769505396485329
INFO:root:Epoch 778/1000, Loss: 0.0005537477554753423, Y0: -0.038147177547216415
INFO:root:Epoch 779/1000, Loss: 0.0010970424627885222, Y0: -0.038715261965990067
INFO:root:Epoch 780/1000, Loss: 0.0005458296509459615, Y0: -0.039324983954429626
INFO:root:Epoch 781/1000, Loss: 0.0008264866191893816, Y0: -0.039789412170648575
INFO:root:Epoch 782/1000, Loss: 0.0008798424969427288, Y0: -0.04008833318948746
INFO:root:Epoch 783/1000, Loss: 0.0009318485972471535, Y0: -0.04017080366611481
INFO:root:Epoch 784/1000, Loss: 0.000479362002806738, Y0: -0.040213875472545624
INFO:root:Epoch 785/1000, Loss: 0.002004776382818818, Y0: -0.04002128913998604
INFO:root:Epoch 786/1000, Loss: 0.0008053962956182659, Y0: -0.039906151592731476
INFO:root:Epoch 787/1000, Loss: 0.0008534856606274843, Y0: -0.03987279534339905
INFO:root:Epoch 788/1000, Loss: 0.001992359757423401, Y0: -0.039840154349803925
INFO:root:Epoch 789/1000, Loss: 0.0008204336045309901, Y0: -0.039880622178316116
INFO:root:Epoch 790/1000, Loss: 0.0006635364261455834, Y0: -0.03983905538916588
INFO:root:Epoch 791/1000, Loss: 0.0002922103158198297, Y0: -0.039827000349760056
INFO:root:Epoch 792/1000, Loss: 0.001370806246995926, Y0: -0.03980887681245804
INFO:root:Epoch 793/1000, Loss: 0.0014769156696274877, Y0: -0.03966166824102402
INFO:root:Epoch 794/1000, Loss: 0.001523299957625568, Y0: -0.03968334197998047
INFO:root:Epoch 795/1000, Loss: 0.0008506457670591772, Y0: -0.03984445706009865
INFO:root:Epoch 796/1000, Loss: 0.0009644571109674871, Y0: -0.04003393277525902
INFO:root:Epoch 797/1000, Loss: 0.0006475552218034863, Y0: -0.04024302586913109
INFO:root:Epoch 798/1000, Loss: 0.002387627959251404, Y0: -0.04039572551846504
INFO:root:Epoch 799/1000, Loss: 0.0007066853577271104, Y0: -0.040622834116220474
INFO:root:Epoch 800/1000, Loss: 0.0005821132217533886, Y0: -0.040921781212091446
INFO:root:Epoch 801/1000, Loss: 0.0011467324802652001, Y0: -0.04123273119330406
INFO:root:Epoch 802/1000, Loss: 0.0009871176443994045, Y0: -0.0415230356156826
INFO:root:Epoch 803/1000, Loss: 0.0006756894290447235, Y0: -0.04180612787604332
INFO:root:Epoch 804/1000, Loss: 0.0003188501868862659, Y0: -0.04209181293845177
INFO:root:Epoch 805/1000, Loss: 0.0010548644931986928, Y0: -0.042485371232032776
INFO:root:Epoch 806/1000, Loss: 0.0005801775841973722, Y0: -0.042726729065179825
INFO:root:Epoch 807/1000, Loss: 0.0006874954560771585, Y0: -0.043009985238313675
INFO:root:Epoch 808/1000, Loss: 0.0007371851825155318, Y0: -0.043244555592536926
INFO:root:Epoch 809/1000, Loss: 0.000360140111297369, Y0: -0.04351413622498512
INFO:root:Epoch 810/1000, Loss: 0.0010517507325857878, Y0: -0.04381091147661209
INFO:root:Epoch 811/1000, Loss: 0.0005563899758271873, Y0: -0.04414252191781998
INFO:root:Epoch 812/1000, Loss: 0.0005762763321399689, Y0: -0.044369831681251526
INFO:root:Epoch 813/1000, Loss: 0.0036751439329236746, Y0: -0.044258393347263336
INFO:root:Epoch 814/1000, Loss: 0.000698822143021971, Y0: -0.04406460002064705
INFO:root:Epoch 815/1000, Loss: 0.0005360695067793131, Y0: -0.04388328641653061
INFO:root:Epoch 816/1000, Loss: 0.0013960181968286633, Y0: -0.043536774814128876
INFO:root:Epoch 817/1000, Loss: 0.0003983882488682866, Y0: -0.04317805543541908
INFO:root:Epoch 818/1000, Loss: 0.0019584151450544596, Y0: -0.043013039976358414
INFO:root:Epoch 819/1000, Loss: 0.0016780213918536901, Y0: -0.04298214986920357
INFO:root:Epoch 820/1000, Loss: 0.0010745730251073837, Y0: -0.043102607131004333
INFO:root:Epoch 821/1000, Loss: 0.0005030661704950035, Y0: -0.04331269487738609
INFO:root:Epoch 822/1000, Loss: 0.001048813108354807, Y0: -0.043608687818050385
INFO:root:Epoch 823/1000, Loss: 0.0002900330873671919, Y0: -0.043882664293050766
INFO:root:Epoch 824/1000, Loss: 0.0016177581856027246, Y0: -0.04425445571541786
INFO:root:Epoch 825/1000, Loss: 0.0006781305419281125, Y0: -0.0446590930223465
INFO:root:Epoch 826/1000, Loss: 0.0009592099231667817, Y0: -0.045094747096300125
INFO:root:Epoch 827/1000, Loss: 0.0004961143713444471, Y0: -0.04555707424879074
INFO:root:Epoch 828/1000, Loss: 0.0008483109995722771, Y0: -0.04589797928929329
INFO:root:Epoch 829/1000, Loss: 0.0006572763668373227, Y0: -0.04612654075026512
INFO:root:Epoch 830/1000, Loss: 0.0005659813759848475, Y0: -0.046213388442993164
INFO:root:Epoch 831/1000, Loss: 0.00019685686856973916, Y0: -0.046290382742881775
INFO:root:Epoch 832/1000, Loss: 0.0037640994414687157, Y0: -0.04613314941525459
INFO:root:Epoch 833/1000, Loss: 0.001228245790116489, Y0: -0.045857105404138565
INFO:root:Epoch 834/1000, Loss: 0.00033530418295413256, Y0: -0.045617423951625824
INFO:root:Epoch 835/1000, Loss: 0.0012093676486983895, Y0: -0.045519862323999405
INFO:root:Epoch 836/1000, Loss: 0.0022054489236325026, Y0: -0.045443445444107056
INFO:root:Epoch 837/1000, Loss: 0.0008696600561961532, Y0: -0.04541995748877525
INFO:root:Epoch 838/1000, Loss: 0.0007972797611728311, Y0: -0.045404016971588135
INFO:root:Epoch 839/1000, Loss: 0.0010792476823553443, Y0: -0.045529115945100784
INFO:root:Epoch 840/1000, Loss: 0.0009853547671809793, Y0: -0.045783933252096176
INFO:root:Epoch 841/1000, Loss: 0.0007917649927549064, Y0: -0.04616587236523628
INFO:root:Epoch 842/1000, Loss: 0.000941444537602365, Y0: -0.04663931205868721
INFO:root:Epoch 843/1000, Loss: 0.0005172130186110735, Y0: -0.04703812673687935
INFO:root:Epoch 844/1000, Loss: 0.0005387786077335477, Y0: -0.047343384474515915
INFO:root:Epoch 845/1000, Loss: 0.0008298870525322855, Y0: -0.04761389270424843
INFO:root:Epoch 846/1000, Loss: 0.00028292546630837023, Y0: -0.04792371764779091
INFO:root:Epoch 847/1000, Loss: 0.000932911119889468, Y0: -0.04809434339404106
INFO:root:Epoch 848/1000, Loss: 0.00022044959769118577, Y0: -0.048295192420482635
INFO:root:Epoch 849/1000, Loss: 0.0003978033200837672, Y0: -0.04846271499991417
INFO:root:Epoch 850/1000, Loss: 0.00048102225991897285, Y0: -0.04858200624585152
INFO:root:Epoch 851/1000, Loss: 0.000621587154455483, Y0: -0.04863027483224869
INFO:root:Epoch 852/1000, Loss: 0.0004045395180583, Y0: -0.048715826123952866
INFO:root:Epoch 853/1000, Loss: 0.0014043013798072934, Y0: -0.04865216463804245
INFO:root:Epoch 854/1000, Loss: 0.00018109999655280262, Y0: -0.048534512519836426
INFO:root:Epoch 855/1000, Loss: 0.0012922208989039063, Y0: -0.04830010607838631
INFO:root:Epoch 856/1000, Loss: 0.0005444529233500361, Y0: -0.048044752329587936
INFO:root:Epoch 857/1000, Loss: 0.001145705347880721, Y0: -0.047803785651922226
INFO:root:Epoch 858/1000, Loss: 0.003115174127742648, Y0: -0.047534000128507614
INFO:root:Epoch 859/1000, Loss: 0.00198935205116868, Y0: -0.04737602174282074
INFO:root:Epoch 860/1000, Loss: 0.0006839755224063993, Y0: -0.04732391610741615
INFO:root:Epoch 861/1000, Loss: 0.0006941525498405099, Y0: -0.04740912467241287
INFO:root:Epoch 862/1000, Loss: 0.000396967981941998, Y0: -0.04752037674188614
INFO:root:Epoch 863/1000, Loss: 0.0008839143556542695, Y0: -0.04779556766152382
INFO:root:Epoch 864/1000, Loss: 0.0004894150770269334, Y0: -0.048097193241119385
INFO:root:Epoch 865/1000, Loss: 0.00117775471881032, Y0: -0.04839734360575676
INFO:root:Epoch 866/1000, Loss: 0.0020658508874475956, Y0: -0.0488920584321022
INFO:root:Epoch 867/1000, Loss: 0.0016537021147087216, Y0: -0.04947851225733757
INFO:root:Epoch 868/1000, Loss: 0.00041147894808091223, Y0: -0.04992818087339401
INFO:root:Epoch 869/1000, Loss: 0.002210824517533183, Y0: -0.050340309739112854
INFO:root:Epoch 870/1000, Loss: 0.0008439417579211295, Y0: -0.05080803856253624
INFO:root:Epoch 871/1000, Loss: 0.0009638869669288397, Y0: -0.05105527117848396
INFO:root:Epoch 872/1000, Loss: 0.0008778805495239794, Y0: -0.05120871588587761
INFO:root:Epoch 873/1000, Loss: 0.001656758482567966, Y0: -0.05120580643415451
INFO:root:Epoch 874/1000, Loss: 0.0004931025323458016, Y0: -0.051250532269477844
INFO:root:Epoch 875/1000, Loss: 0.0012919657165184617, Y0: -0.051409728825092316
INFO:root:Epoch 876/1000, Loss: 0.001445421832613647, Y0: -0.05134905129671097
INFO:root:Epoch 877/1000, Loss: 0.000624361855443567, Y0: -0.05133983865380287
INFO:root:Epoch 878/1000, Loss: 0.0003923394833691418, Y0: -0.0512709878385067
INFO:root:Epoch 879/1000, Loss: 0.0003481195599306375, Y0: -0.0511603020131588
INFO:root:Epoch 880/1000, Loss: 0.0028780668508261442, Y0: -0.050852641463279724
INFO:root:Epoch 881/1000, Loss: 0.0007986262207850814, Y0: -0.05043783038854599
INFO:root:Epoch 882/1000, Loss: 0.0004937071353197098, Y0: -0.05017291009426117
INFO:root:Epoch 883/1000, Loss: 0.003110494464635849, Y0: -0.049918029457330704
INFO:root:Epoch 884/1000, Loss: 0.0007024290389381349, Y0: -0.049732647836208344
INFO:root:Epoch 885/1000, Loss: 0.0014238875592127442, Y0: -0.04969862475991249
INFO:root:Epoch 886/1000, Loss: 0.0004918582853861153, Y0: -0.049731068313121796
INFO:root:Epoch 887/1000, Loss: 0.0017239343142136931, Y0: -0.04970772936940193
INFO:root:Epoch 888/1000, Loss: 0.0007323964964598417, Y0: -0.04980843886733055
INFO:root:Epoch 889/1000, Loss: 0.000559904205147177, Y0: -0.050060536712408066
INFO:root:Epoch 890/1000, Loss: 0.0022266367450356483, Y0: -0.050522103905677795
INFO:root:Epoch 891/1000, Loss: 0.00190937879960984, Y0: -0.05107500031590462
INFO:root:Epoch 892/1000, Loss: 0.0008385736146010458, Y0: -0.051564354449510574
INFO:root:Epoch 893/1000, Loss: 0.0006330017349682748, Y0: -0.05202634632587433
INFO:root:Epoch 894/1000, Loss: 0.0014011685270816088, Y0: -0.05248694121837616
INFO:root:Epoch 895/1000, Loss: 0.0013773137470707297, Y0: -0.05285107344388962
INFO:root:Epoch 896/1000, Loss: 0.001992882462218404, Y0: -0.05303765833377838
INFO:root:Epoch 897/1000, Loss: 0.0015249027637764812, Y0: -0.05294549837708473
INFO:root:Epoch 898/1000, Loss: 0.0006008276832289994, Y0: -0.05279780924320221
INFO:root:Epoch 899/1000, Loss: 0.0006854881066828966, Y0: -0.052573688328266144
INFO:root:Epoch 900/1000, Loss: 0.0022610703017562628, Y0: -0.05212431401014328
INFO:root:Epoch 901/1000, Loss: 0.000539561384357512, Y0: -0.05181474983692169
INFO:root:Epoch 902/1000, Loss: 0.001020518597215414, Y0: -0.0516568198800087
INFO:root:Epoch 903/1000, Loss: 0.0009533700649626553, Y0: -0.05155233293771744
INFO:root:Epoch 904/1000, Loss: 0.0012929183430969715, Y0: -0.05152549594640732
INFO:root:Epoch 905/1000, Loss: 0.0021588681265711784, Y0: -0.05144817382097244
INFO:root:Epoch 906/1000, Loss: 0.0020609600469470024, Y0: -0.05160767585039139
INFO:root:Epoch 907/1000, Loss: 0.0010280596325173974, Y0: -0.05181309953331947
INFO:root:Epoch 908/1000, Loss: 0.0011560518760234118, Y0: -0.052139393985271454
INFO:root:Epoch 909/1000, Loss: 0.0005453936755657196, Y0: -0.052487973123788834
INFO:root:Epoch 910/1000, Loss: 0.000623021274805069, Y0: -0.05294045805931091
INFO:root:Epoch 911/1000, Loss: 0.0005913684726692736, Y0: -0.05338841304183006
INFO:root:Epoch 912/1000, Loss: 0.0007470662822015584, Y0: -0.053891364485025406
INFO:root:Epoch 913/1000, Loss: 0.0005421887035481632, Y0: -0.054388463497161865
INFO:root:Epoch 914/1000, Loss: 0.0004505605611484498, Y0: -0.05484235659241676
INFO:root:Epoch 915/1000, Loss: 0.0009857346303761005, Y0: -0.05513666197657585
INFO:root:Epoch 916/1000, Loss: 0.00259195314720273, Y0: -0.05533245950937271
INFO:root:Epoch 917/1000, Loss: 0.0005928410682827234, Y0: -0.055572085082530975
INFO:root:Epoch 918/1000, Loss: 0.0003163576766382903, Y0: -0.055781181901693344
INFO:root:Epoch 919/1000, Loss: 0.0010757041163742542, Y0: -0.05589674413204193
INFO:root:Epoch 920/1000, Loss: 0.0007829345413483679, Y0: -0.05597666651010513
INFO:root:Epoch 921/1000, Loss: 0.0007754472899250686, Y0: -0.056026216596364975
INFO:root:Epoch 922/1000, Loss: 0.00029661640292033553, Y0: -0.05611032247543335
INFO:root:Epoch 923/1000, Loss: 0.004797595553100109, Y0: -0.055917102843523026
INFO:root:Epoch 924/1000, Loss: 0.000885292305611074, Y0: -0.05575065687298775
INFO:root:Epoch 925/1000, Loss: 0.00034020040766336024, Y0: -0.05567428469657898
INFO:root:Epoch 926/1000, Loss: 0.0006194189190864563, Y0: -0.055693503469228745
INFO:root:Epoch 927/1000, Loss: 0.002455256413668394, Y0: -0.05575943738222122
INFO:root:Epoch 928/1000, Loss: 0.0013443786883726716, Y0: -0.05581356957554817
INFO:root:Epoch 929/1000, Loss: 0.0004562314716167748, Y0: -0.055917661637067795
INFO:root:Epoch 930/1000, Loss: 0.0009864334715530276, Y0: -0.05617891624569893
INFO:root:Epoch 931/1000, Loss: 0.001227188971824944, Y0: -0.05649639666080475
INFO:root:Epoch 932/1000, Loss: 0.0008707059896551073, Y0: -0.05694425106048584
INFO:root:Epoch 933/1000, Loss: 0.0006168813561089337, Y0: -0.05748400464653969
INFO:root:Epoch 934/1000, Loss: 0.0016173244221135974, Y0: -0.05816149339079857
INFO:root:Epoch 935/1000, Loss: 0.000479458220070228, Y0: -0.05882089585065842
INFO:root:Epoch 936/1000, Loss: 0.000481031253002584, Y0: -0.05936599150300026
INFO:root:Epoch 937/1000, Loss: 0.0030359807424247265, Y0: -0.0595952533185482
INFO:root:Epoch 938/1000, Loss: 0.0008038090309128165, Y0: -0.05961444973945618
INFO:root:Epoch 939/1000, Loss: 0.0011249977396801114, Y0: -0.059509433805942535
INFO:root:Epoch 940/1000, Loss: 0.0006624686648137867, Y0: -0.05937895178794861
INFO:root:Epoch 941/1000, Loss: 0.0015289869625121355, Y0: -0.059061940759420395
INFO:root:Epoch 942/1000, Loss: 0.0032703594770282507, Y0: -0.058999788016080856
INFO:root:Epoch 943/1000, Loss: 0.00026833362062461674, Y0: -0.058950550854206085
INFO:root:Epoch 944/1000, Loss: 0.0004362689214758575, Y0: -0.058925118297338486
INFO:root:Epoch 945/1000, Loss: 0.00032536155777052045, Y0: -0.058924898505210876
INFO:root:Epoch 946/1000, Loss: 0.001028316211886704, Y0: -0.05901272967457771
INFO:root:Epoch 947/1000, Loss: 0.0007151629542931914, Y0: -0.05921235308051109
INFO:root:Epoch 948/1000, Loss: 0.0011162911541759968, Y0: -0.0594833604991436
INFO:root:Epoch 949/1000, Loss: 0.0008159736753441393, Y0: -0.059752654284238815
INFO:root:Epoch 950/1000, Loss: 0.0008459175587631762, Y0: -0.0600024089217186
INFO:root:Epoch 951/1000, Loss: 0.0011938009411096573, Y0: -0.060375090688467026
INFO:root:Epoch 952/1000, Loss: 0.002051705028861761, Y0: -0.06074829027056694
INFO:root:Epoch 953/1000, Loss: 0.0006229698774404824, Y0: -0.06113170459866524
INFO:root:Epoch 954/1000, Loss: 0.0005123072187416255, Y0: -0.06157267838716507
INFO:root:Epoch 955/1000, Loss: 0.0021593424025923014, Y0: -0.06211736425757408
INFO:root:Epoch 956/1000, Loss: 0.0016670264303684235, Y0: -0.062430594116449356
INFO:root:Epoch 957/1000, Loss: 0.0022791193332523108, Y0: -0.0625387504696846
INFO:root:Epoch 958/1000, Loss: 0.0011396922636777163, Y0: -0.062481530010700226
INFO:root:Epoch 959/1000, Loss: 0.001562723657116294, Y0: -0.062212370336055756
INFO:root:Epoch 960/1000, Loss: 0.0006933597614988685, Y0: -0.06204000115394592
INFO:root:Epoch 961/1000, Loss: 0.0006626210524700582, Y0: -0.0619436614215374
INFO:root:Epoch 962/1000, Loss: 0.0010199055541306734, Y0: -0.06197512894868851
INFO:root:Epoch 963/1000, Loss: 0.00046909984666854143, Y0: -0.062051497399806976
INFO:root:Epoch 964/1000, Loss: 0.00035092493635602295, Y0: -0.062131017446517944
INFO:root:Epoch 965/1000, Loss: 0.0008960729464888573, Y0: -0.06239223852753639
INFO:root:Epoch 966/1000, Loss: 0.0003847685002256185, Y0: -0.06267217546701431
INFO:root:Epoch 967/1000, Loss: 0.00019534637976903468, Y0: -0.06298425048589706
INFO:root:Epoch 968/1000, Loss: 0.0006969190435484052, Y0: -0.06331493705511093
INFO:root:Epoch 969/1000, Loss: 0.0003835941606666893, Y0: -0.06367003172636032
INFO:root:Epoch 970/1000, Loss: 0.0003615444293245673, Y0: -0.06393711268901825
INFO:root:Epoch 971/1000, Loss: 0.0007837321027182043, Y0: -0.06414923071861267
INFO:root:Epoch 972/1000, Loss: 4.1034072637557983e-05, Y0: -0.06433924287557602
INFO:root:Epoch 973/1000, Loss: 0.0005073102656751871, Y0: -0.06446061283349991
INFO:root:Epoch 974/1000, Loss: 0.0029857356566935778, Y0: -0.0644053965806961
INFO:root:Epoch 975/1000, Loss: 0.0014645797200500965, Y0: -0.0641222670674324
INFO:root:Epoch 976/1000, Loss: 0.0006249962607398629, Y0: -0.06397856771945953
INFO:root:Epoch 977/1000, Loss: 0.0009156940504908562, Y0: -0.0640459805727005
INFO:root:Epoch 978/1000, Loss: 0.00031337360269390047, Y0: -0.06409608572721481
INFO:root:Epoch 979/1000, Loss: 0.0007048972183838487, Y0: -0.06418481469154358
INFO:root:Epoch 980/1000, Loss: 0.0009680336806923151, Y0: -0.06424006074666977
INFO:root:Epoch 981/1000, Loss: 0.0005820554797537625, Y0: -0.06442070007324219
INFO:root:Epoch 982/1000, Loss: 0.0004049463022965938, Y0: -0.06462279707193375
INFO:root:Epoch 983/1000, Loss: 0.0004173665656708181, Y0: -0.06495676189661026
INFO:root:Epoch 984/1000, Loss: 0.0002833354228641838, Y0: -0.06533686071634293
INFO:root:Epoch 985/1000, Loss: 0.0025345690082758665, Y0: -0.06555947661399841
INFO:root:Epoch 986/1000, Loss: 0.0002287461975356564, Y0: -0.0658184140920639
INFO:root:Epoch 987/1000, Loss: 0.0013062740908935666, Y0: -0.06595414131879807
INFO:root:Epoch 988/1000, Loss: 0.0006390069029293954, Y0: -0.066167451441288
INFO:root:Epoch 989/1000, Loss: 0.00041900298674590886, Y0: -0.0663735643029213
INFO:root:Epoch 990/1000, Loss: 0.0014598643174394965, Y0: -0.06640888750553131
INFO:root:Epoch 991/1000, Loss: 0.0022188429720699787, Y0: -0.0662110298871994
INFO:root:Epoch 992/1000, Loss: 0.0009223124361597002, Y0: -0.06600604951381683
INFO:root:Epoch 993/1000, Loss: 0.0006003295420669019, Y0: -0.06588376313447952
INFO:root:Epoch 994/1000, Loss: 0.0006110231624916196, Y0: -0.06588254123926163
INFO:root:Epoch 995/1000, Loss: 0.0010100709041580558, Y0: -0.06606593728065491
INFO:root:Epoch 996/1000, Loss: 0.011324497871100903, Y0: -0.06650825589895248
INFO:root:Epoch 997/1000, Loss: 0.00063940545078367, Y0: -0.06696511805057526
INFO:root:Epoch 998/1000, Loss: 0.0014915112406015396, Y0: -0.06758944690227509
INFO:root:Epoch 999/1000, Loss: 0.0007863001665100455, Y0: -0.068232461810112
INFO:root:Epoch 1000/1000, Loss: 0.0006790192564949393, Y0: -0.06880078464746475
INFO:root:Training time: 134.15933537483215 seconds
