INFO:root:Configs: {'lr': 0.01, 'epochs': 1000, 'batch_size': 30, 'seed': 42, 'device': 'cpu', 'optimizer': Adam (
Parameter Group 0
    amsgrad: False
    betas: (0.9, 0.999)
    capturable: False
    differentiable: False
    eps: 1e-08
    foreach: None
    fused: None
    lr: 0.01
    maximize: False
    weight_decay: 0
), 'equation': <equation.EuropeanBasketOptionCall object at 0x0000015D47627C20>, 'net': Net4Y(
  (hidden_layers): Sequential(
    (0): BatchNorm1d(64, eps=1e-05, momentum=0.1, affine=True, track_running_stats=True)
    (1): ReLU()
    (2): Linear(in_features=64, out_features=128, bias=True)
    (3): BatchNorm1d(128, eps=1e-05, momentum=0.1, affine=True, track_running_stats=True)
    (4): ReLU()
    (5): ReLU()
    (6): Linear(in_features=128, out_features=64, bias=True)
    (7): BatchNorm1d(64, eps=1e-05, momentum=0.1, affine=True, track_running_stats=True)
    (8): ReLU()
  )
  (input_layer): Linear(in_features=5, out_features=64, bias=True)
  (output_layer): Linear(in_features=64, out_features=5, bias=True)
  (relu): ReLU()
  (net): Net4Z(
    (hidden_layers): Sequential(
      (0): BatchNorm1d(64, eps=1e-05, momentum=0.1, affine=True, track_running_stats=True)
      (1): ReLU()
      (2): Linear(in_features=64, out_features=128, bias=True)
      (3): BatchNorm1d(128, eps=1e-05, momentum=0.1, affine=True, track_running_stats=True)
      (4): ReLU()
      (5): ReLU()
      (6): Linear(in_features=128, out_features=64, bias=True)
      (7): BatchNorm1d(64, eps=1e-05, momentum=0.1, affine=True, track_running_stats=True)
      (8): ReLU()
    )
    (input_layer): Linear(in_features=5, out_features=64, bias=True)
    (output_layer): Linear(in_features=64, out_features=5, bias=True)
    (relu): ReLU()
  )
), 'train_iter': <torch.utils.data.dataloader.DataLoader object at 0x0000015D6290A2D0>}
INFO:root:Epoch 1/1000, Loss: nan
INFO:root:Epoch 2/1000, Loss: nan
INFO:root:Epoch 3/1000, Loss: nan
INFO:root:Epoch 4/1000, Loss: nan
INFO:root:Epoch 5/1000, Loss: nan
INFO:root:Epoch 6/1000, Loss: nan
INFO:root:Epoch 7/1000, Loss: nan
INFO:root:Epoch 8/1000, Loss: nan
INFO:root:Epoch 9/1000, Loss: nan
INFO:root:Epoch 10/1000, Loss: nan
INFO:root:Epoch 11/1000, Loss: nan
INFO:root:Epoch 12/1000, Loss: nan
INFO:root:Epoch 13/1000, Loss: nan
INFO:root:Epoch 14/1000, Loss: nan
INFO:root:Epoch 15/1000, Loss: nan
INFO:root:Epoch 16/1000, Loss: nan
INFO:root:Epoch 17/1000, Loss: nan
INFO:root:Epoch 18/1000, Loss: nan
INFO:root:Epoch 19/1000, Loss: nan
INFO:root:Epoch 20/1000, Loss: nan
INFO:root:Epoch 21/1000, Loss: nan
INFO:root:Epoch 22/1000, Loss: nan
INFO:root:Epoch 23/1000, Loss: nan
INFO:root:Epoch 24/1000, Loss: nan
INFO:root:Epoch 25/1000, Loss: nan
INFO:root:Epoch 26/1000, Loss: nan
INFO:root:Epoch 27/1000, Loss: nan
INFO:root:Epoch 28/1000, Loss: nan
INFO:root:Epoch 29/1000, Loss: nan
INFO:root:Epoch 30/1000, Loss: nan
INFO:root:Epoch 31/1000, Loss: nan
INFO:root:Epoch 32/1000, Loss: nan
INFO:root:Epoch 33/1000, Loss: nan
INFO:root:Epoch 34/1000, Loss: nan
INFO:root:Epoch 35/1000, Loss: nan
INFO:root:Epoch 36/1000, Loss: nan
INFO:root:Epoch 37/1000, Loss: nan
INFO:root:Epoch 38/1000, Loss: nan
INFO:root:Epoch 39/1000, Loss: nan
INFO:root:Epoch 40/1000, Loss: nan
INFO:root:Epoch 41/1000, Loss: nan
INFO:root:Epoch 42/1000, Loss: nan
INFO:root:Epoch 43/1000, Loss: nan
INFO:root:Epoch 44/1000, Loss: nan
INFO:root:Epoch 45/1000, Loss: nan
INFO:root:Epoch 46/1000, Loss: nan
INFO:root:Epoch 47/1000, Loss: nan
INFO:root:Epoch 48/1000, Loss: nan
INFO:root:Epoch 49/1000, Loss: nan
INFO:root:Epoch 50/1000, Loss: nan
INFO:root:Epoch 51/1000, Loss: nan
INFO:root:Epoch 52/1000, Loss: nan
INFO:root:Epoch 53/1000, Loss: nan
INFO:root:Epoch 54/1000, Loss: nan
INFO:root:Epoch 55/1000, Loss: nan
INFO:root:Epoch 56/1000, Loss: nan
INFO:root:Epoch 57/1000, Loss: nan
INFO:root:Epoch 58/1000, Loss: nan
INFO:root:Epoch 59/1000, Loss: nan
INFO:root:Epoch 60/1000, Loss: nan
INFO:root:Epoch 61/1000, Loss: nan
INFO:root:Epoch 62/1000, Loss: nan
INFO:root:Epoch 63/1000, Loss: nan
INFO:root:Epoch 64/1000, Loss: nan
INFO:root:Epoch 65/1000, Loss: nan
INFO:root:Epoch 66/1000, Loss: nan
INFO:root:Epoch 67/1000, Loss: nan
INFO:root:Epoch 68/1000, Loss: nan
INFO:root:Epoch 69/1000, Loss: nan
INFO:root:Epoch 70/1000, Loss: nan
INFO:root:Epoch 71/1000, Loss: nan
INFO:root:Epoch 72/1000, Loss: nan
INFO:root:Epoch 73/1000, Loss: nan
INFO:root:Epoch 74/1000, Loss: nan
INFO:root:Epoch 75/1000, Loss: nan
INFO:root:Epoch 76/1000, Loss: nan
INFO:root:Epoch 77/1000, Loss: nan
INFO:root:Epoch 78/1000, Loss: nan
INFO:root:Epoch 79/1000, Loss: nan
INFO:root:Epoch 80/1000, Loss: nan
INFO:root:Epoch 81/1000, Loss: nan
INFO:root:Epoch 82/1000, Loss: nan
INFO:root:Epoch 83/1000, Loss: nan
INFO:root:Epoch 84/1000, Loss: nan
INFO:root:Epoch 85/1000, Loss: nan
INFO:root:Epoch 86/1000, Loss: nan
INFO:root:Epoch 87/1000, Loss: nan
INFO:root:Epoch 88/1000, Loss: nan
INFO:root:Epoch 89/1000, Loss: nan
INFO:root:Epoch 90/1000, Loss: nan
INFO:root:Epoch 91/1000, Loss: nan
INFO:root:Epoch 92/1000, Loss: nan
INFO:root:Epoch 93/1000, Loss: nan
INFO:root:Epoch 94/1000, Loss: nan
INFO:root:Epoch 95/1000, Loss: nan
INFO:root:Epoch 96/1000, Loss: nan
INFO:root:Epoch 97/1000, Loss: nan
INFO:root:Epoch 98/1000, Loss: nan
INFO:root:Epoch 99/1000, Loss: nan
INFO:root:Epoch 100/1000, Loss: nan
INFO:root:Epoch 101/1000, Loss: nan
INFO:root:Epoch 102/1000, Loss: nan
INFO:root:Epoch 103/1000, Loss: nan
INFO:root:Epoch 104/1000, Loss: nan
INFO:root:Epoch 105/1000, Loss: nan
INFO:root:Epoch 106/1000, Loss: nan
INFO:root:Epoch 107/1000, Loss: nan
INFO:root:Epoch 108/1000, Loss: nan
INFO:root:Epoch 109/1000, Loss: nan
INFO:root:Epoch 110/1000, Loss: nan
INFO:root:Epoch 111/1000, Loss: nan
INFO:root:Epoch 112/1000, Loss: nan
INFO:root:Epoch 113/1000, Loss: nan
INFO:root:Epoch 114/1000, Loss: nan
INFO:root:Epoch 115/1000, Loss: nan
INFO:root:Epoch 116/1000, Loss: nan
INFO:root:Epoch 117/1000, Loss: nan
INFO:root:Epoch 118/1000, Loss: nan
INFO:root:Epoch 119/1000, Loss: nan
INFO:root:Epoch 120/1000, Loss: nan
INFO:root:Epoch 121/1000, Loss: nan
INFO:root:Epoch 122/1000, Loss: nan
INFO:root:Epoch 123/1000, Loss: nan
INFO:root:Epoch 124/1000, Loss: nan
INFO:root:Epoch 125/1000, Loss: nan
INFO:root:Epoch 126/1000, Loss: nan
INFO:root:Epoch 127/1000, Loss: nan
INFO:root:Epoch 128/1000, Loss: nan
INFO:root:Epoch 129/1000, Loss: nan
INFO:root:Epoch 130/1000, Loss: nan
INFO:root:Epoch 131/1000, Loss: nan
INFO:root:Epoch 132/1000, Loss: nan
INFO:root:Epoch 133/1000, Loss: nan
INFO:root:Epoch 134/1000, Loss: nan
INFO:root:Epoch 135/1000, Loss: nan
INFO:root:Epoch 136/1000, Loss: nan
INFO:root:Epoch 137/1000, Loss: nan
INFO:root:Epoch 138/1000, Loss: nan
INFO:root:Epoch 139/1000, Loss: nan
INFO:root:Epoch 140/1000, Loss: nan
INFO:root:Epoch 141/1000, Loss: nan
INFO:root:Epoch 142/1000, Loss: nan
INFO:root:Epoch 143/1000, Loss: nan
INFO:root:Epoch 144/1000, Loss: nan
INFO:root:Epoch 145/1000, Loss: nan
INFO:root:Epoch 146/1000, Loss: nan
INFO:root:Epoch 147/1000, Loss: nan
INFO:root:Epoch 148/1000, Loss: nan
INFO:root:Epoch 149/1000, Loss: nan
INFO:root:Epoch 150/1000, Loss: nan
INFO:root:Epoch 151/1000, Loss: nan
INFO:root:Epoch 152/1000, Loss: nan
INFO:root:Epoch 153/1000, Loss: nan
INFO:root:Epoch 154/1000, Loss: nan
INFO:root:Epoch 155/1000, Loss: nan
INFO:root:Epoch 156/1000, Loss: nan
INFO:root:Epoch 157/1000, Loss: nan
INFO:root:Epoch 158/1000, Loss: nan
INFO:root:Epoch 159/1000, Loss: nan
INFO:root:Epoch 160/1000, Loss: nan
INFO:root:Epoch 161/1000, Loss: nan
INFO:root:Epoch 162/1000, Loss: nan
INFO:root:Epoch 163/1000, Loss: nan
INFO:root:Epoch 164/1000, Loss: nan
INFO:root:Epoch 165/1000, Loss: nan
INFO:root:Epoch 166/1000, Loss: nan
INFO:root:Epoch 167/1000, Loss: nan
INFO:root:Epoch 168/1000, Loss: nan
INFO:root:Epoch 169/1000, Loss: nan
INFO:root:Epoch 170/1000, Loss: nan
INFO:root:Epoch 171/1000, Loss: nan
INFO:root:Epoch 172/1000, Loss: nan
INFO:root:Epoch 173/1000, Loss: nan
INFO:root:Epoch 174/1000, Loss: nan
INFO:root:Epoch 175/1000, Loss: nan
INFO:root:Epoch 176/1000, Loss: nan
INFO:root:Epoch 177/1000, Loss: nan
INFO:root:Epoch 178/1000, Loss: nan
INFO:root:Epoch 179/1000, Loss: nan
INFO:root:Epoch 180/1000, Loss: nan
INFO:root:Epoch 181/1000, Loss: nan
INFO:root:Epoch 182/1000, Loss: nan
INFO:root:Epoch 183/1000, Loss: nan
INFO:root:Epoch 184/1000, Loss: nan
INFO:root:Epoch 185/1000, Loss: nan
INFO:root:Epoch 186/1000, Loss: nan
INFO:root:Epoch 187/1000, Loss: nan
INFO:root:Epoch 188/1000, Loss: nan
INFO:root:Epoch 189/1000, Loss: nan
INFO:root:Epoch 190/1000, Loss: nan
INFO:root:Epoch 191/1000, Loss: nan
INFO:root:Epoch 192/1000, Loss: nan
INFO:root:Epoch 193/1000, Loss: nan
INFO:root:Epoch 194/1000, Loss: nan
INFO:root:Epoch 195/1000, Loss: nan
INFO:root:Epoch 196/1000, Loss: nan
INFO:root:Epoch 197/1000, Loss: nan
INFO:root:Epoch 198/1000, Loss: nan
INFO:root:Epoch 199/1000, Loss: nan
INFO:root:Epoch 200/1000, Loss: nan
INFO:root:Epoch 201/1000, Loss: nan
INFO:root:Epoch 202/1000, Loss: nan
INFO:root:Epoch 203/1000, Loss: nan
INFO:root:Epoch 204/1000, Loss: nan
INFO:root:Epoch 205/1000, Loss: nan
INFO:root:Epoch 206/1000, Loss: nan
INFO:root:Epoch 207/1000, Loss: nan
INFO:root:Epoch 208/1000, Loss: nan
INFO:root:Epoch 209/1000, Loss: nan
INFO:root:Epoch 210/1000, Loss: nan
INFO:root:Epoch 211/1000, Loss: nan
INFO:root:Epoch 212/1000, Loss: nan
INFO:root:Epoch 213/1000, Loss: nan
INFO:root:Epoch 214/1000, Loss: nan
INFO:root:Epoch 215/1000, Loss: nan
INFO:root:Epoch 216/1000, Loss: nan
INFO:root:Epoch 217/1000, Loss: nan
INFO:root:Epoch 218/1000, Loss: nan
INFO:root:Epoch 219/1000, Loss: nan
INFO:root:Epoch 220/1000, Loss: nan
INFO:root:Epoch 221/1000, Loss: nan
INFO:root:Epoch 222/1000, Loss: nan
INFO:root:Epoch 223/1000, Loss: nan
INFO:root:Epoch 224/1000, Loss: nan
INFO:root:Epoch 225/1000, Loss: nan
INFO:root:Epoch 226/1000, Loss: nan
INFO:root:Epoch 227/1000, Loss: nan
INFO:root:Epoch 228/1000, Loss: nan
INFO:root:Epoch 229/1000, Loss: nan
INFO:root:Epoch 230/1000, Loss: nan
INFO:root:Epoch 231/1000, Loss: nan
INFO:root:Epoch 232/1000, Loss: nan
INFO:root:Epoch 233/1000, Loss: nan
INFO:root:Epoch 234/1000, Loss: nan
INFO:root:Epoch 235/1000, Loss: nan
INFO:root:Epoch 236/1000, Loss: nan
INFO:root:Epoch 237/1000, Loss: nan
INFO:root:Epoch 238/1000, Loss: nan
INFO:root:Epoch 239/1000, Loss: nan
INFO:root:Epoch 240/1000, Loss: nan
INFO:root:Epoch 241/1000, Loss: nan
INFO:root:Epoch 242/1000, Loss: nan
INFO:root:Epoch 243/1000, Loss: nan
INFO:root:Epoch 244/1000, Loss: nan
INFO:root:Epoch 245/1000, Loss: nan
INFO:root:Epoch 246/1000, Loss: nan
INFO:root:Epoch 247/1000, Loss: nan
INFO:root:Epoch 248/1000, Loss: nan
INFO:root:Epoch 249/1000, Loss: nan
INFO:root:Epoch 250/1000, Loss: nan
INFO:root:Epoch 251/1000, Loss: nan
INFO:root:Epoch 252/1000, Loss: nan
INFO:root:Epoch 253/1000, Loss: nan
INFO:root:Epoch 254/1000, Loss: nan
INFO:root:Epoch 255/1000, Loss: nan
INFO:root:Epoch 256/1000, Loss: nan
INFO:root:Epoch 257/1000, Loss: nan
INFO:root:Epoch 258/1000, Loss: nan
INFO:root:Epoch 259/1000, Loss: nan
INFO:root:Epoch 260/1000, Loss: nan
INFO:root:Epoch 261/1000, Loss: nan
INFO:root:Epoch 262/1000, Loss: nan
INFO:root:Epoch 263/1000, Loss: nan
INFO:root:Epoch 264/1000, Loss: nan
INFO:root:Epoch 265/1000, Loss: nan
INFO:root:Epoch 266/1000, Loss: nan
INFO:root:Epoch 267/1000, Loss: nan
INFO:root:Epoch 268/1000, Loss: nan
INFO:root:Epoch 269/1000, Loss: nan
INFO:root:Epoch 270/1000, Loss: nan
INFO:root:Epoch 271/1000, Loss: nan
INFO:root:Epoch 272/1000, Loss: nan
INFO:root:Epoch 273/1000, Loss: nan
INFO:root:Epoch 274/1000, Loss: nan
INFO:root:Epoch 275/1000, Loss: nan
INFO:root:Epoch 276/1000, Loss: nan
INFO:root:Epoch 277/1000, Loss: nan
INFO:root:Epoch 278/1000, Loss: nan
INFO:root:Epoch 279/1000, Loss: nan
INFO:root:Epoch 280/1000, Loss: nan
INFO:root:Epoch 281/1000, Loss: nan
INFO:root:Epoch 282/1000, Loss: nan
INFO:root:Epoch 283/1000, Loss: nan
INFO:root:Epoch 284/1000, Loss: nan
INFO:root:Epoch 285/1000, Loss: nan
INFO:root:Epoch 286/1000, Loss: nan
INFO:root:Epoch 287/1000, Loss: nan
INFO:root:Epoch 288/1000, Loss: nan
INFO:root:Epoch 289/1000, Loss: nan
INFO:root:Epoch 290/1000, Loss: nan
INFO:root:Epoch 291/1000, Loss: nan
INFO:root:Epoch 292/1000, Loss: nan
INFO:root:Epoch 293/1000, Loss: nan
INFO:root:Epoch 294/1000, Loss: nan
INFO:root:Epoch 295/1000, Loss: nan
INFO:root:Epoch 296/1000, Loss: nan
INFO:root:Epoch 297/1000, Loss: nan
INFO:root:Epoch 298/1000, Loss: nan
INFO:root:Epoch 299/1000, Loss: nan
INFO:root:Epoch 300/1000, Loss: nan
INFO:root:Epoch 301/1000, Loss: nan
INFO:root:Epoch 302/1000, Loss: nan
INFO:root:Epoch 303/1000, Loss: nan
INFO:root:Epoch 304/1000, Loss: nan
INFO:root:Epoch 305/1000, Loss: nan
INFO:root:Epoch 306/1000, Loss: nan
INFO:root:Epoch 307/1000, Loss: nan
INFO:root:Epoch 308/1000, Loss: nan
INFO:root:Epoch 309/1000, Loss: nan
INFO:root:Epoch 310/1000, Loss: nan
INFO:root:Epoch 311/1000, Loss: nan
INFO:root:Epoch 312/1000, Loss: nan
INFO:root:Epoch 313/1000, Loss: nan
INFO:root:Epoch 314/1000, Loss: nan
INFO:root:Epoch 315/1000, Loss: nan
INFO:root:Epoch 316/1000, Loss: nan
INFO:root:Epoch 317/1000, Loss: nan
INFO:root:Epoch 318/1000, Loss: nan
INFO:root:Epoch 319/1000, Loss: nan
INFO:root:Epoch 320/1000, Loss: nan
INFO:root:Epoch 321/1000, Loss: nan
INFO:root:Epoch 322/1000, Loss: nan
INFO:root:Epoch 323/1000, Loss: nan
INFO:root:Epoch 324/1000, Loss: nan
INFO:root:Epoch 325/1000, Loss: nan
INFO:root:Epoch 326/1000, Loss: nan
INFO:root:Epoch 327/1000, Loss: nan
INFO:root:Epoch 328/1000, Loss: nan
INFO:root:Epoch 329/1000, Loss: nan
INFO:root:Epoch 330/1000, Loss: nan
INFO:root:Epoch 331/1000, Loss: nan
INFO:root:Epoch 332/1000, Loss: nan
INFO:root:Epoch 333/1000, Loss: nan
INFO:root:Epoch 334/1000, Loss: nan
INFO:root:Epoch 335/1000, Loss: nan
INFO:root:Epoch 336/1000, Loss: nan
INFO:root:Epoch 337/1000, Loss: nan
INFO:root:Epoch 338/1000, Loss: nan
INFO:root:Epoch 339/1000, Loss: nan
INFO:root:Epoch 340/1000, Loss: nan
INFO:root:Epoch 341/1000, Loss: nan
INFO:root:Epoch 342/1000, Loss: nan
INFO:root:Epoch 343/1000, Loss: nan
INFO:root:Epoch 344/1000, Loss: nan
INFO:root:Epoch 345/1000, Loss: nan
INFO:root:Epoch 346/1000, Loss: nan
INFO:root:Epoch 347/1000, Loss: nan
INFO:root:Epoch 348/1000, Loss: nan
INFO:root:Epoch 349/1000, Loss: nan
INFO:root:Epoch 350/1000, Loss: nan
INFO:root:Epoch 351/1000, Loss: nan
INFO:root:Epoch 352/1000, Loss: nan
INFO:root:Epoch 353/1000, Loss: nan
INFO:root:Epoch 354/1000, Loss: nan
INFO:root:Epoch 355/1000, Loss: nan
INFO:root:Epoch 356/1000, Loss: nan
INFO:root:Epoch 357/1000, Loss: nan
INFO:root:Epoch 358/1000, Loss: nan
INFO:root:Epoch 359/1000, Loss: nan
INFO:root:Epoch 360/1000, Loss: nan
INFO:root:Epoch 361/1000, Loss: nan
INFO:root:Epoch 362/1000, Loss: nan
INFO:root:Epoch 363/1000, Loss: nan
INFO:root:Epoch 364/1000, Loss: nan
INFO:root:Epoch 365/1000, Loss: nan
INFO:root:Epoch 366/1000, Loss: nan
INFO:root:Epoch 367/1000, Loss: nan
INFO:root:Epoch 368/1000, Loss: nan
INFO:root:Epoch 369/1000, Loss: nan
INFO:root:Epoch 370/1000, Loss: nan
INFO:root:Epoch 371/1000, Loss: nan
INFO:root:Epoch 372/1000, Loss: nan
INFO:root:Epoch 373/1000, Loss: nan
INFO:root:Epoch 374/1000, Loss: nan
INFO:root:Epoch 375/1000, Loss: nan
INFO:root:Epoch 376/1000, Loss: nan
INFO:root:Epoch 377/1000, Loss: nan
INFO:root:Epoch 378/1000, Loss: nan
INFO:root:Epoch 379/1000, Loss: nan
INFO:root:Epoch 380/1000, Loss: nan
INFO:root:Epoch 381/1000, Loss: nan
INFO:root:Epoch 382/1000, Loss: nan
INFO:root:Epoch 383/1000, Loss: nan
INFO:root:Epoch 384/1000, Loss: nan
INFO:root:Epoch 385/1000, Loss: nan
INFO:root:Epoch 386/1000, Loss: nan
INFO:root:Epoch 387/1000, Loss: nan
INFO:root:Epoch 388/1000, Loss: nan
INFO:root:Epoch 389/1000, Loss: nan
INFO:root:Epoch 390/1000, Loss: nan
INFO:root:Epoch 391/1000, Loss: nan
INFO:root:Epoch 392/1000, Loss: nan
INFO:root:Epoch 393/1000, Loss: nan
INFO:root:Epoch 394/1000, Loss: nan
INFO:root:Epoch 395/1000, Loss: nan
INFO:root:Epoch 396/1000, Loss: nan
INFO:root:Epoch 397/1000, Loss: nan
INFO:root:Epoch 398/1000, Loss: nan
INFO:root:Epoch 399/1000, Loss: nan
INFO:root:Epoch 400/1000, Loss: nan
INFO:root:Epoch 401/1000, Loss: nan
INFO:root:Epoch 402/1000, Loss: nan
INFO:root:Epoch 403/1000, Loss: nan
INFO:root:Epoch 404/1000, Loss: nan
INFO:root:Epoch 405/1000, Loss: nan
INFO:root:Epoch 406/1000, Loss: nan
INFO:root:Epoch 407/1000, Loss: nan
INFO:root:Epoch 408/1000, Loss: nan
INFO:root:Epoch 409/1000, Loss: nan
INFO:root:Epoch 410/1000, Loss: nan
INFO:root:Epoch 411/1000, Loss: nan
INFO:root:Epoch 412/1000, Loss: nan
INFO:root:Epoch 413/1000, Loss: nan
INFO:root:Epoch 414/1000, Loss: nan
INFO:root:Epoch 415/1000, Loss: nan
INFO:root:Epoch 416/1000, Loss: nan
INFO:root:Epoch 417/1000, Loss: nan
INFO:root:Epoch 418/1000, Loss: nan
INFO:root:Epoch 419/1000, Loss: nan
INFO:root:Epoch 420/1000, Loss: nan
INFO:root:Epoch 421/1000, Loss: nan
INFO:root:Epoch 422/1000, Loss: nan
INFO:root:Epoch 423/1000, Loss: nan
INFO:root:Epoch 424/1000, Loss: nan
INFO:root:Epoch 425/1000, Loss: nan
INFO:root:Epoch 426/1000, Loss: nan
INFO:root:Epoch 427/1000, Loss: nan
INFO:root:Epoch 428/1000, Loss: nan
INFO:root:Epoch 429/1000, Loss: nan
INFO:root:Epoch 430/1000, Loss: nan
INFO:root:Epoch 431/1000, Loss: nan
INFO:root:Epoch 432/1000, Loss: nan
INFO:root:Epoch 433/1000, Loss: nan
INFO:root:Epoch 434/1000, Loss: nan
INFO:root:Epoch 435/1000, Loss: nan
INFO:root:Epoch 436/1000, Loss: nan
INFO:root:Epoch 437/1000, Loss: nan
INFO:root:Epoch 438/1000, Loss: nan
INFO:root:Epoch 439/1000, Loss: nan
INFO:root:Epoch 440/1000, Loss: nan
INFO:root:Epoch 441/1000, Loss: nan
INFO:root:Epoch 442/1000, Loss: nan
INFO:root:Epoch 443/1000, Loss: nan
INFO:root:Epoch 444/1000, Loss: nan
INFO:root:Epoch 445/1000, Loss: nan
INFO:root:Epoch 446/1000, Loss: nan
INFO:root:Epoch 447/1000, Loss: nan
INFO:root:Epoch 448/1000, Loss: nan
INFO:root:Epoch 449/1000, Loss: nan
INFO:root:Epoch 450/1000, Loss: nan
INFO:root:Epoch 451/1000, Loss: nan
INFO:root:Epoch 452/1000, Loss: nan
INFO:root:Epoch 453/1000, Loss: nan
INFO:root:Epoch 454/1000, Loss: nan
INFO:root:Epoch 455/1000, Loss: nan
INFO:root:Epoch 456/1000, Loss: nan
INFO:root:Epoch 457/1000, Loss: nan
INFO:root:Epoch 458/1000, Loss: nan
INFO:root:Epoch 459/1000, Loss: nan
INFO:root:Epoch 460/1000, Loss: nan
INFO:root:Epoch 461/1000, Loss: nan
INFO:root:Epoch 462/1000, Loss: nan
INFO:root:Epoch 463/1000, Loss: nan
INFO:root:Epoch 464/1000, Loss: nan
INFO:root:Epoch 465/1000, Loss: nan
INFO:root:Epoch 466/1000, Loss: nan
INFO:root:Epoch 467/1000, Loss: nan
INFO:root:Epoch 468/1000, Loss: nan
INFO:root:Epoch 469/1000, Loss: nan
INFO:root:Epoch 470/1000, Loss: nan
INFO:root:Epoch 471/1000, Loss: nan
INFO:root:Epoch 472/1000, Loss: nan
INFO:root:Epoch 473/1000, Loss: nan
INFO:root:Epoch 474/1000, Loss: nan
INFO:root:Epoch 475/1000, Loss: nan
INFO:root:Epoch 476/1000, Loss: nan
INFO:root:Epoch 477/1000, Loss: nan
INFO:root:Epoch 478/1000, Loss: nan
INFO:root:Epoch 479/1000, Loss: nan
INFO:root:Epoch 480/1000, Loss: nan
INFO:root:Epoch 481/1000, Loss: nan
INFO:root:Epoch 482/1000, Loss: nan
INFO:root:Epoch 483/1000, Loss: nan
INFO:root:Epoch 484/1000, Loss: nan
INFO:root:Epoch 485/1000, Loss: nan
INFO:root:Epoch 486/1000, Loss: nan
INFO:root:Epoch 487/1000, Loss: nan
INFO:root:Epoch 488/1000, Loss: nan
INFO:root:Epoch 489/1000, Loss: nan
INFO:root:Epoch 490/1000, Loss: nan
INFO:root:Epoch 491/1000, Loss: nan
INFO:root:Epoch 492/1000, Loss: nan
INFO:root:Epoch 493/1000, Loss: nan
INFO:root:Epoch 494/1000, Loss: nan
INFO:root:Epoch 495/1000, Loss: nan
INFO:root:Epoch 496/1000, Loss: nan
INFO:root:Epoch 497/1000, Loss: nan
INFO:root:Epoch 498/1000, Loss: nan
INFO:root:Epoch 499/1000, Loss: nan
INFO:root:Epoch 500/1000, Loss: nan
INFO:root:Epoch 501/1000, Loss: nan
INFO:root:Epoch 502/1000, Loss: nan
INFO:root:Epoch 503/1000, Loss: nan
INFO:root:Epoch 504/1000, Loss: nan
INFO:root:Epoch 505/1000, Loss: nan
INFO:root:Epoch 506/1000, Loss: nan
INFO:root:Epoch 507/1000, Loss: nan
INFO:root:Epoch 508/1000, Loss: nan
INFO:root:Epoch 509/1000, Loss: nan
INFO:root:Epoch 510/1000, Loss: nan
INFO:root:Epoch 511/1000, Loss: nan
INFO:root:Epoch 512/1000, Loss: nan
INFO:root:Epoch 513/1000, Loss: nan
INFO:root:Epoch 514/1000, Loss: nan
INFO:root:Epoch 515/1000, Loss: nan
INFO:root:Epoch 516/1000, Loss: nan
INFO:root:Epoch 517/1000, Loss: nan
INFO:root:Epoch 518/1000, Loss: nan
INFO:root:Epoch 519/1000, Loss: nan
INFO:root:Epoch 520/1000, Loss: nan
INFO:root:Epoch 521/1000, Loss: nan
INFO:root:Epoch 522/1000, Loss: nan
INFO:root:Epoch 523/1000, Loss: nan
INFO:root:Epoch 524/1000, Loss: nan
INFO:root:Epoch 525/1000, Loss: nan
INFO:root:Epoch 526/1000, Loss: nan
INFO:root:Epoch 527/1000, Loss: nan
INFO:root:Epoch 528/1000, Loss: nan
INFO:root:Epoch 529/1000, Loss: nan
INFO:root:Epoch 530/1000, Loss: nan
INFO:root:Epoch 531/1000, Loss: nan
INFO:root:Epoch 532/1000, Loss: nan
INFO:root:Epoch 533/1000, Loss: nan
INFO:root:Epoch 534/1000, Loss: nan
INFO:root:Epoch 535/1000, Loss: nan
INFO:root:Epoch 536/1000, Loss: nan
INFO:root:Epoch 537/1000, Loss: nan
INFO:root:Epoch 538/1000, Loss: nan
INFO:root:Epoch 539/1000, Loss: nan
INFO:root:Epoch 540/1000, Loss: nan
INFO:root:Epoch 541/1000, Loss: nan
INFO:root:Epoch 542/1000, Loss: nan
INFO:root:Epoch 543/1000, Loss: nan
INFO:root:Epoch 544/1000, Loss: nan
INFO:root:Epoch 545/1000, Loss: nan
INFO:root:Epoch 546/1000, Loss: nan
INFO:root:Epoch 547/1000, Loss: nan
INFO:root:Epoch 548/1000, Loss: nan
INFO:root:Epoch 549/1000, Loss: nan
INFO:root:Epoch 550/1000, Loss: nan
INFO:root:Epoch 551/1000, Loss: nan
INFO:root:Epoch 552/1000, Loss: nan
INFO:root:Epoch 553/1000, Loss: nan
INFO:root:Epoch 554/1000, Loss: nan
INFO:root:Epoch 555/1000, Loss: nan
INFO:root:Epoch 556/1000, Loss: nan
INFO:root:Epoch 557/1000, Loss: nan
INFO:root:Epoch 558/1000, Loss: nan
INFO:root:Epoch 559/1000, Loss: nan
INFO:root:Epoch 560/1000, Loss: nan
INFO:root:Epoch 561/1000, Loss: nan
INFO:root:Epoch 562/1000, Loss: nan
INFO:root:Epoch 563/1000, Loss: nan
INFO:root:Epoch 564/1000, Loss: nan
INFO:root:Epoch 565/1000, Loss: nan
INFO:root:Epoch 566/1000, Loss: nan
INFO:root:Epoch 567/1000, Loss: nan
INFO:root:Epoch 568/1000, Loss: nan
INFO:root:Epoch 569/1000, Loss: nan
INFO:root:Epoch 570/1000, Loss: nan
INFO:root:Epoch 571/1000, Loss: nan
INFO:root:Epoch 572/1000, Loss: nan
INFO:root:Epoch 573/1000, Loss: nan
INFO:root:Epoch 574/1000, Loss: nan
INFO:root:Epoch 575/1000, Loss: nan
INFO:root:Epoch 576/1000, Loss: nan
INFO:root:Epoch 577/1000, Loss: nan
INFO:root:Epoch 578/1000, Loss: nan
INFO:root:Epoch 579/1000, Loss: nan
INFO:root:Epoch 580/1000, Loss: nan
INFO:root:Epoch 581/1000, Loss: nan
INFO:root:Epoch 582/1000, Loss: nan
INFO:root:Epoch 583/1000, Loss: nan
INFO:root:Epoch 584/1000, Loss: nan
INFO:root:Epoch 585/1000, Loss: nan
INFO:root:Epoch 586/1000, Loss: nan
INFO:root:Epoch 587/1000, Loss: nan
INFO:root:Epoch 588/1000, Loss: nan
INFO:root:Epoch 589/1000, Loss: nan
INFO:root:Epoch 590/1000, Loss: nan
INFO:root:Epoch 591/1000, Loss: nan
INFO:root:Epoch 592/1000, Loss: nan
INFO:root:Epoch 593/1000, Loss: nan
INFO:root:Epoch 594/1000, Loss: nan
INFO:root:Epoch 595/1000, Loss: nan
INFO:root:Epoch 596/1000, Loss: nan
INFO:root:Epoch 597/1000, Loss: nan
INFO:root:Epoch 598/1000, Loss: nan
INFO:root:Epoch 599/1000, Loss: nan
INFO:root:Epoch 600/1000, Loss: nan
INFO:root:Epoch 601/1000, Loss: nan
INFO:root:Epoch 602/1000, Loss: nan
INFO:root:Epoch 603/1000, Loss: nan
INFO:root:Epoch 604/1000, Loss: nan
INFO:root:Epoch 605/1000, Loss: nan
INFO:root:Epoch 606/1000, Loss: nan
INFO:root:Epoch 607/1000, Loss: nan
INFO:root:Epoch 608/1000, Loss: nan
INFO:root:Epoch 609/1000, Loss: nan
INFO:root:Epoch 610/1000, Loss: nan
INFO:root:Epoch 611/1000, Loss: nan
INFO:root:Epoch 612/1000, Loss: nan
INFO:root:Epoch 613/1000, Loss: nan
INFO:root:Epoch 614/1000, Loss: nan
INFO:root:Epoch 615/1000, Loss: nan
INFO:root:Epoch 616/1000, Loss: nan
INFO:root:Epoch 617/1000, Loss: nan
INFO:root:Epoch 618/1000, Loss: nan
INFO:root:Epoch 619/1000, Loss: nan
INFO:root:Epoch 620/1000, Loss: nan
INFO:root:Epoch 621/1000, Loss: nan
INFO:root:Epoch 622/1000, Loss: nan
INFO:root:Epoch 623/1000, Loss: nan
INFO:root:Epoch 624/1000, Loss: nan
INFO:root:Epoch 625/1000, Loss: nan
INFO:root:Epoch 626/1000, Loss: nan
INFO:root:Epoch 627/1000, Loss: nan
INFO:root:Epoch 628/1000, Loss: nan
INFO:root:Epoch 629/1000, Loss: nan
INFO:root:Epoch 630/1000, Loss: nan
INFO:root:Epoch 631/1000, Loss: nan
INFO:root:Epoch 632/1000, Loss: nan
INFO:root:Epoch 633/1000, Loss: nan
INFO:root:Epoch 634/1000, Loss: nan
INFO:root:Epoch 635/1000, Loss: nan
INFO:root:Epoch 636/1000, Loss: nan
INFO:root:Epoch 637/1000, Loss: nan
INFO:root:Epoch 638/1000, Loss: nan
INFO:root:Epoch 639/1000, Loss: nan
INFO:root:Epoch 640/1000, Loss: nan
INFO:root:Epoch 641/1000, Loss: nan
INFO:root:Epoch 642/1000, Loss: nan
INFO:root:Epoch 643/1000, Loss: nan
INFO:root:Epoch 644/1000, Loss: nan
INFO:root:Epoch 645/1000, Loss: nan
INFO:root:Epoch 646/1000, Loss: nan
INFO:root:Epoch 647/1000, Loss: nan
INFO:root:Epoch 648/1000, Loss: nan
INFO:root:Epoch 649/1000, Loss: nan
INFO:root:Epoch 650/1000, Loss: nan
INFO:root:Epoch 651/1000, Loss: nan
INFO:root:Epoch 652/1000, Loss: nan
INFO:root:Epoch 653/1000, Loss: nan
INFO:root:Epoch 654/1000, Loss: nan
INFO:root:Epoch 655/1000, Loss: nan
INFO:root:Epoch 656/1000, Loss: nan
INFO:root:Epoch 657/1000, Loss: nan
INFO:root:Epoch 658/1000, Loss: nan
INFO:root:Epoch 659/1000, Loss: nan
INFO:root:Epoch 660/1000, Loss: nan
INFO:root:Epoch 661/1000, Loss: nan
INFO:root:Epoch 662/1000, Loss: nan
INFO:root:Epoch 663/1000, Loss: nan
INFO:root:Epoch 664/1000, Loss: nan
INFO:root:Epoch 665/1000, Loss: nan
INFO:root:Epoch 666/1000, Loss: nan
INFO:root:Epoch 667/1000, Loss: nan
INFO:root:Epoch 668/1000, Loss: nan
INFO:root:Epoch 669/1000, Loss: nan
INFO:root:Epoch 670/1000, Loss: nan
INFO:root:Epoch 671/1000, Loss: nan
INFO:root:Epoch 672/1000, Loss: nan
INFO:root:Epoch 673/1000, Loss: nan
INFO:root:Epoch 674/1000, Loss: nan
INFO:root:Epoch 675/1000, Loss: nan
INFO:root:Epoch 676/1000, Loss: nan
INFO:root:Epoch 677/1000, Loss: nan
INFO:root:Epoch 678/1000, Loss: nan
INFO:root:Epoch 679/1000, Loss: nan
INFO:root:Epoch 680/1000, Loss: nan
INFO:root:Epoch 681/1000, Loss: nan
INFO:root:Epoch 682/1000, Loss: nan
INFO:root:Epoch 683/1000, Loss: nan
INFO:root:Epoch 684/1000, Loss: nan
INFO:root:Epoch 685/1000, Loss: nan
INFO:root:Epoch 686/1000, Loss: nan
INFO:root:Epoch 687/1000, Loss: nan
INFO:root:Epoch 688/1000, Loss: nan
INFO:root:Epoch 689/1000, Loss: nan
INFO:root:Epoch 690/1000, Loss: nan
INFO:root:Epoch 691/1000, Loss: nan
INFO:root:Epoch 692/1000, Loss: nan
INFO:root:Epoch 693/1000, Loss: nan
INFO:root:Epoch 694/1000, Loss: nan
INFO:root:Epoch 695/1000, Loss: nan
INFO:root:Epoch 696/1000, Loss: nan
INFO:root:Epoch 697/1000, Loss: nan
INFO:root:Epoch 698/1000, Loss: nan
INFO:root:Epoch 699/1000, Loss: nan
INFO:root:Epoch 700/1000, Loss: nan
INFO:root:Epoch 701/1000, Loss: nan
INFO:root:Epoch 702/1000, Loss: nan
INFO:root:Epoch 703/1000, Loss: nan
INFO:root:Epoch 704/1000, Loss: nan
INFO:root:Epoch 705/1000, Loss: nan
INFO:root:Epoch 706/1000, Loss: nan
INFO:root:Epoch 707/1000, Loss: nan
INFO:root:Epoch 708/1000, Loss: nan
INFO:root:Epoch 709/1000, Loss: nan
INFO:root:Epoch 710/1000, Loss: nan
INFO:root:Epoch 711/1000, Loss: nan
INFO:root:Epoch 712/1000, Loss: nan
INFO:root:Epoch 713/1000, Loss: nan
INFO:root:Epoch 714/1000, Loss: nan
INFO:root:Epoch 715/1000, Loss: nan
INFO:root:Epoch 716/1000, Loss: nan
INFO:root:Epoch 717/1000, Loss: nan
INFO:root:Epoch 718/1000, Loss: nan
INFO:root:Epoch 719/1000, Loss: nan
INFO:root:Epoch 720/1000, Loss: nan
INFO:root:Epoch 721/1000, Loss: nan
INFO:root:Epoch 722/1000, Loss: nan
INFO:root:Epoch 723/1000, Loss: nan
INFO:root:Epoch 724/1000, Loss: nan
INFO:root:Epoch 725/1000, Loss: nan
INFO:root:Epoch 726/1000, Loss: nan
INFO:root:Epoch 727/1000, Loss: nan
INFO:root:Epoch 728/1000, Loss: nan
INFO:root:Epoch 729/1000, Loss: nan
INFO:root:Epoch 730/1000, Loss: nan
INFO:root:Epoch 731/1000, Loss: nan
INFO:root:Epoch 732/1000, Loss: nan
INFO:root:Epoch 733/1000, Loss: nan
INFO:root:Epoch 734/1000, Loss: nan
INFO:root:Epoch 735/1000, Loss: nan
INFO:root:Epoch 736/1000, Loss: nan
INFO:root:Epoch 737/1000, Loss: nan
INFO:root:Epoch 738/1000, Loss: nan
INFO:root:Epoch 739/1000, Loss: nan
INFO:root:Epoch 740/1000, Loss: nan
INFO:root:Epoch 741/1000, Loss: nan
INFO:root:Epoch 742/1000, Loss: nan
INFO:root:Epoch 743/1000, Loss: nan
INFO:root:Epoch 744/1000, Loss: nan
INFO:root:Epoch 745/1000, Loss: nan
INFO:root:Epoch 746/1000, Loss: nan
INFO:root:Epoch 747/1000, Loss: nan
INFO:root:Epoch 748/1000, Loss: nan
INFO:root:Epoch 749/1000, Loss: nan
INFO:root:Epoch 750/1000, Loss: nan
INFO:root:Epoch 751/1000, Loss: nan
INFO:root:Epoch 752/1000, Loss: nan
INFO:root:Epoch 753/1000, Loss: nan
INFO:root:Epoch 754/1000, Loss: nan
INFO:root:Epoch 755/1000, Loss: nan
INFO:root:Epoch 756/1000, Loss: nan
INFO:root:Epoch 757/1000, Loss: nan
INFO:root:Epoch 758/1000, Loss: nan
INFO:root:Epoch 759/1000, Loss: nan
INFO:root:Epoch 760/1000, Loss: nan
INFO:root:Epoch 761/1000, Loss: nan
INFO:root:Epoch 762/1000, Loss: nan
INFO:root:Epoch 763/1000, Loss: nan
INFO:root:Epoch 764/1000, Loss: nan
INFO:root:Epoch 765/1000, Loss: nan
INFO:root:Epoch 766/1000, Loss: nan
INFO:root:Epoch 767/1000, Loss: nan
INFO:root:Epoch 768/1000, Loss: nan
INFO:root:Epoch 769/1000, Loss: nan
INFO:root:Epoch 770/1000, Loss: nan
INFO:root:Epoch 771/1000, Loss: nan
INFO:root:Epoch 772/1000, Loss: nan
INFO:root:Epoch 773/1000, Loss: nan
INFO:root:Epoch 774/1000, Loss: nan
INFO:root:Epoch 775/1000, Loss: nan
INFO:root:Epoch 776/1000, Loss: nan
INFO:root:Epoch 777/1000, Loss: nan
INFO:root:Epoch 778/1000, Loss: nan
INFO:root:Epoch 779/1000, Loss: nan
INFO:root:Epoch 780/1000, Loss: nan
INFO:root:Epoch 781/1000, Loss: nan
INFO:root:Epoch 782/1000, Loss: nan
INFO:root:Epoch 783/1000, Loss: nan
INFO:root:Epoch 784/1000, Loss: nan
INFO:root:Epoch 785/1000, Loss: nan
INFO:root:Epoch 786/1000, Loss: nan
INFO:root:Epoch 787/1000, Loss: nan
INFO:root:Epoch 788/1000, Loss: nan
INFO:root:Epoch 789/1000, Loss: nan
INFO:root:Epoch 790/1000, Loss: nan
INFO:root:Epoch 791/1000, Loss: nan
INFO:root:Epoch 792/1000, Loss: nan
INFO:root:Epoch 793/1000, Loss: nan
INFO:root:Epoch 794/1000, Loss: nan
INFO:root:Epoch 795/1000, Loss: nan
INFO:root:Epoch 796/1000, Loss: nan
INFO:root:Epoch 797/1000, Loss: nan
INFO:root:Epoch 798/1000, Loss: nan
INFO:root:Epoch 799/1000, Loss: nan
INFO:root:Epoch 800/1000, Loss: nan
INFO:root:Epoch 801/1000, Loss: nan
INFO:root:Epoch 802/1000, Loss: nan
INFO:root:Epoch 803/1000, Loss: nan
INFO:root:Epoch 804/1000, Loss: nan
INFO:root:Epoch 805/1000, Loss: nan
INFO:root:Epoch 806/1000, Loss: nan
INFO:root:Epoch 807/1000, Loss: nan
INFO:root:Epoch 808/1000, Loss: nan
INFO:root:Epoch 809/1000, Loss: nan
INFO:root:Epoch 810/1000, Loss: nan
INFO:root:Epoch 811/1000, Loss: nan
INFO:root:Epoch 812/1000, Loss: nan
INFO:root:Epoch 813/1000, Loss: nan
INFO:root:Epoch 814/1000, Loss: nan
INFO:root:Epoch 815/1000, Loss: nan
INFO:root:Epoch 816/1000, Loss: nan
INFO:root:Epoch 817/1000, Loss: nan
INFO:root:Epoch 818/1000, Loss: nan
INFO:root:Epoch 819/1000, Loss: nan
INFO:root:Epoch 820/1000, Loss: nan
INFO:root:Epoch 821/1000, Loss: nan
INFO:root:Epoch 822/1000, Loss: nan
INFO:root:Epoch 823/1000, Loss: nan
INFO:root:Epoch 824/1000, Loss: nan
INFO:root:Epoch 825/1000, Loss: nan
INFO:root:Epoch 826/1000, Loss: nan
INFO:root:Epoch 827/1000, Loss: nan
INFO:root:Epoch 828/1000, Loss: nan
INFO:root:Epoch 829/1000, Loss: nan
INFO:root:Epoch 830/1000, Loss: nan
INFO:root:Epoch 831/1000, Loss: nan
INFO:root:Epoch 832/1000, Loss: nan
INFO:root:Epoch 833/1000, Loss: nan
INFO:root:Epoch 834/1000, Loss: nan
INFO:root:Epoch 835/1000, Loss: nan
INFO:root:Epoch 836/1000, Loss: nan
INFO:root:Epoch 837/1000, Loss: nan
INFO:root:Epoch 838/1000, Loss: nan
INFO:root:Epoch 839/1000, Loss: nan
INFO:root:Epoch 840/1000, Loss: nan
INFO:root:Epoch 841/1000, Loss: nan
INFO:root:Epoch 842/1000, Loss: nan
INFO:root:Epoch 843/1000, Loss: nan
INFO:root:Epoch 844/1000, Loss: nan
INFO:root:Epoch 845/1000, Loss: nan
INFO:root:Epoch 846/1000, Loss: nan
INFO:root:Epoch 847/1000, Loss: nan
INFO:root:Epoch 848/1000, Loss: nan
INFO:root:Epoch 849/1000, Loss: nan
INFO:root:Epoch 850/1000, Loss: nan
INFO:root:Epoch 851/1000, Loss: nan
INFO:root:Epoch 852/1000, Loss: nan
INFO:root:Epoch 853/1000, Loss: nan
INFO:root:Epoch 854/1000, Loss: nan
INFO:root:Epoch 855/1000, Loss: nan
INFO:root:Epoch 856/1000, Loss: nan
INFO:root:Epoch 857/1000, Loss: nan
INFO:root:Epoch 858/1000, Loss: nan
INFO:root:Epoch 859/1000, Loss: nan
INFO:root:Epoch 860/1000, Loss: nan
INFO:root:Epoch 861/1000, Loss: nan
INFO:root:Epoch 862/1000, Loss: nan
INFO:root:Epoch 863/1000, Loss: nan
INFO:root:Epoch 864/1000, Loss: nan
INFO:root:Epoch 865/1000, Loss: nan
INFO:root:Epoch 866/1000, Loss: nan
INFO:root:Epoch 867/1000, Loss: nan
INFO:root:Epoch 868/1000, Loss: nan
INFO:root:Epoch 869/1000, Loss: nan
INFO:root:Epoch 870/1000, Loss: nan
INFO:root:Epoch 871/1000, Loss: nan
INFO:root:Epoch 872/1000, Loss: nan
INFO:root:Epoch 873/1000, Loss: nan
INFO:root:Epoch 874/1000, Loss: nan
INFO:root:Epoch 875/1000, Loss: nan
INFO:root:Epoch 876/1000, Loss: nan
INFO:root:Epoch 877/1000, Loss: nan
INFO:root:Epoch 878/1000, Loss: nan
INFO:root:Epoch 879/1000, Loss: nan
INFO:root:Epoch 880/1000, Loss: nan
INFO:root:Epoch 881/1000, Loss: nan
INFO:root:Epoch 882/1000, Loss: nan
INFO:root:Epoch 883/1000, Loss: nan
INFO:root:Epoch 884/1000, Loss: nan
INFO:root:Epoch 885/1000, Loss: nan
INFO:root:Epoch 886/1000, Loss: nan
INFO:root:Epoch 887/1000, Loss: nan
INFO:root:Epoch 888/1000, Loss: nan
INFO:root:Epoch 889/1000, Loss: nan
INFO:root:Epoch 890/1000, Loss: nan
INFO:root:Epoch 891/1000, Loss: nan
INFO:root:Epoch 892/1000, Loss: nan
INFO:root:Epoch 893/1000, Loss: nan
INFO:root:Epoch 894/1000, Loss: nan
INFO:root:Epoch 895/1000, Loss: nan
INFO:root:Epoch 896/1000, Loss: nan
INFO:root:Epoch 897/1000, Loss: nan
INFO:root:Epoch 898/1000, Loss: nan
INFO:root:Epoch 899/1000, Loss: nan
INFO:root:Epoch 900/1000, Loss: nan
INFO:root:Epoch 901/1000, Loss: nan
INFO:root:Epoch 902/1000, Loss: nan
INFO:root:Epoch 903/1000, Loss: nan
INFO:root:Epoch 904/1000, Loss: nan
INFO:root:Epoch 905/1000, Loss: nan
INFO:root:Epoch 906/1000, Loss: nan
INFO:root:Epoch 907/1000, Loss: nan
INFO:root:Epoch 908/1000, Loss: nan
INFO:root:Epoch 909/1000, Loss: nan
INFO:root:Epoch 910/1000, Loss: nan
INFO:root:Epoch 911/1000, Loss: nan
INFO:root:Epoch 912/1000, Loss: nan
INFO:root:Epoch 913/1000, Loss: nan
INFO:root:Epoch 914/1000, Loss: nan
INFO:root:Epoch 915/1000, Loss: nan
INFO:root:Epoch 916/1000, Loss: nan
INFO:root:Epoch 917/1000, Loss: nan
INFO:root:Epoch 918/1000, Loss: nan
INFO:root:Epoch 919/1000, Loss: nan
INFO:root:Epoch 920/1000, Loss: nan
INFO:root:Epoch 921/1000, Loss: nan
INFO:root:Epoch 922/1000, Loss: nan
INFO:root:Epoch 923/1000, Loss: nan
INFO:root:Epoch 924/1000, Loss: nan
INFO:root:Epoch 925/1000, Loss: nan
INFO:root:Epoch 926/1000, Loss: nan
INFO:root:Epoch 927/1000, Loss: nan
INFO:root:Epoch 928/1000, Loss: nan
INFO:root:Epoch 929/1000, Loss: nan
INFO:root:Epoch 930/1000, Loss: nan
INFO:root:Epoch 931/1000, Loss: nan
INFO:root:Epoch 932/1000, Loss: nan
INFO:root:Epoch 933/1000, Loss: nan
INFO:root:Epoch 934/1000, Loss: nan
INFO:root:Epoch 935/1000, Loss: nan
INFO:root:Epoch 936/1000, Loss: nan
INFO:root:Epoch 937/1000, Loss: nan
INFO:root:Epoch 938/1000, Loss: nan
INFO:root:Epoch 939/1000, Loss: nan
INFO:root:Epoch 940/1000, Loss: nan
INFO:root:Epoch 941/1000, Loss: nan
INFO:root:Epoch 942/1000, Loss: nan
INFO:root:Epoch 943/1000, Loss: nan
INFO:root:Epoch 944/1000, Loss: nan
INFO:root:Epoch 945/1000, Loss: nan
INFO:root:Epoch 946/1000, Loss: nan
INFO:root:Epoch 947/1000, Loss: nan
INFO:root:Epoch 948/1000, Loss: nan
INFO:root:Epoch 949/1000, Loss: nan
INFO:root:Epoch 950/1000, Loss: nan
INFO:root:Epoch 951/1000, Loss: nan
INFO:root:Epoch 952/1000, Loss: nan
INFO:root:Epoch 953/1000, Loss: nan
INFO:root:Epoch 954/1000, Loss: nan
INFO:root:Epoch 955/1000, Loss: nan
INFO:root:Epoch 956/1000, Loss: nan
INFO:root:Epoch 957/1000, Loss: nan
INFO:root:Epoch 958/1000, Loss: nan
INFO:root:Epoch 959/1000, Loss: nan
INFO:root:Epoch 960/1000, Loss: nan
INFO:root:Epoch 961/1000, Loss: nan
INFO:root:Epoch 962/1000, Loss: nan
INFO:root:Epoch 963/1000, Loss: nan
INFO:root:Epoch 964/1000, Loss: nan
INFO:root:Epoch 965/1000, Loss: nan
INFO:root:Epoch 966/1000, Loss: nan
INFO:root:Epoch 967/1000, Loss: nan
INFO:root:Epoch 968/1000, Loss: nan
INFO:root:Epoch 969/1000, Loss: nan
INFO:root:Epoch 970/1000, Loss: nan
INFO:root:Epoch 971/1000, Loss: nan
INFO:root:Epoch 972/1000, Loss: nan
INFO:root:Epoch 973/1000, Loss: nan
INFO:root:Epoch 974/1000, Loss: nan
INFO:root:Epoch 975/1000, Loss: nan
INFO:root:Epoch 976/1000, Loss: nan
INFO:root:Epoch 977/1000, Loss: nan
INFO:root:Epoch 978/1000, Loss: nan
INFO:root:Epoch 979/1000, Loss: nan
INFO:root:Epoch 980/1000, Loss: nan
INFO:root:Epoch 981/1000, Loss: nan
INFO:root:Epoch 982/1000, Loss: nan
INFO:root:Epoch 983/1000, Loss: nan
INFO:root:Epoch 984/1000, Loss: nan
INFO:root:Epoch 985/1000, Loss: nan
INFO:root:Epoch 986/1000, Loss: nan
INFO:root:Epoch 987/1000, Loss: nan
INFO:root:Epoch 988/1000, Loss: nan
INFO:root:Epoch 989/1000, Loss: nan
INFO:root:Epoch 990/1000, Loss: nan
INFO:root:Epoch 991/1000, Loss: nan
INFO:root:Epoch 992/1000, Loss: nan
INFO:root:Epoch 993/1000, Loss: nan
INFO:root:Epoch 994/1000, Loss: nan
INFO:root:Epoch 995/1000, Loss: nan
INFO:root:Epoch 996/1000, Loss: nan
INFO:root:Epoch 997/1000, Loss: nan
INFO:root:Epoch 998/1000, Loss: nan
INFO:root:Epoch 999/1000, Loss: nan
INFO:root:Epoch 1000/1000, Loss: nan
INFO:root:Training time: 118.6852855682373 seconds
