INFO:root:Configs: {'lr': 0.01, 'epochs': 1000, 'batch_size': 30, 'seed': 42, 'device': 'cpu', 'optimizer': Adam (
Parameter Group 0
    amsgrad: False
    betas: (0.9, 0.999)
    capturable: False
    differentiable: False
    eps: 1e-08
    foreach: None
    fused: None
    lr: 0.01
    maximize: False
    weight_decay: 0
), 'equation': <equation.EuropeanBasketOptionCall object at 0x0000017363983BC0>, 'net': Net4Y(
  (hidden_layers): Sequential(
    (0): BatchNorm1d(64, eps=1e-05, momentum=0.1, affine=True, track_running_stats=True)
    (1): ReLU()
    (2): Linear(in_features=64, out_features=128, bias=True)
    (3): BatchNorm1d(128, eps=1e-05, momentum=0.1, affine=True, track_running_stats=True)
    (4): ReLU()
    (5): ReLU()
    (6): Linear(in_features=128, out_features=64, bias=True)
    (7): BatchNorm1d(64, eps=1e-05, momentum=0.1, affine=True, track_running_stats=True)
    (8): ReLU()
  )
  (input_layer): Linear(in_features=5, out_features=64, bias=True)
  (output_layer): Linear(in_features=64, out_features=5, bias=True)
  (relu): ReLU()
  (net): Net4Z(
    (hidden_layers): Sequential(
      (0): BatchNorm1d(64, eps=1e-05, momentum=0.1, affine=True, track_running_stats=True)
      (1): ReLU()
      (2): Linear(in_features=64, out_features=128, bias=True)
      (3): BatchNorm1d(128, eps=1e-05, momentum=0.1, affine=True, track_running_stats=True)
      (4): ReLU()
      (5): ReLU()
      (6): Linear(in_features=128, out_features=64, bias=True)
      (7): BatchNorm1d(64, eps=1e-05, momentum=0.1, affine=True, track_running_stats=True)
      (8): ReLU()
    )
    (input_layer): Linear(in_features=5, out_features=64, bias=True)
    (output_layer): Linear(in_features=64, out_features=5, bias=True)
    (relu): ReLU()
  )
), 'train_iter': <torch.utils.data.dataloader.DataLoader object at 0x0000017307037710>}
INFO:root:Epoch 1/1000, Loss: 1.7573695182800293, Y0: 0.9900000095367432
INFO:root:Epoch 2/1000, Loss: 0.9751513600349426, Y0: 0.9803427457809448
INFO:root:Epoch 3/1000, Loss: 0.9055398106575012, Y0: 0.9707004427909851
INFO:root:Epoch 4/1000, Loss: 1.6934226751327515, Y0: 0.9609025120735168
INFO:root:Epoch 5/1000, Loss: 1.4205197095870972, Y0: 0.9511125087738037
INFO:root:Epoch 6/1000, Loss: 1.6055350303649902, Y0: 0.9412488341331482
INFO:root:Epoch 7/1000, Loss: 1.6856226921081543, Y0: 0.9312780499458313
INFO:root:Epoch 8/1000, Loss: 0.9515438675880432, Y0: 0.9214844703674316
INFO:root:Epoch 9/1000, Loss: 2.973381280899048, Y0: 0.9115582704544067
INFO:root:Epoch 10/1000, Loss: 0.7634707689285278, Y0: 0.9017606377601624
INFO:root:Epoch 11/1000, Loss: 1.1681970357894897, Y0: 0.8919861912727356
INFO:root:Epoch 12/1000, Loss: 1.0059089660644531, Y0: 0.8823389410972595
INFO:root:Epoch 13/1000, Loss: 1.148682951927185, Y0: 0.8727080821990967
INFO:root:Epoch 14/1000, Loss: 1.7540416717529297, Y0: 0.8628885746002197
INFO:root:Epoch 15/1000, Loss: 0.7234468460083008, Y0: 0.8531996607780457
INFO:root:Epoch 16/1000, Loss: 1.1682144403457642, Y0: 0.8435057401657104
INFO:root:Epoch 17/1000, Loss: 0.5351216793060303, Y0: 0.8340072631835938
INFO:root:Epoch 18/1000, Loss: 1.006044864654541, Y0: 0.8244900703430176
INFO:root:Epoch 19/1000, Loss: 1.2888363599777222, Y0: 0.8148370981216431
INFO:root:Epoch 20/1000, Loss: 2.7080252170562744, Y0: 0.8049637079238892
INFO:root:Epoch 21/1000, Loss: 1.4244084358215332, Y0: 0.7950186133384705
INFO:root:Epoch 22/1000, Loss: 0.6384735703468323, Y0: 0.7852767705917358
INFO:root:Epoch 23/1000, Loss: 1.0032600164413452, Y0: 0.7756707668304443
INFO:root:Epoch 24/1000, Loss: 0.8700632452964783, Y0: 0.766150176525116
INFO:root:Epoch 25/1000, Loss: 0.9665849208831787, Y0: 0.7567002773284912
INFO:root:Epoch 26/1000, Loss: 0.4159795939922333, Y0: 0.747578501701355
INFO:root:Epoch 27/1000, Loss: 1.2859530448913574, Y0: 0.738480806350708
INFO:root:Epoch 28/1000, Loss: 0.3276567757129669, Y0: 0.7296695709228516
INFO:root:Epoch 29/1000, Loss: 0.6418449282646179, Y0: 0.720880389213562
INFO:root:Epoch 30/1000, Loss: 0.2888755202293396, Y0: 0.7123810052871704
INFO:root:Epoch 31/1000, Loss: 0.477438747882843, Y0: 0.7039517760276794
INFO:root:Epoch 32/1000, Loss: 0.4848319888114929, Y0: 0.6955710053443909
INFO:root:Epoch 33/1000, Loss: 0.4265660345554352, Y0: 0.6872392296791077
INFO:root:Epoch 34/1000, Loss: 0.6618766188621521, Y0: 0.6789683103561401
INFO:root:Epoch 35/1000, Loss: 0.43195104598999023, Y0: 0.6708306074142456
INFO:root:Epoch 36/1000, Loss: 0.5322134494781494, Y0: 0.6627663373947144
INFO:root:Epoch 37/1000, Loss: 0.4332245886325836, Y0: 0.6547896265983582
INFO:root:Epoch 38/1000, Loss: 0.8298377394676208, Y0: 0.6467370986938477
INFO:root:Epoch 39/1000, Loss: 0.9364569187164307, Y0: 0.6386380791664124
INFO:root:Epoch 40/1000, Loss: 0.3834742307662964, Y0: 0.6307052373886108
INFO:root:Epoch 41/1000, Loss: 0.3081117272377014, Y0: 0.6228716969490051
INFO:root:Epoch 42/1000, Loss: 0.2809111475944519, Y0: 0.615153431892395
INFO:root:Epoch 43/1000, Loss: 0.43059954047203064, Y0: 0.6074324250221252
INFO:root:Epoch 44/1000, Loss: 0.3081757128238678, Y0: 0.5997542142868042
INFO:root:Epoch 45/1000, Loss: 0.2729022800922394, Y0: 0.5921664237976074
INFO:root:Epoch 46/1000, Loss: 0.2495986968278885, Y0: 0.5847075581550598
INFO:root:Epoch 47/1000, Loss: 0.4072910249233246, Y0: 0.5772629380226135
INFO:root:Epoch 48/1000, Loss: 0.24219059944152832, Y0: 0.569927453994751
INFO:root:Epoch 49/1000, Loss: 0.3548160493373871, Y0: 0.5626131892204285
INFO:root:Epoch 50/1000, Loss: 0.24516990780830383, Y0: 0.5553815960884094
INFO:root:Epoch 51/1000, Loss: 0.19672539830207825, Y0: 0.5483003854751587
INFO:root:Epoch 52/1000, Loss: 0.17662222683429718, Y0: 0.541347861289978
INFO:root:Epoch 53/1000, Loss: 0.1997135728597641, Y0: 0.5344904065132141
INFO:root:Epoch 54/1000, Loss: 0.22694271802902222, Y0: 0.5277370810508728
INFO:root:Epoch 55/1000, Loss: 0.2677686810493469, Y0: 0.521006166934967
INFO:root:Epoch 56/1000, Loss: 0.16550368070602417, Y0: 0.5144214630126953
INFO:root:Epoch 57/1000, Loss: 0.2612026631832123, Y0: 0.5078516602516174
INFO:root:Epoch 58/1000, Loss: 0.23039402067661285, Y0: 0.5013244152069092
INFO:root:Epoch 59/1000, Loss: 0.14666470885276794, Y0: 0.4949962794780731
INFO:root:Epoch 60/1000, Loss: 0.2049611657857895, Y0: 0.48868387937545776
INFO:root:Epoch 61/1000, Loss: 0.19936805963516235, Y0: 0.4823869466781616
INFO:root:Epoch 62/1000, Loss: 0.13234922289848328, Y0: 0.4761800467967987
INFO:root:Epoch 63/1000, Loss: 0.11928916722536087, Y0: 0.4701039493083954
INFO:root:Epoch 64/1000, Loss: 0.125107541680336, Y0: 0.46413934230804443
INFO:root:Epoch 65/1000, Loss: 0.11830480396747589, Y0: 0.45830023288726807
INFO:root:Epoch 66/1000, Loss: 0.12736734747886658, Y0: 0.45254287123680115
INFO:root:Epoch 67/1000, Loss: 0.14336396753787994, Y0: 0.44681569933891296
INFO:root:Epoch 68/1000, Loss: 0.22447343170642853, Y0: 0.4410295784473419
INFO:root:Epoch 69/1000, Loss: 0.12727190554141998, Y0: 0.4353495240211487
INFO:root:Epoch 70/1000, Loss: 0.12936238944530487, Y0: 0.4297133684158325
INFO:root:Epoch 71/1000, Loss: 0.09020517766475677, Y0: 0.42421841621398926
INFO:root:Epoch 72/1000, Loss: 0.07969832420349121, Y0: 0.41891321539878845
INFO:root:Epoch 73/1000, Loss: 0.11978327482938766, Y0: 0.4136416018009186
INFO:root:Epoch 74/1000, Loss: 0.13383597135543823, Y0: 0.40839892625808716
INFO:root:Epoch 75/1000, Loss: 0.06793463975191116, Y0: 0.40337082743644714
INFO:root:Epoch 76/1000, Loss: 0.18247200548648834, Y0: 0.3983862102031708
INFO:root:Epoch 77/1000, Loss: 0.21961744129657745, Y0: 0.3933677077293396
INFO:root:Epoch 78/1000, Loss: 0.20106296241283417, Y0: 0.38827624917030334
INFO:root:Epoch 79/1000, Loss: 0.09268583357334137, Y0: 0.3832690417766571
INFO:root:Epoch 80/1000, Loss: 0.06816292554140091, Y0: 0.37846246361732483
INFO:root:Epoch 81/1000, Loss: 0.08797774463891983, Y0: 0.37368547916412354
INFO:root:Epoch 82/1000, Loss: 0.05218799412250519, Y0: 0.36907708644866943
INFO:root:Epoch 83/1000, Loss: 0.14515915513038635, Y0: 0.36447250843048096
INFO:root:Epoch 84/1000, Loss: 0.07481810450553894, Y0: 0.3600471615791321
INFO:root:Epoch 85/1000, Loss: 0.11467014253139496, Y0: 0.3556516766548157
INFO:root:Epoch 86/1000, Loss: 0.03552871569991112, Y0: 0.35141924023628235
INFO:root:Epoch 87/1000, Loss: 0.03242718428373337, Y0: 0.3473259210586548
INFO:root:Epoch 88/1000, Loss: 0.06477982550859451, Y0: 0.3433593511581421
INFO:root:Epoch 89/1000, Loss: 0.16552449762821198, Y0: 0.3392370343208313
INFO:root:Epoch 90/1000, Loss: 0.10367048531770706, Y0: 0.3352125287055969
INFO:root:Epoch 91/1000, Loss: 0.06561870872974396, Y0: 0.3312423825263977
INFO:root:Epoch 92/1000, Loss: 0.07665885239839554, Y0: 0.32724037766456604
INFO:root:Epoch 93/1000, Loss: 0.08615818619728088, Y0: 0.3232625722885132
INFO:root:Epoch 94/1000, Loss: 0.05015299469232559, Y0: 0.3194202482700348
INFO:root:Epoch 95/1000, Loss: 0.04741280898451805, Y0: 0.3156309127807617
INFO:root:Epoch 96/1000, Loss: 0.037989743053913116, Y0: 0.31196117401123047
INFO:root:Epoch 97/1000, Loss: 0.05720582231879234, Y0: 0.3083367943763733
INFO:root:Epoch 98/1000, Loss: 0.06775829195976257, Y0: 0.30474841594696045
INFO:root:Epoch 99/1000, Loss: 0.05364442244172096, Y0: 0.30128538608551025
INFO:root:Epoch 100/1000, Loss: 0.1290317177772522, Y0: 0.2977885901927948
INFO:root:Epoch 101/1000, Loss: 0.04252731427550316, Y0: 0.29454943537712097
INFO:root:Epoch 102/1000, Loss: 0.02733965590596199, Y0: 0.291404128074646
INFO:root:Epoch 103/1000, Loss: 0.04489703103899956, Y0: 0.288278192281723
INFO:root:Epoch 104/1000, Loss: 0.047353729605674744, Y0: 0.285166472196579
INFO:root:Epoch 105/1000, Loss: 0.03192363679409027, Y0: 0.2820962965488434
INFO:root:Epoch 106/1000, Loss: 0.01991662196815014, Y0: 0.2791115343570709
INFO:root:Epoch 107/1000, Loss: 0.023444954305887222, Y0: 0.2762015163898468
INFO:root:Epoch 108/1000, Loss: 0.13986238837242126, Y0: 0.27326926589012146
INFO:root:Epoch 109/1000, Loss: 0.03538941591978073, Y0: 0.27035942673683167
INFO:root:Epoch 110/1000, Loss: 0.02711453288793564, Y0: 0.26750367879867554
INFO:root:Epoch 111/1000, Loss: 0.030809544026851654, Y0: 0.264689177274704
INFO:root:Epoch 112/1000, Loss: 0.015718530863523483, Y0: 0.26195719838142395
INFO:root:Epoch 113/1000, Loss: 0.04385271295905113, Y0: 0.25921380519866943
INFO:root:Epoch 114/1000, Loss: 0.01802252046763897, Y0: 0.2565205693244934
INFO:root:Epoch 115/1000, Loss: 0.026037193834781647, Y0: 0.25391510128974915
INFO:root:Epoch 116/1000, Loss: 0.028389539569616318, Y0: 0.2514529824256897
INFO:root:Epoch 117/1000, Loss: 0.049081169068813324, Y0: 0.24905668199062347
INFO:root:Epoch 118/1000, Loss: 0.05920203775167465, Y0: 0.24671465158462524
INFO:root:Epoch 119/1000, Loss: 0.02085675112903118, Y0: 0.24439723789691925
INFO:root:Epoch 120/1000, Loss: 0.0339367538690567, Y0: 0.2421884983778
INFO:root:Epoch 121/1000, Loss: 0.021383751183748245, Y0: 0.24008440971374512
INFO:root:Epoch 122/1000, Loss: 0.03988195210695267, Y0: 0.23794400691986084
INFO:root:Epoch 123/1000, Loss: 0.023499583825469017, Y0: 0.23576414585113525
INFO:root:Epoch 124/1000, Loss: 0.02695169672369957, Y0: 0.23357948660850525
INFO:root:Epoch 125/1000, Loss: 0.00999197456985712, Y0: 0.23150205612182617
INFO:root:Epoch 126/1000, Loss: 0.04479880630970001, Y0: 0.22944673895835876
INFO:root:Epoch 127/1000, Loss: 0.015131806954741478, Y0: 0.2274525910615921
INFO:root:Epoch 128/1000, Loss: 0.030927268788218498, Y0: 0.22542543709278107
INFO:root:Epoch 129/1000, Loss: 0.02457345649600029, Y0: 0.22344283759593964
INFO:root:Epoch 130/1000, Loss: 0.012017432600259781, Y0: 0.22154195606708527
INFO:root:Epoch 131/1000, Loss: 0.01158855203539133, Y0: 0.21966513991355896
INFO:root:Epoch 132/1000, Loss: 0.02338223345577717, Y0: 0.2179614156484604
INFO:root:Epoch 133/1000, Loss: 0.011608302593231201, Y0: 0.21628832817077637
INFO:root:Epoch 134/1000, Loss: 0.005609510000795126, Y0: 0.21470759809017181
INFO:root:Epoch 135/1000, Loss: 0.013601049780845642, Y0: 0.21323250234127045
INFO:root:Epoch 136/1000, Loss: 0.01086573675274849, Y0: 0.21178434789180756
INFO:root:Epoch 137/1000, Loss: 0.008075316436588764, Y0: 0.2103755623102188
INFO:root:Epoch 138/1000, Loss: 0.0179799385368824, Y0: 0.20893460512161255
INFO:root:Epoch 139/1000, Loss: 0.011492731049656868, Y0: 0.20749269425868988
INFO:root:Epoch 140/1000, Loss: 0.008998487144708633, Y0: 0.20606738328933716
INFO:root:Epoch 141/1000, Loss: 0.013588041998445988, Y0: 0.2046903520822525
INFO:root:Epoch 142/1000, Loss: 0.007282930891960859, Y0: 0.2033296823501587
INFO:root:Epoch 143/1000, Loss: 0.019765496253967285, Y0: 0.2019609957933426
INFO:root:Epoch 144/1000, Loss: 0.01264782715588808, Y0: 0.20062628388404846
INFO:root:Epoch 145/1000, Loss: 0.009839757345616817, Y0: 0.1992996782064438
INFO:root:Epoch 146/1000, Loss: 0.00966727826744318, Y0: 0.1979619562625885
INFO:root:Epoch 147/1000, Loss: 0.011758905835449696, Y0: 0.1966247856616974
INFO:root:Epoch 148/1000, Loss: 0.007819285616278648, Y0: 0.19529876112937927
INFO:root:Epoch 149/1000, Loss: 0.016350220888853073, Y0: 0.1940511018037796
INFO:root:Epoch 150/1000, Loss: 0.021474985405802727, Y0: 0.19291402399539948
INFO:root:Epoch 151/1000, Loss: 0.010454952716827393, Y0: 0.19181038439273834
INFO:root:Epoch 152/1000, Loss: 0.016990823671221733, Y0: 0.19069185853004456
INFO:root:Epoch 153/1000, Loss: 0.006737992167472839, Y0: 0.18964742124080658
INFO:root:Epoch 154/1000, Loss: 0.003785324515774846, Y0: 0.1886301338672638
INFO:root:Epoch 155/1000, Loss: 0.012349575757980347, Y0: 0.18760725855827332
INFO:root:Epoch 156/1000, Loss: 0.011743063107132912, Y0: 0.18651168048381805
INFO:root:Epoch 157/1000, Loss: 0.008892781101167202, Y0: 0.1853886991739273
INFO:root:Epoch 158/1000, Loss: 0.010847101919353008, Y0: 0.1842615157365799
INFO:root:Epoch 159/1000, Loss: 0.008321672677993774, Y0: 0.1831352710723877
INFO:root:Epoch 160/1000, Loss: 0.006719454191625118, Y0: 0.18200822174549103
INFO:root:Epoch 161/1000, Loss: 0.004468079190701246, Y0: 0.1809079498052597
INFO:root:Epoch 162/1000, Loss: 0.007479339372366667, Y0: 0.1798379272222519
INFO:root:Epoch 163/1000, Loss: 0.01342035736888647, Y0: 0.17879611253738403
INFO:root:Epoch 164/1000, Loss: 0.010039196349680424, Y0: 0.1777394860982895
INFO:root:Epoch 165/1000, Loss: 0.01843959465622902, Y0: 0.17680086195468903
INFO:root:Epoch 166/1000, Loss: 0.009355155751109123, Y0: 0.17580705881118774
INFO:root:Epoch 167/1000, Loss: 0.016490766778588295, Y0: 0.1747845858335495
INFO:root:Epoch 168/1000, Loss: 0.005686001852154732, Y0: 0.17375287413597107
INFO:root:Epoch 169/1000, Loss: 0.008671263232827187, Y0: 0.17280620336532593
INFO:root:Epoch 170/1000, Loss: 0.014948816038668156, Y0: 0.17181193828582764
INFO:root:Epoch 171/1000, Loss: 0.006900241132825613, Y0: 0.17079423367977142
INFO:root:Epoch 172/1000, Loss: 0.0038753205444663763, Y0: 0.16983722150325775
INFO:root:Epoch 173/1000, Loss: 0.01329792384058237, Y0: 0.16894438862800598
INFO:root:Epoch 174/1000, Loss: 0.00927308015525341, Y0: 0.16803425550460815
INFO:root:Epoch 175/1000, Loss: 0.014744957908987999, Y0: 0.16714520752429962
INFO:root:Epoch 176/1000, Loss: 0.02305801585316658, Y0: 0.16627293825149536
INFO:root:Epoch 177/1000, Loss: 0.011336181312799454, Y0: 0.16535688936710358
INFO:root:Epoch 178/1000, Loss: 0.005312706343829632, Y0: 0.16443827748298645
INFO:root:Epoch 179/1000, Loss: 0.003834961447864771, Y0: 0.16356161236763
INFO:root:Epoch 180/1000, Loss: 0.004771632608026266, Y0: 0.16272498667240143
INFO:root:Epoch 181/1000, Loss: 0.01341436430811882, Y0: 0.16188062727451324
INFO:root:Epoch 182/1000, Loss: 0.00505685992538929, Y0: 0.16104090213775635
INFO:root:Epoch 183/1000, Loss: 0.004542249720543623, Y0: 0.16023965179920197
INFO:root:Epoch 184/1000, Loss: 0.009888012893497944, Y0: 0.15940627455711365
INFO:root:Epoch 185/1000, Loss: 0.014433851465582848, Y0: 0.15858739614486694
INFO:root:Epoch 186/1000, Loss: 0.016284937039017677, Y0: 0.15787599980831146
INFO:root:Epoch 187/1000, Loss: 0.002848636358976364, Y0: 0.15716762840747833
INFO:root:Epoch 188/1000, Loss: 0.007316632196307182, Y0: 0.15641020238399506
INFO:root:Epoch 189/1000, Loss: 0.010695301927626133, Y0: 0.15574657917022705
INFO:root:Epoch 190/1000, Loss: 0.015570318326354027, Y0: 0.1551326960325241
INFO:root:Epoch 191/1000, Loss: 0.004859402775764465, Y0: 0.1545308530330658
INFO:root:Epoch 192/1000, Loss: 0.005381199065595865, Y0: 0.15391835570335388
INFO:root:Epoch 193/1000, Loss: 0.006818739697337151, Y0: 0.1533300280570984
INFO:root:Epoch 194/1000, Loss: 0.012395773082971573, Y0: 0.15273751318454742
INFO:root:Epoch 195/1000, Loss: 0.009782938286662102, Y0: 0.15215110778808594
INFO:root:Epoch 196/1000, Loss: 0.009019678458571434, Y0: 0.15168288350105286
INFO:root:Epoch 197/1000, Loss: 0.004794996697455645, Y0: 0.15125657618045807
INFO:root:Epoch 198/1000, Loss: 0.010230054147541523, Y0: 0.1508696973323822
INFO:root:Epoch 199/1000, Loss: 0.006160867400467396, Y0: 0.1504104882478714
INFO:root:Epoch 200/1000, Loss: 0.00856266263872385, Y0: 0.14989149570465088
INFO:root:Epoch 201/1000, Loss: 0.0028848981019109488, Y0: 0.14938706159591675
INFO:root:Epoch 202/1000, Loss: 0.008256535045802593, Y0: 0.14884430170059204
INFO:root:Epoch 203/1000, Loss: 0.017830945551395416, Y0: 0.1483447104692459
INFO:root:Epoch 204/1000, Loss: 0.008234967477619648, Y0: 0.1477685570716858
INFO:root:Epoch 205/1000, Loss: 0.010980099439620972, Y0: 0.14717280864715576
INFO:root:Epoch 206/1000, Loss: 0.010919274762272835, Y0: 0.1465768814086914
INFO:root:Epoch 207/1000, Loss: 0.01615912839770317, Y0: 0.14593827724456787
INFO:root:Epoch 208/1000, Loss: 0.04026605188846588, Y0: 0.1452540159225464
INFO:root:Epoch 209/1000, Loss: 0.042027514427900314, Y0: 0.14444471895694733
INFO:root:Epoch 210/1000, Loss: 0.008640257641673088, Y0: 0.14356209337711334
INFO:root:Epoch 211/1000, Loss: 0.00964064709842205, Y0: 0.1427430659532547
INFO:root:Epoch 212/1000, Loss: 0.014301993884146214, Y0: 0.14200545847415924
INFO:root:Epoch 213/1000, Loss: 0.013530843891203403, Y0: 0.14116154611110687
INFO:root:Epoch 214/1000, Loss: 0.028894372284412384, Y0: 0.14032411575317383
INFO:root:Epoch 215/1000, Loss: 0.02022971399128437, Y0: 0.13943567872047424
INFO:root:Epoch 216/1000, Loss: 0.03458244726061821, Y0: 0.13855552673339844
INFO:root:Epoch 217/1000, Loss: 0.012153390794992447, Y0: 0.1377250701189041
INFO:root:Epoch 218/1000, Loss: 0.011609424836933613, Y0: 0.1368834376335144
INFO:root:Epoch 219/1000, Loss: 0.020474009215831757, Y0: 0.13610561192035675
INFO:root:Epoch 220/1000, Loss: 0.047319766134023666, Y0: 0.13525378704071045
INFO:root:Epoch 221/1000, Loss: 0.020521562546491623, Y0: 0.13435906171798706
INFO:root:Epoch 222/1000, Loss: 0.061622973531484604, Y0: 0.1336594820022583
INFO:root:Epoch 223/1000, Loss: 0.01585066132247448, Y0: 0.13293065130710602
INFO:root:Epoch 224/1000, Loss: 0.00623709661886096, Y0: 0.13217326998710632
INFO:root:Epoch 225/1000, Loss: 0.008762775920331478, Y0: 0.1313391625881195
INFO:root:Epoch 226/1000, Loss: 0.0079529182985425, Y0: 0.13062186539173126
INFO:root:Epoch 227/1000, Loss: 0.01497785747051239, Y0: 0.1298694908618927
INFO:root:Epoch 228/1000, Loss: 0.01970704272389412, Y0: 0.12925375998020172
INFO:root:Epoch 229/1000, Loss: 0.02802119217813015, Y0: 0.12870824337005615
INFO:root:Epoch 230/1000, Loss: 0.024011611938476562, Y0: 0.12820394337177277
INFO:root:Epoch 231/1000, Loss: 0.024097124114632607, Y0: 0.12775789201259613
INFO:root:Epoch 232/1000, Loss: 0.012801692821085453, Y0: 0.12733374536037445
INFO:root:Epoch 233/1000, Loss: 0.009033833630383015, Y0: 0.12688611447811127
INFO:root:Epoch 234/1000, Loss: 0.06519734859466553, Y0: 0.12633946537971497
INFO:root:Epoch 235/1000, Loss: 0.013224685564637184, Y0: 0.1257769614458084
INFO:root:Epoch 236/1000, Loss: 0.00986608024686575, Y0: 0.12514647841453552
INFO:root:Epoch 237/1000, Loss: 0.004783147014677525, Y0: 0.12452802807092667
INFO:root:Epoch 238/1000, Loss: 0.013038118369877338, Y0: 0.123909130692482
INFO:root:Epoch 239/1000, Loss: 0.00663604075089097, Y0: 0.12330177426338196
INFO:root:Epoch 240/1000, Loss: 0.010353169403970242, Y0: 0.12274391204118729
INFO:root:Epoch 241/1000, Loss: 0.01134485937654972, Y0: 0.12216095626354218
INFO:root:Epoch 242/1000, Loss: 0.005549459718167782, Y0: 0.12152602523565292
INFO:root:Epoch 243/1000, Loss: 0.008909697644412518, Y0: 0.12085439264774323
INFO:root:Epoch 244/1000, Loss: 0.007173565682023764, Y0: 0.12020759284496307
INFO:root:Epoch 245/1000, Loss: 0.008331549353897572, Y0: 0.11968012899160385
INFO:root:Epoch 246/1000, Loss: 0.005775987636297941, Y0: 0.11915872991085052
INFO:root:Epoch 247/1000, Loss: 0.007508276030421257, Y0: 0.11872782558202744
INFO:root:Epoch 248/1000, Loss: 0.03705998510122299, Y0: 0.11830075085163116
INFO:root:Epoch 249/1000, Loss: 0.027837153524160385, Y0: 0.11796266585588455
INFO:root:Epoch 250/1000, Loss: 0.0073142992332577705, Y0: 0.11766660958528519
INFO:root:Epoch 251/1000, Loss: 0.01091193500906229, Y0: 0.11754334717988968
INFO:root:Epoch 252/1000, Loss: 0.017720580101013184, Y0: 0.11748486012220383
INFO:root:Epoch 253/1000, Loss: 0.017735131084918976, Y0: 0.11760015040636063
INFO:root:Epoch 254/1000, Loss: 0.02586795575916767, Y0: 0.1176656037569046
INFO:root:Epoch 255/1000, Loss: 0.05393461883068085, Y0: 0.11748974770307541
INFO:root:Epoch 256/1000, Loss: 0.07463464885950089, Y0: 0.11700767278671265
INFO:root:Epoch 257/1000, Loss: 0.006915103178471327, Y0: 0.1164809986948967
INFO:root:Epoch 258/1000, Loss: 0.021195093169808388, Y0: 0.11579310894012451
INFO:root:Epoch 259/1000, Loss: 0.016883140429854393, Y0: 0.11503475904464722
INFO:root:Epoch 260/1000, Loss: 0.02402222901582718, Y0: 0.11409926414489746
INFO:root:Epoch 261/1000, Loss: 0.03175061568617821, Y0: 0.11298908293247223
INFO:root:Epoch 262/1000, Loss: 0.012803361751139164, Y0: 0.1118539422750473
INFO:root:Epoch 263/1000, Loss: 0.0657428577542305, Y0: 0.11083616316318512
INFO:root:Epoch 264/1000, Loss: 0.01517398003488779, Y0: 0.10989075154066086
INFO:root:Epoch 265/1000, Loss: 0.011843672022223473, Y0: 0.1090887263417244
INFO:root:Epoch 266/1000, Loss: 0.03489768132567406, Y0: 0.10826436430215836
INFO:root:Epoch 267/1000, Loss: 0.02125628851354122, Y0: 0.10754355043172836
INFO:root:Epoch 268/1000, Loss: 0.023913023993372917, Y0: 0.10678353905677795
INFO:root:Epoch 269/1000, Loss: 0.016740934923291206, Y0: 0.10615063458681107
INFO:root:Epoch 270/1000, Loss: 0.02403772994875908, Y0: 0.10572504997253418
INFO:root:Epoch 271/1000, Loss: 0.017415057867765427, Y0: 0.1052260622382164
INFO:root:Epoch 272/1000, Loss: 0.023520445451140404, Y0: 0.10458482801914215
INFO:root:Epoch 273/1000, Loss: 0.021955164149403572, Y0: 0.10399949550628662
INFO:root:Epoch 274/1000, Loss: 0.01448520552366972, Y0: 0.10333147644996643
INFO:root:Epoch 275/1000, Loss: 0.010700970888137817, Y0: 0.1027306467294693
INFO:root:Epoch 276/1000, Loss: 0.01118842139840126, Y0: 0.10210181027650833
INFO:root:Epoch 277/1000, Loss: 0.005983509588986635, Y0: 0.1014871671795845
INFO:root:Epoch 278/1000, Loss: 0.006678471807390451, Y0: 0.10083440691232681
INFO:root:Epoch 279/1000, Loss: 0.004139095079153776, Y0: 0.10026185214519501
INFO:root:Epoch 280/1000, Loss: 0.014345437288284302, Y0: 0.09963883459568024
INFO:root:Epoch 281/1000, Loss: 0.010326428338885307, Y0: 0.09899712353944778
INFO:root:Epoch 282/1000, Loss: 0.004957310389727354, Y0: 0.0984576940536499
INFO:root:Epoch 283/1000, Loss: 0.027042610570788383, Y0: 0.09788820147514343
INFO:root:Epoch 284/1000, Loss: 0.03270934149622917, Y0: 0.09756571799516678
INFO:root:Epoch 285/1000, Loss: 0.009025325998663902, Y0: 0.09729711711406708
INFO:root:Epoch 286/1000, Loss: 0.0045293583534657955, Y0: 0.09696357697248459
INFO:root:Epoch 287/1000, Loss: 0.012010590173304081, Y0: 0.09667244553565979
INFO:root:Epoch 288/1000, Loss: 0.0050306301563978195, Y0: 0.09642483294010162
INFO:root:Epoch 289/1000, Loss: 0.011207545176148415, Y0: 0.09614188969135284
INFO:root:Epoch 290/1000, Loss: 0.009041360579431057, Y0: 0.09576378762722015
INFO:root:Epoch 291/1000, Loss: 0.00639685895293951, Y0: 0.09535714983940125
INFO:root:Epoch 292/1000, Loss: 0.012911858037114143, Y0: 0.0948803499341011
INFO:root:Epoch 293/1000, Loss: 0.014033352956175804, Y0: 0.09428088366985321
INFO:root:Epoch 294/1000, Loss: 0.019310174509882927, Y0: 0.09359211474657059
INFO:root:Epoch 295/1000, Loss: 0.009371847845613956, Y0: 0.09280166029930115
INFO:root:Epoch 296/1000, Loss: 0.04272384196519852, Y0: 0.09191835671663284
INFO:root:Epoch 297/1000, Loss: 0.007611515000462532, Y0: 0.09114035964012146
INFO:root:Epoch 298/1000, Loss: 0.01213801745325327, Y0: 0.09049902856349945
INFO:root:Epoch 299/1000, Loss: 0.014922692440450191, Y0: 0.08998726308345795
INFO:root:Epoch 300/1000, Loss: 0.0033501542638987303, Y0: 0.089515820145607
INFO:root:Epoch 301/1000, Loss: 0.007866951636970043, Y0: 0.0890396386384964
INFO:root:Epoch 302/1000, Loss: 0.009303438477218151, Y0: 0.0885445699095726
INFO:root:Epoch 303/1000, Loss: 0.003926800563931465, Y0: 0.08803106099367142
INFO:root:Epoch 304/1000, Loss: 0.03944263607263565, Y0: 0.08759913593530655
INFO:root:Epoch 305/1000, Loss: 0.015714216977357864, Y0: 0.08721690624952316
INFO:root:Epoch 306/1000, Loss: 0.010764245875179768, Y0: 0.08684283494949341
INFO:root:Epoch 307/1000, Loss: 0.016390562057495117, Y0: 0.08638507127761841
INFO:root:Epoch 308/1000, Loss: 0.0024085030891001225, Y0: 0.086021289229393
INFO:root:Epoch 309/1000, Loss: 0.0033880220726132393, Y0: 0.08575758337974548
INFO:root:Epoch 310/1000, Loss: 0.015518788248300552, Y0: 0.0854753777384758
INFO:root:Epoch 311/1000, Loss: 0.010128033347427845, Y0: 0.08514638245105743
INFO:root:Epoch 312/1000, Loss: 0.023690160363912582, Y0: 0.08471912145614624
INFO:root:Epoch 313/1000, Loss: 0.020524797961115837, Y0: 0.08419075608253479
INFO:root:Epoch 314/1000, Loss: 0.014126761816442013, Y0: 0.08356434851884842
INFO:root:Epoch 315/1000, Loss: 0.011282911524176598, Y0: 0.08315088599920273
INFO:root:Epoch 316/1000, Loss: 0.008524288423359394, Y0: 0.08266247808933258
INFO:root:Epoch 317/1000, Loss: 0.012747859582304955, Y0: 0.08230551332235336
INFO:root:Epoch 318/1000, Loss: 0.011584780178964138, Y0: 0.08192490041255951
INFO:root:Epoch 319/1000, Loss: 0.008825410157442093, Y0: 0.08148002624511719
INFO:root:Epoch 320/1000, Loss: 0.005334020126610994, Y0: 0.08109688013792038
INFO:root:Epoch 321/1000, Loss: 0.012322958558797836, Y0: 0.08072900027036667
INFO:root:Epoch 322/1000, Loss: 0.005701902322471142, Y0: 0.0804440900683403
INFO:root:Epoch 323/1000, Loss: 0.007435252889990807, Y0: 0.08005048334598541
INFO:root:Epoch 324/1000, Loss: 0.00887338351458311, Y0: 0.07971397787332535
INFO:root:Epoch 325/1000, Loss: 0.011696652509272099, Y0: 0.0794362723827362
INFO:root:Epoch 326/1000, Loss: 0.006432090420275927, Y0: 0.0791424885392189
INFO:root:Epoch 327/1000, Loss: 0.006066237110644579, Y0: 0.0787966251373291
INFO:root:Epoch 328/1000, Loss: 0.008148291148245335, Y0: 0.07843982428312302
INFO:root:Epoch 329/1000, Loss: 0.006331108044832945, Y0: 0.07805073261260986
INFO:root:Epoch 330/1000, Loss: 0.01621520146727562, Y0: 0.07755668461322784
INFO:root:Epoch 331/1000, Loss: 0.01227161381393671, Y0: 0.07722880691289902
INFO:root:Epoch 332/1000, Loss: 0.009889473207294941, Y0: 0.07671232521533966
INFO:root:Epoch 333/1000, Loss: 0.010987694375216961, Y0: 0.07614555954933167
INFO:root:Epoch 334/1000, Loss: 0.004045162815600634, Y0: 0.0757286548614502
INFO:root:Epoch 335/1000, Loss: 0.004179724492132664, Y0: 0.07525871694087982
INFO:root:Epoch 336/1000, Loss: 0.0016428438248112798, Y0: 0.07480134814977646
INFO:root:Epoch 337/1000, Loss: 0.001421016058884561, Y0: 0.07440665364265442
INFO:root:Epoch 338/1000, Loss: 0.0008261883049272001, Y0: 0.07405802607536316
INFO:root:Epoch 339/1000, Loss: 0.012546450830996037, Y0: 0.07387736439704895
INFO:root:Epoch 340/1000, Loss: 0.00863694492727518, Y0: 0.0737529769539833
INFO:root:Epoch 341/1000, Loss: 0.00590920215472579, Y0: 0.07355216145515442
INFO:root:Epoch 342/1000, Loss: 0.00838709156960249, Y0: 0.07328620553016663
INFO:root:Epoch 343/1000, Loss: 0.017201794311404228, Y0: 0.07288581877946854
INFO:root:Epoch 344/1000, Loss: 0.008641274645924568, Y0: 0.07247079163789749
INFO:root:Epoch 345/1000, Loss: 0.00933567713946104, Y0: 0.0720028206706047
INFO:root:Epoch 346/1000, Loss: 0.0035182316787540913, Y0: 0.07155957072973251
INFO:root:Epoch 347/1000, Loss: 0.009199331514537334, Y0: 0.0711497887969017
INFO:root:Epoch 348/1000, Loss: 0.0022330651991069317, Y0: 0.07075098156929016
INFO:root:Epoch 349/1000, Loss: 0.0052687195129692554, Y0: 0.07032540440559387
INFO:root:Epoch 350/1000, Loss: 0.009309772402048111, Y0: 0.06993541121482849
INFO:root:Epoch 351/1000, Loss: 0.017123399302363396, Y0: 0.0696132555603981
INFO:root:Epoch 352/1000, Loss: 0.0073341745883226395, Y0: 0.06930088996887207
INFO:root:Epoch 353/1000, Loss: 0.022322768345475197, Y0: 0.06901608407497406
INFO:root:Epoch 354/1000, Loss: 0.009383877739310265, Y0: 0.0686192512512207
INFO:root:Epoch 355/1000, Loss: 0.013135711662471294, Y0: 0.06826771050691605
INFO:root:Epoch 356/1000, Loss: 0.004726225044578314, Y0: 0.06799061596393585
INFO:root:Epoch 357/1000, Loss: 0.011358853429555893, Y0: 0.06766029447317123
INFO:root:Epoch 358/1000, Loss: 0.015477757900953293, Y0: 0.06739815324544907
INFO:root:Epoch 359/1000, Loss: 0.009335815906524658, Y0: 0.06723930686712265
INFO:root:Epoch 360/1000, Loss: 0.003784643253311515, Y0: 0.06704443693161011
INFO:root:Epoch 361/1000, Loss: 0.005256726406514645, Y0: 0.06681553274393082
INFO:root:Epoch 362/1000, Loss: 0.001494424999691546, Y0: 0.06655709445476532
INFO:root:Epoch 363/1000, Loss: 0.0066813575103878975, Y0: 0.06618256121873856
INFO:root:Epoch 364/1000, Loss: 0.014480712823569775, Y0: 0.06575310230255127
INFO:root:Epoch 365/1000, Loss: 0.00509579386562109, Y0: 0.06528426706790924
INFO:root:Epoch 366/1000, Loss: 0.007864450104534626, Y0: 0.0649002343416214
INFO:root:Epoch 367/1000, Loss: 0.003707027528434992, Y0: 0.06455516070127487
INFO:root:Epoch 368/1000, Loss: 0.0049624089151620865, Y0: 0.06418075412511826
INFO:root:Epoch 369/1000, Loss: 0.005693006329238415, Y0: 0.06382498890161514
INFO:root:Epoch 370/1000, Loss: 0.007543730083853006, Y0: 0.06349295377731323
INFO:root:Epoch 371/1000, Loss: 0.004700407385826111, Y0: 0.06324813514947891
