INFO:root:Configs: {'lr': 0.01, 'epochs': 200, 'batch_size': 30, 'seed': 42, 'device': 'cpu', 'optimizer': Adam (
Parameter Group 0
    amsgrad: False
    betas: (0.9, 0.999)
    capturable: False
    differentiable: False
    eps: 1e-08
    foreach: None
    fused: None
    lr: 0.01
    maximize: False
    weight_decay: 0
), 'equation': <equation.EuropeanBasketOptionCall object at 0x000001BBE9487C20>, 'net': Net4Y(
  (hidden_layers): Sequential(
    (0): BatchNorm1d(256, eps=1e-05, momentum=0.1, affine=True, track_running_stats=True)
    (1): ReLU()
    (2): Linear(in_features=256, out_features=256, bias=True)
    (3): BatchNorm1d(256, eps=1e-05, momentum=0.1, affine=True, track_running_stats=True)
    (4): ReLU()
    (5): ReLU()
    (6): Linear(in_features=256, out_features=256, bias=True)
    (7): BatchNorm1d(256, eps=1e-05, momentum=0.1, affine=True, track_running_stats=True)
    (8): ReLU()
  )
  (input_layer): Linear(in_features=5, out_features=256, bias=True)
  (output_layer): Linear(in_features=256, out_features=5, bias=True)
  (relu): ReLU()
  (net): Net4Z(
    (hidden_layers): Sequential(
      (0): BatchNorm1d(256, eps=1e-05, momentum=0.1, affine=True, track_running_stats=True)
      (1): ReLU()
      (2): Linear(in_features=256, out_features=256, bias=True)
      (3): BatchNorm1d(256, eps=1e-05, momentum=0.1, affine=True, track_running_stats=True)
      (4): ReLU()
      (5): ReLU()
      (6): Linear(in_features=256, out_features=256, bias=True)
      (7): BatchNorm1d(256, eps=1e-05, momentum=0.1, affine=True, track_running_stats=True)
      (8): ReLU()
    )
    (input_layer): Linear(in_features=5, out_features=256, bias=True)
    (output_layer): Linear(in_features=256, out_features=5, bias=True)
    (relu): ReLU()
  )
), 'train_iter': <torch.utils.data.dataloader.DataLoader object at 0x000001BB84B135F0>}
INFO:root:Epoch 1/200, Loss: 1.426910161972046, Y0: 0.9900000095367432
INFO:root:Epoch 2/200, Loss: 2.3641421794891357, Y0: 0.9800053834915161
INFO:root:Epoch 3/200, Loss: 5.783735752105713, Y0: 0.9700254797935486
INFO:root:Epoch 4/200, Loss: 9.676400184631348, Y0: 0.9601638317108154
INFO:root:Epoch 5/200, Loss: 3.430924415588379, Y0: 0.95027756690979
INFO:root:Epoch 6/200, Loss: 3.7741618156433105, Y0: 0.9403675198554993
INFO:root:Epoch 7/200, Loss: 3.5642120838165283, Y0: 0.9304954409599304
INFO:root:Epoch 8/200, Loss: 4.564984321594238, Y0: 0.9205418229103088
INFO:root:Epoch 9/200, Loss: 4.787871837615967, Y0: 0.9105743765830994
INFO:root:Epoch 10/200, Loss: 3.021956443786621, Y0: 0.900668740272522
INFO:root:Epoch 11/200, Loss: 2.2510986328125, Y0: 0.8909406065940857
INFO:root:Epoch 12/200, Loss: 2.294100522994995, Y0: 0.8812599778175354
INFO:root:Epoch 13/200, Loss: 1.768118143081665, Y0: 0.8717557191848755
INFO:root:Epoch 14/200, Loss: 2.9137449264526367, Y0: 0.8622020483016968
INFO:root:Epoch 15/200, Loss: 1.7848014831542969, Y0: 0.8527894020080566
INFO:root:Epoch 16/200, Loss: 6.214078903198242, Y0: 0.8431870341300964
INFO:root:Epoch 17/200, Loss: 3.8165671825408936, Y0: 0.8335661292076111
INFO:root:Epoch 18/200, Loss: 1.8459644317626953, Y0: 0.8240886926651001
INFO:root:Epoch 19/200, Loss: 3.812103271484375, Y0: 0.8144533634185791
INFO:root:Epoch 20/200, Loss: 6.033907890319824, Y0: 0.8045592308044434
INFO:root:Epoch 21/200, Loss: 2.8757121562957764, Y0: 0.7947338819503784
INFO:root:Epoch 22/200, Loss: 1.9542630910873413, Y0: 0.7850186824798584
INFO:root:Epoch 23/200, Loss: 1.6486244201660156, Y0: 0.7755520343780518
INFO:root:Epoch 24/200, Loss: 1.507462978363037, Y0: 0.7662299275398254
INFO:root:Epoch 25/200, Loss: 1.3007534742355347, Y0: 0.7571109533309937
INFO:root:Epoch 26/200, Loss: 1.6506659984588623, Y0: 0.7481335997581482
INFO:root:Epoch 27/200, Loss: 3.488257884979248, Y0: 0.7389404773712158
INFO:root:Epoch 28/200, Loss: 2.959805965423584, Y0: 0.7296051383018494
INFO:root:Epoch 29/200, Loss: 1.678733468055725, Y0: 0.7204524874687195
INFO:root:Epoch 30/200, Loss: 1.7491707801818848, Y0: 0.7114166617393494
INFO:root:Epoch 31/200, Loss: 1.796329379081726, Y0: 0.7024233937263489
INFO:root:Epoch 32/200, Loss: 1.696501612663269, Y0: 0.6936021447181702
INFO:root:Epoch 33/200, Loss: 2.0399041175842285, Y0: 0.6848088502883911
INFO:root:Epoch 34/200, Loss: 0.6398481130599976, Y0: 0.6763273477554321
INFO:root:Epoch 35/200, Loss: 0.7694829106330872, Y0: 0.6681077480316162
INFO:root:Epoch 36/200, Loss: 0.5196794271469116, Y0: 0.6601927280426025
INFO:root:Epoch 37/200, Loss: 0.2517928183078766, Y0: 0.6527550220489502
INFO:root:Epoch 38/200, Loss: 2.213256359100342, Y0: 0.6452635526657104
INFO:root:Epoch 39/200, Loss: 0.7027235627174377, Y0: 0.6379843354225159
INFO:root:Epoch 40/200, Loss: 1.0552407503128052, Y0: 0.6308427453041077
INFO:root:Epoch 41/200, Loss: 0.934480607509613, Y0: 0.6237166523933411
INFO:root:Epoch 42/200, Loss: 1.1162389516830444, Y0: 0.616694986820221
INFO:root:Epoch 43/200, Loss: 0.6835124492645264, Y0: 0.6098208427429199
INFO:root:Epoch 44/200, Loss: 2.479945659637451, Y0: 0.6028651595115662
INFO:root:Epoch 45/200, Loss: 0.4249905049800873, Y0: 0.5961897373199463
INFO:root:Epoch 46/200, Loss: 1.1750376224517822, Y0: 0.589539647102356
INFO:root:Epoch 47/200, Loss: 0.5705591440200806, Y0: 0.5829521417617798
INFO:root:Epoch 48/200, Loss: 0.9712812900543213, Y0: 0.5764047503471375
INFO:root:Epoch 49/200, Loss: 0.811394989490509, Y0: 0.5698843598365784
INFO:root:Epoch 50/200, Loss: 0.8850736021995544, Y0: 0.5632595419883728
INFO:root:Epoch 51/200, Loss: 0.5479394197463989, Y0: 0.5567371249198914
INFO:root:Epoch 52/200, Loss: 0.5923599004745483, Y0: 0.5502994060516357
INFO:root:Epoch 53/200, Loss: 0.67518550157547, Y0: 0.5439741611480713
INFO:root:Epoch 54/200, Loss: 0.608104944229126, Y0: 0.5376564264297485
INFO:root:Epoch 55/200, Loss: 0.5810530781745911, Y0: 0.5314533710479736
INFO:root:Epoch 56/200, Loss: 0.4767399728298187, Y0: 0.5252907276153564
INFO:root:Epoch 57/200, Loss: 0.42564260959625244, Y0: 0.5192197561264038
INFO:root:Epoch 58/200, Loss: 0.5538166165351868, Y0: 0.5131508111953735
INFO:root:Epoch 59/200, Loss: 0.46087881922721863, Y0: 0.5072365403175354
INFO:root:Epoch 60/200, Loss: 0.754974901676178, Y0: 0.5013414025306702
INFO:root:Epoch 61/200, Loss: 0.47260239720344543, Y0: 0.4955274760723114
INFO:root:Epoch 62/200, Loss: 0.7350362539291382, Y0: 0.48957303166389465
INFO:root:Epoch 63/200, Loss: 0.39532992243766785, Y0: 0.4837895631790161
INFO:root:Epoch 64/200, Loss: 0.5694453716278076, Y0: 0.4779825508594513
INFO:root:Epoch 65/200, Loss: 0.7622487545013428, Y0: 0.47219598293304443
INFO:root:Epoch 66/200, Loss: 0.5574526190757751, Y0: 0.46652233600616455
INFO:root:Epoch 67/200, Loss: 0.4863821268081665, Y0: 0.4608233869075775
INFO:root:Epoch 68/200, Loss: 0.5939013957977295, Y0: 0.4551791846752167
INFO:root:Epoch 69/200, Loss: 0.5486441254615784, Y0: 0.44953033328056335
INFO:root:Epoch 70/200, Loss: 0.26023003458976746, Y0: 0.4440554976463318
INFO:root:Epoch 71/200, Loss: 0.33626148104667664, Y0: 0.43856528401374817
INFO:root:Epoch 72/200, Loss: 0.18662740290164948, Y0: 0.4332629144191742
INFO:root:Epoch 73/200, Loss: 0.2089570015668869, Y0: 0.428088903427124
INFO:root:Epoch 74/200, Loss: 0.6350817084312439, Y0: 0.42285600304603577
INFO:root:Epoch 75/200, Loss: 0.26871949434280396, Y0: 0.41766464710235596
INFO:root:Epoch 76/200, Loss: 0.31598949432373047, Y0: 0.41252467036247253
INFO:root:Epoch 77/200, Loss: 0.1362985223531723, Y0: 0.4076104164123535
INFO:root:Epoch 78/200, Loss: 0.2534518539905548, Y0: 0.402822881937027
INFO:root:Epoch 79/200, Loss: 0.2094137817621231, Y0: 0.3981322646141052
INFO:root:Epoch 80/200, Loss: 0.14818501472473145, Y0: 0.39355796575546265
INFO:root:Epoch 81/200, Loss: 0.20262813568115234, Y0: 0.3891184329986572
INFO:root:Epoch 82/200, Loss: 0.1567825973033905, Y0: 0.38482069969177246
INFO:root:Epoch 83/200, Loss: 0.28654685616493225, Y0: 0.38052138686180115
INFO:root:Epoch 84/200, Loss: 0.20053905248641968, Y0: 0.3763040602207184
INFO:root:Epoch 85/200, Loss: 0.4602794647216797, Y0: 0.3721311390399933
INFO:root:Epoch 86/200, Loss: 0.2056373804807663, Y0: 0.36795341968536377
INFO:root:Epoch 87/200, Loss: 0.07845400273799896, Y0: 0.36393725872039795
INFO:root:Epoch 88/200, Loss: 0.14446422457695007, Y0: 0.35996779799461365
INFO:root:Epoch 89/200, Loss: 0.14821475744247437, Y0: 0.3560817241668701
INFO:root:Epoch 90/200, Loss: 0.11802015453577042, Y0: 0.35244080424308777
INFO:root:Epoch 91/200, Loss: 0.15980926156044006, Y0: 0.34879225492477417
INFO:root:Epoch 92/200, Loss: 0.05830327048897743, Y0: 0.3452873229980469
INFO:root:Epoch 93/200, Loss: 0.14089380204677582, Y0: 0.3417994976043701
INFO:root:Epoch 94/200, Loss: 0.10511951148509979, Y0: 0.33836430311203003
INFO:root:Epoch 95/200, Loss: 0.2017965167760849, Y0: 0.33490628004074097
INFO:root:Epoch 96/200, Loss: 0.12183737754821777, Y0: 0.33151835203170776
INFO:root:Epoch 97/200, Loss: 0.12777747213840485, Y0: 0.32811176776885986
INFO:root:Epoch 98/200, Loss: 0.0866444855928421, Y0: 0.3247836232185364
INFO:root:Epoch 99/200, Loss: 0.043823156505823135, Y0: 0.3216188848018646
INFO:root:Epoch 100/200, Loss: 0.06093591824173927, Y0: 0.31853416562080383
INFO:root:Epoch 101/200, Loss: 0.09943218529224396, Y0: 0.3154851198196411
INFO:root:Epoch 102/200, Loss: 0.07257331162691116, Y0: 0.31249696016311646
INFO:root:Epoch 103/200, Loss: 0.10687079280614853, Y0: 0.3095301389694214
INFO:root:Epoch 104/200, Loss: 0.06438931822776794, Y0: 0.30662328004837036
INFO:root:Epoch 105/200, Loss: 0.04381382092833519, Y0: 0.3038131594657898
INFO:root:Epoch 106/200, Loss: 0.06086936220526695, Y0: 0.30104202032089233
INFO:root:Epoch 107/200, Loss: 0.08394864201545715, Y0: 0.2982754409313202
INFO:root:Epoch 108/200, Loss: 0.059665895998477936, Y0: 0.295553982257843
INFO:root:Epoch 109/200, Loss: 0.0460694395005703, Y0: 0.29292234778404236
INFO:root:Epoch 110/200, Loss: 0.0431395061314106, Y0: 0.2903396487236023
INFO:root:Epoch 111/200, Loss: 0.056600023061037064, Y0: 0.28782418370246887
INFO:root:Epoch 112/200, Loss: 0.04877663776278496, Y0: 0.2853541076183319
INFO:root:Epoch 113/200, Loss: 0.11511356383562088, Y0: 0.282839298248291
INFO:root:Epoch 114/200, Loss: 0.031422022730112076, Y0: 0.28040003776550293
INFO:root:Epoch 115/200, Loss: 0.059292424470186234, Y0: 0.2781495749950409
INFO:root:Epoch 116/200, Loss: 0.04536253213882446, Y0: 0.27595633268356323
INFO:root:Epoch 117/200, Loss: 0.03637056425213814, Y0: 0.27381470799446106
INFO:root:Epoch 118/200, Loss: 0.038862183690071106, Y0: 0.27166831493377686
INFO:root:Epoch 119/200, Loss: 0.03764879330992699, Y0: 0.2695356607437134
INFO:root:Epoch 120/200, Loss: 0.06395663321018219, Y0: 0.26744019985198975
INFO:root:Epoch 121/200, Loss: 0.03817077726125717, Y0: 0.26535046100616455
INFO:root:Epoch 122/200, Loss: 0.033180493861436844, Y0: 0.26330500841140747
INFO:root:Epoch 123/200, Loss: 0.022386126220226288, Y0: 0.2613043785095215
INFO:root:Epoch 124/200, Loss: 0.047128938138484955, Y0: 0.2593480348587036
INFO:root:Epoch 125/200, Loss: 0.03931591659784317, Y0: 0.2573603093624115
INFO:root:Epoch 126/200, Loss: 0.025845400989055634, Y0: 0.25546589493751526
INFO:root:Epoch 127/200, Loss: 0.020415600389242172, Y0: 0.253652960062027
INFO:root:Epoch 128/200, Loss: 0.021796446293592453, Y0: 0.25187060236930847
INFO:root:Epoch 129/200, Loss: 0.04703173413872719, Y0: 0.2501525580883026
INFO:root:Epoch 130/200, Loss: 0.01661432906985283, Y0: 0.24848061800003052
INFO:root:Epoch 131/200, Loss: 0.03350887447595596, Y0: 0.24677519500255585
INFO:root:Epoch 132/200, Loss: 0.03498027101159096, Y0: 0.2450532168149948
INFO:root:Epoch 133/200, Loss: 0.015396910719573498, Y0: 0.24337340891361237
INFO:root:Epoch 134/200, Loss: 0.04851318895816803, Y0: 0.24162647128105164
INFO:root:Epoch 135/200, Loss: 0.02214953489601612, Y0: 0.23991234600543976
INFO:root:Epoch 136/200, Loss: 0.026756810024380684, Y0: 0.23824888467788696
INFO:root:Epoch 137/200, Loss: 0.045825958251953125, Y0: 0.23655731976032257
INFO:root:Epoch 138/200, Loss: 0.026531687006354332, Y0: 0.2348950058221817
INFO:root:Epoch 139/200, Loss: 0.03482704609632492, Y0: 0.23329170048236847
INFO:root:Epoch 140/200, Loss: 0.01714315265417099, Y0: 0.2317427098751068
INFO:root:Epoch 141/200, Loss: 0.10008402913808823, Y0: 0.2301422506570816
INFO:root:Epoch 142/200, Loss: 0.024160081520676613, Y0: 0.22853711247444153
INFO:root:Epoch 143/200, Loss: 0.02069074474275112, Y0: 0.22692985832691193
INFO:root:Epoch 144/200, Loss: 0.023680901154875755, Y0: 0.22534392774105072
INFO:root:Epoch 145/200, Loss: 0.02406984195113182, Y0: 0.22376811504364014
INFO:root:Epoch 146/200, Loss: 0.0374375656247139, Y0: 0.2221609652042389
INFO:root:Epoch 147/200, Loss: 0.03846846893429756, Y0: 0.220552459359169
INFO:root:Epoch 148/200, Loss: 0.014309817925095558, Y0: 0.2189876139163971
INFO:root:Epoch 149/200, Loss: 0.02150535024702549, Y0: 0.21742209792137146
INFO:root:Epoch 150/200, Loss: 0.026241587474942207, Y0: 0.21589908003807068
INFO:root:Epoch 151/200, Loss: 0.04596449062228203, Y0: 0.21429361402988434
INFO:root:Epoch 152/200, Loss: 0.03731956705451012, Y0: 0.21271973848342896
INFO:root:Epoch 153/200, Loss: 0.027938712388277054, Y0: 0.21116459369659424
INFO:root:Epoch 154/200, Loss: 0.02491474710404873, Y0: 0.20971928536891937
INFO:root:Epoch 155/200, Loss: 0.02312377281486988, Y0: 0.2082899659872055
INFO:root:Epoch 156/200, Loss: 0.019671818241477013, Y0: 0.20686028897762299
INFO:root:Epoch 157/200, Loss: 0.01902819238603115, Y0: 0.2054263800382614
INFO:root:Epoch 158/200, Loss: 0.02183281071484089, Y0: 0.2040475606918335
INFO:root:Epoch 159/200, Loss: 0.013580751605331898, Y0: 0.2027094066143036
INFO:root:Epoch 160/200, Loss: 0.022731173783540726, Y0: 0.20133498311042786
INFO:root:Epoch 161/200, Loss: 0.02571445144712925, Y0: 0.2001110166311264
INFO:root:Epoch 162/200, Loss: 0.02846221812069416, Y0: 0.19887016713619232
INFO:root:Epoch 163/200, Loss: 0.010660187341272831, Y0: 0.1976650506258011
INFO:root:Epoch 164/200, Loss: 0.007449940778315067, Y0: 0.1965034455060959
INFO:root:Epoch 165/200, Loss: 0.009809371083974838, Y0: 0.1953618824481964
INFO:root:Epoch 166/200, Loss: 0.025707440450787544, Y0: 0.1941644251346588
INFO:root:Epoch 167/200, Loss: 0.009851161390542984, Y0: 0.19301237165927887
INFO:root:Epoch 168/200, Loss: 0.03086979314684868, Y0: 0.1918346881866455
INFO:root:Epoch 169/200, Loss: 0.0167646873742342, Y0: 0.19067031145095825
INFO:root:Epoch 170/200, Loss: 0.016263671219348907, Y0: 0.18948347866535187
INFO:root:Epoch 171/200, Loss: 0.014117229729890823, Y0: 0.1882850080728531
INFO:root:Epoch 172/200, Loss: 0.030203675851225853, Y0: 0.18713152408599854
INFO:root:Epoch 173/200, Loss: 0.013215871527791023, Y0: 0.18599756062030792
INFO:root:Epoch 174/200, Loss: 0.019353291019797325, Y0: 0.18488197028636932
INFO:root:Epoch 175/200, Loss: 0.011835241690278053, Y0: 0.18376272916793823
INFO:root:Epoch 176/200, Loss: 0.004828889388591051, Y0: 0.18268634378910065
INFO:root:Epoch 177/200, Loss: 0.009117440320551395, Y0: 0.18169079720973969
INFO:root:Epoch 178/200, Loss: 0.011095913127064705, Y0: 0.1807505190372467
INFO:root:Epoch 179/200, Loss: 0.01696987822651863, Y0: 0.1798601746559143
INFO:root:Epoch 180/200, Loss: 0.015159823931753635, Y0: 0.1789221316576004
INFO:root:Epoch 181/200, Loss: 0.01759650744497776, Y0: 0.1780015230178833
INFO:root:Epoch 182/200, Loss: 0.021005962044000626, Y0: 0.17716383934020996
INFO:root:Epoch 183/200, Loss: 0.010156920179724693, Y0: 0.17631541192531586
INFO:root:Epoch 184/200, Loss: 0.028300432488322258, Y0: 0.17542758584022522
INFO:root:Epoch 185/200, Loss: 0.012960556894540787, Y0: 0.17459224164485931
INFO:root:Epoch 186/200, Loss: 0.007681374903768301, Y0: 0.17375768721103668
INFO:root:Epoch 187/200, Loss: 0.021039757877588272, Y0: 0.1729149967432022
INFO:root:Epoch 188/200, Loss: 0.00866344291716814, Y0: 0.172061488032341
INFO:root:Epoch 189/200, Loss: 0.016941815614700317, Y0: 0.1711755394935608
INFO:root:Epoch 190/200, Loss: 0.014018475078046322, Y0: 0.17025142908096313
INFO:root:Epoch 191/200, Loss: 0.007081296760588884, Y0: 0.16938674449920654
INFO:root:Epoch 192/200, Loss: 0.01021700818091631, Y0: 0.16852661967277527
INFO:root:Epoch 193/200, Loss: 0.013935508206486702, Y0: 0.16770027577877045
INFO:root:Epoch 194/200, Loss: 0.0037139037158340216, Y0: 0.16691814363002777
INFO:root:Epoch 195/200, Loss: 0.01550704799592495, Y0: 0.16615337133407593
INFO:root:Epoch 196/200, Loss: 0.024600880220532417, Y0: 0.1653950810432434
INFO:root:Epoch 197/200, Loss: 0.016809893772006035, Y0: 0.16466017067432404
INFO:root:Epoch 198/200, Loss: 0.016650430858135223, Y0: 0.16393840312957764
INFO:root:Epoch 199/200, Loss: 0.009079189039766788, Y0: 0.16323404014110565
INFO:root:Epoch 200/200, Loss: 0.0105943838134408, Y0: 0.1625342220067978
INFO:root:Training time: 40.402336835861206 seconds
