INFO:root:Configs: {'lr': 0.01, 'epochs': 200, 'batch_size': 30, 'seed': 42, 'device': 'cpu', 'optimizer': Adam (
Parameter Group 0
    amsgrad: False
    betas: (0.9, 0.999)
    capturable: False
    differentiable: False
    eps: 1e-08
    foreach: None
    fused: None
    lr: 0.01
    maximize: False
    weight_decay: 0
), 'equation': <equation.EuropeanBasketOptionCall object at 0x000001C62BAE37D0>, 'net': Net4Y(
  (hidden_layers): Sequential(
    (0): BatchNorm1d(256, eps=1e-05, momentum=0.1, affine=True, track_running_stats=True)
    (1): ReLU()
    (2): Linear(in_features=256, out_features=256, bias=True)
    (3): BatchNorm1d(256, eps=1e-05, momentum=0.1, affine=True, track_running_stats=True)
    (4): ReLU()
    (5): ReLU()
    (6): Linear(in_features=256, out_features=256, bias=True)
    (7): BatchNorm1d(256, eps=1e-05, momentum=0.1, affine=True, track_running_stats=True)
    (8): ReLU()
  )
  (input_layer): Linear(in_features=5, out_features=256, bias=True)
  (output_layer): Linear(in_features=256, out_features=5, bias=True)
  (relu): ReLU()
  (net): Net4Z(
    (hidden_layers): Sequential(
      (0): BatchNorm1d(256, eps=1e-05, momentum=0.1, affine=True, track_running_stats=True)
      (1): ReLU()
      (2): Linear(in_features=256, out_features=256, bias=True)
      (3): BatchNorm1d(256, eps=1e-05, momentum=0.1, affine=True, track_running_stats=True)
      (4): ReLU()
      (5): ReLU()
      (6): Linear(in_features=256, out_features=256, bias=True)
      (7): BatchNorm1d(256, eps=1e-05, momentum=0.1, affine=True, track_running_stats=True)
      (8): ReLU()
    )
    (input_layer): Linear(in_features=5, out_features=256, bias=True)
    (output_layer): Linear(in_features=256, out_features=5, bias=True)
    (relu): ReLU()
  )
), 'train_iter': <torch.utils.data.dataloader.DataLoader object at 0x000001C62CC9D5E0>}
INFO:root:Epoch 1/200, Loss: 1.2537497282028198, Y0: 0.9900000095367432
INFO:root:Epoch 2/200, Loss: 3.103227138519287, Y0: 0.9800114035606384
INFO:root:Epoch 3/200, Loss: 5.06821870803833, Y0: 0.9700672626495361
INFO:root:Epoch 4/200, Loss: 4.720667839050293, Y0: 0.9600751996040344
INFO:root:Epoch 5/200, Loss: 4.169529438018799, Y0: 0.9500375390052795
INFO:root:Epoch 6/200, Loss: 3.136615514755249, Y0: 0.9400272369384766
INFO:root:Epoch 7/200, Loss: 1.5962878465652466, Y0: 0.9302535057067871
INFO:root:Epoch 8/200, Loss: 1.3192673921585083, Y0: 0.9205895662307739
INFO:root:Epoch 9/200, Loss: 3.7760417461395264, Y0: 0.9107797145843506
INFO:root:Epoch 10/200, Loss: 1.4762802124023438, Y0: 0.9011626839637756
INFO:root:Epoch 11/200, Loss: 1.5253005027770996, Y0: 0.8916816711425781
INFO:root:Epoch 12/200, Loss: 3.4387924671173096, Y0: 0.8820382356643677
INFO:root:Epoch 13/200, Loss: 2.238441228866577, Y0: 0.8724475502967834
INFO:root:Epoch 14/200, Loss: 1.4461593627929688, Y0: 0.8629704117774963
INFO:root:Epoch 15/200, Loss: 1.7394968271255493, Y0: 0.8535289168357849
INFO:root:Epoch 16/200, Loss: 2.0589873790740967, Y0: 0.8440191149711609
INFO:root:Epoch 17/200, Loss: 1.6065949201583862, Y0: 0.8346352577209473
INFO:root:Epoch 18/200, Loss: 1.8972073793411255, Y0: 0.8252807259559631
INFO:root:Epoch 19/200, Loss: 1.9568921327590942, Y0: 0.8158612847328186
INFO:root:Epoch 20/200, Loss: 1.5897637605667114, Y0: 0.8065100908279419
INFO:root:Epoch 21/200, Loss: 1.9142663478851318, Y0: 0.79707932472229
INFO:root:Epoch 22/200, Loss: 1.0464518070220947, Y0: 0.7878757119178772
INFO:root:Epoch 23/200, Loss: 1.2689913511276245, Y0: 0.7786904573440552
INFO:root:Epoch 24/200, Loss: 2.140505790710449, Y0: 0.7694401144981384
INFO:root:Epoch 25/200, Loss: 0.8689168691635132, Y0: 0.7605013847351074
INFO:root:Epoch 26/200, Loss: 1.7850077152252197, Y0: 0.7514668703079224
INFO:root:Epoch 27/200, Loss: 3.310635805130005, Y0: 0.742191731929779
INFO:root:Epoch 28/200, Loss: 0.643846333026886, Y0: 0.7332812547683716
INFO:root:Epoch 29/200, Loss: 0.896370530128479, Y0: 0.7246158719062805
INFO:root:Epoch 30/200, Loss: 1.9205982685089111, Y0: 0.7159701585769653
INFO:root:Epoch 31/200, Loss: 1.908385992050171, Y0: 0.7072073221206665
INFO:root:Epoch 32/200, Loss: 1.672688364982605, Y0: 0.6984225511550903
INFO:root:Epoch 33/200, Loss: 1.901689052581787, Y0: 0.6895516514778137
INFO:root:Epoch 34/200, Loss: 1.5409619808197021, Y0: 0.6806766390800476
INFO:root:Epoch 35/200, Loss: 1.2061402797698975, Y0: 0.671847939491272
INFO:root:Epoch 36/200, Loss: 1.2474397420883179, Y0: 0.6630330681800842
INFO:root:Epoch 37/200, Loss: 0.7905758619308472, Y0: 0.6544662714004517
INFO:root:Epoch 38/200, Loss: 0.9909887313842773, Y0: 0.645993709564209
INFO:root:Epoch 39/200, Loss: 1.0924285650253296, Y0: 0.6375133991241455
INFO:root:Epoch 40/200, Loss: 0.9337781071662903, Y0: 0.6292341351509094
INFO:root:Epoch 41/200, Loss: 0.9865915775299072, Y0: 0.6210314035415649
INFO:root:Epoch 42/200, Loss: 0.667431116104126, Y0: 0.6129734516143799
INFO:root:Epoch 43/200, Loss: 0.8995824456214905, Y0: 0.6049054265022278
INFO:root:Epoch 44/200, Loss: 0.8373114466667175, Y0: 0.5970606207847595
INFO:root:Epoch 45/200, Loss: 0.9270974397659302, Y0: 0.5891627073287964
INFO:root:Epoch 46/200, Loss: 1.0055937767028809, Y0: 0.5813080668449402
INFO:root:Epoch 47/200, Loss: 1.5995830297470093, Y0: 0.5734317898750305
INFO:root:Epoch 48/200, Loss: 1.4736239910125732, Y0: 0.5656108260154724
INFO:root:Epoch 49/200, Loss: 1.09675133228302, Y0: 0.5577498078346252
INFO:root:Epoch 50/200, Loss: 0.6012199521064758, Y0: 0.550089418888092
INFO:root:Epoch 51/200, Loss: 0.47519683837890625, Y0: 0.5426416397094727
INFO:root:Epoch 52/200, Loss: 0.3616587817668915, Y0: 0.5354668498039246
INFO:root:Epoch 53/200, Loss: 0.34523963928222656, Y0: 0.5286063551902771
INFO:root:Epoch 54/200, Loss: 0.31544584035873413, Y0: 0.5219871401786804
INFO:root:Epoch 55/200, Loss: 1.5882036685943604, Y0: 0.5150987505912781
INFO:root:Epoch 56/200, Loss: 0.6498467922210693, Y0: 0.5082881450653076
INFO:root:Epoch 57/200, Loss: 0.556236207485199, Y0: 0.5015522837638855
INFO:root:Epoch 58/200, Loss: 1.633094310760498, Y0: 0.494498610496521
INFO:root:Epoch 59/200, Loss: 0.9216185212135315, Y0: 0.4874129593372345
INFO:root:Epoch 60/200, Loss: 0.5019710063934326, Y0: 0.4803880751132965
INFO:root:Epoch 61/200, Loss: 0.5584043264389038, Y0: 0.4737919569015503
INFO:root:Epoch 62/200, Loss: 0.4471587836742401, Y0: 0.4673979878425598
INFO:root:Epoch 63/200, Loss: 0.4832896888256073, Y0: 0.4610968232154846
INFO:root:Epoch 64/200, Loss: 1.181924819946289, Y0: 0.4545270502567291
INFO:root:Epoch 65/200, Loss: 0.4221937358379364, Y0: 0.4480971693992615
INFO:root:Epoch 66/200, Loss: 0.8697155117988586, Y0: 0.4416502118110657
INFO:root:Epoch 67/200, Loss: 2.223050355911255, Y0: 0.4348423182964325
INFO:root:Epoch 68/200, Loss: 0.7342423796653748, Y0: 0.4280581772327423
INFO:root:Epoch 69/200, Loss: 0.6600192785263062, Y0: 0.4214268624782562
INFO:root:Epoch 70/200, Loss: 0.5176219940185547, Y0: 0.4147254228591919
INFO:root:Epoch 71/200, Loss: 0.49491003155708313, Y0: 0.40805643796920776
INFO:root:Epoch 72/200, Loss: 0.42037898302078247, Y0: 0.4014791250228882
INFO:root:Epoch 73/200, Loss: 0.41847264766693115, Y0: 0.3950350284576416
INFO:root:Epoch 74/200, Loss: 0.35045793652534485, Y0: 0.3886836767196655
INFO:root:Epoch 75/200, Loss: 0.2627754509449005, Y0: 0.3826192021369934
INFO:root:Epoch 76/200, Loss: 0.4069238603115082, Y0: 0.37671130895614624
INFO:root:Epoch 77/200, Loss: 0.21926873922348022, Y0: 0.37093663215637207
INFO:root:Epoch 78/200, Loss: 0.33290621638298035, Y0: 0.36527180671691895
INFO:root:Epoch 79/200, Loss: 0.35039621591567993, Y0: 0.35964837670326233
INFO:root:Epoch 80/200, Loss: 0.4645596742630005, Y0: 0.35411056876182556
INFO:root:Epoch 81/200, Loss: 0.17185017466545105, Y0: 0.3487504720687866
INFO:root:Epoch 82/200, Loss: 0.36347296833992004, Y0: 0.3435935080051422
INFO:root:Epoch 83/200, Loss: 0.34861478209495544, Y0: 0.33866655826568604
INFO:root:Epoch 84/200, Loss: 0.33602651953697205, Y0: 0.3337705135345459
INFO:root:Epoch 85/200, Loss: 0.3098955750465393, Y0: 0.32898470759391785
INFO:root:Epoch 86/200, Loss: 0.14661364257335663, Y0: 0.32433515787124634
INFO:root:Epoch 87/200, Loss: 0.1511397659778595, Y0: 0.319886177778244
INFO:root:Epoch 88/200, Loss: 0.07712621986865997, Y0: 0.31567806005477905
INFO:root:Epoch 89/200, Loss: 0.08817709237337112, Y0: 0.3116410970687866
INFO:root:Epoch 90/200, Loss: 0.07885947078466415, Y0: 0.3078155517578125
INFO:root:Epoch 91/200, Loss: 0.4385978579521179, Y0: 0.304019570350647
INFO:root:Epoch 92/200, Loss: 0.17233209311962128, Y0: 0.3003355860710144
INFO:root:Epoch 93/200, Loss: 0.1392706036567688, Y0: 0.2967749536037445
INFO:root:Epoch 94/200, Loss: 0.15279145538806915, Y0: 0.2933306097984314
INFO:root:Epoch 95/200, Loss: 0.36532050371170044, Y0: 0.28989994525909424
INFO:root:Epoch 96/200, Loss: 0.20996861159801483, Y0: 0.2868066132068634
INFO:root:Epoch 97/200, Loss: 0.12273931503295898, Y0: 0.28383371233940125
INFO:root:Epoch 98/200, Loss: 0.09656057506799698, Y0: 0.2808772623538971
INFO:root:Epoch 99/200, Loss: 0.048802416771650314, Y0: 0.2780274450778961
INFO:root:Epoch 100/200, Loss: 0.18806083500385284, Y0: 0.27522167563438416
INFO:root:Epoch 101/200, Loss: 0.06964860111474991, Y0: 0.2725515067577362
INFO:root:Epoch 102/200, Loss: 0.07429329305887222, Y0: 0.2699626088142395
INFO:root:Epoch 103/200, Loss: 0.2929115891456604, Y0: 0.26715683937072754
INFO:root:Epoch 104/200, Loss: 0.20457443594932556, Y0: 0.26441025733947754
INFO:root:Epoch 105/200, Loss: 0.11395732313394547, Y0: 0.26166751980781555
INFO:root:Epoch 106/200, Loss: 0.11670871824026108, Y0: 0.2589570879936218
INFO:root:Epoch 107/200, Loss: 0.1299976408481598, Y0: 0.25630849599838257
INFO:root:Epoch 108/200, Loss: 0.0739365890622139, Y0: 0.253866970539093
INFO:root:Epoch 109/200, Loss: 0.03202874958515167, Y0: 0.2515736520290375
INFO:root:Epoch 110/200, Loss: 0.05902174487709999, Y0: 0.24929040670394897
INFO:root:Epoch 111/200, Loss: 0.05404619872570038, Y0: 0.24703676998615265
INFO:root:Epoch 112/200, Loss: 0.06119198724627495, Y0: 0.2447969764471054
INFO:root:Epoch 113/200, Loss: 0.057079385966062546, Y0: 0.24253210425376892
INFO:root:Epoch 114/200, Loss: 0.06382213532924652, Y0: 0.2402963787317276
INFO:root:Epoch 115/200, Loss: 0.05586835369467735, Y0: 0.23810328543186188
INFO:root:Epoch 116/200, Loss: 0.030270282179117203, Y0: 0.23603175580501556
INFO:root:Epoch 117/200, Loss: 0.049781691282987595, Y0: 0.2341289520263672
INFO:root:Epoch 118/200, Loss: 0.03174106404185295, Y0: 0.23237000405788422
INFO:root:Epoch 119/200, Loss: 0.03973418101668358, Y0: 0.2306569218635559
INFO:root:Epoch 120/200, Loss: 0.058202747255563736, Y0: 0.22891977429389954
INFO:root:Epoch 121/200, Loss: 0.023875411599874496, Y0: 0.22719378769397736
INFO:root:Epoch 122/200, Loss: 0.04678487777709961, Y0: 0.22553780674934387
INFO:root:Epoch 123/200, Loss: 0.06936565041542053, Y0: 0.22395670413970947
INFO:root:Epoch 124/200, Loss: 0.04538021609187126, Y0: 0.22235776484012604
INFO:root:Epoch 125/200, Loss: 0.05757199227809906, Y0: 0.22071614861488342
INFO:root:Epoch 126/200, Loss: 0.033773068338632584, Y0: 0.2191658318042755
INFO:root:Epoch 127/200, Loss: 0.046449534595012665, Y0: 0.21760380268096924
INFO:root:Epoch 128/200, Loss: 0.04591846466064453, Y0: 0.21603861451148987
INFO:root:Epoch 129/200, Loss: 0.03379996493458748, Y0: 0.2144731879234314
INFO:root:Epoch 130/200, Loss: 0.03159764036536217, Y0: 0.21290379762649536
INFO:root:Epoch 131/200, Loss: 0.0219435878098011, Y0: 0.2114764302968979
INFO:root:Epoch 132/200, Loss: 0.024726811796426773, Y0: 0.21004730463027954
INFO:root:Epoch 133/200, Loss: 0.07149050384759903, Y0: 0.2087778002023697
INFO:root:Epoch 134/200, Loss: 0.030697381123900414, Y0: 0.20747247338294983
INFO:root:Epoch 135/200, Loss: 0.03277015686035156, Y0: 0.20627570152282715
INFO:root:Epoch 136/200, Loss: 0.036668844521045685, Y0: 0.20498913526535034
INFO:root:Epoch 137/200, Loss: 0.08110489696264267, Y0: 0.2035682201385498
INFO:root:Epoch 138/200, Loss: 0.026911623775959015, Y0: 0.20212358236312866
INFO:root:Epoch 139/200, Loss: 0.027600375935435295, Y0: 0.20068319141864777
INFO:root:Epoch 140/200, Loss: 0.02477180026471615, Y0: 0.19931776821613312
INFO:root:Epoch 141/200, Loss: 0.019296927377581596, Y0: 0.19799694418907166
INFO:root:Epoch 142/200, Loss: 0.07661880552768707, Y0: 0.1966804563999176
INFO:root:Epoch 143/200, Loss: 0.03126753494143486, Y0: 0.19530101120471954
INFO:root:Epoch 144/200, Loss: 0.07812182605266571, Y0: 0.1940792351961136
INFO:root:Epoch 145/200, Loss: 0.07090692222118378, Y0: 0.19273991882801056
INFO:root:Epoch 146/200, Loss: 0.2708646059036255, Y0: 0.1914820373058319
INFO:root:Epoch 147/200, Loss: 0.11761882156133652, Y0: 0.19046944379806519
INFO:root:Epoch 148/200, Loss: 0.023393329232931137, Y0: 0.18949349224567413
INFO:root:Epoch 149/200, Loss: 0.038971737027168274, Y0: 0.18844570219516754
INFO:root:Epoch 150/200, Loss: 0.03966905176639557, Y0: 0.18731918931007385
INFO:root:Epoch 151/200, Loss: 0.02928043156862259, Y0: 0.18628880381584167
INFO:root:Epoch 152/200, Loss: 0.49447670578956604, Y0: 0.18501807749271393
INFO:root:Epoch 153/200, Loss: 0.08992237597703934, Y0: 0.18367820978164673
INFO:root:Epoch 154/200, Loss: 0.05314595252275467, Y0: 0.1823214739561081
INFO:root:Epoch 155/200, Loss: 0.08705958724021912, Y0: 0.18092621862888336
INFO:root:Epoch 156/200, Loss: 0.2000076025724411, Y0: 0.17927978932857513
INFO:root:Epoch 157/200, Loss: 0.15166828036308289, Y0: 0.1776006668806076
INFO:root:Epoch 158/200, Loss: 0.11747050285339355, Y0: 0.17589402198791504
INFO:root:Epoch 159/200, Loss: 0.18627187609672546, Y0: 0.17388197779655457
INFO:root:Epoch 160/200, Loss: 0.36204880475997925, Y0: 0.17147478461265564
INFO:root:Epoch 161/200, Loss: 0.22201579809188843, Y0: 0.16888056695461273
INFO:root:Epoch 162/200, Loss: 0.19476066529750824, Y0: 0.16628779470920563
INFO:root:Epoch 163/200, Loss: 0.2725679576396942, Y0: 0.16350428760051727
INFO:root:Epoch 164/200, Loss: 0.2461610734462738, Y0: 0.1607223004102707
INFO:root:Epoch 165/200, Loss: 0.12885108590126038, Y0: 0.15789887309074402
INFO:root:Epoch 166/200, Loss: 0.24632419645786285, Y0: 0.15508879721164703
INFO:root:Epoch 167/200, Loss: 0.16198715567588806, Y0: 0.1522907316684723
INFO:root:Epoch 168/200, Loss: 0.25517675280570984, Y0: 0.1495511382818222
INFO:root:Epoch 169/200, Loss: 0.1459183394908905, Y0: 0.1467636525630951
INFO:root:Epoch 170/200, Loss: 0.31070786714553833, Y0: 0.14367522299289703
INFO:root:Epoch 171/200, Loss: 0.09614643454551697, Y0: 0.14071038365364075
INFO:root:Epoch 172/200, Loss: 0.14223584532737732, Y0: 0.13798686861991882
INFO:root:Epoch 173/200, Loss: 0.14291778206825256, Y0: 0.13525940477848053
INFO:root:Epoch 174/200, Loss: 0.08983688056468964, Y0: 0.13277417421340942
INFO:root:Epoch 175/200, Loss: 0.10128636658191681, Y0: 0.1302967667579651
INFO:root:Epoch 176/200, Loss: 0.16423246264457703, Y0: 0.12807327508926392
INFO:root:Epoch 177/200, Loss: 0.03918133303523064, Y0: 0.1259094476699829
INFO:root:Epoch 178/200, Loss: 0.0426228828728199, Y0: 0.12378481030464172
INFO:root:Epoch 179/200, Loss: 0.06589062511920929, Y0: 0.12162119150161743
INFO:root:Epoch 180/200, Loss: 0.051711466163396835, Y0: 0.11957166343927383
INFO:root:Epoch 181/200, Loss: 0.1314174383878708, Y0: 0.11734440922737122
INFO:root:Epoch 182/200, Loss: 0.2578231990337372, Y0: 0.11497896164655685
INFO:root:Epoch 183/200, Loss: 0.24731148779392242, Y0: 0.11245115101337433
INFO:root:Epoch 184/200, Loss: 0.39522168040275574, Y0: 0.10969452559947968
INFO:root:Epoch 185/200, Loss: 0.15960708260536194, Y0: 0.10693833976984024
INFO:root:Epoch 186/200, Loss: 0.03138943016529083, Y0: 0.10426095873117447
INFO:root:Epoch 187/200, Loss: 0.22518709301948547, Y0: 0.10174419730901718
INFO:root:Epoch 188/200, Loss: 0.4018492102622986, Y0: 0.09947152435779572
INFO:root:Epoch 189/200, Loss: 0.32030969858169556, Y0: 0.09693631529808044
INFO:root:Epoch 190/200, Loss: 0.3460475206375122, Y0: 0.09382433444261551
INFO:root:Epoch 191/200, Loss: 0.5654211044311523, Y0: 0.0904705747961998
INFO:root:Epoch 192/200, Loss: 0.21047882735729218, Y0: 0.08709283173084259
INFO:root:Epoch 193/200, Loss: 0.35180455446243286, Y0: 0.08352285623550415
INFO:root:Epoch 194/200, Loss: 0.20292410254478455, Y0: 0.08011019974946976
INFO:root:Epoch 195/200, Loss: 0.3754782974720001, Y0: 0.0762426033616066
INFO:root:Epoch 196/200, Loss: 0.5705457329750061, Y0: 0.07185579836368561
INFO:root:Epoch 197/200, Loss: 0.44336530566215515, Y0: 0.06738530844449997
INFO:root:Epoch 198/200, Loss: 0.25817564129829407, Y0: 0.06302525103092194
INFO:root:Epoch 199/200, Loss: 0.31181126832962036, Y0: 0.05853348225355148
INFO:root:Epoch 200/200, Loss: 0.30403992533683777, Y0: 0.05427154153585434
INFO:root:Training time: 35.79604148864746 seconds
INFO:root:Configs: {'lr': 0.01, 'epochs': 125, 'batch_size': 30, 'seed': 42, 'device': 'cpu', 'optimizer': Adam (
Parameter Group 0
    amsgrad: False
    betas: (0.9, 0.999)
    capturable: False
    differentiable: False
    eps: 1e-08
    foreach: None
    fused: None
    lr: 0.01
    maximize: False
    weight_decay: 0
), 'equation': <equation.EuropeanBasketOptionCall object at 0x000001C62D7321B0>, 'net': Net4Y(
  (hidden_layers): Sequential(
    (0): BatchNorm1d(256, eps=1e-05, momentum=0.1, affine=True, track_running_stats=True)
    (1): ReLU()
    (2): Linear(in_features=256, out_features=256, bias=True)
    (3): BatchNorm1d(256, eps=1e-05, momentum=0.1, affine=True, track_running_stats=True)
    (4): ReLU()
    (5): ReLU()
    (6): Linear(in_features=256, out_features=256, bias=True)
    (7): BatchNorm1d(256, eps=1e-05, momentum=0.1, affine=True, track_running_stats=True)
    (8): ReLU()
  )
  (input_layer): Linear(in_features=5, out_features=256, bias=True)
  (output_layer): Linear(in_features=256, out_features=5, bias=True)
  (relu): ReLU()
  (net): Net4Z(
    (hidden_layers): Sequential(
      (0): BatchNorm1d(256, eps=1e-05, momentum=0.1, affine=True, track_running_stats=True)
      (1): ReLU()
      (2): Linear(in_features=256, out_features=256, bias=True)
      (3): BatchNorm1d(256, eps=1e-05, momentum=0.1, affine=True, track_running_stats=True)
      (4): ReLU()
      (5): ReLU()
      (6): Linear(in_features=256, out_features=256, bias=True)
      (7): BatchNorm1d(256, eps=1e-05, momentum=0.1, affine=True, track_running_stats=True)
      (8): ReLU()
    )
    (input_layer): Linear(in_features=5, out_features=256, bias=True)
    (output_layer): Linear(in_features=256, out_features=5, bias=True)
    (relu): ReLU()
  )
), 'train_iter': <torch.utils.data.dataloader.DataLoader object at 0x000001C62F6807A0>}
INFO:root:Epoch 1/125, Loss: 1.2330546379089355, Y0: 0.9900000095367432
INFO:root:Epoch 2/125, Loss: 8.42623519897461, Y0: 0.9802987575531006
INFO:root:Epoch 3/125, Loss: 2.727530002593994, Y0: 0.9705314636230469
INFO:root:Epoch 4/125, Loss: 3.0212960243225098, Y0: 0.9608027338981628
INFO:root:Epoch 5/125, Loss: 2.259509325027466, Y0: 0.9511663317680359
INFO:root:Epoch 6/125, Loss: 3.812328815460205, Y0: 0.9414734244346619
INFO:root:Epoch 7/125, Loss: 2.029179811477661, Y0: 0.9318312406539917
INFO:root:Epoch 8/125, Loss: 3.1056294441223145, Y0: 0.9221091270446777
INFO:root:Epoch 9/125, Loss: 2.0705530643463135, Y0: 0.9124272465705872
INFO:root:Epoch 10/125, Loss: 2.3784050941467285, Y0: 0.9027371406555176
INFO:root:Epoch 11/125, Loss: 4.63586950302124, Y0: 0.8930510878562927
INFO:root:Epoch 12/125, Loss: 2.5930123329162598, Y0: 0.8833611607551575
INFO:root:Epoch 13/125, Loss: 1.4188193082809448, Y0: 0.8737426996231079
INFO:root:Epoch 14/125, Loss: 5.697582721710205, Y0: 0.8639180660247803
INFO:root:Epoch 15/125, Loss: 3.884098768234253, Y0: 0.8540545701980591
INFO:root:Epoch 16/125, Loss: 1.738970160484314, Y0: 0.8443871140480042
INFO:root:Epoch 17/125, Loss: 1.8617281913757324, Y0: 0.8347752690315247
INFO:root:Epoch 18/125, Loss: 4.0254130363464355, Y0: 0.8248952031135559
INFO:root:Epoch 19/125, Loss: 1.2868428230285645, Y0: 0.8152006268501282
INFO:root:Epoch 20/125, Loss: 2.5182676315307617, Y0: 0.8055028319358826
INFO:root:Epoch 21/125, Loss: 1.7810839414596558, Y0: 0.7959027886390686
INFO:root:Epoch 22/125, Loss: 2.584401845932007, Y0: 0.7861910462379456
INFO:root:Epoch 23/125, Loss: 8.112133026123047, Y0: 0.7762764692306519
INFO:root:Epoch 24/125, Loss: 0.9799929261207581, Y0: 0.7666630744934082
INFO:root:Epoch 25/125, Loss: 1.3690054416656494, Y0: 0.7571459412574768
INFO:root:Epoch 26/125, Loss: 0.7441044449806213, Y0: 0.7478736042976379
INFO:root:Epoch 27/125, Loss: 1.8652228116989136, Y0: 0.7385483980178833
INFO:root:Epoch 28/125, Loss: 1.3780806064605713, Y0: 0.7293550968170166
INFO:root:Epoch 29/125, Loss: 1.2080968618392944, Y0: 0.7203624248504639
INFO:root:Epoch 30/125, Loss: 2.770862102508545, Y0: 0.7113317251205444
INFO:root:Epoch 31/125, Loss: 4.020534038543701, Y0: 0.7023311257362366
INFO:root:Epoch 32/125, Loss: 3.450110912322998, Y0: 0.6932279467582703
INFO:root:Epoch 33/125, Loss: 6.2131667137146, Y0: 0.683783769607544
INFO:root:Epoch 34/125, Loss: 1.3013012409210205, Y0: 0.6744512915611267
INFO:root:Epoch 35/125, Loss: 0.6983193755149841, Y0: 0.6654291749000549
INFO:root:Epoch 36/125, Loss: 0.7474313974380493, Y0: 0.6566808223724365
INFO:root:Epoch 37/125, Loss: 1.8697607517242432, Y0: 0.6480063199996948
INFO:root:Epoch 38/125, Loss: 0.9356657862663269, Y0: 0.6394628286361694
INFO:root:Epoch 39/125, Loss: 2.8069283962249756, Y0: 0.63075852394104
INFO:root:Epoch 40/125, Loss: 1.4035736322402954, Y0: 0.6220375299453735
INFO:root:Epoch 41/125, Loss: 1.2330774068832397, Y0: 0.6133116483688354
INFO:root:Epoch 42/125, Loss: 0.8623433709144592, Y0: 0.6047061085700989
INFO:root:Epoch 43/125, Loss: 0.4446676969528198, Y0: 0.5965099334716797
INFO:root:Epoch 44/125, Loss: 0.4601249098777771, Y0: 0.588699460029602
INFO:root:Epoch 45/125, Loss: 1.0775736570358276, Y0: 0.5808797478675842
INFO:root:Epoch 46/125, Loss: 1.2521460056304932, Y0: 0.5730609893798828
INFO:root:Epoch 47/125, Loss: 1.5471388101577759, Y0: 0.5651513338088989
INFO:root:Epoch 48/125, Loss: 0.41461625695228577, Y0: 0.5577701926231384
INFO:root:Epoch 49/125, Loss: 0.541912853717804, Y0: 0.5505185127258301
INFO:root:Epoch 50/125, Loss: 0.4087323248386383, Y0: 0.5435116291046143
INFO:root:Epoch 51/125, Loss: 0.27424052357673645, Y0: 0.5368456840515137
INFO:root:Epoch 52/125, Loss: 0.7572028636932373, Y0: 0.5300952792167664
INFO:root:Epoch 53/125, Loss: 0.5084878206253052, Y0: 0.5234361886978149
INFO:root:Epoch 54/125, Loss: 2.712768316268921, Y0: 0.5164281725883484
INFO:root:Epoch 55/125, Loss: 0.5798260569572449, Y0: 0.5095356702804565
INFO:root:Epoch 56/125, Loss: 0.7979867458343506, Y0: 0.5027157068252563
INFO:root:Epoch 57/125, Loss: 0.38711464405059814, Y0: 0.49599704146385193
INFO:root:Epoch 58/125, Loss: 0.3017043173313141, Y0: 0.4895746111869812
INFO:root:Epoch 59/125, Loss: 0.5079197287559509, Y0: 0.4832482635974884
INFO:root:Epoch 60/125, Loss: 0.4328189492225647, Y0: 0.4770141839981079
INFO:root:Epoch 61/125, Loss: 0.6531495451927185, Y0: 0.4707431495189667
INFO:root:Epoch 62/125, Loss: 0.5422804951667786, Y0: 0.46444234251976013
INFO:root:Epoch 63/125, Loss: 0.5886229872703552, Y0: 0.45827439427375793
INFO:root:Epoch 64/125, Loss: 0.38813453912734985, Y0: 0.4523249864578247
INFO:root:Epoch 65/125, Loss: 0.4206155836582184, Y0: 0.4464914798736572
INFO:root:Epoch 66/125, Loss: 0.43691882491111755, Y0: 0.4407224953174591
INFO:root:Epoch 67/125, Loss: 0.44227153062820435, Y0: 0.4350318908691406
INFO:root:Epoch 68/125, Loss: 0.4191037714481354, Y0: 0.4292854368686676
INFO:root:Epoch 69/125, Loss: 0.6397150158882141, Y0: 0.42379453778266907
INFO:root:Epoch 70/125, Loss: 0.2511323094367981, Y0: 0.41846710443496704
INFO:root:Epoch 71/125, Loss: 0.33755263686180115, Y0: 0.41319113969802856
INFO:root:Epoch 72/125, Loss: 0.2728741765022278, Y0: 0.4079729914665222
INFO:root:Epoch 73/125, Loss: 0.23304572701454163, Y0: 0.4028392434120178
INFO:root:Epoch 74/125, Loss: 0.21250997483730316, Y0: 0.3977888822555542
INFO:root:Epoch 75/125, Loss: 0.22287045419216156, Y0: 0.39290887117385864
INFO:root:Epoch 76/125, Loss: 0.7018072605133057, Y0: 0.3879714906215668
INFO:root:Epoch 77/125, Loss: 0.22698523104190826, Y0: 0.38307446241378784
INFO:root:Epoch 78/125, Loss: 0.14186455309391022, Y0: 0.37836354970932007
INFO:root:Epoch 79/125, Loss: 0.3286825716495514, Y0: 0.37368977069854736
INFO:root:Epoch 80/125, Loss: 0.29581621289253235, Y0: 0.3692037761211395
INFO:root:Epoch 81/125, Loss: 0.5559205412864685, Y0: 0.3645997643470764
INFO:root:Epoch 82/125, Loss: 0.2012561857700348, Y0: 0.36006805300712585
INFO:root:Epoch 83/125, Loss: 0.08890940248966217, Y0: 0.3557310104370117
INFO:root:Epoch 84/125, Loss: 0.11875586211681366, Y0: 0.35165342688560486
INFO:root:Epoch 85/125, Loss: 0.2432084083557129, Y0: 0.3476959466934204
INFO:root:Epoch 86/125, Loss: 0.2997437119483948, Y0: 0.3436056673526764
INFO:root:Epoch 87/125, Loss: 0.27173832058906555, Y0: 0.3394900858402252
INFO:root:Epoch 88/125, Loss: 0.24116405844688416, Y0: 0.33531302213668823
INFO:root:Epoch 89/125, Loss: 0.2248215675354004, Y0: 0.3312015235424042
INFO:root:Epoch 90/125, Loss: 0.19599546492099762, Y0: 0.32714542746543884
INFO:root:Epoch 91/125, Loss: 0.3206596076488495, Y0: 0.3230854868888855
INFO:root:Epoch 92/125, Loss: 0.13919459283351898, Y0: 0.31917619705200195
INFO:root:Epoch 93/125, Loss: 0.18549495935440063, Y0: 0.3153320550918579
INFO:root:Epoch 94/125, Loss: 0.2107781618833542, Y0: 0.31158360838890076
INFO:root:Epoch 95/125, Loss: 0.4758748710155487, Y0: 0.30791181325912476
INFO:root:Epoch 96/125, Loss: 0.2823883891105652, Y0: 0.30428507924079895
INFO:root:Epoch 97/125, Loss: 0.12822408974170685, Y0: 0.3006318211555481
INFO:root:Epoch 98/125, Loss: 0.14266902208328247, Y0: 0.2970443665981293
INFO:root:Epoch 99/125, Loss: 0.2151785045862198, Y0: 0.29367032647132874
INFO:root:Epoch 100/125, Loss: 0.18082386255264282, Y0: 0.2904187738895416
INFO:root:Epoch 101/125, Loss: 0.1522967368364334, Y0: 0.28720641136169434
INFO:root:Epoch 102/125, Loss: 0.1765279769897461, Y0: 0.2841620147228241
INFO:root:Epoch 103/125, Loss: 0.12467613816261292, Y0: 0.28124257922172546
INFO:root:Epoch 104/125, Loss: 0.12486977875232697, Y0: 0.2784547507762909
INFO:root:Epoch 105/125, Loss: 0.04913955181837082, Y0: 0.27571380138397217
INFO:root:Epoch 106/125, Loss: 0.0514560304582119, Y0: 0.273042231798172
INFO:root:Epoch 107/125, Loss: 0.031020689755678177, Y0: 0.27043280005455017
INFO:root:Epoch 108/125, Loss: 0.029062071815133095, Y0: 0.2678743302822113
INFO:root:Epoch 109/125, Loss: 0.04354464262723923, Y0: 0.2653930187225342
INFO:root:Epoch 110/125, Loss: 0.051439717411994934, Y0: 0.26297733187675476
INFO:root:Epoch 111/125, Loss: 0.07217611372470856, Y0: 0.26055291295051575
INFO:root:Epoch 112/125, Loss: 0.20805992186069489, Y0: 0.2580379247665405
INFO:root:Epoch 113/125, Loss: 0.053041793406009674, Y0: 0.2556145489215851
INFO:root:Epoch 114/125, Loss: 0.10216950625181198, Y0: 0.2533525228500366
INFO:root:Epoch 115/125, Loss: 0.023405827581882477, Y0: 0.25119921565055847
INFO:root:Epoch 116/125, Loss: 0.08163399249315262, Y0: 0.24906936287879944
INFO:root:Epoch 117/125, Loss: 0.09048879146575928, Y0: 0.24696972966194153
INFO:root:Epoch 118/125, Loss: 0.06190038472414017, Y0: 0.244967520236969
INFO:root:Epoch 119/125, Loss: 0.026408523321151733, Y0: 0.24302326142787933
INFO:root:Epoch 120/125, Loss: 0.07394251972436905, Y0: 0.2409544140100479
INFO:root:Epoch 121/125, Loss: 0.06520218402147293, Y0: 0.2388131320476532
INFO:root:Epoch 122/125, Loss: 0.05178936570882797, Y0: 0.23666779696941376
INFO:root:Epoch 123/125, Loss: 0.03325327858328819, Y0: 0.23462405800819397
INFO:root:Epoch 124/125, Loss: 0.07296392321586609, Y0: 0.23258814215660095
INFO:root:Epoch 125/125, Loss: 0.1635608971118927, Y0: 0.23062609136104584
INFO:root:Training time: 21.390524864196777 seconds
